<?xml version="1.0" encoding="UTF-8"?>
<testsuites name="SPRINT 3" time="145.256" tests="1" failures="0" errors="0">
   <testsuite name="SPRINT 3" tests="1" failures="0" errors="0" time="145.256" skipped="0" timestamp="02-01-2025T14:04:44" hostname="henri - Henri" id="Test Suites/SPRINT 3">
      <properties>
         <property name="deviceName" value=""/>
         <property name="devicePlatform"/>
         <property name="logFolder" value="C:\\Users\\henri\\Videos\\school-payment-automation-testing\\Reports\\20250102_140438\\SPRINT 3\\20250102_140438"/>
         <property name="logFiles" value="C:\\Users\\henri\\Videos\\school-payment-automation-testing\\Reports\\20250102_140438\\SPRINT 3\\20250102_140438\\execution0.log"/>
         <property name="attachments" value="C:\\Users\\henri\\Videos\\school-payment-automation-testing\\Reports\\20250102_140438\\SPRINT 3\\20250102_140438\\1735801517171.png, C:\\Users\\henri\\Videos\\school-payment-automation-testing\\Reports\\20250102_140438\\SPRINT 3\\20250102_140438\\1735801570919.png, C:\\Users\\henri\\Videos\\school-payment-automation-testing\\Reports\\20250102_140438\\SPRINT 3\\20250102_140438\\1735801624316.png"/>
         <property name="hostName" value="henri - Henri"/>
         <property name="os" value="Windows 11 64bit"/>
         <property name="katalonVersion" value="10.0.0.223"/>
         <property name="browser" value="Chrome 131.0.0.0"/>
         <property name="hostAddress" value="192.168.1.12"/>
         <property name="sessionId" value="c437efab482edf6527cd1df2dcfb077e"/>
         <property name="seleniumVersion" value="4.22.0"/>
         <property name="proxyInformation" value="ProxyInformation { proxyOption=NO_PROXY, proxyServerType=HTTP, username=, password=********, proxyServerAddress=, proxyServerPort=0, executionList=&quot;&quot;, isApplyToDesiredCapabilities=true }"/>
         <property name="platform" value="Windows 11"/>
      </properties>
      <testcase name="Test Cases/Regresi Feature/Sprint 3/Regresi Profile" time="145.001" classname="Test Cases/Regresi Feature/Sprint 3/Regresi Profile" status="PASSED">
         <system-out><![CDATA[02-01-2025T14:04:44 - [TEST_CASE][PASSED] - Test Cases/Regresi Feature/Sprint 3/Regresi Profile: Test Cases/Regresi Feature/Sprint 3/Regresi Profile

02-01-2025T14:04:45 - [TEST_STEP][PASSED] - for ([i = 1, i <= maxLoop, (i++)]): null

02-01-2025T14:04:45 - [TEST_STEP][PASSED] - callTestCase(findTestCase("Test Cases/Master Data/Admin Sekolah/Profile/Ubah Password/Ubah Password"), [:], CONTINUE_ON_FAILURE): Call Test Case 'Test Cases/Master Data/Admin Sekolah/Profile/Ubah Password/Ubah Password' successfully

02-01-2025T14:04:45 - [TEST_CASE][PASSED] - Test Cases/Master Data/Admin Sekolah/Profile/Ubah Password/Ubah Password: Test Cases/Master Data/Admin Sekolah/Profile/Ubah Password/Ubah Password

02-01-2025T14:04:45 - [TEST_STEP][PASSED] - openBrowser(""): Browser is opened with url: ''

02-01-2025T14:04:45 - [MESSAGE][INFO] - Starting 'Chrome' driver

02-01-2025T14:04:45 - [MESSAGE][INFO] - Action delay is set to 0 milliseconds

02-01-2025T14:04:47 - [MESSAGE][PASSED] - Browser is opened with url: ''

02-01-2025T14:04:47 - [TEST_STEP][PASSED] - navigateToUrl("https://school-payment.digiform.co.id/login"): Navigate to 'https://school-payment.digiform.co.id/login' successfully

02-01-2025T14:04:47 - [MESSAGE][PASSED] - Navigate to 'https://school-payment.digiform.co.id/login' successfully

02-01-2025T14:04:47 - [TEST_STEP][PASSED] - click(findTestObject("Master Data/Admin Sekolah/Login/Field Email")): Object: 'Object Repository/Master Data/Admin Sekolah/Login/Field Email' is clicked on

02-01-2025T14:04:49 - [MESSAGE][PASSED] - Object: 'Object Repository/Master Data/Admin Sekolah/Login/Field Email' is clicked on

02-01-2025T14:04:49 - [TEST_STEP][PASSED] - setText(findTestObject("Master Data/Admin Sekolah/Login/Field Email"), "admin.gudangsolusi@digiform.co.id"): Text 'admin.gudangsolusi@digiform.co.id' is set on object 'Object Repository/Master Data/Admin Sekolah/Login/Field Email'

02-01-2025T14:04:49 - [MESSAGE][PASSED] - Text 'admin.gudangsolusi@digiform.co.id' is set on object 'Object Repository/Master Data/Admin Sekolah/Login/Field Email'

02-01-2025T14:04:49 - [TEST_STEP][PASSED] - click(findTestObject("Master Data/Admin Sekolah/Login/Input Password")): Object: 'Object Repository/Master Data/Admin Sekolah/Login/Input Password' is clicked on

02-01-2025T14:04:50 - [MESSAGE][PASSED] - Object: 'Object Repository/Master Data/Admin Sekolah/Login/Input Password' is clicked on

02-01-2025T14:04:50 - [TEST_STEP][PASSED] - setText(findTestObject("Master Data/Admin Sekolah/Login/Input Password"), "Test1234"): Text 'Test1234' is set on object 'Object Repository/Master Data/Admin Sekolah/Login/Input Password'

02-01-2025T14:04:50 - [MESSAGE][PASSED] - Text 'Test1234' is set on object 'Object Repository/Master Data/Admin Sekolah/Login/Input Password'

02-01-2025T14:04:50 - [TEST_STEP][PASSED] - click(findTestObject("Master Data/Admin Sekolah/Login/Button Submit")): Object: 'Object Repository/Master Data/Admin Sekolah/Login/Button Submit' is clicked on

02-01-2025T14:04:50 - [MESSAGE][PASSED] - Object: 'Object Repository/Master Data/Admin Sekolah/Login/Button Submit' is clicked on

02-01-2025T14:04:50 - [TEST_STEP][PASSED] - delay(1): Delayed 1 second(s)

02-01-2025T14:04:51 - [MESSAGE][PASSED] - Delayed 1 second(s)

02-01-2025T14:04:51 - [TEST_STEP][PASSED] - delay(2): Delayed 2 second(s)

02-01-2025T14:04:53 - [MESSAGE][PASSED] - Delayed 2 second(s)

02-01-2025T14:04:53 - [TEST_STEP][PASSED] - click(findTestObject("Master Data/Admin Sekolah/Profile/Klik Profile")): Object: 'Object Repository/Master Data/Admin Sekolah/Profile/Klik Profile' is clicked on

02-01-2025T14:04:54 - [MESSAGE][PASSED] - Object: 'Object Repository/Master Data/Admin Sekolah/Profile/Klik Profile' is clicked on

02-01-2025T14:04:54 - [TEST_STEP][PASSED] - delay(1): Delayed 1 second(s)

02-01-2025T14:04:55 - [MESSAGE][PASSED] - Delayed 1 second(s)

02-01-2025T14:04:55 - [TEST_STEP][PASSED] - click(findTestObject("Master Data/Admin Sekolah/Profile/Ubah Password/Klik Ubah Password")): Object: 'Object Repository/Master Data/Admin Sekolah/Profile/Ubah Password/Klik Ubah Password' is clicked on

02-01-2025T14:04:55 - [MESSAGE][PASSED] - Object: 'Object Repository/Master Data/Admin Sekolah/Profile/Ubah Password/Klik Ubah Password' is clicked on

02-01-2025T14:04:55 - [TEST_STEP][PASSED] - delay(1): Delayed 1 second(s)

02-01-2025T14:04:56 - [MESSAGE][PASSED] - Delayed 1 second(s)

02-01-2025T14:04:56 - [TEST_STEP][PASSED] - click(findTestObject("Master Data/Admin Sekolah/Profile/Ubah Password/Klik Password Lama")): Object: 'Object Repository/Master Data/Admin Sekolah/Profile/Ubah Password/Klik Password Lama' is clicked on

02-01-2025T14:04:56 - [MESSAGE][PASSED] - Object: 'Object Repository/Master Data/Admin Sekolah/Profile/Ubah Password/Klik Password Lama' is clicked on

02-01-2025T14:04:56 - [TEST_STEP][PASSED] - delay(2): Delayed 2 second(s)

02-01-2025T14:04:58 - [MESSAGE][PASSED] - Delayed 2 second(s)

02-01-2025T14:04:58 - [TEST_STEP][PASSED] - setText(findTestObject("Master Data/Admin Sekolah/Profile/Ubah Password/Klik Password Lama"), "Test1234"): Text 'Test1234' is set on object 'Object Repository/Master Data/Admin Sekolah/Profile/Ubah Password/Klik Password Lama'

02-01-2025T14:04:59 - [MESSAGE][PASSED] - Text 'Test1234' is set on object 'Object Repository/Master Data/Admin Sekolah/Profile/Ubah Password/Klik Password Lama'

02-01-2025T14:04:59 - [TEST_STEP][PASSED] - delay(1): Delayed 1 second(s)

02-01-2025T14:05:00 - [MESSAGE][PASSED] - Delayed 1 second(s)

02-01-2025T14:05:00 - [TEST_STEP][PASSED] - click(findTestObject("Master Data/Admin Sekolah/Profile/Ubah Password/Klik Password Baru")): Object: 'Object Repository/Master Data/Admin Sekolah/Profile/Ubah Password/Klik Password Baru' is clicked on

02-01-2025T14:05:00 - [MESSAGE][PASSED] - Object: 'Object Repository/Master Data/Admin Sekolah/Profile/Ubah Password/Klik Password Baru' is clicked on

02-01-2025T14:05:00 - [TEST_STEP][PASSED] - setText(findTestObject("Master Data/Admin Sekolah/Profile/Ubah Password/Klik Password Baru"), "Test12345"): Text 'Test12345' is set on object 'Object Repository/Master Data/Admin Sekolah/Profile/Ubah Password/Klik Password Baru'

02-01-2025T14:05:01 - [MESSAGE][PASSED] - Text 'Test12345' is set on object 'Object Repository/Master Data/Admin Sekolah/Profile/Ubah Password/Klik Password Baru'

02-01-2025T14:05:01 - [TEST_STEP][PASSED] - delay(1): Delayed 1 second(s)

02-01-2025T14:05:02 - [MESSAGE][PASSED] - Delayed 1 second(s)

02-01-2025T14:05:02 - [TEST_STEP][PASSED] - click(findTestObject("Master Data/Admin Sekolah/Profile/Ubah Password/Ulangi Password Baru")): Object: 'Object Repository/Master Data/Admin Sekolah/Profile/Ubah Password/Ulangi Password Baru' is clicked on

02-01-2025T14:05:02 - [MESSAGE][PASSED] - Object: 'Object Repository/Master Data/Admin Sekolah/Profile/Ubah Password/Ulangi Password Baru' is clicked on

02-01-2025T14:05:02 - [TEST_STEP][PASSED] - setText(findTestObject("Master Data/Admin Sekolah/Profile/Ubah Password/Ulangi Password Baru"), "Test12345"): Text 'Test12345' is set on object 'Object Repository/Master Data/Admin Sekolah/Profile/Ubah Password/Ulangi Password Baru'

02-01-2025T14:05:03 - [MESSAGE][PASSED] - Text 'Test12345' is set on object 'Object Repository/Master Data/Admin Sekolah/Profile/Ubah Password/Ulangi Password Baru'

02-01-2025T14:05:03 - [TEST_STEP][PASSED] - delay(1): Delayed 1 second(s)

02-01-2025T14:05:04 - [MESSAGE][PASSED] - Delayed 1 second(s)

02-01-2025T14:05:04 - [TEST_STEP][PASSED] - click(findTestObject("Master Data/Admin Sekolah/Profile/Ubah Password/Tombol X")): Object: 'Object Repository/Master Data/Admin Sekolah/Profile/Ubah Password/Tombol X' is clicked on

02-01-2025T14:05:04 - [MESSAGE][PASSED] - Object: 'Object Repository/Master Data/Admin Sekolah/Profile/Ubah Password/Tombol X' is clicked on

02-01-2025T14:05:04 - [MESSAGE][PASSED] - Call Test Case 'Test Cases/Master Data/Admin Sekolah/Profile/Ubah Password/Ubah Password' successfully

02-01-2025T14:05:04 - [TEST_STEP][PASSED] - callTestCase(findTestCase("Test Cases/Master Data/Admin Sekolah/Profile/Upload Photo Profile/Ubah Foto"), [:], CONTINUE_ON_FAILURE): Call Test Case 'Test Cases/Master Data/Admin Sekolah/Profile/Upload Photo Profile/Ubah Foto' successfully

02-01-2025T14:05:04 - [TEST_CASE][PASSED] - Test Cases/Master Data/Admin Sekolah/Profile/Upload Photo Profile/Ubah Foto: Test Cases/Master Data/Admin Sekolah/Profile/Upload Photo Profile/Ubah Foto

02-01-2025T14:05:04 - [TEST_STEP][PASSED] - openBrowser("", OPTIONAL): Browser is opened with url: ''

02-01-2025T14:05:04 - [MESSAGE][WARNING] - A browser is already opened. Closing browser and opening a new one

02-01-2025T14:05:04 - [MESSAGE][INFO] - Starting 'Chrome' driver

02-01-2025T14:05:04 - [MESSAGE][INFO] - Action delay is set to 0 milliseconds

02-01-2025T14:05:05 - [MESSAGE][PASSED] - Browser is opened with url: ''

02-01-2025T14:05:05 - [TEST_STEP][PASSED] - navigateToUrl("https://school-payment.digiform.co.id/login", OPTIONAL): Navigate to 'https://school-payment.digiform.co.id/login' successfully

02-01-2025T14:05:05 - [MESSAGE][PASSED] - Navigate to 'https://school-payment.digiform.co.id/login' successfully

02-01-2025T14:05:05 - [TEST_STEP][PASSED] - click(findTestObject("Master Data/Admin Sekolah/Login/Field Email"), OPTIONAL): Object: 'Object Repository/Master Data/Admin Sekolah/Login/Field Email' is clicked on

02-01-2025T14:05:07 - [MESSAGE][PASSED] - Object: 'Object Repository/Master Data/Admin Sekolah/Login/Field Email' is clicked on

02-01-2025T14:05:07 - [TEST_STEP][PASSED] - setText(findTestObject("Master Data/Admin Sekolah/Login/Field Email"), "admin.gudangsolusi@digiform.co.id", OPTIONAL): Text 'admin.gudangsolusi@digiform.co.id' is set on object 'Object Repository/Master Data/Admin Sekolah/Login/Field Email'

02-01-2025T14:05:07 - [MESSAGE][PASSED] - Text 'admin.gudangsolusi@digiform.co.id' is set on object 'Object Repository/Master Data/Admin Sekolah/Login/Field Email'

02-01-2025T14:05:07 - [TEST_STEP][PASSED] - click(findTestObject("Master Data/Admin Sekolah/Login/Input Password"), OPTIONAL): Object: 'Object Repository/Master Data/Admin Sekolah/Login/Input Password' is clicked on

02-01-2025T14:05:08 - [MESSAGE][PASSED] - Object: 'Object Repository/Master Data/Admin Sekolah/Login/Input Password' is clicked on

02-01-2025T14:05:08 - [TEST_STEP][PASSED] - setText(findTestObject("Master Data/Admin Sekolah/Login/Input Password"), "Test1234", OPTIONAL): Text 'Test1234' is set on object 'Object Repository/Master Data/Admin Sekolah/Login/Input Password'

02-01-2025T14:05:08 - [MESSAGE][PASSED] - Text 'Test1234' is set on object 'Object Repository/Master Data/Admin Sekolah/Login/Input Password'

02-01-2025T14:05:08 - [TEST_STEP][PASSED] - click(findTestObject("Master Data/Admin Sekolah/Login/Button Submit"), OPTIONAL): Object: 'Object Repository/Master Data/Admin Sekolah/Login/Button Submit' is clicked on

02-01-2025T14:05:09 - [MESSAGE][PASSED] - Object: 'Object Repository/Master Data/Admin Sekolah/Login/Button Submit' is clicked on

02-01-2025T14:05:09 - [TEST_STEP][PASSED] - delay(1, OPTIONAL): Delayed 1 second(s)

02-01-2025T14:05:10 - [MESSAGE][PASSED] - Delayed 1 second(s)

02-01-2025T14:05:10 - [TEST_STEP][PASSED] - delay(2, OPTIONAL): Delayed 2 second(s)

02-01-2025T14:05:12 - [MESSAGE][PASSED] - Delayed 2 second(s)

02-01-2025T14:05:12 - [TEST_STEP][PASSED] - click(findTestObject("Master Data/Admin Sekolah/Profile/Klik Profile"), OPTIONAL): Object: 'Object Repository/Master Data/Admin Sekolah/Profile/Klik Profile' is clicked on

02-01-2025T14:05:12 - [MESSAGE][PASSED] - Object: 'Object Repository/Master Data/Admin Sekolah/Profile/Klik Profile' is clicked on

02-01-2025T14:05:12 - [TEST_STEP][PASSED] - delay(1, OPTIONAL): Delayed 1 second(s)

02-01-2025T14:05:13 - [MESSAGE][PASSED] - Delayed 1 second(s)

02-01-2025T14:05:13 - [TEST_STEP][PASSED] - click(findTestObject("Master Data/Admin Sekolah/Profile/Ubah Foto Profile/Klik Menu Ubah Foto Profile"), OPTIONAL): Object: 'Object Repository/Master Data/Admin Sekolah/Profile/Ubah Foto Profile/Klik Menu Ubah Foto Profile' is clicked on

02-01-2025T14:05:13 - [MESSAGE][PASSED] - Object: 'Object Repository/Master Data/Admin Sekolah/Profile/Ubah Foto Profile/Klik Menu Ubah Foto Profile' is clicked on

02-01-2025T14:05:13 - [TEST_STEP][PASSED] - delay(1, OPTIONAL): Delayed 1 second(s)

02-01-2025T14:05:14 - [MESSAGE][PASSED] - Delayed 1 second(s)

02-01-2025T14:05:14 - [TEST_STEP][PASSED] - fotoFilePath = "C:/Users/akmal/Downloads/admin.png": null

02-01-2025T14:05:14 - [TEST_STEP][PASSED] - click(findTestObject("Master Data/Admin Sekolah/Profile/Ubah Foto Profile/Klik Unggah File"), OPTIONAL): Object: 'Object Repository/Master Data/Admin Sekolah/Profile/Ubah Foto Profile/Klik Unggah File' is clicked on

02-01-2025T14:05:14 - [MESSAGE][PASSED] - Object: 'Object Repository/Master Data/Admin Sekolah/Profile/Ubah Foto Profile/Klik Unggah File' is clicked on

02-01-2025T14:05:14 - [TEST_STEP][PASSED] - delay(2, OPTIONAL): Delayed 2 second(s)

02-01-2025T14:05:16 - [MESSAGE][PASSED] - Delayed 2 second(s)

02-01-2025T14:05:16 - [TEST_STEP][PASSED] - uploadFile(findTestObject("Master Data/Admin Sekolah/Profile/Ubah Foto Profile/Unggah File"), fotoFilePath, OPTIONAL): Unable to upload file 'C:/Users/akmal/Downloads/admin.png' to object 'Object Repository/Master Data/Admin Sekolah/Profile/Ubah Foto Profile/Unggah File' (Root cause: com.kms.katalon.core.exception.StepFailedException: Unable to upload file 'C:/Users/akmal/Downloads/admin.png' to object 'Object Repository/Master Data/Admin Sekolah/Profile/Ubah Foto Profile/Unggah File'
	at com.kms.katalon.core.webui.keyword.internal.WebUIKeywordMain.stepFailed(WebUIKeywordMain.groovy:117)
	at com.kms.katalon.core.webui.keyword.internal.WebUIKeywordMain.runKeyword(WebUIKeywordMain.groovy:43)
	at com.kms.katalon.core.webui.keyword.builtin.UploadFileKeyword.uploadFile(UploadFileKeyword.groovy:87)
	at com.kms.katalon.core.webui.keyword.builtin.UploadFileKeyword.execute(UploadFileKeyword.groovy:68)
	at com.kms.katalon.core.keyword.internal.KeywordExecutor.executeKeywordForPlatform(KeywordExecutor.groovy:74)
	at com.kms.katalon.core.webui.keyword.WebUiBuiltInKeywords.uploadFile(WebUiBuiltInKeywords.groovy:4140)
	at Ubah Foto.run(Ubah Foto:55)
	at com.kms.katalon.core.main.ScriptEngine.run(ScriptEngine.java:194)
	at com.kms.katalon.core.main.ScriptEngine.runScriptAsRawText(ScriptEngine.java:119)
	at com.kms.katalon.core.main.TestCaseExecutor.runScript(TestCaseExecutor.java:448)
	at com.kms.katalon.core.main.TestCaseExecutor.doExecute(TestCaseExecutor.java:439)
	at com.kms.katalon.core.main.TestCaseExecutor.processExecutionPhase(TestCaseExecutor.java:418)
	at com.kms.katalon.core.main.TestCaseExecutor.accessMainPhase(TestCaseExecutor.java:410)
	at com.kms.katalon.core.main.TestCaseExecutor.execute(TestCaseExecutor.java:285)
	at com.kms.katalon.core.main.TestCaseMain.runTestCase(TestCaseMain.java:133)
	at com.kms.katalon.core.keyword.builtin.CallTestCaseKeyword$_callTestCase_closure1.doCall(CallTestCaseKeyword.groovy:59)
	at com.kms.katalon.core.keyword.builtin.CallTestCaseKeyword$_callTestCase_closure1.call(CallTestCaseKeyword.groovy)
	at com.kms.katalon.core.keyword.internal.KeywordMain.runKeyword(KeywordMain.groovy:75)
	at com.kms.katalon.core.keyword.builtin.CallTestCaseKeyword.callTestCase(CallTestCaseKeyword.groovy:81)
	at com.kms.katalon.core.keyword.builtin.CallTestCaseKeyword.execute(CallTestCaseKeyword.groovy:44)
	at com.kms.katalon.core.keyword.internal.KeywordExecutor.executeKeywordForPlatform(KeywordExecutor.groovy:74)
	at com.kms.katalon.core.keyword.BuiltinKeywords.callTestCase(BuiltinKeywords.groovy:310)
	at java.base/jdk.internal.reflect.NativeMethodAccessorImpl.invoke0(Native Method)
	at java.base/jdk.internal.reflect.NativeMethodAccessorImpl.invoke(NativeMethodAccessorImpl.java:77)
	at java.base/jdk.internal.reflect.DelegatingMethodAccessorImpl.invoke(DelegatingMethodAccessorImpl.java:43)
	at Regresi Profile.run(Regresi Profile:25)
	at com.kms.katalon.core.main.ScriptEngine.run(ScriptEngine.java:194)
	at com.kms.katalon.core.main.ScriptEngine.runScriptAsRawText(ScriptEngine.java:119)
	at com.kms.katalon.core.main.TestCaseExecutor.runScript(TestCaseExecutor.java:448)
	at com.kms.katalon.core.main.TestCaseExecutor.doExecute(TestCaseExecutor.java:439)
	at com.kms.katalon.core.main.TestCaseExecutor.processExecutionPhase(TestCaseExecutor.java:418)
	at com.kms.katalon.core.main.TestCaseExecutor.accessMainPhase(TestCaseExecutor.java:410)
	at com.kms.katalon.core.main.TestCaseExecutor.execute(TestCaseExecutor.java:285)
	at com.kms.katalon.core.common.CommonExecutor.accessTestCaseMainPhase(CommonExecutor.java:65)
	at com.kms.katalon.core.main.TestSuiteExecutor.accessTestSuiteMainPhase(TestSuiteExecutor.java:161)
	at com.kms.katalon.core.main.TestSuiteExecutor.execute(TestSuiteExecutor.java:107)
	at com.kms.katalon.core.main.TestCaseMain.startTestSuite(TestCaseMain.java:176)
	at TempTestSuite1735801478058.run(TempTestSuite1735801478058.groovy:35)
	at java.base/jdk.internal.reflect.NativeMethodAccessorImpl.invoke0(Native Method)
	at java.base/jdk.internal.reflect.NativeMethodAccessorImpl.invoke(NativeMethodAccessorImpl.java:77)
	at java.base/jdk.internal.reflect.DelegatingMethodAccessorImpl.invoke(DelegatingMethodAccessorImpl.java:43)
Caused by: org.openqa.selenium.InvalidArgumentException: invalid argument: File not found : C:/Users/akmal/Downloads/admin.png
  (Session info: chrome=131.0.6778.205)
Build info: version: '4.22.0', revision: 'c5f3146703'
System info: os.name: 'Windows 11', os.arch: 'amd64', os.version: '10.0', java.version: '17.0.7'
Driver info: com.kms.katalon.selenium.driver.CChromeDriver
Command: [e214ff0f2cf72ffe146027fc3f844f6e, sendKeysToElement {value=[Ljava.lang.CharSequence;@4bca8eaf, id=f.CCB647899C82EFA6D423F9AC3BC55326.d.5327AE479CCA482BD4C726E8577F2827.e.35}]
Capabilities {acceptInsecureCerts: false, browserName: chrome, browserVersion: 131.0.6778.205, chrome: {chromedriverVersion: 130.0.6723.58 (3a50e012e4c9..., userDataDir: C:\Users\henri\AppData\Loca...}, fedcm:accounts: true, goog:chromeOptions: {debuggerAddress: localhost:58812}, networkConnectionEnabled: false, pageLoadStrategy: normal, platformName: windows, proxy: Proxy(), se:cdp: ws://localhost:58812/devtoo..., se:cdpVersion: 131.0.6778.205, setWindowRect: true, strictFileInteractability: false, timeouts: {implicit: 0, pageLoad: 300000, script: 30000}, unhandledPromptBehavior: ignore, webSocketUrl: ws://localhost:10256/sessio..., webauthn:extension:credBlob: true, webauthn:extension:largeBlob: true, webauthn:extension:minPinLength: true, webauthn:extension:prf: true, webauthn:virtualAuthenticators: true}
Element: [[CChromeDriver: chrome on windows (e214ff0f2cf72ffe146027fc3f844f6e)] -> xpath: //input[@id='upload-upload-file-Foto Profil']
]
Session ID: e214ff0f2cf72ffe146027fc3f844f6e
	at java.base/jdk.internal.reflect.NativeConstructorAccessorImpl.newInstance0(Native Method)
	at java.base/jdk.internal.reflect.NativeConstructorAccessorImpl.newInstance(NativeConstructorAccessorImpl.java:77)
	at java.base/jdk.internal.reflect.DelegatingConstructorAccessorImpl.newInstance(DelegatingConstructorAccessorImpl.java:45)
	at org.openqa.selenium.remote.ErrorCodec.decode(ErrorCodec.java:167)
	at org.openqa.selenium.remote.codec.w3c.W3CHttpResponseCodec.decode(W3CHttpResponseCodec.java:138)
	at org.openqa.selenium.remote.codec.w3c.W3CHttpResponseCodec.decode(W3CHttpResponseCodec.java:50)
	at org.openqa.selenium.remote.HttpCommandExecutor.execute(HttpCommandExecutor.java:190)
	at org.openqa.selenium.remote.service.DriverCommandExecutor.invokeExecute(DriverCommandExecutor.java:216)
	at org.openqa.selenium.remote.service.DriverCommandExecutor.execute(DriverCommandExecutor.java:174)
	at org.openqa.selenium.remote.RemoteWebDriver.execute(RemoteWebDriver.java:518)
	at org.openqa.selenium.remote.RemoteWebElement.execute(RemoteWebElement.java:223)
	at org.openqa.selenium.remote.RemoteWebElement.sendKeys(RemoteWebElement.java:110)
	at java.base/jdk.internal.reflect.NativeMethodAccessorImpl.invoke0(Native Method)
	at java.base/jdk.internal.reflect.NativeMethodAccessorImpl.invoke(NativeMethodAccessorImpl.java:77)
	at java.base/jdk.internal.reflect.DelegatingMethodAccessorImpl.invoke(DelegatingMethodAccessorImpl.java:43)
	at org.openqa.selenium.support.decorators.WebDriverDecorator.call(WebDriverDecorator.java:249)
	at org.openqa.selenium.support.decorators.DefaultDecorated.call(DefaultDecorated.java:48)
	at org.openqa.selenium.support.decorators.WebDriverDecorator.lambda$createProxy$2(WebDriverDecorator.java:321)
	at net.bytebuddy.renamed.java.lang.Object$ByteBuddy$mXBMNI5s.sendKeys(Unknown Source)
	at com.kms.katalon.core.webui.keyword.builtin.UploadFileKeyword$_uploadFile_closure1.doCall(UploadFileKeyword.groovy:80)
	at com.kms.katalon.core.webui.keyword.builtin.UploadFileKeyword$_uploadFile_closure1.call(UploadFileKeyword.groovy)
	at com.kms.katalon.core.webui.keyword.internal.WebUIKeywordMain.runKeyword(WebUIKeywordMain.groovy:35)
	at com.kms.katalon.core.webui.keyword.builtin.UploadFileKeyword.uploadFile(UploadFileKeyword.groovy:87)
	at com.kms.katalon.core.webui.keyword.builtin.UploadFileKeyword.execute(UploadFileKeyword.groovy:68)
	at com.kms.katalon.core.keyword.internal.KeywordExecutor.executeKeywordForPlatform(KeywordExecutor.groovy:74)
	at com.kms.katalon.core.webui.keyword.WebUiBuiltInKeywords.uploadFile(WebUiBuiltInKeywords.groovy:4140)
	at Script1734333226064.run(Script1734333226064.groovy:55)
	at com.kms.katalon.core.main.ScriptEngine.run(ScriptEngine.java:194)
	at com.kms.katalon.core.main.ScriptEngine.runScriptAsRawText(ScriptEngine.java:119)
	at com.kms.katalon.core.main.TestCaseExecutor.runScript(TestCaseExecutor.java:448)
	at com.kms.katalon.core.main.TestCaseExecutor.doExecute(TestCaseExecutor.java:439)
	at com.kms.katalon.core.main.TestCaseExecutor.processExecutionPhase(TestCaseExecutor.java:418)
	at com.kms.katalon.core.main.TestCaseExecutor.accessMainPhase(TestCaseExecutor.java:410)
	at com.kms.katalon.core.main.TestCaseExecutor.execute(TestCaseExecutor.java:285)
	at com.kms.katalon.core.main.TestCaseMain.runTestCase(TestCaseMain.java:133)
	at com.kms.katalon.core.keyword.builtin.CallTestCaseKeyword$_callTestCase_closure1.doCall(CallTestCaseKeyword.groovy:59)
	at com.kms.katalon.core.keyword.builtin.CallTestCaseKeyword$_callTestCase_closure1.call(CallTestCaseKeyword.groovy)
	at com.kms.katalon.core.keyword.internal.KeywordMain.runKeyword(KeywordMain.groovy:75)
	at com.kms.katalon.core.keyword.builtin.CallTestCaseKeyword.callTestCase(CallTestCaseKeyword.groovy:81)
	at com.kms.katalon.core.keyword.builtin.CallTestCaseKeyword.execute(CallTestCaseKeyword.groovy:44)
	at com.kms.katalon.core.keyword.internal.KeywordExecutor.executeKeywordForPlatform(KeywordExecutor.groovy:74)
	at com.kms.katalon.core.keyword.BuiltinKeywords.callTestCase(BuiltinKeywords.groovy:310)
	at java.base/jdk.internal.reflect.NativeMethodAccessorImpl.invoke0(Native Method)
	at java.base/jdk.internal.reflect.NativeMethodAccessorImpl.invoke(NativeMethodAccessorImpl.java:77)
	at java.base/jdk.internal.reflect.DelegatingMethodAccessorImpl.invoke(DelegatingMethodAccessorImpl.java:43)
	at Script1735790912267.run(Script1735790912267.groovy:25)
	... 15 more
)

02-01-2025T14:05:17 - [MESSAGE][WARNING] - Unable to upload file 'C:/Users/akmal/Downloads/admin.png' to object 'Object Repository/Master Data/Admin Sekolah/Profile/Ubah Foto Profile/Unggah File' (Root cause: com.kms.katalon.core.exception.StepFailedException: Unable to upload file 'C:/Users/akmal/Downloads/admin.png' to object 'Object Repository/Master Data/Admin Sekolah/Profile/Ubah Foto Profile/Unggah File'
	at com.kms.katalon.core.webui.keyword.internal.WebUIKeywordMain.stepFailed(WebUIKeywordMain.groovy:117)
	at com.kms.katalon.core.webui.keyword.internal.WebUIKeywordMain.runKeyword(WebUIKeywordMain.groovy:43)
	at com.kms.katalon.core.webui.keyword.builtin.UploadFileKeyword.uploadFile(UploadFileKeyword.groovy:87)
	at com.kms.katalon.core.webui.keyword.builtin.UploadFileKeyword.execute(UploadFileKeyword.groovy:68)
	at com.kms.katalon.core.keyword.internal.KeywordExecutor.executeKeywordForPlatform(KeywordExecutor.groovy:74)
	at com.kms.katalon.core.webui.keyword.WebUiBuiltInKeywords.uploadFile(WebUiBuiltInKeywords.groovy:4140)
	at Ubah Foto.run(Ubah Foto:55)
	at com.kms.katalon.core.main.ScriptEngine.run(ScriptEngine.java:194)
	at com.kms.katalon.core.main.ScriptEngine.runScriptAsRawText(ScriptEngine.java:119)
	at com.kms.katalon.core.main.TestCaseExecutor.runScript(TestCaseExecutor.java:448)
	at com.kms.katalon.core.main.TestCaseExecutor.doExecute(TestCaseExecutor.java:439)
	at com.kms.katalon.core.main.TestCaseExecutor.processExecutionPhase(TestCaseExecutor.java:418)
	at com.kms.katalon.core.main.TestCaseExecutor.accessMainPhase(TestCaseExecutor.java:410)
	at com.kms.katalon.core.main.TestCaseExecutor.execute(TestCaseExecutor.java:285)
	at com.kms.katalon.core.main.TestCaseMain.runTestCase(TestCaseMain.java:133)
	at com.kms.katalon.core.keyword.builtin.CallTestCaseKeyword$_callTestCase_closure1.doCall(CallTestCaseKeyword.groovy:59)
	at com.kms.katalon.core.keyword.builtin.CallTestCaseKeyword$_callTestCase_closure1.call(CallTestCaseKeyword.groovy)
	at com.kms.katalon.core.keyword.internal.KeywordMain.runKeyword(KeywordMain.groovy:75)
	at com.kms.katalon.core.keyword.builtin.CallTestCaseKeyword.callTestCase(CallTestCaseKeyword.groovy:81)
	at com.kms.katalon.core.keyword.builtin.CallTestCaseKeyword.execute(CallTestCaseKeyword.groovy:44)
	at com.kms.katalon.core.keyword.internal.KeywordExecutor.executeKeywordForPlatform(KeywordExecutor.groovy:74)
	at com.kms.katalon.core.keyword.BuiltinKeywords.callTestCase(BuiltinKeywords.groovy:310)
	at java.base/jdk.internal.reflect.NativeMethodAccessorImpl.invoke0(Native Method)
	at java.base/jdk.internal.reflect.NativeMethodAccessorImpl.invoke(NativeMethodAccessorImpl.java:77)
	at java.base/jdk.internal.reflect.DelegatingMethodAccessorImpl.invoke(DelegatingMethodAccessorImpl.java:43)
	at Regresi Profile.run(Regresi Profile:25)
	at com.kms.katalon.core.main.ScriptEngine.run(ScriptEngine.java:194)
	at com.kms.katalon.core.main.ScriptEngine.runScriptAsRawText(ScriptEngine.java:119)
	at com.kms.katalon.core.main.TestCaseExecutor.runScript(TestCaseExecutor.java:448)
	at com.kms.katalon.core.main.TestCaseExecutor.doExecute(TestCaseExecutor.java:439)
	at com.kms.katalon.core.main.TestCaseExecutor.processExecutionPhase(TestCaseExecutor.java:418)
	at com.kms.katalon.core.main.TestCaseExecutor.accessMainPhase(TestCaseExecutor.java:410)
	at com.kms.katalon.core.main.TestCaseExecutor.execute(TestCaseExecutor.java:285)
	at com.kms.katalon.core.common.CommonExecutor.accessTestCaseMainPhase(CommonExecutor.java:65)
	at com.kms.katalon.core.main.TestSuiteExecutor.accessTestSuiteMainPhase(TestSuiteExecutor.java:161)
	at com.kms.katalon.core.main.TestSuiteExecutor.execute(TestSuiteExecutor.java:107)
	at com.kms.katalon.core.main.TestCaseMain.startTestSuite(TestCaseMain.java:176)
	at TempTestSuite1735801478058.run(TempTestSuite1735801478058.groovy:35)
	at java.base/jdk.internal.reflect.NativeMethodAccessorImpl.invoke0(Native Method)
	at java.base/jdk.internal.reflect.NativeMethodAccessorImpl.invoke(NativeMethodAccessorImpl.java:77)
	at java.base/jdk.internal.reflect.DelegatingMethodAccessorImpl.invoke(DelegatingMethodAccessorImpl.java:43)
Caused by: org.openqa.selenium.InvalidArgumentException: invalid argument: File not found : C:/Users/akmal/Downloads/admin.png
  (Session info: chrome=131.0.6778.205)
Build info: version: '4.22.0', revision: 'c5f3146703'
System info: os.name: 'Windows 11', os.arch: 'amd64', os.version: '10.0', java.version: '17.0.7'
Driver info: com.kms.katalon.selenium.driver.CChromeDriver
Command: [e214ff0f2cf72ffe146027fc3f844f6e, sendKeysToElement {value=[Ljava.lang.CharSequence;@4bca8eaf, id=f.CCB647899C82EFA6D423F9AC3BC55326.d.5327AE479CCA482BD4C726E8577F2827.e.35}]
Capabilities {acceptInsecureCerts: false, browserName: chrome, browserVersion: 131.0.6778.205, chrome: {chromedriverVersion: 130.0.6723.58 (3a50e012e4c9..., userDataDir: C:\Users\henri\AppData\Loca...}, fedcm:accounts: true, goog:chromeOptions: {debuggerAddress: localhost:58812}, networkConnectionEnabled: false, pageLoadStrategy: normal, platformName: windows, proxy: Proxy(), se:cdp: ws://localhost:58812/devtoo..., se:cdpVersion: 131.0.6778.205, setWindowRect: true, strictFileInteractability: false, timeouts: {implicit: 0, pageLoad: 300000, script: 30000}, unhandledPromptBehavior: ignore, webSocketUrl: ws://localhost:10256/sessio..., webauthn:extension:credBlob: true, webauthn:extension:largeBlob: true, webauthn:extension:minPinLength: true, webauthn:extension:prf: true, webauthn:virtualAuthenticators: true}
Element: [[CChromeDriver: chrome on windows (e214ff0f2cf72ffe146027fc3f844f6e)] -> xpath: //input[@id='upload-upload-file-Foto Profil']
]
Session ID: e214ff0f2cf72ffe146027fc3f844f6e
	at java.base/jdk.internal.reflect.NativeConstructorAccessorImpl.newInstance0(Native Method)
	at java.base/jdk.internal.reflect.NativeConstructorAccessorImpl.newInstance(NativeConstructorAccessorImpl.java:77)
	at java.base/jdk.internal.reflect.DelegatingConstructorAccessorImpl.newInstance(DelegatingConstructorAccessorImpl.java:45)
	at org.openqa.selenium.remote.ErrorCodec.decode(ErrorCodec.java:167)
	at org.openqa.selenium.remote.codec.w3c.W3CHttpResponseCodec.decode(W3CHttpResponseCodec.java:138)
	at org.openqa.selenium.remote.codec.w3c.W3CHttpResponseCodec.decode(W3CHttpResponseCodec.java:50)
	at org.openqa.selenium.remote.HttpCommandExecutor.execute(HttpCommandExecutor.java:190)
	at org.openqa.selenium.remote.service.DriverCommandExecutor.invokeExecute(DriverCommandExecutor.java:216)
	at org.openqa.selenium.remote.service.DriverCommandExecutor.execute(DriverCommandExecutor.java:174)
	at org.openqa.selenium.remote.RemoteWebDriver.execute(RemoteWebDriver.java:518)
	at org.openqa.selenium.remote.RemoteWebElement.execute(RemoteWebElement.java:223)
	at org.openqa.selenium.remote.RemoteWebElement.sendKeys(RemoteWebElement.java:110)
	at java.base/jdk.internal.reflect.NativeMethodAccessorImpl.invoke0(Native Method)
	at java.base/jdk.internal.reflect.NativeMethodAccessorImpl.invoke(NativeMethodAccessorImpl.java:77)
	at java.base/jdk.internal.reflect.DelegatingMethodAccessorImpl.invoke(DelegatingMethodAccessorImpl.java:43)
	at org.openqa.selenium.support.decorators.WebDriverDecorator.call(WebDriverDecorator.java:249)
	at org.openqa.selenium.support.decorators.DefaultDecorated.call(DefaultDecorated.java:48)
	at org.openqa.selenium.support.decorators.WebDriverDecorator.lambda$createProxy$2(WebDriverDecorator.java:321)
	at net.bytebuddy.renamed.java.lang.Object$ByteBuddy$mXBMNI5s.sendKeys(Unknown Source)
	at com.kms.katalon.core.webui.keyword.builtin.UploadFileKeyword$_uploadFile_closure1.doCall(UploadFileKeyword.groovy:80)
	at com.kms.katalon.core.webui.keyword.builtin.UploadFileKeyword$_uploadFile_closure1.call(UploadFileKeyword.groovy)
	at com.kms.katalon.core.webui.keyword.internal.WebUIKeywordMain.runKeyword(WebUIKeywordMain.groovy:35)
	at com.kms.katalon.core.webui.keyword.builtin.UploadFileKeyword.uploadFile(UploadFileKeyword.groovy:87)
	at com.kms.katalon.core.webui.keyword.builtin.UploadFileKeyword.execute(UploadFileKeyword.groovy:68)
	at com.kms.katalon.core.keyword.internal.KeywordExecutor.executeKeywordForPlatform(KeywordExecutor.groovy:74)
	at com.kms.katalon.core.webui.keyword.WebUiBuiltInKeywords.uploadFile(WebUiBuiltInKeywords.groovy:4140)
	at Script1734333226064.run(Script1734333226064.groovy:55)
	at com.kms.katalon.core.main.ScriptEngine.run(ScriptEngine.java:194)
	at com.kms.katalon.core.main.ScriptEngine.runScriptAsRawText(ScriptEngine.java:119)
	at com.kms.katalon.core.main.TestCaseExecutor.runScript(TestCaseExecutor.java:448)
	at com.kms.katalon.core.main.TestCaseExecutor.doExecute(TestCaseExecutor.java:439)
	at com.kms.katalon.core.main.TestCaseExecutor.processExecutionPhase(TestCaseExecutor.java:418)
	at com.kms.katalon.core.main.TestCaseExecutor.accessMainPhase(TestCaseExecutor.java:410)
	at com.kms.katalon.core.main.TestCaseExecutor.execute(TestCaseExecutor.java:285)
	at com.kms.katalon.core.main.TestCaseMain.runTestCase(TestCaseMain.java:133)
	at com.kms.katalon.core.keyword.builtin.CallTestCaseKeyword$_callTestCase_closure1.doCall(CallTestCaseKeyword.groovy:59)
	at com.kms.katalon.core.keyword.builtin.CallTestCaseKeyword$_callTestCase_closure1.call(CallTestCaseKeyword.groovy)
	at com.kms.katalon.core.keyword.internal.KeywordMain.runKeyword(KeywordMain.groovy:75)
	at com.kms.katalon.core.keyword.builtin.CallTestCaseKeyword.callTestCase(CallTestCaseKeyword.groovy:81)
	at com.kms.katalon.core.keyword.builtin.CallTestCaseKeyword.execute(CallTestCaseKeyword.groovy:44)
	at com.kms.katalon.core.keyword.internal.KeywordExecutor.executeKeywordForPlatform(KeywordExecutor.groovy:74)
	at com.kms.katalon.core.keyword.BuiltinKeywords.callTestCase(BuiltinKeywords.groovy:310)
	at java.base/jdk.internal.reflect.NativeMethodAccessorImpl.invoke0(Native Method)
	at java.base/jdk.internal.reflect.NativeMethodAccessorImpl.invoke(NativeMethodAccessorImpl.java:77)
	at java.base/jdk.internal.reflect.DelegatingMethodAccessorImpl.invoke(DelegatingMethodAccessorImpl.java:43)
	at Script1735790912267.run(Script1735790912267.groovy:25)
	... 15 more
)
[[ATTACHMENT|C:\\Users\\henri\\Videos\\school-payment-automation-testing\\Reports\\20250102_140438\\SPRINT 3\\20250102_140438\\1735801517171.png]]

02-01-2025T14:05:17 - [TEST_STEP][PASSED] - click(findTestObject("Master Data/Admin Sekolah/Profile/Ubah Foto Profile/Terapkan"), OPTIONAL): Object: 'Object Repository/Master Data/Admin Sekolah/Profile/Ubah Foto Profile/Terapkan' is clicked on

02-01-2025T14:05:17 - [MESSAGE][PASSED] - Object: 'Object Repository/Master Data/Admin Sekolah/Profile/Ubah Foto Profile/Terapkan' is clicked on

02-01-2025T14:05:17 - [TEST_STEP][PASSED] - delay(5, OPTIONAL): Delayed 5 second(s)

02-01-2025T14:05:22 - [MESSAGE][PASSED] - Delayed 5 second(s)

02-01-2025T14:05:22 - [TEST_STEP][PASSED] - closeBrowser(OPTIONAL): Browser is closed

02-01-2025T14:05:22 - [MESSAGE][PASSED] - Browser is closed

02-01-2025T14:05:22 - [MESSAGE][PASSED] - Call Test Case 'Test Cases/Master Data/Admin Sekolah/Profile/Upload Photo Profile/Ubah Foto' successfully

02-01-2025T14:05:22 - [TEST_STEP][PASSED] - println("============================= Loop Again ==============================="): null

02-01-2025T14:05:22 - [TEST_STEP][PASSED] - callTestCase(findTestCase("Test Cases/Master Data/Admin Sekolah/Profile/Ubah Password/Ubah Password"), [:], CONTINUE_ON_FAILURE): Call Test Case 'Test Cases/Master Data/Admin Sekolah/Profile/Ubah Password/Ubah Password' successfully

02-01-2025T14:05:22 - [TEST_CASE][PASSED] - Test Cases/Master Data/Admin Sekolah/Profile/Ubah Password/Ubah Password: Test Cases/Master Data/Admin Sekolah/Profile/Ubah Password/Ubah Password

02-01-2025T14:05:22 - [TEST_STEP][PASSED] - openBrowser(""): Browser is opened with url: ''

02-01-2025T14:05:22 - [MESSAGE][INFO] - Starting 'Chrome' driver

02-01-2025T14:05:22 - [MESSAGE][INFO] - Action delay is set to 0 milliseconds

02-01-2025T14:05:23 - [MESSAGE][PASSED] - Browser is opened with url: ''

02-01-2025T14:05:23 - [TEST_STEP][PASSED] - navigateToUrl("https://school-payment.digiform.co.id/login"): Navigate to 'https://school-payment.digiform.co.id/login' successfully

02-01-2025T14:05:23 - [MESSAGE][PASSED] - Navigate to 'https://school-payment.digiform.co.id/login' successfully

02-01-2025T14:05:23 - [TEST_STEP][PASSED] - click(findTestObject("Master Data/Admin Sekolah/Login/Field Email")): Object: 'Object Repository/Master Data/Admin Sekolah/Login/Field Email' is clicked on

02-01-2025T14:05:25 - [MESSAGE][PASSED] - Object: 'Object Repository/Master Data/Admin Sekolah/Login/Field Email' is clicked on

02-01-2025T14:05:25 - [TEST_STEP][PASSED] - setText(findTestObject("Master Data/Admin Sekolah/Login/Field Email"), "admin.gudangsolusi@digiform.co.id"): Text 'admin.gudangsolusi@digiform.co.id' is set on object 'Object Repository/Master Data/Admin Sekolah/Login/Field Email'

02-01-2025T14:05:25 - [MESSAGE][PASSED] - Text 'admin.gudangsolusi@digiform.co.id' is set on object 'Object Repository/Master Data/Admin Sekolah/Login/Field Email'

02-01-2025T14:05:25 - [TEST_STEP][PASSED] - click(findTestObject("Master Data/Admin Sekolah/Login/Input Password")): Object: 'Object Repository/Master Data/Admin Sekolah/Login/Input Password' is clicked on

02-01-2025T14:05:26 - [MESSAGE][PASSED] - Object: 'Object Repository/Master Data/Admin Sekolah/Login/Input Password' is clicked on

02-01-2025T14:05:26 - [TEST_STEP][PASSED] - setText(findTestObject("Master Data/Admin Sekolah/Login/Input Password"), "Test1234"): Text 'Test1234' is set on object 'Object Repository/Master Data/Admin Sekolah/Login/Input Password'

02-01-2025T14:05:26 - [MESSAGE][PASSED] - Text 'Test1234' is set on object 'Object Repository/Master Data/Admin Sekolah/Login/Input Password'

02-01-2025T14:05:26 - [TEST_STEP][PASSED] - click(findTestObject("Master Data/Admin Sekolah/Login/Button Submit")): Object: 'Object Repository/Master Data/Admin Sekolah/Login/Button Submit' is clicked on

02-01-2025T14:05:27 - [MESSAGE][PASSED] - Object: 'Object Repository/Master Data/Admin Sekolah/Login/Button Submit' is clicked on

02-01-2025T14:05:27 - [TEST_STEP][PASSED] - delay(1): Delayed 1 second(s)

02-01-2025T14:05:28 - [MESSAGE][PASSED] - Delayed 1 second(s)

02-01-2025T14:05:28 - [TEST_STEP][PASSED] - delay(2): Delayed 2 second(s)

02-01-2025T14:05:30 - [MESSAGE][PASSED] - Delayed 2 second(s)

02-01-2025T14:05:30 - [TEST_STEP][PASSED] - click(findTestObject("Master Data/Admin Sekolah/Profile/Klik Profile")): Object: 'Object Repository/Master Data/Admin Sekolah/Profile/Klik Profile' is clicked on

02-01-2025T14:05:30 - [MESSAGE][PASSED] - Object: 'Object Repository/Master Data/Admin Sekolah/Profile/Klik Profile' is clicked on

02-01-2025T14:05:30 - [TEST_STEP][PASSED] - delay(1): Delayed 1 second(s)

02-01-2025T14:05:31 - [MESSAGE][PASSED] - Delayed 1 second(s)

02-01-2025T14:05:31 - [TEST_STEP][PASSED] - click(findTestObject("Master Data/Admin Sekolah/Profile/Ubah Password/Klik Ubah Password")): Object: 'Object Repository/Master Data/Admin Sekolah/Profile/Ubah Password/Klik Ubah Password' is clicked on

02-01-2025T14:05:31 - [MESSAGE][PASSED] - Object: 'Object Repository/Master Data/Admin Sekolah/Profile/Ubah Password/Klik Ubah Password' is clicked on

02-01-2025T14:05:31 - [TEST_STEP][PASSED] - delay(1): Delayed 1 second(s)

02-01-2025T14:05:32 - [MESSAGE][PASSED] - Delayed 1 second(s)

02-01-2025T14:05:32 - [TEST_STEP][PASSED] - click(findTestObject("Master Data/Admin Sekolah/Profile/Ubah Password/Klik Password Lama")): Object: 'Object Repository/Master Data/Admin Sekolah/Profile/Ubah Password/Klik Password Lama' is clicked on

02-01-2025T14:05:32 - [MESSAGE][PASSED] - Object: 'Object Repository/Master Data/Admin Sekolah/Profile/Ubah Password/Klik Password Lama' is clicked on

02-01-2025T14:05:32 - [TEST_STEP][PASSED] - delay(2): Delayed 2 second(s)

02-01-2025T14:05:34 - [MESSAGE][PASSED] - Delayed 2 second(s)

02-01-2025T14:05:34 - [TEST_STEP][PASSED] - setText(findTestObject("Master Data/Admin Sekolah/Profile/Ubah Password/Klik Password Lama"), "Test1234"): Text 'Test1234' is set on object 'Object Repository/Master Data/Admin Sekolah/Profile/Ubah Password/Klik Password Lama'

02-01-2025T14:05:35 - [MESSAGE][PASSED] - Text 'Test1234' is set on object 'Object Repository/Master Data/Admin Sekolah/Profile/Ubah Password/Klik Password Lama'

02-01-2025T14:05:35 - [TEST_STEP][PASSED] - delay(1): Delayed 1 second(s)

02-01-2025T14:05:36 - [MESSAGE][PASSED] - Delayed 1 second(s)

02-01-2025T14:05:36 - [TEST_STEP][PASSED] - click(findTestObject("Master Data/Admin Sekolah/Profile/Ubah Password/Klik Password Baru")): Object: 'Object Repository/Master Data/Admin Sekolah/Profile/Ubah Password/Klik Password Baru' is clicked on

02-01-2025T14:05:36 - [MESSAGE][PASSED] - Object: 'Object Repository/Master Data/Admin Sekolah/Profile/Ubah Password/Klik Password Baru' is clicked on

02-01-2025T14:05:36 - [TEST_STEP][PASSED] - setText(findTestObject("Master Data/Admin Sekolah/Profile/Ubah Password/Klik Password Baru"), "Test12345"): Text 'Test12345' is set on object 'Object Repository/Master Data/Admin Sekolah/Profile/Ubah Password/Klik Password Baru'

02-01-2025T14:05:37 - [MESSAGE][PASSED] - Text 'Test12345' is set on object 'Object Repository/Master Data/Admin Sekolah/Profile/Ubah Password/Klik Password Baru'

02-01-2025T14:05:37 - [TEST_STEP][PASSED] - delay(1): Delayed 1 second(s)

02-01-2025T14:05:38 - [MESSAGE][PASSED] - Delayed 1 second(s)

02-01-2025T14:05:38 - [TEST_STEP][PASSED] - click(findTestObject("Master Data/Admin Sekolah/Profile/Ubah Password/Ulangi Password Baru")): Object: 'Object Repository/Master Data/Admin Sekolah/Profile/Ubah Password/Ulangi Password Baru' is clicked on

02-01-2025T14:05:38 - [MESSAGE][PASSED] - Object: 'Object Repository/Master Data/Admin Sekolah/Profile/Ubah Password/Ulangi Password Baru' is clicked on

02-01-2025T14:05:38 - [TEST_STEP][PASSED] - setText(findTestObject("Master Data/Admin Sekolah/Profile/Ubah Password/Ulangi Password Baru"), "Test12345"): Text 'Test12345' is set on object 'Object Repository/Master Data/Admin Sekolah/Profile/Ubah Password/Ulangi Password Baru'

02-01-2025T14:05:39 - [MESSAGE][PASSED] - Text 'Test12345' is set on object 'Object Repository/Master Data/Admin Sekolah/Profile/Ubah Password/Ulangi Password Baru'

02-01-2025T14:05:39 - [TEST_STEP][PASSED] - delay(1): Delayed 1 second(s)

02-01-2025T14:05:40 - [MESSAGE][PASSED] - Delayed 1 second(s)

02-01-2025T14:05:40 - [TEST_STEP][PASSED] - click(findTestObject("Master Data/Admin Sekolah/Profile/Ubah Password/Tombol X")): Object: 'Object Repository/Master Data/Admin Sekolah/Profile/Ubah Password/Tombol X' is clicked on

02-01-2025T14:05:40 - [MESSAGE][PASSED] - Object: 'Object Repository/Master Data/Admin Sekolah/Profile/Ubah Password/Tombol X' is clicked on

02-01-2025T14:05:40 - [MESSAGE][PASSED] - Call Test Case 'Test Cases/Master Data/Admin Sekolah/Profile/Ubah Password/Ubah Password' successfully

02-01-2025T14:05:40 - [TEST_STEP][PASSED] - callTestCase(findTestCase("Test Cases/Master Data/Admin Sekolah/Profile/Upload Photo Profile/Ubah Foto"), [:], CONTINUE_ON_FAILURE): Call Test Case 'Test Cases/Master Data/Admin Sekolah/Profile/Upload Photo Profile/Ubah Foto' successfully

02-01-2025T14:05:40 - [TEST_CASE][PASSED] - Test Cases/Master Data/Admin Sekolah/Profile/Upload Photo Profile/Ubah Foto: Test Cases/Master Data/Admin Sekolah/Profile/Upload Photo Profile/Ubah Foto

02-01-2025T14:05:40 - [TEST_STEP][PASSED] - openBrowser("", OPTIONAL): Browser is opened with url: ''

02-01-2025T14:05:40 - [MESSAGE][WARNING] - A browser is already opened. Closing browser and opening a new one

02-01-2025T14:05:40 - [MESSAGE][INFO] - Starting 'Chrome' driver

02-01-2025T14:05:40 - [MESSAGE][INFO] - Action delay is set to 0 milliseconds

02-01-2025T14:05:41 - [MESSAGE][PASSED] - Browser is opened with url: ''

02-01-2025T14:05:41 - [TEST_STEP][PASSED] - navigateToUrl("https://school-payment.digiform.co.id/login", OPTIONAL): Navigate to 'https://school-payment.digiform.co.id/login' successfully

02-01-2025T14:05:41 - [MESSAGE][PASSED] - Navigate to 'https://school-payment.digiform.co.id/login' successfully

02-01-2025T14:05:41 - [TEST_STEP][PASSED] - click(findTestObject("Master Data/Admin Sekolah/Login/Field Email"), OPTIONAL): Object: 'Object Repository/Master Data/Admin Sekolah/Login/Field Email' is clicked on

02-01-2025T14:05:43 - [MESSAGE][PASSED] - Object: 'Object Repository/Master Data/Admin Sekolah/Login/Field Email' is clicked on

02-01-2025T14:05:43 - [TEST_STEP][PASSED] - setText(findTestObject("Master Data/Admin Sekolah/Login/Field Email"), "admin.gudangsolusi@digiform.co.id", OPTIONAL): Text 'admin.gudangsolusi@digiform.co.id' is set on object 'Object Repository/Master Data/Admin Sekolah/Login/Field Email'

02-01-2025T14:05:43 - [MESSAGE][PASSED] - Text 'admin.gudangsolusi@digiform.co.id' is set on object 'Object Repository/Master Data/Admin Sekolah/Login/Field Email'

02-01-2025T14:05:43 - [TEST_STEP][PASSED] - click(findTestObject("Master Data/Admin Sekolah/Login/Input Password"), OPTIONAL): Object: 'Object Repository/Master Data/Admin Sekolah/Login/Input Password' is clicked on

02-01-2025T14:05:43 - [MESSAGE][PASSED] - Object: 'Object Repository/Master Data/Admin Sekolah/Login/Input Password' is clicked on

02-01-2025T14:05:43 - [TEST_STEP][PASSED] - setText(findTestObject("Master Data/Admin Sekolah/Login/Input Password"), "Test1234", OPTIONAL): Text 'Test1234' is set on object 'Object Repository/Master Data/Admin Sekolah/Login/Input Password'

02-01-2025T14:05:44 - [MESSAGE][PASSED] - Text 'Test1234' is set on object 'Object Repository/Master Data/Admin Sekolah/Login/Input Password'

02-01-2025T14:05:44 - [TEST_STEP][PASSED] - click(findTestObject("Master Data/Admin Sekolah/Login/Button Submit"), OPTIONAL): Object: 'Object Repository/Master Data/Admin Sekolah/Login/Button Submit' is clicked on

02-01-2025T14:05:44 - [MESSAGE][PASSED] - Object: 'Object Repository/Master Data/Admin Sekolah/Login/Button Submit' is clicked on

02-01-2025T14:05:44 - [TEST_STEP][PASSED] - delay(1, OPTIONAL): Delayed 1 second(s)

02-01-2025T14:05:45 - [MESSAGE][PASSED] - Delayed 1 second(s)

02-01-2025T14:05:45 - [TEST_STEP][PASSED] - delay(2, OPTIONAL): Delayed 2 second(s)

02-01-2025T14:05:47 - [MESSAGE][PASSED] - Delayed 2 second(s)

02-01-2025T14:05:47 - [TEST_STEP][PASSED] - click(findTestObject("Master Data/Admin Sekolah/Profile/Klik Profile"), OPTIONAL): Object: 'Object Repository/Master Data/Admin Sekolah/Profile/Klik Profile' is clicked on

02-01-2025T14:06:06 - [MESSAGE][PASSED] - Object: 'Object Repository/Master Data/Admin Sekolah/Profile/Klik Profile' is clicked on

02-01-2025T14:06:06 - [TEST_STEP][PASSED] - delay(1, OPTIONAL): Delayed 1 second(s)

02-01-2025T14:06:07 - [MESSAGE][PASSED] - Delayed 1 second(s)

02-01-2025T14:06:07 - [TEST_STEP][PASSED] - click(findTestObject("Master Data/Admin Sekolah/Profile/Ubah Foto Profile/Klik Menu Ubah Foto Profile"), OPTIONAL): Object: 'Object Repository/Master Data/Admin Sekolah/Profile/Ubah Foto Profile/Klik Menu Ubah Foto Profile' is clicked on

02-01-2025T14:06:07 - [MESSAGE][PASSED] - Object: 'Object Repository/Master Data/Admin Sekolah/Profile/Ubah Foto Profile/Klik Menu Ubah Foto Profile' is clicked on

02-01-2025T14:06:07 - [TEST_STEP][PASSED] - delay(1, OPTIONAL): Delayed 1 second(s)

02-01-2025T14:06:08 - [MESSAGE][PASSED] - Delayed 1 second(s)

02-01-2025T14:06:08 - [TEST_STEP][PASSED] - fotoFilePath = "C:/Users/akmal/Downloads/admin.png": null

02-01-2025T14:06:08 - [TEST_STEP][PASSED] - click(findTestObject("Master Data/Admin Sekolah/Profile/Ubah Foto Profile/Klik Unggah File"), OPTIONAL): Object: 'Object Repository/Master Data/Admin Sekolah/Profile/Ubah Foto Profile/Klik Unggah File' is clicked on

02-01-2025T14:06:08 - [MESSAGE][PASSED] - Object: 'Object Repository/Master Data/Admin Sekolah/Profile/Ubah Foto Profile/Klik Unggah File' is clicked on

02-01-2025T14:06:08 - [TEST_STEP][PASSED] - delay(2, OPTIONAL): Delayed 2 second(s)

02-01-2025T14:06:10 - [MESSAGE][PASSED] - Delayed 2 second(s)

02-01-2025T14:06:10 - [TEST_STEP][PASSED] - uploadFile(findTestObject("Master Data/Admin Sekolah/Profile/Ubah Foto Profile/Unggah File"), fotoFilePath, OPTIONAL): Unable to upload file 'C:/Users/akmal/Downloads/admin.png' to object 'Object Repository/Master Data/Admin Sekolah/Profile/Ubah Foto Profile/Unggah File' (Root cause: com.kms.katalon.core.exception.StepFailedException: Unable to upload file 'C:/Users/akmal/Downloads/admin.png' to object 'Object Repository/Master Data/Admin Sekolah/Profile/Ubah Foto Profile/Unggah File'
	at com.kms.katalon.core.webui.keyword.internal.WebUIKeywordMain.stepFailed(WebUIKeywordMain.groovy:117)
	at com.kms.katalon.core.webui.keyword.internal.WebUIKeywordMain.runKeyword(WebUIKeywordMain.groovy:43)
	at com.kms.katalon.core.webui.keyword.builtin.UploadFileKeyword.uploadFile(UploadFileKeyword.groovy:87)
	at com.kms.katalon.core.webui.keyword.builtin.UploadFileKeyword.execute(UploadFileKeyword.groovy:68)
	at com.kms.katalon.core.keyword.internal.KeywordExecutor.executeKeywordForPlatform(KeywordExecutor.groovy:74)
	at com.kms.katalon.core.webui.keyword.WebUiBuiltInKeywords.uploadFile(WebUiBuiltInKeywords.groovy:4140)
	at Ubah Foto.run(Ubah Foto:55)
	at com.kms.katalon.core.main.ScriptEngine.run(ScriptEngine.java:194)
	at com.kms.katalon.core.main.ScriptEngine.runScriptAsRawText(ScriptEngine.java:119)
	at com.kms.katalon.core.main.TestCaseExecutor.runScript(TestCaseExecutor.java:448)
	at com.kms.katalon.core.main.TestCaseExecutor.doExecute(TestCaseExecutor.java:439)
	at com.kms.katalon.core.main.TestCaseExecutor.processExecutionPhase(TestCaseExecutor.java:418)
	at com.kms.katalon.core.main.TestCaseExecutor.accessMainPhase(TestCaseExecutor.java:410)
	at com.kms.katalon.core.main.TestCaseExecutor.execute(TestCaseExecutor.java:285)
	at com.kms.katalon.core.main.TestCaseMain.runTestCase(TestCaseMain.java:133)
	at com.kms.katalon.core.keyword.builtin.CallTestCaseKeyword$_callTestCase_closure1.doCall(CallTestCaseKeyword.groovy:59)
	at com.kms.katalon.core.keyword.builtin.CallTestCaseKeyword$_callTestCase_closure1.call(CallTestCaseKeyword.groovy)
	at com.kms.katalon.core.keyword.internal.KeywordMain.runKeyword(KeywordMain.groovy:75)
	at com.kms.katalon.core.keyword.builtin.CallTestCaseKeyword.callTestCase(CallTestCaseKeyword.groovy:81)
	at com.kms.katalon.core.keyword.builtin.CallTestCaseKeyword.execute(CallTestCaseKeyword.groovy:44)
	at com.kms.katalon.core.keyword.internal.KeywordExecutor.executeKeywordForPlatform(KeywordExecutor.groovy:74)
	at com.kms.katalon.core.keyword.BuiltinKeywords.callTestCase(BuiltinKeywords.groovy:310)
	at java.base/jdk.internal.reflect.NativeMethodAccessorImpl.invoke0(Native Method)
	at java.base/jdk.internal.reflect.NativeMethodAccessorImpl.invoke(NativeMethodAccessorImpl.java:77)
	at java.base/jdk.internal.reflect.DelegatingMethodAccessorImpl.invoke(DelegatingMethodAccessorImpl.java:43)
	at Regresi Profile.run(Regresi Profile:25)
	at com.kms.katalon.core.main.ScriptEngine.run(ScriptEngine.java:194)
	at com.kms.katalon.core.main.ScriptEngine.runScriptAsRawText(ScriptEngine.java:119)
	at com.kms.katalon.core.main.TestCaseExecutor.runScript(TestCaseExecutor.java:448)
	at com.kms.katalon.core.main.TestCaseExecutor.doExecute(TestCaseExecutor.java:439)
	at com.kms.katalon.core.main.TestCaseExecutor.processExecutionPhase(TestCaseExecutor.java:418)
	at com.kms.katalon.core.main.TestCaseExecutor.accessMainPhase(TestCaseExecutor.java:410)
	at com.kms.katalon.core.main.TestCaseExecutor.execute(TestCaseExecutor.java:285)
	at com.kms.katalon.core.common.CommonExecutor.accessTestCaseMainPhase(CommonExecutor.java:65)
	at com.kms.katalon.core.main.TestSuiteExecutor.accessTestSuiteMainPhase(TestSuiteExecutor.java:161)
	at com.kms.katalon.core.main.TestSuiteExecutor.execute(TestSuiteExecutor.java:107)
	at com.kms.katalon.core.main.TestCaseMain.startTestSuite(TestCaseMain.java:176)
	at TempTestSuite1735801478058.run(TempTestSuite1735801478058.groovy:35)
	at java.base/jdk.internal.reflect.NativeMethodAccessorImpl.invoke0(Native Method)
	at java.base/jdk.internal.reflect.NativeMethodAccessorImpl.invoke(NativeMethodAccessorImpl.java:77)
	at java.base/jdk.internal.reflect.DelegatingMethodAccessorImpl.invoke(DelegatingMethodAccessorImpl.java:43)
Caused by: org.openqa.selenium.InvalidArgumentException: invalid argument: File not found : C:/Users/akmal/Downloads/admin.png
  (Session info: chrome=131.0.6778.205)
Build info: version: '4.22.0', revision: 'c5f3146703'
System info: os.name: 'Windows 11', os.arch: 'amd64', os.version: '10.0', java.version: '17.0.7'
Driver info: com.kms.katalon.selenium.driver.CChromeDriver
Command: [d9e7db01b41a204a5d4871739707f2f7, sendKeysToElement {value=[Ljava.lang.CharSequence;@70cac22a, id=f.DFC6F0253CDE07DD7114500AC0725DC2.d.CEEF17AFF59899046C7BA243EF173BFC.e.37}]
Capabilities {acceptInsecureCerts: false, browserName: chrome, browserVersion: 131.0.6778.205, chrome: {chromedriverVersion: 130.0.6723.58 (3a50e012e4c9..., userDataDir: C:\Users\henri\AppData\Loca...}, fedcm:accounts: true, goog:chromeOptions: {debuggerAddress: localhost:58877}, networkConnectionEnabled: false, pageLoadStrategy: normal, platformName: windows, proxy: Proxy(), se:cdp: ws://localhost:58877/devtoo..., se:cdpVersion: 131.0.6778.205, setWindowRect: true, strictFileInteractability: false, timeouts: {implicit: 0, pageLoad: 300000, script: 30000}, unhandledPromptBehavior: ignore, webSocketUrl: ws://localhost:26878/sessio..., webauthn:extension:credBlob: true, webauthn:extension:largeBlob: true, webauthn:extension:minPinLength: true, webauthn:extension:prf: true, webauthn:virtualAuthenticators: true}
Element: [[CChromeDriver: chrome on windows (d9e7db01b41a204a5d4871739707f2f7)] -> xpath: //input[@id='upload-upload-file-Foto Profil']
]
Session ID: d9e7db01b41a204a5d4871739707f2f7
	at java.base/jdk.internal.reflect.NativeConstructorAccessorImpl.newInstance0(Native Method)
	at java.base/jdk.internal.reflect.NativeConstructorAccessorImpl.newInstance(NativeConstructorAccessorImpl.java:77)
	at java.base/jdk.internal.reflect.DelegatingConstructorAccessorImpl.newInstance(DelegatingConstructorAccessorImpl.java:45)
	at org.openqa.selenium.remote.ErrorCodec.decode(ErrorCodec.java:167)
	at org.openqa.selenium.remote.codec.w3c.W3CHttpResponseCodec.decode(W3CHttpResponseCodec.java:138)
	at org.openqa.selenium.remote.codec.w3c.W3CHttpResponseCodec.decode(W3CHttpResponseCodec.java:50)
	at org.openqa.selenium.remote.HttpCommandExecutor.execute(HttpCommandExecutor.java:190)
	at org.openqa.selenium.remote.service.DriverCommandExecutor.invokeExecute(DriverCommandExecutor.java:216)
	at org.openqa.selenium.remote.service.DriverCommandExecutor.execute(DriverCommandExecutor.java:174)
	at org.openqa.selenium.remote.RemoteWebDriver.execute(RemoteWebDriver.java:518)
	at org.openqa.selenium.remote.RemoteWebElement.execute(RemoteWebElement.java:223)
	at org.openqa.selenium.remote.RemoteWebElement.sendKeys(RemoteWebElement.java:110)
	at java.base/jdk.internal.reflect.NativeMethodAccessorImpl.invoke0(Native Method)
	at java.base/jdk.internal.reflect.NativeMethodAccessorImpl.invoke(NativeMethodAccessorImpl.java:77)
	at java.base/jdk.internal.reflect.DelegatingMethodAccessorImpl.invoke(DelegatingMethodAccessorImpl.java:43)
	at org.openqa.selenium.support.decorators.WebDriverDecorator.call(WebDriverDecorator.java:249)
	at org.openqa.selenium.support.decorators.DefaultDecorated.call(DefaultDecorated.java:48)
	at org.openqa.selenium.support.decorators.WebDriverDecorator.lambda$createProxy$2(WebDriverDecorator.java:321)
	at net.bytebuddy.renamed.java.lang.Object$ByteBuddy$kGUNYFRV.sendKeys(Unknown Source)
	at com.kms.katalon.core.webui.keyword.builtin.UploadFileKeyword$_uploadFile_closure1.doCall(UploadFileKeyword.groovy:80)
	at com.kms.katalon.core.webui.keyword.builtin.UploadFileKeyword$_uploadFile_closure1.call(UploadFileKeyword.groovy)
	at com.kms.katalon.core.webui.keyword.internal.WebUIKeywordMain.runKeyword(WebUIKeywordMain.groovy:35)
	at com.kms.katalon.core.webui.keyword.builtin.UploadFileKeyword.uploadFile(UploadFileKeyword.groovy:87)
	at com.kms.katalon.core.webui.keyword.builtin.UploadFileKeyword.execute(UploadFileKeyword.groovy:68)
	at com.kms.katalon.core.keyword.internal.KeywordExecutor.executeKeywordForPlatform(KeywordExecutor.groovy:74)
	at com.kms.katalon.core.webui.keyword.WebUiBuiltInKeywords.uploadFile(WebUiBuiltInKeywords.groovy:4140)
	at Script1734333226064.run(Script1734333226064.groovy:55)
	at com.kms.katalon.core.main.ScriptEngine.run(ScriptEngine.java:194)
	at com.kms.katalon.core.main.ScriptEngine.runScriptAsRawText(ScriptEngine.java:119)
	at com.kms.katalon.core.main.TestCaseExecutor.runScript(TestCaseExecutor.java:448)
	at com.kms.katalon.core.main.TestCaseExecutor.doExecute(TestCaseExecutor.java:439)
	at com.kms.katalon.core.main.TestCaseExecutor.processExecutionPhase(TestCaseExecutor.java:418)
	at com.kms.katalon.core.main.TestCaseExecutor.accessMainPhase(TestCaseExecutor.java:410)
	at com.kms.katalon.core.main.TestCaseExecutor.execute(TestCaseExecutor.java:285)
	at com.kms.katalon.core.main.TestCaseMain.runTestCase(TestCaseMain.java:133)
	at com.kms.katalon.core.keyword.builtin.CallTestCaseKeyword$_callTestCase_closure1.doCall(CallTestCaseKeyword.groovy:59)
	at com.kms.katalon.core.keyword.builtin.CallTestCaseKeyword$_callTestCase_closure1.call(CallTestCaseKeyword.groovy)
	at com.kms.katalon.core.keyword.internal.KeywordMain.runKeyword(KeywordMain.groovy:75)
	at com.kms.katalon.core.keyword.builtin.CallTestCaseKeyword.callTestCase(CallTestCaseKeyword.groovy:81)
	at com.kms.katalon.core.keyword.builtin.CallTestCaseKeyword.execute(CallTestCaseKeyword.groovy:44)
	at com.kms.katalon.core.keyword.internal.KeywordExecutor.executeKeywordForPlatform(KeywordExecutor.groovy:74)
	at com.kms.katalon.core.keyword.BuiltinKeywords.callTestCase(BuiltinKeywords.groovy:310)
	at java.base/jdk.internal.reflect.NativeMethodAccessorImpl.invoke0(Native Method)
	at java.base/jdk.internal.reflect.NativeMethodAccessorImpl.invoke(NativeMethodAccessorImpl.java:77)
	at java.base/jdk.internal.reflect.DelegatingMethodAccessorImpl.invoke(DelegatingMethodAccessorImpl.java:43)
	at Script1735790912267.run(Script1735790912267.groovy:25)
	... 15 more
)

02-01-2025T14:06:11 - [MESSAGE][WARNING] - Unable to upload file 'C:/Users/akmal/Downloads/admin.png' to object 'Object Repository/Master Data/Admin Sekolah/Profile/Ubah Foto Profile/Unggah File' (Root cause: com.kms.katalon.core.exception.StepFailedException: Unable to upload file 'C:/Users/akmal/Downloads/admin.png' to object 'Object Repository/Master Data/Admin Sekolah/Profile/Ubah Foto Profile/Unggah File'
	at com.kms.katalon.core.webui.keyword.internal.WebUIKeywordMain.stepFailed(WebUIKeywordMain.groovy:117)
	at com.kms.katalon.core.webui.keyword.internal.WebUIKeywordMain.runKeyword(WebUIKeywordMain.groovy:43)
	at com.kms.katalon.core.webui.keyword.builtin.UploadFileKeyword.uploadFile(UploadFileKeyword.groovy:87)
	at com.kms.katalon.core.webui.keyword.builtin.UploadFileKeyword.execute(UploadFileKeyword.groovy:68)
	at com.kms.katalon.core.keyword.internal.KeywordExecutor.executeKeywordForPlatform(KeywordExecutor.groovy:74)
	at com.kms.katalon.core.webui.keyword.WebUiBuiltInKeywords.uploadFile(WebUiBuiltInKeywords.groovy:4140)
	at Ubah Foto.run(Ubah Foto:55)
	at com.kms.katalon.core.main.ScriptEngine.run(ScriptEngine.java:194)
	at com.kms.katalon.core.main.ScriptEngine.runScriptAsRawText(ScriptEngine.java:119)
	at com.kms.katalon.core.main.TestCaseExecutor.runScript(TestCaseExecutor.java:448)
	at com.kms.katalon.core.main.TestCaseExecutor.doExecute(TestCaseExecutor.java:439)
	at com.kms.katalon.core.main.TestCaseExecutor.processExecutionPhase(TestCaseExecutor.java:418)
	at com.kms.katalon.core.main.TestCaseExecutor.accessMainPhase(TestCaseExecutor.java:410)
	at com.kms.katalon.core.main.TestCaseExecutor.execute(TestCaseExecutor.java:285)
	at com.kms.katalon.core.main.TestCaseMain.runTestCase(TestCaseMain.java:133)
	at com.kms.katalon.core.keyword.builtin.CallTestCaseKeyword$_callTestCase_closure1.doCall(CallTestCaseKeyword.groovy:59)
	at com.kms.katalon.core.keyword.builtin.CallTestCaseKeyword$_callTestCase_closure1.call(CallTestCaseKeyword.groovy)
	at com.kms.katalon.core.keyword.internal.KeywordMain.runKeyword(KeywordMain.groovy:75)
	at com.kms.katalon.core.keyword.builtin.CallTestCaseKeyword.callTestCase(CallTestCaseKeyword.groovy:81)
	at com.kms.katalon.core.keyword.builtin.CallTestCaseKeyword.execute(CallTestCaseKeyword.groovy:44)
	at com.kms.katalon.core.keyword.internal.KeywordExecutor.executeKeywordForPlatform(KeywordExecutor.groovy:74)
	at com.kms.katalon.core.keyword.BuiltinKeywords.callTestCase(BuiltinKeywords.groovy:310)
	at java.base/jdk.internal.reflect.NativeMethodAccessorImpl.invoke0(Native Method)
	at java.base/jdk.internal.reflect.NativeMethodAccessorImpl.invoke(NativeMethodAccessorImpl.java:77)
	at java.base/jdk.internal.reflect.DelegatingMethodAccessorImpl.invoke(DelegatingMethodAccessorImpl.java:43)
	at Regresi Profile.run(Regresi Profile:25)
	at com.kms.katalon.core.main.ScriptEngine.run(ScriptEngine.java:194)
	at com.kms.katalon.core.main.ScriptEngine.runScriptAsRawText(ScriptEngine.java:119)
	at com.kms.katalon.core.main.TestCaseExecutor.runScript(TestCaseExecutor.java:448)
	at com.kms.katalon.core.main.TestCaseExecutor.doExecute(TestCaseExecutor.java:439)
	at com.kms.katalon.core.main.TestCaseExecutor.processExecutionPhase(TestCaseExecutor.java:418)
	at com.kms.katalon.core.main.TestCaseExecutor.accessMainPhase(TestCaseExecutor.java:410)
	at com.kms.katalon.core.main.TestCaseExecutor.execute(TestCaseExecutor.java:285)
	at com.kms.katalon.core.common.CommonExecutor.accessTestCaseMainPhase(CommonExecutor.java:65)
	at com.kms.katalon.core.main.TestSuiteExecutor.accessTestSuiteMainPhase(TestSuiteExecutor.java:161)
	at com.kms.katalon.core.main.TestSuiteExecutor.execute(TestSuiteExecutor.java:107)
	at com.kms.katalon.core.main.TestCaseMain.startTestSuite(TestCaseMain.java:176)
	at TempTestSuite1735801478058.run(TempTestSuite1735801478058.groovy:35)
	at java.base/jdk.internal.reflect.NativeMethodAccessorImpl.invoke0(Native Method)
	at java.base/jdk.internal.reflect.NativeMethodAccessorImpl.invoke(NativeMethodAccessorImpl.java:77)
	at java.base/jdk.internal.reflect.DelegatingMethodAccessorImpl.invoke(DelegatingMethodAccessorImpl.java:43)
Caused by: org.openqa.selenium.InvalidArgumentException: invalid argument: File not found : C:/Users/akmal/Downloads/admin.png
  (Session info: chrome=131.0.6778.205)
Build info: version: '4.22.0', revision: 'c5f3146703'
System info: os.name: 'Windows 11', os.arch: 'amd64', os.version: '10.0', java.version: '17.0.7'
Driver info: com.kms.katalon.selenium.driver.CChromeDriver
Command: [d9e7db01b41a204a5d4871739707f2f7, sendKeysToElement {value=[Ljava.lang.CharSequence;@70cac22a, id=f.DFC6F0253CDE07DD7114500AC0725DC2.d.CEEF17AFF59899046C7BA243EF173BFC.e.37}]
Capabilities {acceptInsecureCerts: false, browserName: chrome, browserVersion: 131.0.6778.205, chrome: {chromedriverVersion: 130.0.6723.58 (3a50e012e4c9..., userDataDir: C:\Users\henri\AppData\Loca...}, fedcm:accounts: true, goog:chromeOptions: {debuggerAddress: localhost:58877}, networkConnectionEnabled: false, pageLoadStrategy: normal, platformName: windows, proxy: Proxy(), se:cdp: ws://localhost:58877/devtoo..., se:cdpVersion: 131.0.6778.205, setWindowRect: true, strictFileInteractability: false, timeouts: {implicit: 0, pageLoad: 300000, script: 30000}, unhandledPromptBehavior: ignore, webSocketUrl: ws://localhost:26878/sessio..., webauthn:extension:credBlob: true, webauthn:extension:largeBlob: true, webauthn:extension:minPinLength: true, webauthn:extension:prf: true, webauthn:virtualAuthenticators: true}
Element: [[CChromeDriver: chrome on windows (d9e7db01b41a204a5d4871739707f2f7)] -> xpath: //input[@id='upload-upload-file-Foto Profil']
]
Session ID: d9e7db01b41a204a5d4871739707f2f7
	at java.base/jdk.internal.reflect.NativeConstructorAccessorImpl.newInstance0(Native Method)
	at java.base/jdk.internal.reflect.NativeConstructorAccessorImpl.newInstance(NativeConstructorAccessorImpl.java:77)
	at java.base/jdk.internal.reflect.DelegatingConstructorAccessorImpl.newInstance(DelegatingConstructorAccessorImpl.java:45)
	at org.openqa.selenium.remote.ErrorCodec.decode(ErrorCodec.java:167)
	at org.openqa.selenium.remote.codec.w3c.W3CHttpResponseCodec.decode(W3CHttpResponseCodec.java:138)
	at org.openqa.selenium.remote.codec.w3c.W3CHttpResponseCodec.decode(W3CHttpResponseCodec.java:50)
	at org.openqa.selenium.remote.HttpCommandExecutor.execute(HttpCommandExecutor.java:190)
	at org.openqa.selenium.remote.service.DriverCommandExecutor.invokeExecute(DriverCommandExecutor.java:216)
	at org.openqa.selenium.remote.service.DriverCommandExecutor.execute(DriverCommandExecutor.java:174)
	at org.openqa.selenium.remote.RemoteWebDriver.execute(RemoteWebDriver.java:518)
	at org.openqa.selenium.remote.RemoteWebElement.execute(RemoteWebElement.java:223)
	at org.openqa.selenium.remote.RemoteWebElement.sendKeys(RemoteWebElement.java:110)
	at java.base/jdk.internal.reflect.NativeMethodAccessorImpl.invoke0(Native Method)
	at java.base/jdk.internal.reflect.NativeMethodAccessorImpl.invoke(NativeMethodAccessorImpl.java:77)
	at java.base/jdk.internal.reflect.DelegatingMethodAccessorImpl.invoke(DelegatingMethodAccessorImpl.java:43)
	at org.openqa.selenium.support.decorators.WebDriverDecorator.call(WebDriverDecorator.java:249)
	at org.openqa.selenium.support.decorators.DefaultDecorated.call(DefaultDecorated.java:48)
	at org.openqa.selenium.support.decorators.WebDriverDecorator.lambda$createProxy$2(WebDriverDecorator.java:321)
	at net.bytebuddy.renamed.java.lang.Object$ByteBuddy$kGUNYFRV.sendKeys(Unknown Source)
	at com.kms.katalon.core.webui.keyword.builtin.UploadFileKeyword$_uploadFile_closure1.doCall(UploadFileKeyword.groovy:80)
	at com.kms.katalon.core.webui.keyword.builtin.UploadFileKeyword$_uploadFile_closure1.call(UploadFileKeyword.groovy)
	at com.kms.katalon.core.webui.keyword.internal.WebUIKeywordMain.runKeyword(WebUIKeywordMain.groovy:35)
	at com.kms.katalon.core.webui.keyword.builtin.UploadFileKeyword.uploadFile(UploadFileKeyword.groovy:87)
	at com.kms.katalon.core.webui.keyword.builtin.UploadFileKeyword.execute(UploadFileKeyword.groovy:68)
	at com.kms.katalon.core.keyword.internal.KeywordExecutor.executeKeywordForPlatform(KeywordExecutor.groovy:74)
	at com.kms.katalon.core.webui.keyword.WebUiBuiltInKeywords.uploadFile(WebUiBuiltInKeywords.groovy:4140)
	at Script1734333226064.run(Script1734333226064.groovy:55)
	at com.kms.katalon.core.main.ScriptEngine.run(ScriptEngine.java:194)
	at com.kms.katalon.core.main.ScriptEngine.runScriptAsRawText(ScriptEngine.java:119)
	at com.kms.katalon.core.main.TestCaseExecutor.runScript(TestCaseExecutor.java:448)
	at com.kms.katalon.core.main.TestCaseExecutor.doExecute(TestCaseExecutor.java:439)
	at com.kms.katalon.core.main.TestCaseExecutor.processExecutionPhase(TestCaseExecutor.java:418)
	at com.kms.katalon.core.main.TestCaseExecutor.accessMainPhase(TestCaseExecutor.java:410)
	at com.kms.katalon.core.main.TestCaseExecutor.execute(TestCaseExecutor.java:285)
	at com.kms.katalon.core.main.TestCaseMain.runTestCase(TestCaseMain.java:133)
	at com.kms.katalon.core.keyword.builtin.CallTestCaseKeyword$_callTestCase_closure1.doCall(CallTestCaseKeyword.groovy:59)
	at com.kms.katalon.core.keyword.builtin.CallTestCaseKeyword$_callTestCase_closure1.call(CallTestCaseKeyword.groovy)
	at com.kms.katalon.core.keyword.internal.KeywordMain.runKeyword(KeywordMain.groovy:75)
	at com.kms.katalon.core.keyword.builtin.CallTestCaseKeyword.callTestCase(CallTestCaseKeyword.groovy:81)
	at com.kms.katalon.core.keyword.builtin.CallTestCaseKeyword.execute(CallTestCaseKeyword.groovy:44)
	at com.kms.katalon.core.keyword.internal.KeywordExecutor.executeKeywordForPlatform(KeywordExecutor.groovy:74)
	at com.kms.katalon.core.keyword.BuiltinKeywords.callTestCase(BuiltinKeywords.groovy:310)
	at java.base/jdk.internal.reflect.NativeMethodAccessorImpl.invoke0(Native Method)
	at java.base/jdk.internal.reflect.NativeMethodAccessorImpl.invoke(NativeMethodAccessorImpl.java:77)
	at java.base/jdk.internal.reflect.DelegatingMethodAccessorImpl.invoke(DelegatingMethodAccessorImpl.java:43)
	at Script1735790912267.run(Script1735790912267.groovy:25)
	... 15 more
)
[[ATTACHMENT|C:\\Users\\henri\\Videos\\school-payment-automation-testing\\Reports\\20250102_140438\\SPRINT 3\\20250102_140438\\1735801570919.png]]

02-01-2025T14:06:11 - [TEST_STEP][PASSED] - click(findTestObject("Master Data/Admin Sekolah/Profile/Ubah Foto Profile/Terapkan"), OPTIONAL): Object: 'Object Repository/Master Data/Admin Sekolah/Profile/Ubah Foto Profile/Terapkan' is clicked on

02-01-2025T14:06:11 - [MESSAGE][PASSED] - Object: 'Object Repository/Master Data/Admin Sekolah/Profile/Ubah Foto Profile/Terapkan' is clicked on

02-01-2025T14:06:11 - [TEST_STEP][PASSED] - delay(5, OPTIONAL): Delayed 5 second(s)

02-01-2025T14:06:16 - [MESSAGE][PASSED] - Delayed 5 second(s)

02-01-2025T14:06:16 - [TEST_STEP][PASSED] - closeBrowser(OPTIONAL): Browser is closed

02-01-2025T14:06:16 - [MESSAGE][PASSED] - Browser is closed

02-01-2025T14:06:16 - [MESSAGE][PASSED] - Call Test Case 'Test Cases/Master Data/Admin Sekolah/Profile/Upload Photo Profile/Ubah Foto' successfully

02-01-2025T14:06:16 - [TEST_STEP][PASSED] - println("============================= Loop Again ==============================="): null

02-01-2025T14:06:16 - [TEST_STEP][PASSED] - callTestCase(findTestCase("Test Cases/Master Data/Admin Sekolah/Profile/Ubah Password/Ubah Password"), [:], CONTINUE_ON_FAILURE): Call Test Case 'Test Cases/Master Data/Admin Sekolah/Profile/Ubah Password/Ubah Password' successfully

02-01-2025T14:06:16 - [TEST_CASE][PASSED] - Test Cases/Master Data/Admin Sekolah/Profile/Ubah Password/Ubah Password: Test Cases/Master Data/Admin Sekolah/Profile/Ubah Password/Ubah Password

02-01-2025T14:06:16 - [TEST_STEP][PASSED] - openBrowser(""): Browser is opened with url: ''

02-01-2025T14:06:16 - [MESSAGE][INFO] - Starting 'Chrome' driver

02-01-2025T14:06:16 - [MESSAGE][INFO] - Action delay is set to 0 milliseconds

02-01-2025T14:06:17 - [MESSAGE][PASSED] - Browser is opened with url: ''

02-01-2025T14:06:17 - [TEST_STEP][PASSED] - navigateToUrl("https://school-payment.digiform.co.id/login"): Navigate to 'https://school-payment.digiform.co.id/login' successfully

02-01-2025T14:06:17 - [MESSAGE][PASSED] - Navigate to 'https://school-payment.digiform.co.id/login' successfully

02-01-2025T14:06:17 - [TEST_STEP][PASSED] - click(findTestObject("Master Data/Admin Sekolah/Login/Field Email")): Object: 'Object Repository/Master Data/Admin Sekolah/Login/Field Email' is clicked on

02-01-2025T14:06:19 - [MESSAGE][PASSED] - Object: 'Object Repository/Master Data/Admin Sekolah/Login/Field Email' is clicked on

02-01-2025T14:06:19 - [TEST_STEP][PASSED] - setText(findTestObject("Master Data/Admin Sekolah/Login/Field Email"), "admin.gudangsolusi@digiform.co.id"): Text 'admin.gudangsolusi@digiform.co.id' is set on object 'Object Repository/Master Data/Admin Sekolah/Login/Field Email'

02-01-2025T14:06:19 - [MESSAGE][PASSED] - Text 'admin.gudangsolusi@digiform.co.id' is set on object 'Object Repository/Master Data/Admin Sekolah/Login/Field Email'

02-01-2025T14:06:19 - [TEST_STEP][PASSED] - click(findTestObject("Master Data/Admin Sekolah/Login/Input Password")): Object: 'Object Repository/Master Data/Admin Sekolah/Login/Input Password' is clicked on

02-01-2025T14:06:19 - [MESSAGE][PASSED] - Object: 'Object Repository/Master Data/Admin Sekolah/Login/Input Password' is clicked on

02-01-2025T14:06:19 - [TEST_STEP][PASSED] - setText(findTestObject("Master Data/Admin Sekolah/Login/Input Password"), "Test1234"): Text 'Test1234' is set on object 'Object Repository/Master Data/Admin Sekolah/Login/Input Password'

02-01-2025T14:06:20 - [MESSAGE][PASSED] - Text 'Test1234' is set on object 'Object Repository/Master Data/Admin Sekolah/Login/Input Password'

02-01-2025T14:06:20 - [TEST_STEP][PASSED] - click(findTestObject("Master Data/Admin Sekolah/Login/Button Submit")): Object: 'Object Repository/Master Data/Admin Sekolah/Login/Button Submit' is clicked on

02-01-2025T14:06:20 - [MESSAGE][PASSED] - Object: 'Object Repository/Master Data/Admin Sekolah/Login/Button Submit' is clicked on

02-01-2025T14:06:20 - [TEST_STEP][PASSED] - delay(1): Delayed 1 second(s)

02-01-2025T14:06:21 - [MESSAGE][PASSED] - Delayed 1 second(s)

02-01-2025T14:06:21 - [TEST_STEP][PASSED] - delay(2): Delayed 2 second(s)

02-01-2025T14:06:23 - [MESSAGE][PASSED] - Delayed 2 second(s)

02-01-2025T14:06:23 - [TEST_STEP][PASSED] - click(findTestObject("Master Data/Admin Sekolah/Profile/Klik Profile")): Object: 'Object Repository/Master Data/Admin Sekolah/Profile/Klik Profile' is clicked on

02-01-2025T14:06:41 - [MESSAGE][PASSED] - Object: 'Object Repository/Master Data/Admin Sekolah/Profile/Klik Profile' is clicked on

02-01-2025T14:06:41 - [TEST_STEP][PASSED] - delay(1): Delayed 1 second(s)

02-01-2025T14:06:42 - [MESSAGE][PASSED] - Delayed 1 second(s)

02-01-2025T14:06:42 - [TEST_STEP][PASSED] - click(findTestObject("Master Data/Admin Sekolah/Profile/Ubah Password/Klik Ubah Password")): Object: 'Object Repository/Master Data/Admin Sekolah/Profile/Ubah Password/Klik Ubah Password' is clicked on

02-01-2025T14:06:43 - [MESSAGE][PASSED] - Object: 'Object Repository/Master Data/Admin Sekolah/Profile/Ubah Password/Klik Ubah Password' is clicked on

02-01-2025T14:06:43 - [TEST_STEP][PASSED] - delay(1): Delayed 1 second(s)

02-01-2025T14:06:44 - [MESSAGE][PASSED] - Delayed 1 second(s)

02-01-2025T14:06:44 - [TEST_STEP][PASSED] - click(findTestObject("Master Data/Admin Sekolah/Profile/Ubah Password/Klik Password Lama")): Object: 'Object Repository/Master Data/Admin Sekolah/Profile/Ubah Password/Klik Password Lama' is clicked on

02-01-2025T14:06:44 - [MESSAGE][PASSED] - Object: 'Object Repository/Master Data/Admin Sekolah/Profile/Ubah Password/Klik Password Lama' is clicked on

02-01-2025T14:06:44 - [TEST_STEP][PASSED] - delay(2): Delayed 2 second(s)

02-01-2025T14:06:46 - [MESSAGE][PASSED] - Delayed 2 second(s)

02-01-2025T14:06:46 - [TEST_STEP][PASSED] - setText(findTestObject("Master Data/Admin Sekolah/Profile/Ubah Password/Klik Password Lama"), "Test1234"): Text 'Test1234' is set on object 'Object Repository/Master Data/Admin Sekolah/Profile/Ubah Password/Klik Password Lama'

02-01-2025T14:06:46 - [MESSAGE][PASSED] - Text 'Test1234' is set on object 'Object Repository/Master Data/Admin Sekolah/Profile/Ubah Password/Klik Password Lama'

02-01-2025T14:06:46 - [TEST_STEP][PASSED] - delay(1): Delayed 1 second(s)

02-01-2025T14:06:47 - [MESSAGE][PASSED] - Delayed 1 second(s)

02-01-2025T14:06:47 - [TEST_STEP][PASSED] - click(findTestObject("Master Data/Admin Sekolah/Profile/Ubah Password/Klik Password Baru")): Object: 'Object Repository/Master Data/Admin Sekolah/Profile/Ubah Password/Klik Password Baru' is clicked on

02-01-2025T14:06:48 - [MESSAGE][PASSED] - Object: 'Object Repository/Master Data/Admin Sekolah/Profile/Ubah Password/Klik Password Baru' is clicked on

02-01-2025T14:06:48 - [TEST_STEP][PASSED] - setText(findTestObject("Master Data/Admin Sekolah/Profile/Ubah Password/Klik Password Baru"), "Test12345"): Text 'Test12345' is set on object 'Object Repository/Master Data/Admin Sekolah/Profile/Ubah Password/Klik Password Baru'

02-01-2025T14:06:48 - [MESSAGE][PASSED] - Text 'Test12345' is set on object 'Object Repository/Master Data/Admin Sekolah/Profile/Ubah Password/Klik Password Baru'

02-01-2025T14:06:48 - [TEST_STEP][PASSED] - delay(1): Delayed 1 second(s)

02-01-2025T14:06:49 - [MESSAGE][PASSED] - Delayed 1 second(s)

02-01-2025T14:06:49 - [TEST_STEP][PASSED] - click(findTestObject("Master Data/Admin Sekolah/Profile/Ubah Password/Ulangi Password Baru")): Object: 'Object Repository/Master Data/Admin Sekolah/Profile/Ubah Password/Ulangi Password Baru' is clicked on

02-01-2025T14:06:49 - [MESSAGE][PASSED] - Object: 'Object Repository/Master Data/Admin Sekolah/Profile/Ubah Password/Ulangi Password Baru' is clicked on

02-01-2025T14:06:49 - [TEST_STEP][PASSED] - setText(findTestObject("Master Data/Admin Sekolah/Profile/Ubah Password/Ulangi Password Baru"), "Test12345"): Text 'Test12345' is set on object 'Object Repository/Master Data/Admin Sekolah/Profile/Ubah Password/Ulangi Password Baru'

02-01-2025T14:06:50 - [MESSAGE][PASSED] - Text 'Test12345' is set on object 'Object Repository/Master Data/Admin Sekolah/Profile/Ubah Password/Ulangi Password Baru'

02-01-2025T14:06:50 - [TEST_STEP][PASSED] - delay(1): Delayed 1 second(s)

02-01-2025T14:06:51 - [MESSAGE][PASSED] - Delayed 1 second(s)

02-01-2025T14:06:51 - [TEST_STEP][PASSED] - click(findTestObject("Master Data/Admin Sekolah/Profile/Ubah Password/Tombol X")): Object: 'Object Repository/Master Data/Admin Sekolah/Profile/Ubah Password/Tombol X' is clicked on

02-01-2025T14:06:51 - [MESSAGE][PASSED] - Object: 'Object Repository/Master Data/Admin Sekolah/Profile/Ubah Password/Tombol X' is clicked on

02-01-2025T14:06:51 - [MESSAGE][PASSED] - Call Test Case 'Test Cases/Master Data/Admin Sekolah/Profile/Ubah Password/Ubah Password' successfully

02-01-2025T14:06:51 - [TEST_STEP][PASSED] - callTestCase(findTestCase("Test Cases/Master Data/Admin Sekolah/Profile/Upload Photo Profile/Ubah Foto"), [:], CONTINUE_ON_FAILURE): Call Test Case 'Test Cases/Master Data/Admin Sekolah/Profile/Upload Photo Profile/Ubah Foto' successfully

02-01-2025T14:06:51 - [TEST_CASE][PASSED] - Test Cases/Master Data/Admin Sekolah/Profile/Upload Photo Profile/Ubah Foto: Test Cases/Master Data/Admin Sekolah/Profile/Upload Photo Profile/Ubah Foto

02-01-2025T14:06:51 - [TEST_STEP][PASSED] - openBrowser("", OPTIONAL): Browser is opened with url: ''

02-01-2025T14:06:51 - [MESSAGE][WARNING] - A browser is already opened. Closing browser and opening a new one

02-01-2025T14:06:51 - [MESSAGE][INFO] - Starting 'Chrome' driver

02-01-2025T14:06:51 - [MESSAGE][INFO] - Action delay is set to 0 milliseconds

02-01-2025T14:06:52 - [MESSAGE][PASSED] - Browser is opened with url: ''

02-01-2025T14:06:52 - [TEST_STEP][PASSED] - navigateToUrl("https://school-payment.digiform.co.id/login", OPTIONAL): Navigate to 'https://school-payment.digiform.co.id/login' successfully

02-01-2025T14:06:53 - [MESSAGE][PASSED] - Navigate to 'https://school-payment.digiform.co.id/login' successfully

02-01-2025T14:06:53 - [TEST_STEP][PASSED] - click(findTestObject("Master Data/Admin Sekolah/Login/Field Email"), OPTIONAL): Object: 'Object Repository/Master Data/Admin Sekolah/Login/Field Email' is clicked on

02-01-2025T14:06:54 - [MESSAGE][PASSED] - Object: 'Object Repository/Master Data/Admin Sekolah/Login/Field Email' is clicked on

02-01-2025T14:06:54 - [TEST_STEP][PASSED] - setText(findTestObject("Master Data/Admin Sekolah/Login/Field Email"), "admin.gudangsolusi@digiform.co.id", OPTIONAL): Text 'admin.gudangsolusi@digiform.co.id' is set on object 'Object Repository/Master Data/Admin Sekolah/Login/Field Email'

02-01-2025T14:06:55 - [MESSAGE][PASSED] - Text 'admin.gudangsolusi@digiform.co.id' is set on object 'Object Repository/Master Data/Admin Sekolah/Login/Field Email'

02-01-2025T14:06:55 - [TEST_STEP][PASSED] - click(findTestObject("Master Data/Admin Sekolah/Login/Input Password"), OPTIONAL): Object: 'Object Repository/Master Data/Admin Sekolah/Login/Input Password' is clicked on

02-01-2025T14:06:55 - [MESSAGE][PASSED] - Object: 'Object Repository/Master Data/Admin Sekolah/Login/Input Password' is clicked on

02-01-2025T14:06:55 - [TEST_STEP][PASSED] - setText(findTestObject("Master Data/Admin Sekolah/Login/Input Password"), "Test1234", OPTIONAL): Text 'Test1234' is set on object 'Object Repository/Master Data/Admin Sekolah/Login/Input Password'

02-01-2025T14:06:55 - [MESSAGE][PASSED] - Text 'Test1234' is set on object 'Object Repository/Master Data/Admin Sekolah/Login/Input Password'

02-01-2025T14:06:55 - [TEST_STEP][PASSED] - click(findTestObject("Master Data/Admin Sekolah/Login/Button Submit"), OPTIONAL): Object: 'Object Repository/Master Data/Admin Sekolah/Login/Button Submit' is clicked on

02-01-2025T14:06:56 - [MESSAGE][PASSED] - Object: 'Object Repository/Master Data/Admin Sekolah/Login/Button Submit' is clicked on

02-01-2025T14:06:56 - [TEST_STEP][PASSED] - delay(1, OPTIONAL): Delayed 1 second(s)

02-01-2025T14:06:57 - [MESSAGE][PASSED] - Delayed 1 second(s)

02-01-2025T14:06:57 - [TEST_STEP][PASSED] - delay(2, OPTIONAL): Delayed 2 second(s)

02-01-2025T14:06:59 - [MESSAGE][PASSED] - Delayed 2 second(s)

02-01-2025T14:06:59 - [TEST_STEP][PASSED] - click(findTestObject("Master Data/Admin Sekolah/Profile/Klik Profile"), OPTIONAL): Object: 'Object Repository/Master Data/Admin Sekolah/Profile/Klik Profile' is clicked on

02-01-2025T14:06:59 - [MESSAGE][PASSED] - Object: 'Object Repository/Master Data/Admin Sekolah/Profile/Klik Profile' is clicked on

02-01-2025T14:06:59 - [TEST_STEP][PASSED] - delay(1, OPTIONAL): Delayed 1 second(s)

02-01-2025T14:07:00 - [MESSAGE][PASSED] - Delayed 1 second(s)

02-01-2025T14:07:00 - [TEST_STEP][PASSED] - click(findTestObject("Master Data/Admin Sekolah/Profile/Ubah Foto Profile/Klik Menu Ubah Foto Profile"), OPTIONAL): Object: 'Object Repository/Master Data/Admin Sekolah/Profile/Ubah Foto Profile/Klik Menu Ubah Foto Profile' is clicked on

02-01-2025T14:07:00 - [MESSAGE][PASSED] - Object: 'Object Repository/Master Data/Admin Sekolah/Profile/Ubah Foto Profile/Klik Menu Ubah Foto Profile' is clicked on

02-01-2025T14:07:00 - [TEST_STEP][PASSED] - delay(1, OPTIONAL): Delayed 1 second(s)

02-01-2025T14:07:01 - [MESSAGE][PASSED] - Delayed 1 second(s)

02-01-2025T14:07:01 - [TEST_STEP][PASSED] - fotoFilePath = "C:/Users/akmal/Downloads/admin.png": null

02-01-2025T14:07:01 - [TEST_STEP][PASSED] - click(findTestObject("Master Data/Admin Sekolah/Profile/Ubah Foto Profile/Klik Unggah File"), OPTIONAL): Object: 'Object Repository/Master Data/Admin Sekolah/Profile/Ubah Foto Profile/Klik Unggah File' is clicked on

02-01-2025T14:07:02 - [MESSAGE][PASSED] - Object: 'Object Repository/Master Data/Admin Sekolah/Profile/Ubah Foto Profile/Klik Unggah File' is clicked on

02-01-2025T14:07:02 - [TEST_STEP][PASSED] - delay(2, OPTIONAL): Delayed 2 second(s)

02-01-2025T14:07:04 - [MESSAGE][PASSED] - Delayed 2 second(s)

02-01-2025T14:07:04 - [TEST_STEP][PASSED] - uploadFile(findTestObject("Master Data/Admin Sekolah/Profile/Ubah Foto Profile/Unggah File"), fotoFilePath, OPTIONAL): Unable to upload file 'C:/Users/akmal/Downloads/admin.png' to object 'Object Repository/Master Data/Admin Sekolah/Profile/Ubah Foto Profile/Unggah File' (Root cause: com.kms.katalon.core.exception.StepFailedException: Unable to upload file 'C:/Users/akmal/Downloads/admin.png' to object 'Object Repository/Master Data/Admin Sekolah/Profile/Ubah Foto Profile/Unggah File'
	at com.kms.katalon.core.webui.keyword.internal.WebUIKeywordMain.stepFailed(WebUIKeywordMain.groovy:117)
	at com.kms.katalon.core.webui.keyword.internal.WebUIKeywordMain.runKeyword(WebUIKeywordMain.groovy:43)
	at com.kms.katalon.core.webui.keyword.builtin.UploadFileKeyword.uploadFile(UploadFileKeyword.groovy:87)
	at com.kms.katalon.core.webui.keyword.builtin.UploadFileKeyword.execute(UploadFileKeyword.groovy:68)
	at com.kms.katalon.core.keyword.internal.KeywordExecutor.executeKeywordForPlatform(KeywordExecutor.groovy:74)
	at com.kms.katalon.core.webui.keyword.WebUiBuiltInKeywords.uploadFile(WebUiBuiltInKeywords.groovy:4140)
	at Ubah Foto.run(Ubah Foto:55)
	at com.kms.katalon.core.main.ScriptEngine.run(ScriptEngine.java:194)
	at com.kms.katalon.core.main.ScriptEngine.runScriptAsRawText(ScriptEngine.java:119)
	at com.kms.katalon.core.main.TestCaseExecutor.runScript(TestCaseExecutor.java:448)
	at com.kms.katalon.core.main.TestCaseExecutor.doExecute(TestCaseExecutor.java:439)
	at com.kms.katalon.core.main.TestCaseExecutor.processExecutionPhase(TestCaseExecutor.java:418)
	at com.kms.katalon.core.main.TestCaseExecutor.accessMainPhase(TestCaseExecutor.java:410)
	at com.kms.katalon.core.main.TestCaseExecutor.execute(TestCaseExecutor.java:285)
	at com.kms.katalon.core.main.TestCaseMain.runTestCase(TestCaseMain.java:133)
	at com.kms.katalon.core.keyword.builtin.CallTestCaseKeyword$_callTestCase_closure1.doCall(CallTestCaseKeyword.groovy:59)
	at com.kms.katalon.core.keyword.builtin.CallTestCaseKeyword$_callTestCase_closure1.call(CallTestCaseKeyword.groovy)
	at com.kms.katalon.core.keyword.internal.KeywordMain.runKeyword(KeywordMain.groovy:75)
	at com.kms.katalon.core.keyword.builtin.CallTestCaseKeyword.callTestCase(CallTestCaseKeyword.groovy:81)
	at com.kms.katalon.core.keyword.builtin.CallTestCaseKeyword.execute(CallTestCaseKeyword.groovy:44)
	at com.kms.katalon.core.keyword.internal.KeywordExecutor.executeKeywordForPlatform(KeywordExecutor.groovy:74)
	at com.kms.katalon.core.keyword.BuiltinKeywords.callTestCase(BuiltinKeywords.groovy:310)
	at java.base/jdk.internal.reflect.NativeMethodAccessorImpl.invoke0(Native Method)
	at java.base/jdk.internal.reflect.NativeMethodAccessorImpl.invoke(NativeMethodAccessorImpl.java:77)
	at java.base/jdk.internal.reflect.DelegatingMethodAccessorImpl.invoke(DelegatingMethodAccessorImpl.java:43)
	at Regresi Profile.run(Regresi Profile:25)
	at com.kms.katalon.core.main.ScriptEngine.run(ScriptEngine.java:194)
	at com.kms.katalon.core.main.ScriptEngine.runScriptAsRawText(ScriptEngine.java:119)
	at com.kms.katalon.core.main.TestCaseExecutor.runScript(TestCaseExecutor.java:448)
	at com.kms.katalon.core.main.TestCaseExecutor.doExecute(TestCaseExecutor.java:439)
	at com.kms.katalon.core.main.TestCaseExecutor.processExecutionPhase(TestCaseExecutor.java:418)
	at com.kms.katalon.core.main.TestCaseExecutor.accessMainPhase(TestCaseExecutor.java:410)
	at com.kms.katalon.core.main.TestCaseExecutor.execute(TestCaseExecutor.java:285)
	at com.kms.katalon.core.common.CommonExecutor.accessTestCaseMainPhase(CommonExecutor.java:65)
	at com.kms.katalon.core.main.TestSuiteExecutor.accessTestSuiteMainPhase(TestSuiteExecutor.java:161)
	at com.kms.katalon.core.main.TestSuiteExecutor.execute(TestSuiteExecutor.java:107)
	at com.kms.katalon.core.main.TestCaseMain.startTestSuite(TestCaseMain.java:176)
	at TempTestSuite1735801478058.run(TempTestSuite1735801478058.groovy:35)
	at java.base/jdk.internal.reflect.NativeMethodAccessorImpl.invoke0(Native Method)
	at java.base/jdk.internal.reflect.NativeMethodAccessorImpl.invoke(NativeMethodAccessorImpl.java:77)
	at java.base/jdk.internal.reflect.DelegatingMethodAccessorImpl.invoke(DelegatingMethodAccessorImpl.java:43)
Caused by: org.openqa.selenium.InvalidArgumentException: invalid argument: File not found : C:/Users/akmal/Downloads/admin.png
  (Session info: chrome=131.0.6778.205)
Build info: version: '4.22.0', revision: 'c5f3146703'
System info: os.name: 'Windows 11', os.arch: 'amd64', os.version: '10.0', java.version: '17.0.7'
Driver info: com.kms.katalon.selenium.driver.CChromeDriver
Command: [c437efab482edf6527cd1df2dcfb077e, sendKeysToElement {value=[Ljava.lang.CharSequence;@574413bd, id=f.2DAC8B857307AC511E464D0795CB9BAB.d.CC60C5B56D63F5E99176F3C4753D8C28.e.37}]
Capabilities {acceptInsecureCerts: false, browserName: chrome, browserVersion: 131.0.6778.205, chrome: {chromedriverVersion: 130.0.6723.58 (3a50e012e4c9..., userDataDir: C:\Users\henri\AppData\Loca...}, fedcm:accounts: true, goog:chromeOptions: {debuggerAddress: localhost:58955}, networkConnectionEnabled: false, pageLoadStrategy: normal, platformName: windows, proxy: Proxy(), se:cdp: ws://localhost:58955/devtoo..., se:cdpVersion: 131.0.6778.205, setWindowRect: true, strictFileInteractability: false, timeouts: {implicit: 0, pageLoad: 300000, script: 30000}, unhandledPromptBehavior: ignore, webSocketUrl: ws://localhost:1722/session..., webauthn:extension:credBlob: true, webauthn:extension:largeBlob: true, webauthn:extension:minPinLength: true, webauthn:extension:prf: true, webauthn:virtualAuthenticators: true}
Element: [[CChromeDriver: chrome on windows (c437efab482edf6527cd1df2dcfb077e)] -> xpath: //input[@id='upload-upload-file-Foto Profil']
]
Session ID: c437efab482edf6527cd1df2dcfb077e
	at java.base/jdk.internal.reflect.NativeConstructorAccessorImpl.newInstance0(Native Method)
	at java.base/jdk.internal.reflect.NativeConstructorAccessorImpl.newInstance(NativeConstructorAccessorImpl.java:77)
	at java.base/jdk.internal.reflect.DelegatingConstructorAccessorImpl.newInstance(DelegatingConstructorAccessorImpl.java:45)
	at org.openqa.selenium.remote.ErrorCodec.decode(ErrorCodec.java:167)
	at org.openqa.selenium.remote.codec.w3c.W3CHttpResponseCodec.decode(W3CHttpResponseCodec.java:138)
	at org.openqa.selenium.remote.codec.w3c.W3CHttpResponseCodec.decode(W3CHttpResponseCodec.java:50)
	at org.openqa.selenium.remote.HttpCommandExecutor.execute(HttpCommandExecutor.java:190)
	at org.openqa.selenium.remote.service.DriverCommandExecutor.invokeExecute(DriverCommandExecutor.java:216)
	at org.openqa.selenium.remote.service.DriverCommandExecutor.execute(DriverCommandExecutor.java:174)
	at org.openqa.selenium.remote.RemoteWebDriver.execute(RemoteWebDriver.java:518)
	at org.openqa.selenium.remote.RemoteWebElement.execute(RemoteWebElement.java:223)
	at org.openqa.selenium.remote.RemoteWebElement.sendKeys(RemoteWebElement.java:110)
	at jdk.internal.reflect.GeneratedMethodAccessor28.invoke(Unknown Source)
	at java.base/jdk.internal.reflect.DelegatingMethodAccessorImpl.invoke(DelegatingMethodAccessorImpl.java:43)
	at org.openqa.selenium.support.decorators.WebDriverDecorator.call(WebDriverDecorator.java:249)
	at org.openqa.selenium.support.decorators.DefaultDecorated.call(DefaultDecorated.java:48)
	at org.openqa.selenium.support.decorators.WebDriverDecorator.lambda$createProxy$2(WebDriverDecorator.java:321)
	at net.bytebuddy.renamed.java.lang.Object$ByteBuddy$z2UF4a6H.sendKeys(Unknown Source)
	at com.kms.katalon.core.webui.keyword.builtin.UploadFileKeyword$_uploadFile_closure1.doCall(UploadFileKeyword.groovy:80)
	at com.kms.katalon.core.webui.keyword.builtin.UploadFileKeyword$_uploadFile_closure1.call(UploadFileKeyword.groovy)
	at com.kms.katalon.core.webui.keyword.internal.WebUIKeywordMain.runKeyword(WebUIKeywordMain.groovy:35)
	at com.kms.katalon.core.webui.keyword.builtin.UploadFileKeyword.uploadFile(UploadFileKeyword.groovy:87)
	at com.kms.katalon.core.webui.keyword.builtin.UploadFileKeyword.execute(UploadFileKeyword.groovy:68)
	at com.kms.katalon.core.keyword.internal.KeywordExecutor.executeKeywordForPlatform(KeywordExecutor.groovy:74)
	at com.kms.katalon.core.webui.keyword.WebUiBuiltInKeywords.uploadFile(WebUiBuiltInKeywords.groovy:4140)
	at Script1734333226064.run(Script1734333226064.groovy:55)
	at com.kms.katalon.core.main.ScriptEngine.run(ScriptEngine.java:194)
	at com.kms.katalon.core.main.ScriptEngine.runScriptAsRawText(ScriptEngine.java:119)
	at com.kms.katalon.core.main.TestCaseExecutor.runScript(TestCaseExecutor.java:448)
	at com.kms.katalon.core.main.TestCaseExecutor.doExecute(TestCaseExecutor.java:439)
	at com.kms.katalon.core.main.TestCaseExecutor.processExecutionPhase(TestCaseExecutor.java:418)
	at com.kms.katalon.core.main.TestCaseExecutor.accessMainPhase(TestCaseExecutor.java:410)
	at com.kms.katalon.core.main.TestCaseExecutor.execute(TestCaseExecutor.java:285)
	at com.kms.katalon.core.main.TestCaseMain.runTestCase(TestCaseMain.java:133)
	at com.kms.katalon.core.keyword.builtin.CallTestCaseKeyword$_callTestCase_closure1.doCall(CallTestCaseKeyword.groovy:59)
	at com.kms.katalon.core.keyword.builtin.CallTestCaseKeyword$_callTestCase_closure1.call(CallTestCaseKeyword.groovy)
	at com.kms.katalon.core.keyword.internal.KeywordMain.runKeyword(KeywordMain.groovy:75)
	at com.kms.katalon.core.keyword.builtin.CallTestCaseKeyword.callTestCase(CallTestCaseKeyword.groovy:81)
	at com.kms.katalon.core.keyword.builtin.CallTestCaseKeyword.execute(CallTestCaseKeyword.groovy:44)
	at com.kms.katalon.core.keyword.internal.KeywordExecutor.executeKeywordForPlatform(KeywordExecutor.groovy:74)
	at com.kms.katalon.core.keyword.BuiltinKeywords.callTestCase(BuiltinKeywords.groovy:310)
	at java.base/jdk.internal.reflect.NativeMethodAccessorImpl.invoke0(Native Method)
	at java.base/jdk.internal.reflect.NativeMethodAccessorImpl.invoke(NativeMethodAccessorImpl.java:77)
	at java.base/jdk.internal.reflect.DelegatingMethodAccessorImpl.invoke(DelegatingMethodAccessorImpl.java:43)
	at Script1735790912267.run(Script1735790912267.groovy:25)
	... 15 more
)

02-01-2025T14:07:04 - [MESSAGE][WARNING] - Unable to upload file 'C:/Users/akmal/Downloads/admin.png' to object 'Object Repository/Master Data/Admin Sekolah/Profile/Ubah Foto Profile/Unggah File' (Root cause: com.kms.katalon.core.exception.StepFailedException: Unable to upload file 'C:/Users/akmal/Downloads/admin.png' to object 'Object Repository/Master Data/Admin Sekolah/Profile/Ubah Foto Profile/Unggah File'
	at com.kms.katalon.core.webui.keyword.internal.WebUIKeywordMain.stepFailed(WebUIKeywordMain.groovy:117)
	at com.kms.katalon.core.webui.keyword.internal.WebUIKeywordMain.runKeyword(WebUIKeywordMain.groovy:43)
	at com.kms.katalon.core.webui.keyword.builtin.UploadFileKeyword.uploadFile(UploadFileKeyword.groovy:87)
	at com.kms.katalon.core.webui.keyword.builtin.UploadFileKeyword.execute(UploadFileKeyword.groovy:68)
	at com.kms.katalon.core.keyword.internal.KeywordExecutor.executeKeywordForPlatform(KeywordExecutor.groovy:74)
	at com.kms.katalon.core.webui.keyword.WebUiBuiltInKeywords.uploadFile(WebUiBuiltInKeywords.groovy:4140)
	at Ubah Foto.run(Ubah Foto:55)
	at com.kms.katalon.core.main.ScriptEngine.run(ScriptEngine.java:194)
	at com.kms.katalon.core.main.ScriptEngine.runScriptAsRawText(ScriptEngine.java:119)
	at com.kms.katalon.core.main.TestCaseExecutor.runScript(TestCaseExecutor.java:448)
	at com.kms.katalon.core.main.TestCaseExecutor.doExecute(TestCaseExecutor.java:439)
	at com.kms.katalon.core.main.TestCaseExecutor.processExecutionPhase(TestCaseExecutor.java:418)
	at com.kms.katalon.core.main.TestCaseExecutor.accessMainPhase(TestCaseExecutor.java:410)
	at com.kms.katalon.core.main.TestCaseExecutor.execute(TestCaseExecutor.java:285)
	at com.kms.katalon.core.main.TestCaseMain.runTestCase(TestCaseMain.java:133)
	at com.kms.katalon.core.keyword.builtin.CallTestCaseKeyword$_callTestCase_closure1.doCall(CallTestCaseKeyword.groovy:59)
	at com.kms.katalon.core.keyword.builtin.CallTestCaseKeyword$_callTestCase_closure1.call(CallTestCaseKeyword.groovy)
	at com.kms.katalon.core.keyword.internal.KeywordMain.runKeyword(KeywordMain.groovy:75)
	at com.kms.katalon.core.keyword.builtin.CallTestCaseKeyword.callTestCase(CallTestCaseKeyword.groovy:81)
	at com.kms.katalon.core.keyword.builtin.CallTestCaseKeyword.execute(CallTestCaseKeyword.groovy:44)
	at com.kms.katalon.core.keyword.internal.KeywordExecutor.executeKeywordForPlatform(KeywordExecutor.groovy:74)
	at com.kms.katalon.core.keyword.BuiltinKeywords.callTestCase(BuiltinKeywords.groovy:310)
	at java.base/jdk.internal.reflect.NativeMethodAccessorImpl.invoke0(Native Method)
	at java.base/jdk.internal.reflect.NativeMethodAccessorImpl.invoke(NativeMethodAccessorImpl.java:77)
	at java.base/jdk.internal.reflect.DelegatingMethodAccessorImpl.invoke(DelegatingMethodAccessorImpl.java:43)
	at Regresi Profile.run(Regresi Profile:25)
	at com.kms.katalon.core.main.ScriptEngine.run(ScriptEngine.java:194)
	at com.kms.katalon.core.main.ScriptEngine.runScriptAsRawText(ScriptEngine.java:119)
	at com.kms.katalon.core.main.TestCaseExecutor.runScript(TestCaseExecutor.java:448)
	at com.kms.katalon.core.main.TestCaseExecutor.doExecute(TestCaseExecutor.java:439)
	at com.kms.katalon.core.main.TestCaseExecutor.processExecutionPhase(TestCaseExecutor.java:418)
	at com.kms.katalon.core.main.TestCaseExecutor.accessMainPhase(TestCaseExecutor.java:410)
	at com.kms.katalon.core.main.TestCaseExecutor.execute(TestCaseExecutor.java:285)
	at com.kms.katalon.core.common.CommonExecutor.accessTestCaseMainPhase(CommonExecutor.java:65)
	at com.kms.katalon.core.main.TestSuiteExecutor.accessTestSuiteMainPhase(TestSuiteExecutor.java:161)
	at com.kms.katalon.core.main.TestSuiteExecutor.execute(TestSuiteExecutor.java:107)
	at com.kms.katalon.core.main.TestCaseMain.startTestSuite(TestCaseMain.java:176)
	at TempTestSuite1735801478058.run(TempTestSuite1735801478058.groovy:35)
	at java.base/jdk.internal.reflect.NativeMethodAccessorImpl.invoke0(Native Method)
	at java.base/jdk.internal.reflect.NativeMethodAccessorImpl.invoke(NativeMethodAccessorImpl.java:77)
	at java.base/jdk.internal.reflect.DelegatingMethodAccessorImpl.invoke(DelegatingMethodAccessorImpl.java:43)
Caused by: org.openqa.selenium.InvalidArgumentException: invalid argument: File not found : C:/Users/akmal/Downloads/admin.png
  (Session info: chrome=131.0.6778.205)
Build info: version: '4.22.0', revision: 'c5f3146703'
System info: os.name: 'Windows 11', os.arch: 'amd64', os.version: '10.0', java.version: '17.0.7'
Driver info: com.kms.katalon.selenium.driver.CChromeDriver
Command: [c437efab482edf6527cd1df2dcfb077e, sendKeysToElement {value=[Ljava.lang.CharSequence;@574413bd, id=f.2DAC8B857307AC511E464D0795CB9BAB.d.CC60C5B56D63F5E99176F3C4753D8C28.e.37}]
Capabilities {acceptInsecureCerts: false, browserName: chrome, browserVersion: 131.0.6778.205, chrome: {chromedriverVersion: 130.0.6723.58 (3a50e012e4c9..., userDataDir: C:\Users\henri\AppData\Loca...}, fedcm:accounts: true, goog:chromeOptions: {debuggerAddress: localhost:58955}, networkConnectionEnabled: false, pageLoadStrategy: normal, platformName: windows, proxy: Proxy(), se:cdp: ws://localhost:58955/devtoo..., se:cdpVersion: 131.0.6778.205, setWindowRect: true, strictFileInteractability: false, timeouts: {implicit: 0, pageLoad: 300000, script: 30000}, unhandledPromptBehavior: ignore, webSocketUrl: ws://localhost:1722/session..., webauthn:extension:credBlob: true, webauthn:extension:largeBlob: true, webauthn:extension:minPinLength: true, webauthn:extension:prf: true, webauthn:virtualAuthenticators: true}
Element: [[CChromeDriver: chrome on windows (c437efab482edf6527cd1df2dcfb077e)] -> xpath: //input[@id='upload-upload-file-Foto Profil']
]
Session ID: c437efab482edf6527cd1df2dcfb077e
	at java.base/jdk.internal.reflect.NativeConstructorAccessorImpl.newInstance0(Native Method)
	at java.base/jdk.internal.reflect.NativeConstructorAccessorImpl.newInstance(NativeConstructorAccessorImpl.java:77)
	at java.base/jdk.internal.reflect.DelegatingConstructorAccessorImpl.newInstance(DelegatingConstructorAccessorImpl.java:45)
	at org.openqa.selenium.remote.ErrorCodec.decode(ErrorCodec.java:167)
	at org.openqa.selenium.remote.codec.w3c.W3CHttpResponseCodec.decode(W3CHttpResponseCodec.java:138)
	at org.openqa.selenium.remote.codec.w3c.W3CHttpResponseCodec.decode(W3CHttpResponseCodec.java:50)
	at org.openqa.selenium.remote.HttpCommandExecutor.execute(HttpCommandExecutor.java:190)
	at org.openqa.selenium.remote.service.DriverCommandExecutor.invokeExecute(DriverCommandExecutor.java:216)
	at org.openqa.selenium.remote.service.DriverCommandExecutor.execute(DriverCommandExecutor.java:174)
	at org.openqa.selenium.remote.RemoteWebDriver.execute(RemoteWebDriver.java:518)
	at org.openqa.selenium.remote.RemoteWebElement.execute(RemoteWebElement.java:223)
	at org.openqa.selenium.remote.RemoteWebElement.sendKeys(RemoteWebElement.java:110)
	at jdk.internal.reflect.GeneratedMethodAccessor28.invoke(Unknown Source)
	at java.base/jdk.internal.reflect.DelegatingMethodAccessorImpl.invoke(DelegatingMethodAccessorImpl.java:43)
	at org.openqa.selenium.support.decorators.WebDriverDecorator.call(WebDriverDecorator.java:249)
	at org.openqa.selenium.support.decorators.DefaultDecorated.call(DefaultDecorated.java:48)
	at org.openqa.selenium.support.decorators.WebDriverDecorator.lambda$createProxy$2(WebDriverDecorator.java:321)
	at net.bytebuddy.renamed.java.lang.Object$ByteBuddy$z2UF4a6H.sendKeys(Unknown Source)
	at com.kms.katalon.core.webui.keyword.builtin.UploadFileKeyword$_uploadFile_closure1.doCall(UploadFileKeyword.groovy:80)
	at com.kms.katalon.core.webui.keyword.builtin.UploadFileKeyword$_uploadFile_closure1.call(UploadFileKeyword.groovy)
	at com.kms.katalon.core.webui.keyword.internal.WebUIKeywordMain.runKeyword(WebUIKeywordMain.groovy:35)
	at com.kms.katalon.core.webui.keyword.builtin.UploadFileKeyword.uploadFile(UploadFileKeyword.groovy:87)
	at com.kms.katalon.core.webui.keyword.builtin.UploadFileKeyword.execute(UploadFileKeyword.groovy:68)
	at com.kms.katalon.core.keyword.internal.KeywordExecutor.executeKeywordForPlatform(KeywordExecutor.groovy:74)
	at com.kms.katalon.core.webui.keyword.WebUiBuiltInKeywords.uploadFile(WebUiBuiltInKeywords.groovy:4140)
	at Script1734333226064.run(Script1734333226064.groovy:55)
	at com.kms.katalon.core.main.ScriptEngine.run(ScriptEngine.java:194)
	at com.kms.katalon.core.main.ScriptEngine.runScriptAsRawText(ScriptEngine.java:119)
	at com.kms.katalon.core.main.TestCaseExecutor.runScript(TestCaseExecutor.java:448)
	at com.kms.katalon.core.main.TestCaseExecutor.doExecute(TestCaseExecutor.java:439)
	at com.kms.katalon.core.main.TestCaseExecutor.processExecutionPhase(TestCaseExecutor.java:418)
	at com.kms.katalon.core.main.TestCaseExecutor.accessMainPhase(TestCaseExecutor.java:410)
	at com.kms.katalon.core.main.TestCaseExecutor.execute(TestCaseExecutor.java:285)
	at com.kms.katalon.core.main.TestCaseMain.runTestCase(TestCaseMain.java:133)
	at com.kms.katalon.core.keyword.builtin.CallTestCaseKeyword$_callTestCase_closure1.doCall(CallTestCaseKeyword.groovy:59)
	at com.kms.katalon.core.keyword.builtin.CallTestCaseKeyword$_callTestCase_closure1.call(CallTestCaseKeyword.groovy)
	at com.kms.katalon.core.keyword.internal.KeywordMain.runKeyword(KeywordMain.groovy:75)
	at com.kms.katalon.core.keyword.builtin.CallTestCaseKeyword.callTestCase(CallTestCaseKeyword.groovy:81)
	at com.kms.katalon.core.keyword.builtin.CallTestCaseKeyword.execute(CallTestCaseKeyword.groovy:44)
	at com.kms.katalon.core.keyword.internal.KeywordExecutor.executeKeywordForPlatform(KeywordExecutor.groovy:74)
	at com.kms.katalon.core.keyword.BuiltinKeywords.callTestCase(BuiltinKeywords.groovy:310)
	at java.base/jdk.internal.reflect.NativeMethodAccessorImpl.invoke0(Native Method)
	at java.base/jdk.internal.reflect.NativeMethodAccessorImpl.invoke(NativeMethodAccessorImpl.java:77)
	at java.base/jdk.internal.reflect.DelegatingMethodAccessorImpl.invoke(DelegatingMethodAccessorImpl.java:43)
	at Script1735790912267.run(Script1735790912267.groovy:25)
	... 15 more
)
[[ATTACHMENT|C:\\Users\\henri\\Videos\\school-payment-automation-testing\\Reports\\20250102_140438\\SPRINT 3\\20250102_140438\\1735801624316.png]]

02-01-2025T14:07:04 - [TEST_STEP][PASSED] - click(findTestObject("Master Data/Admin Sekolah/Profile/Ubah Foto Profile/Terapkan"), OPTIONAL): Object: 'Object Repository/Master Data/Admin Sekolah/Profile/Ubah Foto Profile/Terapkan' is clicked on

02-01-2025T14:07:04 - [MESSAGE][PASSED] - Object: 'Object Repository/Master Data/Admin Sekolah/Profile/Ubah Foto Profile/Terapkan' is clicked on

02-01-2025T14:07:04 - [TEST_STEP][PASSED] - delay(5, OPTIONAL): Delayed 5 second(s)

02-01-2025T14:07:09 - [MESSAGE][PASSED] - Delayed 5 second(s)

02-01-2025T14:07:09 - [TEST_STEP][PASSED] - closeBrowser(OPTIONAL): Browser is closed

02-01-2025T14:07:09 - [MESSAGE][PASSED] - Browser is closed

02-01-2025T14:07:09 - [MESSAGE][PASSED] - Call Test Case 'Test Cases/Master Data/Admin Sekolah/Profile/Upload Photo Profile/Ubah Foto' successfully

02-01-2025T14:07:09 - [TEST_STEP][PASSED] - println("============================= Loop Again ==============================="): null]]></system-out>
         <system-err><![CDATA[]]></system-err>
      </testcase>
      <system-out><![CDATA[02-01-2025T14:04:44 - [TEST_SUITE][PASSED] - SPRINT 3: Test Cases/Regresi Feature/Sprint 3/Regresi Profile]]></system-out>
      <system-err><![CDATA[]]></system-err>
   </testsuite>
</testsuites>
