<?xml version="1.0" encoding="UTF-8"?>
<testsuites name="SPRINT 3" time="709.638" tests="8" failures="0" errors="0">
   <testsuite name="SPRINT 3" tests="8" failures="0" errors="0" time="709.638" skipped="0" timestamp="03-01-2025T19:19:04" hostname="henri - Henri" id="Test Suites/SPRINT 3">
      <properties>
         <property name="deviceName" value=""/>
         <property name="devicePlatform"/>
         <property name="logFolder" value="C:\\Users\\henri\\Videos\\school-payment-automation-testing\\Reports\\20250103_191857\\SPRINT 3\\20250103_191858"/>
         <property name="logFiles" value="C:\\Users\\henri\\Videos\\school-payment-automation-testing\\Reports\\20250103_191857\\SPRINT 3\\20250103_191858\\execution0.log"/>
         <property name="attachments" value="C:\\Users\\henri\\Videos\\school-payment-automation-testing\\Reports\\20250103_191857\\SPRINT 3\\20250103_191858\\1735907094037.png, C:\\Users\\henri\\Videos\\school-payment-automation-testing\\Reports\\20250103_191857\\SPRINT 3\\20250103_191858\\1735907186476.png, C:\\Users\\henri\\Videos\\school-payment-automation-testing\\Reports\\20250103_191857\\SPRINT 3\\20250103_191858\\1735907391402.png"/>
         <property name="hostName" value="henri - Henri"/>
         <property name="os" value="Windows 11 64bit"/>
         <property name="katalonVersion" value="10.0.0.223"/>
         <property name="browser" value="Chrome 131.0.0.0"/>
         <property name="hostAddress" value="192.168.1.12"/>
         <property name="sessionId" value="1a9c674d68b3f5f06f5be2a4df8f6196"/>
         <property name="seleniumVersion" value="4.22.0"/>
         <property name="proxyInformation" value="ProxyInformation { proxyOption=NO_PROXY, proxyServerType=HTTP, username=, password=********, proxyServerAddress=, proxyServerPort=0, executionList=&quot;&quot;, isApplyToDesiredCapabilities=true }"/>
         <property name="platform" value="Windows 11"/>
      </properties>
      <testcase name="Test Cases/Regresi Feature/Sprint 3/Regresi Beranda" time="57.426" classname="Test Cases/Regresi Feature/Sprint 3/Regresi Beranda" status="PASSED">
         <system-out><![CDATA[03-01-2025T19:19:04 - [TEST_CASE][PASSED] - Test Cases/Regresi Feature/Sprint 3/Regresi Beranda: Test Cases/Regresi Feature/Sprint 3/Regresi Beranda

03-01-2025T19:19:04 - [TEST_STEP][PASSED] - for ([i = 1, i <= maxLoop, (i++)]): null

03-01-2025T19:19:04 - [TEST_STEP][PASSED] - callTestCase(findTestCase("Test Cases/Beranda/Admin Sekolah/Beranda/Dashboard/Lihat selengkapnya pengumuman"), [:], CONTINUE_ON_FAILURE): Call Test Case 'Test Cases/Beranda/Admin Sekolah/Beranda/Dashboard/Lihat selengkapnya pengumuman' successfully

03-01-2025T19:19:05 - [TEST_CASE][PASSED] - Test Cases/Beranda/Admin Sekolah/Beranda/Dashboard/Lihat selengkapnya pengumuman: Test Cases/Beranda/Admin Sekolah/Beranda/Dashboard/Lihat selengkapnya pengumuman

03-01-2025T19:19:05 - [TEST_STEP][PASSED] - openBrowser(""): Browser is opened with url: ''

03-01-2025T19:19:05 - [MESSAGE][INFO] - Starting 'Chrome' driver

03-01-2025T19:19:05 - [MESSAGE][INFO] - Action delay is set to 0 milliseconds

03-01-2025T19:19:07 - [MESSAGE][PASSED] - Browser is opened with url: ''

03-01-2025T19:19:07 - [TEST_STEP][PASSED] - maximizeWindow(): Current window maximized

03-01-2025T19:19:07 - [MESSAGE][PASSED] - Current window maximized

03-01-2025T19:19:07 - [TEST_STEP][PASSED] - navigateToUrl("https://sit.siprusedu.com/login"): Navigate to 'https://sit.siprusedu.com/login' successfully

03-01-2025T19:19:07 - [MESSAGE][PASSED] - Navigate to 'https://sit.siprusedu.com/login' successfully

03-01-2025T19:19:07 - [TEST_STEP][PASSED] - setText(findTestObject("Object Repository/Master Data/Admin Sekolah/Login/Field Email"), "admin.sekolah@gmail.com"): Text 'admin.sekolah@gmail.com' is set on object 'Object Repository/Master Data/Admin Sekolah/Login/Field Email'

03-01-2025T19:19:09 - [MESSAGE][PASSED] - Text 'admin.sekolah@gmail.com' is set on object 'Object Repository/Master Data/Admin Sekolah/Login/Field Email'

03-01-2025T19:19:09 - [TEST_STEP][PASSED] - setText(findTestObject("Object Repository/Master Data/Admin Sekolah/Login/Input Password"), "Test1234"): Text 'Test1234' is set on object 'Object Repository/Master Data/Admin Sekolah/Login/Input Password'

03-01-2025T19:19:09 - [MESSAGE][PASSED] - Text 'Test1234' is set on object 'Object Repository/Master Data/Admin Sekolah/Login/Input Password'

03-01-2025T19:19:09 - [TEST_STEP][PASSED] - click(findTestObject("Object Repository/Master Data/Admin Sekolah/Login/Button Submit")): Object: 'Object Repository/Master Data/Admin Sekolah/Login/Button Submit' is clicked on

03-01-2025T19:19:10 - [MESSAGE][PASSED] - Object: 'Object Repository/Master Data/Admin Sekolah/Login/Button Submit' is clicked on

03-01-2025T19:19:10 - [TEST_STEP][PASSED] - waitForPageLoad(10): Wait for page load successfully

03-01-2025T19:19:10 - [MESSAGE][PASSED] - Wait for page load successfully

03-01-2025T19:19:10 - [TEST_STEP][PASSED] - waitForElementVisible(findTestObject("Beranda/Admin Sekolah/Beranda/Dashboard/Isi_Konten_Page/Lable_Pengumuman_section"), 2): Object 'Object Repository/Beranda/Admin Sekolah/Beranda/Dashboard/Isi_Konten_Page/Lable_Pengumuman_section' is visible

03-01-2025T19:19:11 - [MESSAGE][PASSED] - Object 'Object Repository/Beranda/Admin Sekolah/Beranda/Dashboard/Isi_Konten_Page/Lable_Pengumuman_section' is visible

03-01-2025T19:19:11 - [TEST_STEP][PASSED] - try: Tombol "Selengkapnya" berhasil diklik.

03-01-2025T19:19:11 - [TEST_STEP][PASSED] - click(findTestObject("Beranda/Admin Sekolah/Beranda/Dashboard/Button_Selengkapnya/button_Selengkapnya")): Object: 'Object Repository/Beranda/Admin Sekolah/Beranda/Dashboard/Button_Selengkapnya/button_Selengkapnya' is clicked on

03-01-2025T19:19:31 - [MESSAGE][PASSED] - Object: 'Object Repository/Beranda/Admin Sekolah/Beranda/Dashboard/Button_Selengkapnya/button_Selengkapnya' is clicked on

03-01-2025T19:19:31 - [TEST_STEP][PASSED] - comment("Tombol "Selengkapnya" berhasil diklik."): Tombol "Selengkapnya" berhasil diklik.

03-01-2025T19:19:31 - [MESSAGE][INFO] - Tombol "Selengkapnya" berhasil diklik.

03-01-2025T19:19:31 - [TEST_STEP][PASSED] - waitForElementVisible(findTestObject("Beranda/Admin Sekolah/Beranda/Dashboard/Table_list/Isi_table"), 2): Object 'Object Repository/Beranda/Admin Sekolah/Beranda/Dashboard/Table_list/Isi_table' is visible

03-01-2025T19:19:32 - [MESSAGE][PASSED] - Object 'Object Repository/Beranda/Admin Sekolah/Beranda/Dashboard/Table_list/Isi_table' is visible

03-01-2025T19:19:32 - [TEST_STEP][PASSED] - try: Elemen pengumuman berhasil di-scroll.

03-01-2025T19:19:32 - [TEST_STEP][PASSED] - scrollToElement(findTestObject("Beranda/Admin Sekolah/Beranda/Dashboard/Table_list/Isi_table"), 10): Scroll to object 'Object Repository/Beranda/Admin Sekolah/Beranda/Dashboard/Table_list/Isi_table' successfully

03-01-2025T19:19:32 - [MESSAGE][PASSED] - Scroll to object 'Object Repository/Beranda/Admin Sekolah/Beranda/Dashboard/Table_list/Isi_table' successfully

03-01-2025T19:19:32 - [TEST_STEP][PASSED] - comment("Elemen pengumuman berhasil di-scroll."): Elemen pengumuman berhasil di-scroll.

03-01-2025T19:19:32 - [MESSAGE][INFO] - Elemen pengumuman berhasil di-scroll.

03-01-2025T19:19:32 - [TEST_STEP][PASSED] - announcementText = getText(findTestObject("Beranda/Admin Sekolah/Beranda/Dashboard/Table_list/Isi_table")): Text of object 'Object Repository/Beranda/Admin Sekolah/Beranda/Dashboard/Table_list/Isi_table' is: 'test'

03-01-2025T19:19:32 - [MESSAGE][PASSED] - Text of object 'Object Repository/Beranda/Admin Sekolah/Beranda/Dashboard/Table_list/Isi_table' is: 'test'

03-01-2025T19:19:32 - [TEST_STEP][PASSED] - comment("Teks yang diambil dari elemen: " + announcementText): Teks yang diambil dari elemen: test

03-01-2025T19:19:32 - [MESSAGE][INFO] - Teks yang diambil dari elemen: test

03-01-2025T19:19:32 - [TEST_STEP][PASSED] - click(findTestObject("Beranda/Admin Sekolah/Beranda/Dashboard/Table_list/Isi_table")): Object: 'Object Repository/Beranda/Admin Sekolah/Beranda/Dashboard/Table_list/Isi_table' is clicked on

03-01-2025T19:19:33 - [MESSAGE][PASSED] - Object: 'Object Repository/Beranda/Admin Sekolah/Beranda/Dashboard/Table_list/Isi_table' is clicked on

03-01-2025T19:19:33 - [TEST_STEP][PASSED] - waitForElementVisible(findTestObject("Beranda/Admin Sekolah/Beranda/Dashboard/Page_Hasil_Click/Label_After_Click"), 3): Object 'Object Repository/Beranda/Admin Sekolah/Beranda/Dashboard/Page_Hasil_Click/Label_After_Click' is visible

03-01-2025T19:19:53 - [MESSAGE][INFO] - Unable to find the element located by 'By.xpath: //div[@id='layout-content']/div/p'. Please recheck the objects properties to make sure the desired element is located. 

03-01-2025T19:19:53 - [MESSAGE][WARNING] - [SELF-HEALING] Failed to find element with id 'Object Repository/Beranda/Admin Sekolah/Beranda/Dashboard/Page_Hasil_Click/Label_After_Click'. Try using Self-healing.

03-01-2025T19:19:53 - [MESSAGE][INFO] - [SELF-HEALING] Failed Locator: '//div[@id='layout-content']/div/p'.

03-01-2025T19:19:53 - [MESSAGE][INFO] - [SELF-HEALING] Failed Locator: '(.//*[normalize-space(text()) and normalize-space(.)='Baru Taun'])[1]/following::p[1]'.

03-01-2025T19:19:54 - [MESSAGE][INFO] - [SELF-HEALING] Working Locator: '(.//*[normalize-space(text()) and normalize-space(.)='/'])[2]/following::p[1]'.

03-01-2025T19:19:54 - [MESSAGE][INFO] - [SELF-HEALING] Screenshot: C:/Users/henri/Videos/school-payment-automation-testing/Reports/Self-healing/Object Repository/Beranda/Admin Sekolah/Beranda/Dashboard/Page_Hasil_Click/Label_After_Click_neighbor.png

03-01-2025T19:19:54 - [MESSAGE][WARNING] - [SELF-HEALING] The current locator of test object 'Object Repository/Beranda/Admin Sekolah/Beranda/Dashboard/Page_Hasil_Click/Label_After_Click' was broken. Propose an alternative one: '(.//*[normalize-space(text()) and normalize-space(.)='/'])[2]/following::p[1]'.

03-01-2025T19:19:54 - [MESSAGE][PASSED] - Object 'Object Repository/Beranda/Admin Sekolah/Beranda/Dashboard/Page_Hasil_Click/Label_After_Click' is visible

03-01-2025T19:19:54 - [TEST_STEP][PASSED] - labelText = getText(findTestObject("Beranda/Admin Sekolah/Beranda/Dashboard/Page_Hasil_Click/Label_After_Click")): Text of object 'Object Repository/Beranda/Admin Sekolah/Beranda/Dashboard/Page_Hasil_Click/Label_After_Click' is: 'test'

03-01-2025T19:19:54 - [MESSAGE][PASSED] - Text of object 'Object Repository/Beranda/Admin Sekolah/Beranda/Dashboard/Page_Hasil_Click/Label_After_Click' is: 'test'

03-01-2025T19:19:54 - [TEST_STEP][PASSED] - comment("Teks yang diambil dari label setelah klik: " + labelText): Teks yang diambil dari label setelah klik: test

03-01-2025T19:19:54 - [MESSAGE][INFO] - Teks yang diambil dari label setelah klik: test

03-01-2025T19:19:54 - [TEST_STEP][PASSED] - if (announcementText == labelText): Teks dari elemen yang diklik sesuai dengan label yang muncul: test

03-01-2025T19:19:54 - [TEST_STEP][PASSED] - comment("Teks dari elemen yang diklik sesuai dengan label yang muncul: " + labelText): Teks dari elemen yang diklik sesuai dengan label yang muncul: test

03-01-2025T19:19:54 - [MESSAGE][INFO] - Teks dari elemen yang diklik sesuai dengan label yang muncul: test

03-01-2025T19:19:54 - [TEST_STEP][PASSED] - closeBrowser(): Browser is closed

03-01-2025T19:19:55 - [MESSAGE][PASSED] - Browser is closed

03-01-2025T19:19:55 - [MESSAGE][INFO] - 

03-01-2025T19:19:55 - [MESSAGE][INFO] - ===================== Self-healing Report ====================

03-01-2025T19:19:55 - [MESSAGE][INFO] - One of the failed test object locators has been recovered by Self-healing. Please refer to the Self-healing Insights tab for more details.

03-01-2025T19:19:55 - [MESSAGE][INFO] - To learn more about Self-healing, please read https://docs.katalon.com/katalon-studio/docs/self-healing.html

03-01-2025T19:19:55 - [MESSAGE][INFO] - ==============================================================

03-01-2025T19:19:55 - [MESSAGE][PASSED] - Call Test Case 'Test Cases/Beranda/Admin Sekolah/Beranda/Dashboard/Lihat selengkapnya pengumuman' successfully

03-01-2025T19:19:55 - [TEST_STEP][PASSED] - callTestCase(findTestCase("Test Cases/Beranda/Admin Sekolah/Beranda/Dashboard/Verify Element visible"), [:], CONTINUE_ON_FAILURE): Call Test Case 'Test Cases/Beranda/Admin Sekolah/Beranda/Dashboard/Verify Element visible' successfully

03-01-2025T19:19:55 - [TEST_CASE][PASSED] - Test Cases/Beranda/Admin Sekolah/Beranda/Dashboard/Verify Element visible: Test Cases/Beranda/Admin Sekolah/Beranda/Dashboard/Verify Element visible

03-01-2025T19:19:55 - [TEST_STEP][PASSED] - openBrowser(""): Browser is opened with url: ''

03-01-2025T19:19:55 - [MESSAGE][INFO] - Starting 'Chrome' driver

03-01-2025T19:19:55 - [MESSAGE][INFO] - Action delay is set to 0 milliseconds

03-01-2025T19:19:56 - [MESSAGE][PASSED] - Browser is opened with url: ''

03-01-2025T19:19:56 - [TEST_STEP][PASSED] - maximizeWindow(): Current window maximized

03-01-2025T19:19:56 - [MESSAGE][PASSED] - Current window maximized

03-01-2025T19:19:56 - [TEST_STEP][PASSED] - navigateToUrl("https://sit.siprusedu.com/login"): Navigate to 'https://sit.siprusedu.com/login' successfully

03-01-2025T19:19:56 - [MESSAGE][PASSED] - Navigate to 'https://sit.siprusedu.com/login' successfully

03-01-2025T19:19:56 - [TEST_STEP][PASSED] - setText(findTestObject("Object Repository/Master Data/Admin Sekolah/Login/Field Email"), "admin.sekolah@gmail.com"): Text 'admin.sekolah@gmail.com' is set on object 'Object Repository/Master Data/Admin Sekolah/Login/Field Email'

03-01-2025T19:19:58 - [MESSAGE][PASSED] - Text 'admin.sekolah@gmail.com' is set on object 'Object Repository/Master Data/Admin Sekolah/Login/Field Email'

03-01-2025T19:19:58 - [TEST_STEP][PASSED] - setText(findTestObject("Object Repository/Master Data/Admin Sekolah/Login/Input Password"), "Test1234"): Text 'Test1234' is set on object 'Object Repository/Master Data/Admin Sekolah/Login/Input Password'

03-01-2025T19:19:59 - [MESSAGE][PASSED] - Text 'Test1234' is set on object 'Object Repository/Master Data/Admin Sekolah/Login/Input Password'

03-01-2025T19:19:59 - [TEST_STEP][PASSED] - click(findTestObject("Object Repository/Master Data/Admin Sekolah/Login/Button Submit")): Object: 'Object Repository/Master Data/Admin Sekolah/Login/Button Submit' is clicked on

03-01-2025T19:19:59 - [MESSAGE][PASSED] - Object: 'Object Repository/Master Data/Admin Sekolah/Login/Button Submit' is clicked on

03-01-2025T19:19:59 - [TEST_STEP][PASSED] - waitForPageLoad(10): Wait for page load successfully

03-01-2025T19:19:59 - [MESSAGE][PASSED] - Wait for page load successfully

03-01-2025T19:19:59 - [TEST_STEP][PASSED] - isElement1Visible = verifyElementVisible(findTestObject("Beranda/Admin Sekolah/Beranda/Dashboard/Konten_Beranda/Informasi_Siswa_aktif")): Object 'Object Repository/Beranda/Admin Sekolah/Beranda/Dashboard/Konten_Beranda/Informasi_Siswa_aktif' is visible

03-01-2025T19:20:01 - [MESSAGE][PASSED] - Object 'Object Repository/Beranda/Admin Sekolah/Beranda/Dashboard/Konten_Beranda/Informasi_Siswa_aktif' is visible

03-01-2025T19:20:01 - [TEST_STEP][PASSED] - isElement2Visible = verifyElementVisible(findTestObject("Beranda/Admin Sekolah/Beranda/Dashboard/Konten_Beranda/Informasi_Transaksi_Pembayaran")): Object 'Object Repository/Beranda/Admin Sekolah/Beranda/Dashboard/Konten_Beranda/Informasi_Transaksi_Pembayaran' is visible

03-01-2025T19:20:01 - [MESSAGE][PASSED] - Object 'Object Repository/Beranda/Admin Sekolah/Beranda/Dashboard/Konten_Beranda/Informasi_Transaksi_Pembayaran' is visible

03-01-2025T19:20:01 - [TEST_STEP][PASSED] - isElement3Visible = verifyElementVisible(findTestObject("Beranda/Admin Sekolah/Beranda/Dashboard/Konten_Beranda/Informasi_Tagihan_Terbayar")): Object 'Object Repository/Beranda/Admin Sekolah/Beranda/Dashboard/Konten_Beranda/Informasi_Tagihan_Terbayar' is visible

03-01-2025T19:20:01 - [MESSAGE][PASSED] - Object 'Object Repository/Beranda/Admin Sekolah/Beranda/Dashboard/Konten_Beranda/Informasi_Tagihan_Terbayar' is visible

03-01-2025T19:20:01 - [TEST_STEP][PASSED] - if (isElement1Visible): Elemen 1 terlihat.

03-01-2025T19:20:01 - [TEST_STEP][PASSED] - comment("Elemen 1 terlihat."): Elemen 1 terlihat.

03-01-2025T19:20:01 - [MESSAGE][INFO] - Elemen 1 terlihat.

03-01-2025T19:20:01 - [TEST_STEP][PASSED] - if (isElement2Visible): Elemen 2 terlihat.

03-01-2025T19:20:01 - [TEST_STEP][PASSED] - comment("Elemen 2 terlihat."): Elemen 2 terlihat.

03-01-2025T19:20:01 - [MESSAGE][INFO] - Elemen 2 terlihat.

03-01-2025T19:20:01 - [TEST_STEP][PASSED] - if (isElement3Visible): Elemen 3 terlihat.

03-01-2025T19:20:01 - [TEST_STEP][PASSED] - comment("Elemen 3 terlihat."): Elemen 3 terlihat.

03-01-2025T19:20:01 - [MESSAGE][INFO] - Elemen 3 terlihat.

03-01-2025T19:20:01 - [TEST_STEP][PASSED] - closeBrowser(): Browser is closed

03-01-2025T19:20:01 - [MESSAGE][PASSED] - Browser is closed

03-01-2025T19:20:01 - [MESSAGE][INFO] - 

03-01-2025T19:20:01 - [MESSAGE][INFO] - ===================== Self-healing Report ====================

03-01-2025T19:20:01 - [MESSAGE][INFO] - One of the failed test object locators has been recovered by Self-healing. Please refer to the Self-healing Insights tab for more details.

03-01-2025T19:20:01 - [MESSAGE][INFO] - To learn more about Self-healing, please read https://docs.katalon.com/katalon-studio/docs/self-healing.html

03-01-2025T19:20:01 - [MESSAGE][INFO] - ==============================================================

03-01-2025T19:20:01 - [MESSAGE][PASSED] - Call Test Case 'Test Cases/Beranda/Admin Sekolah/Beranda/Dashboard/Verify Element visible' successfully

03-01-2025T19:20:02 - [TEST_STEP][PASSED] - println("============================= Loop Again ==============================="): null]]></system-out>
         <system-err><![CDATA[]]></system-err>
      </testcase>
      <testcase name="Test Cases/Regresi Feature/Sprint 3/Regresi Informasi" time="62.057" classname="Test Cases/Regresi Feature/Sprint 3/Regresi Informasi" status="PASSED">
         <system-out><![CDATA[03-01-2025T19:20:02 - [TEST_CASE][PASSED] - Test Cases/Regresi Feature/Sprint 3/Regresi Informasi: Test Cases/Regresi Feature/Sprint 3/Regresi Informasi

03-01-2025T19:20:02 - [TEST_STEP][PASSED] - for ([i = 1, i <= maxLoop, (i++)]): null

03-01-2025T19:20:02 - [TEST_STEP][PASSED] - callTestCase(findTestCase("Test Cases/Informasi/Tambah Pengumuman"), [:], CONTINUE_ON_FAILURE): Call Test Case 'Test Cases/Informasi/Tambah Pengumuman' successfully

03-01-2025T19:20:02 - [TEST_CASE][PASSED] - Test Cases/Informasi/Tambah Pengumuman: Test Cases/Informasi/Tambah Pengumuman

03-01-2025T19:20:02 - [TEST_STEP][PASSED] - openBrowser("", CONTINUE_ON_FAILURE): Browser is opened with url: ''

03-01-2025T19:20:02 - [MESSAGE][INFO] - Starting 'Chrome' driver

03-01-2025T19:20:02 - [MESSAGE][INFO] - Action delay is set to 0 milliseconds

03-01-2025T19:20:03 - [MESSAGE][PASSED] - Browser is opened with url: ''

03-01-2025T19:20:03 - [TEST_STEP][PASSED] - navigateToUrl("https://sit.siprusedu.com/login", CONTINUE_ON_FAILURE): Navigate to 'https://sit.siprusedu.com/login' successfully

03-01-2025T19:20:03 - [MESSAGE][PASSED] - Navigate to 'https://sit.siprusedu.com/login' successfully

03-01-2025T19:20:03 - [TEST_STEP][PASSED] - setText(findTestObject("Master Data/Admin Sekolah/Login/Field Email"), "admin.gudangsolusi@digiform.co.id", CONTINUE_ON_FAILURE): Text 'admin.gudangsolusi@digiform.co.id' is set on object 'Object Repository/Master Data/Admin Sekolah/Login/Field Email'

03-01-2025T19:20:05 - [MESSAGE][PASSED] - Text 'admin.gudangsolusi@digiform.co.id' is set on object 'Object Repository/Master Data/Admin Sekolah/Login/Field Email'

03-01-2025T19:20:05 - [TEST_STEP][PASSED] - setText(findTestObject("Master Data/Admin Sekolah/Login/Input Password"), "Test1234", CONTINUE_ON_FAILURE): Text 'Test1234' is set on object 'Object Repository/Master Data/Admin Sekolah/Login/Input Password'

03-01-2025T19:20:06 - [MESSAGE][PASSED] - Text 'Test1234' is set on object 'Object Repository/Master Data/Admin Sekolah/Login/Input Password'

03-01-2025T19:20:06 - [TEST_STEP][PASSED] - click(findTestObject("Master Data/Admin Sekolah/Login/Button Submit"), CONTINUE_ON_FAILURE): Object: 'Object Repository/Master Data/Admin Sekolah/Login/Button Submit' is clicked on

03-01-2025T19:20:06 - [MESSAGE][PASSED] - Object: 'Object Repository/Master Data/Admin Sekolah/Login/Button Submit' is clicked on

03-01-2025T19:20:06 - [TEST_STEP][PASSED] - click(findTestObject("Informasi/Tambah Pengumuman/Menu Informasi")): Object: 'Object Repository/Informasi/Tambah Pengumuman/Menu Informasi' is clicked on

03-01-2025T19:20:07 - [MESSAGE][PASSED] - Object: 'Object Repository/Informasi/Tambah Pengumuman/Menu Informasi' is clicked on

03-01-2025T19:20:07 - [TEST_STEP][PASSED] - click(findTestObject("Informasi/Tambah Pengumuman/Submenu Event")): Object: 'Object Repository/Informasi/Tambah Pengumuman/Submenu Event' is clicked on

03-01-2025T19:20:08 - [MESSAGE][PASSED] - Object: 'Object Repository/Informasi/Tambah Pengumuman/Submenu Event' is clicked on

03-01-2025T19:20:08 - [TEST_STEP][PASSED] - click(findTestObject("Informasi/Tambah Pengumuman/Button Tambah")): Object: 'Object Repository/Informasi/Tambah Pengumuman/Button Tambah' is clicked on

03-01-2025T19:20:09 - [MESSAGE][PASSED] - Object: 'Object Repository/Informasi/Tambah Pengumuman/Button Tambah' is clicked on

03-01-2025T19:20:09 - [TEST_STEP][PASSED] - click(findTestObject("Informasi/Tambah Pengumuman/Input Judul")): Object: 'Object Repository/Informasi/Tambah Pengumuman/Input Judul' is clicked on

03-01-2025T19:20:09 - [MESSAGE][PASSED] - Object: 'Object Repository/Informasi/Tambah Pengumuman/Input Judul' is clicked on

03-01-2025T19:20:09 - [TEST_STEP][PASSED] - setText(findTestObject("Informasi/Tambah Pengumuman/Input Judul"), "Katalons"): Text 'Katalons' is set on object 'Object Repository/Informasi/Tambah Pengumuman/Input Judul'

03-01-2025T19:20:10 - [MESSAGE][PASSED] - Text 'Katalons' is set on object 'Object Repository/Informasi/Tambah Pengumuman/Input Judul'

03-01-2025T19:20:10 - [TEST_STEP][PASSED] - click(findTestObject("Informasi/Tambah Pengumuman/Input Deskripsi")): Object: 'Object Repository/Informasi/Tambah Pengumuman/Input Deskripsi' is clicked on

03-01-2025T19:20:10 - [MESSAGE][PASSED] - Object: 'Object Repository/Informasi/Tambah Pengumuman/Input Deskripsi' is clicked on

03-01-2025T19:20:10 - [TEST_STEP][PASSED] - setText(findTestObject("Informasi/Tambah Pengumuman/Input Deskripsi"), "Jaldi"): Text 'Jaldi' is set on object 'Object Repository/Informasi/Tambah Pengumuman/Input Deskripsi'

03-01-2025T19:20:11 - [MESSAGE][PASSED] - Text 'Jaldi' is set on object 'Object Repository/Informasi/Tambah Pengumuman/Input Deskripsi'

03-01-2025T19:20:11 - [TEST_STEP][PASSED] - click(findTestObject("Informasi/Tambah Pengumuman/Button Simpan")): Object: 'Object Repository/Informasi/Tambah Pengumuman/Button Simpan' is clicked on

03-01-2025T19:20:12 - [MESSAGE][PASSED] - Object: 'Object Repository/Informasi/Tambah Pengumuman/Button Simpan' is clicked on

03-01-2025T19:20:12 - [TEST_STEP][PASSED] - click(findTestObject("Informasi/Tambah Pengumuman/Button Ya")): Object: 'Object Repository/Informasi/Tambah Pengumuman/Button Ya' is clicked on

03-01-2025T19:20:12 - [MESSAGE][PASSED] - Object: 'Object Repository/Informasi/Tambah Pengumuman/Button Ya' is clicked on

03-01-2025T19:20:12 - [MESSAGE][PASSED] - Call Test Case 'Test Cases/Informasi/Tambah Pengumuman' successfully

03-01-2025T19:20:12 - [TEST_STEP][PASSED] - callTestCase(findTestCase("Test Cases/Informasi/Edit Pengumuman"), [:], CONTINUE_ON_FAILURE): Call Test Case 'Test Cases/Informasi/Edit Pengumuman' successfully

03-01-2025T19:20:12 - [TEST_CASE][PASSED] - Test Cases/Informasi/Edit Pengumuman: Test Cases/Informasi/Edit Pengumuman

03-01-2025T19:20:12 - [TEST_STEP][PASSED] - openBrowser("", CONTINUE_ON_FAILURE): Browser is opened with url: ''

03-01-2025T19:20:12 - [MESSAGE][WARNING] - A browser is already opened. Closing browser and opening a new one

03-01-2025T19:20:13 - [MESSAGE][INFO] - Starting 'Chrome' driver

03-01-2025T19:20:13 - [MESSAGE][INFO] - Action delay is set to 0 milliseconds

03-01-2025T19:20:13 - [MESSAGE][PASSED] - Browser is opened with url: ''

03-01-2025T19:20:13 - [TEST_STEP][PASSED] - navigateToUrl("https://sit.siprusedu.com/login", CONTINUE_ON_FAILURE): Navigate to 'https://sit.siprusedu.com/login' successfully

03-01-2025T19:20:14 - [MESSAGE][PASSED] - Navigate to 'https://sit.siprusedu.com/login' successfully

03-01-2025T19:20:14 - [TEST_STEP][PASSED] - setText(findTestObject("Master Data/Admin Sekolah/Login/Field Email"), "admin.gudangsolusi@digiform.co.id", CONTINUE_ON_FAILURE): Text 'admin.gudangsolusi@digiform.co.id' is set on object 'Object Repository/Master Data/Admin Sekolah/Login/Field Email'

03-01-2025T19:20:16 - [MESSAGE][PASSED] - Text 'admin.gudangsolusi@digiform.co.id' is set on object 'Object Repository/Master Data/Admin Sekolah/Login/Field Email'

03-01-2025T19:20:16 - [TEST_STEP][PASSED] - setText(findTestObject("Master Data/Admin Sekolah/Login/Input Password"), "Test1234", CONTINUE_ON_FAILURE): Text 'Test1234' is set on object 'Object Repository/Master Data/Admin Sekolah/Login/Input Password'

03-01-2025T19:20:16 - [MESSAGE][PASSED] - Text 'Test1234' is set on object 'Object Repository/Master Data/Admin Sekolah/Login/Input Password'

03-01-2025T19:20:16 - [TEST_STEP][PASSED] - click(findTestObject("Master Data/Admin Sekolah/Login/Button Submit"), CONTINUE_ON_FAILURE): Object: 'Object Repository/Master Data/Admin Sekolah/Login/Button Submit' is clicked on

03-01-2025T19:20:17 - [MESSAGE][PASSED] - Object: 'Object Repository/Master Data/Admin Sekolah/Login/Button Submit' is clicked on

03-01-2025T19:20:17 - [TEST_STEP][PASSED] - click(findTestObject("Informasi/Tambah Pengumuman/Menu Informasi")): Object: 'Object Repository/Informasi/Tambah Pengumuman/Menu Informasi' is clicked on

03-01-2025T19:20:18 - [MESSAGE][PASSED] - Object: 'Object Repository/Informasi/Tambah Pengumuman/Menu Informasi' is clicked on

03-01-2025T19:20:18 - [TEST_STEP][PASSED] - click(findTestObject("Informasi/Tambah Pengumuman/Submenu Event")): Object: 'Object Repository/Informasi/Tambah Pengumuman/Submenu Event' is clicked on

03-01-2025T19:20:19 - [MESSAGE][PASSED] - Object: 'Object Repository/Informasi/Tambah Pengumuman/Submenu Event' is clicked on

03-01-2025T19:20:19 - [TEST_STEP][PASSED] - click(findTestObject("Informasi/Hapus Pengumuman/Tridots")): Object: 'Object Repository/Informasi/Hapus Pengumuman/Tridots' is clicked on

03-01-2025T19:20:19 - [MESSAGE][PASSED] - Object: 'Object Repository/Informasi/Hapus Pengumuman/Tridots' is clicked on

03-01-2025T19:20:19 - [TEST_STEP][PASSED] - click(findTestObject("Informasi/Edit Pengumuman/Edit")): Object: 'Object Repository/Informasi/Edit Pengumuman/Edit' is clicked on

03-01-2025T19:20:20 - [MESSAGE][PASSED] - Object: 'Object Repository/Informasi/Edit Pengumuman/Edit' is clicked on

03-01-2025T19:20:20 - [TEST_STEP][PASSED] - click(findTestObject("Informasi/Tambah Pengumuman/Input Judul")): Object: 'Object Repository/Informasi/Tambah Pengumuman/Input Judul' is clicked on

03-01-2025T19:20:21 - [MESSAGE][PASSED] - Object: 'Object Repository/Informasi/Tambah Pengumuman/Input Judul' is clicked on

03-01-2025T19:20:21 - [TEST_STEP][PASSED] - delay(3): Delayed 3 second(s)

03-01-2025T19:20:24 - [MESSAGE][PASSED] - Delayed 3 second(s)

03-01-2025T19:20:24 - [TEST_STEP][PASSED] - isTextCleared = false: null

03-01-2025T19:20:24 - [TEST_STEP][PASSED] - maxRetries = 5: null

03-01-2025T19:20:24 - [TEST_STEP][PASSED] - retryCount = 0: null

03-01-2025T19:20:24 - [TEST_STEP][PASSED] - while (!(isTextCleared) && retryCount < maxRetries): null

03-01-2025T19:20:24 - [TEST_STEP][PASSED] - try: null

03-01-2025T19:20:24 - [TEST_STEP][PASSED] - if (verifyElementPresent(findTestObject("Informasi/Tambah Pengumuman/Input Judul"), 5)): null

03-01-2025T19:20:24 - [MESSAGE][PASSED] - Object 'Object Repository/Informasi/Tambah Pengumuman/Input Judul' is present

03-01-2025T19:20:24 - [TEST_STEP][PASSED] - click(findTestObject("Informasi/Tambah Pengumuman/Input Judul")): Object: 'Object Repository/Informasi/Tambah Pengumuman/Input Judul' is clicked on

03-01-2025T19:20:24 - [MESSAGE][PASSED] - Object: 'Object Repository/Informasi/Tambah Pengumuman/Input Judul' is clicked on

03-01-2025T19:20:24 - [TEST_STEP][PASSED] - sendKeys(findTestObject("Informasi/Tambah Pengumuman/Input Judul"), Keys.chord(CONTROL, "a")): Keys 'CONTROL + a' sent to object: 'Object Repository/Informasi/Tambah Pengumuman/Input Judul'

03-01-2025T19:20:25 - [MESSAGE][PASSED] - Keys 'CONTROL + a' sent to object: 'Object Repository/Informasi/Tambah Pengumuman/Input Judul'

03-01-2025T19:20:25 - [TEST_STEP][PASSED] - sendKeys(findTestObject("Informasi/Tambah Pengumuman/Input Judul"), Keys.chord(DELETE)): Keys 'DELETE + ' sent to object: 'Object Repository/Informasi/Tambah Pengumuman/Input Judul'

03-01-2025T19:20:25 - [MESSAGE][PASSED] - Keys 'DELETE + ' sent to object: 'Object Repository/Informasi/Tambah Pengumuman/Input Judul'

03-01-2025T19:20:25 - [TEST_STEP][PASSED] - delay(1): Delayed 1 second(s)

03-01-2025T19:20:26 - [MESSAGE][PASSED] - Delayed 1 second(s)

03-01-2025T19:20:26 - [TEST_STEP][PASSED] - currentText = getAttribute(findTestObject("Informasi/Tambah Pengumuman/Input Judul"), "value"): Attribute 'value' of object 'Object Repository/Informasi/Tambah Pengumuman/Input Judul' is: ''

03-01-2025T19:20:26 - [MESSAGE][PASSED] - Attribute 'value' of object 'Object Repository/Informasi/Tambah Pengumuman/Input Judul' is: ''

03-01-2025T19:20:26 - [TEST_STEP][PASSED] - isTextCleared = currentText.isEmpty(): null

03-01-2025T19:20:26 - [TEST_STEP][PASSED] - if (!(isTextCleared)): null

03-01-2025T19:20:26 - [TEST_STEP][PASSED] - (retryCount++): null

03-01-2025T19:20:26 - [TEST_STEP][PASSED] - if (!(isTextCleared)): null

03-01-2025T19:20:26 - [TEST_STEP][PASSED] - else: Teks berhasil dihapus.

03-01-2025T19:20:26 - [TEST_STEP][PASSED] - comment("Teks berhasil dihapus."): Teks berhasil dihapus.

03-01-2025T19:20:26 - [MESSAGE][INFO] - Teks berhasil dihapus.

03-01-2025T19:20:26 - [TEST_STEP][PASSED] - randomUsername = generateRandomText("user", 8): null

03-01-2025T19:20:26 - [TEST_STEP][PASSED] - return ((prefix + _) + java.util.UUID.randomUUID().toString().replace(-, ).substring(0, length)): null

03-01-2025T19:20:26 - [TEST_STEP][PASSED] - setText(findTestObject("Informasi/Tambah Pengumuman/Input Judul"), randomUsername): Text 'user_a42be583' is set on object 'Object Repository/Informasi/Tambah Pengumuman/Input Judul'

03-01-2025T19:20:27 - [MESSAGE][PASSED] - Text 'user_a42be583' is set on object 'Object Repository/Informasi/Tambah Pengumuman/Input Judul'

03-01-2025T19:20:27 - [TEST_STEP][PASSED] - comment(Teks berhasil di-clear dan teks baru '$randomUsername' telah di-set.): Teks berhasil di-clear dan teks baru 'user_a42be583' telah di-set.

03-01-2025T19:20:27 - [MESSAGE][INFO] - Teks berhasil di-clear dan teks baru 'user_a42be583' telah di-set.

03-01-2025T19:20:27 - [TEST_STEP][PASSED] - randomTitle = generateRandomText("title", 10): null

03-01-2025T19:20:27 - [TEST_STEP][PASSED] - return ((prefix + _) + java.util.UUID.randomUUID().toString().replace(-, ).substring(0, length)): null

03-01-2025T19:20:27 - [TEST_STEP][PASSED] - comment(Judul acak: $randomTitle): Judul acak: title_3a33dac456

03-01-2025T19:20:27 - [MESSAGE][INFO] - Judul acak: title_3a33dac456

03-01-2025T19:20:27 - [TEST_STEP][PASSED] - randomCode = generateRandomText("code", 5): null

03-01-2025T19:20:27 - [TEST_STEP][PASSED] - return ((prefix + _) + java.util.UUID.randomUUID().toString().replace(-, ).substring(0, length)): null

03-01-2025T19:20:27 - [TEST_STEP][PASSED] - comment(Kode acak: $randomCode): Kode acak: code_afce3

03-01-2025T19:20:27 - [MESSAGE][INFO] - Kode acak: code_afce3

03-01-2025T19:20:27 - [TEST_STEP][PASSED] - delay(1): Delayed 1 second(s)

03-01-2025T19:20:28 - [MESSAGE][PASSED] - Delayed 1 second(s)

03-01-2025T19:20:28 - [TEST_STEP][PASSED] - click(findTestObject("Informasi/Edit Pengumuman/Button Simpan")): Object: 'Object Repository/Informasi/Edit Pengumuman/Button Simpan' is clicked on

03-01-2025T19:20:28 - [MESSAGE][PASSED] - Object: 'Object Repository/Informasi/Edit Pengumuman/Button Simpan' is clicked on

03-01-2025T19:20:28 - [TEST_STEP][PASSED] - click(findTestObject("Informasi/Edit Pengumuman/Button YA")): Object: 'Object Repository/Informasi/Edit Pengumuman/Button YA' is clicked on

03-01-2025T19:20:29 - [MESSAGE][PASSED] - Object: 'Object Repository/Informasi/Edit Pengumuman/Button YA' is clicked on

03-01-2025T19:20:29 - [MESSAGE][PASSED] - Call Test Case 'Test Cases/Informasi/Edit Pengumuman' successfully

03-01-2025T19:20:29 - [TEST_STEP][PASSED] - callTestCase(findTestCase("Test Cases/Informasi/Detail Pengumuman"), [:], CONTINUE_ON_FAILURE): Call Test Case 'Test Cases/Informasi/Detail Pengumuman' successfully

03-01-2025T19:20:29 - [TEST_CASE][PASSED] - Test Cases/Informasi/Detail Pengumuman: Test Cases/Informasi/Detail Pengumuman

03-01-2025T19:20:29 - [TEST_STEP][PASSED] - openBrowser("", CONTINUE_ON_FAILURE): Browser is opened with url: ''

03-01-2025T19:20:29 - [MESSAGE][WARNING] - A browser is already opened. Closing browser and opening a new one

03-01-2025T19:20:29 - [MESSAGE][INFO] - Starting 'Chrome' driver

03-01-2025T19:20:29 - [MESSAGE][INFO] - Action delay is set to 0 milliseconds

03-01-2025T19:20:30 - [MESSAGE][PASSED] - Browser is opened with url: ''

03-01-2025T19:20:30 - [TEST_STEP][PASSED] - navigateToUrl("https://sit.siprusedu.com/login", CONTINUE_ON_FAILURE): Navigate to 'https://sit.siprusedu.com/login' successfully

03-01-2025T19:20:30 - [MESSAGE][PASSED] - Navigate to 'https://sit.siprusedu.com/login' successfully

03-01-2025T19:20:30 - [TEST_STEP][PASSED] - setText(findTestObject("Master Data/Admin Sekolah/Login/Field Email"), "admin.gudangsolusi@digiform.co.id", CONTINUE_ON_FAILURE): Text 'admin.gudangsolusi@digiform.co.id' is set on object 'Object Repository/Master Data/Admin Sekolah/Login/Field Email'

03-01-2025T19:20:32 - [MESSAGE][PASSED] - Text 'admin.gudangsolusi@digiform.co.id' is set on object 'Object Repository/Master Data/Admin Sekolah/Login/Field Email'

03-01-2025T19:20:32 - [TEST_STEP][PASSED] - setText(findTestObject("Master Data/Admin Sekolah/Login/Input Password"), "Test1234", CONTINUE_ON_FAILURE): Text 'Test1234' is set on object 'Object Repository/Master Data/Admin Sekolah/Login/Input Password'

03-01-2025T19:20:33 - [MESSAGE][PASSED] - Text 'Test1234' is set on object 'Object Repository/Master Data/Admin Sekolah/Login/Input Password'

03-01-2025T19:20:33 - [TEST_STEP][PASSED] - click(findTestObject("Master Data/Admin Sekolah/Login/Button Submit"), CONTINUE_ON_FAILURE): Object: 'Object Repository/Master Data/Admin Sekolah/Login/Button Submit' is clicked on

03-01-2025T19:20:33 - [MESSAGE][PASSED] - Object: 'Object Repository/Master Data/Admin Sekolah/Login/Button Submit' is clicked on

03-01-2025T19:20:33 - [TEST_STEP][PASSED] - click(findTestObject("Informasi/Tambah Pengumuman/Menu Informasi")): Object: 'Object Repository/Informasi/Tambah Pengumuman/Menu Informasi' is clicked on

03-01-2025T19:20:35 - [MESSAGE][PASSED] - Object: 'Object Repository/Informasi/Tambah Pengumuman/Menu Informasi' is clicked on

03-01-2025T19:20:35 - [TEST_STEP][PASSED] - click(findTestObject("Informasi/Tambah Pengumuman/Submenu Event")): Object: 'Object Repository/Informasi/Tambah Pengumuman/Submenu Event' is clicked on

03-01-2025T19:20:54 - [MESSAGE][PASSED] - Object: 'Object Repository/Informasi/Tambah Pengumuman/Submenu Event' is clicked on

03-01-2025T19:20:54 - [TEST_STEP][PASSED] - click(findTestObject("Informasi/Hapus Pengumuman/Tridots")): Object: 'Object Repository/Informasi/Hapus Pengumuman/Tridots' is clicked on

03-01-2025T19:20:55 - [MESSAGE][PASSED] - Object: 'Object Repository/Informasi/Hapus Pengumuman/Tridots' is clicked on

03-01-2025T19:20:55 - [TEST_STEP][PASSED] - click(findTestObject("Informasi/Detail Pengumuman/Lihat")): Object: 'Object Repository/Informasi/Detail Pengumuman/Lihat' is clicked on

03-01-2025T19:20:55 - [MESSAGE][PASSED] - Object: 'Object Repository/Informasi/Detail Pengumuman/Lihat' is clicked on

03-01-2025T19:20:55 - [MESSAGE][PASSED] - Call Test Case 'Test Cases/Informasi/Detail Pengumuman' successfully

03-01-2025T19:20:55 - [TEST_STEP][PASSED] - callTestCase(findTestCase("Test Cases/Informasi/Hapus Pengumuman"), [:], CONTINUE_ON_FAILURE): Call Test Case 'Test Cases/Informasi/Hapus Pengumuman' successfully

03-01-2025T19:20:55 - [TEST_CASE][PASSED] - Test Cases/Informasi/Hapus Pengumuman: Test Cases/Informasi/Hapus Pengumuman

03-01-2025T19:20:55 - [TEST_STEP][PASSED] - openBrowser("", CONTINUE_ON_FAILURE): Browser is opened with url: ''

03-01-2025T19:20:55 - [MESSAGE][WARNING] - A browser is already opened. Closing browser and opening a new one

03-01-2025T19:20:55 - [MESSAGE][INFO] - Starting 'Chrome' driver

03-01-2025T19:20:55 - [MESSAGE][INFO] - Action delay is set to 0 milliseconds

03-01-2025T19:20:56 - [MESSAGE][PASSED] - Browser is opened with url: ''

03-01-2025T19:20:56 - [TEST_STEP][PASSED] - navigateToUrl("https://sit.siprusedu.com/login", CONTINUE_ON_FAILURE): Navigate to 'https://sit.siprusedu.com/login' successfully

03-01-2025T19:20:57 - [MESSAGE][PASSED] - Navigate to 'https://sit.siprusedu.com/login' successfully

03-01-2025T19:20:57 - [TEST_STEP][PASSED] - setText(findTestObject("Master Data/Admin Sekolah/Login/Field Email"), "admin.gudangsolusi@digiform.co.id", CONTINUE_ON_FAILURE): Text 'admin.gudangsolusi@digiform.co.id' is set on object 'Object Repository/Master Data/Admin Sekolah/Login/Field Email'

03-01-2025T19:20:59 - [MESSAGE][PASSED] - Text 'admin.gudangsolusi@digiform.co.id' is set on object 'Object Repository/Master Data/Admin Sekolah/Login/Field Email'

03-01-2025T19:20:59 - [TEST_STEP][PASSED] - setText(findTestObject("Master Data/Admin Sekolah/Login/Input Password"), "Test1234", CONTINUE_ON_FAILURE): Text 'Test1234' is set on object 'Object Repository/Master Data/Admin Sekolah/Login/Input Password'

03-01-2025T19:20:59 - [MESSAGE][PASSED] - Text 'Test1234' is set on object 'Object Repository/Master Data/Admin Sekolah/Login/Input Password'

03-01-2025T19:20:59 - [TEST_STEP][PASSED] - click(findTestObject("Master Data/Admin Sekolah/Login/Button Submit"), CONTINUE_ON_FAILURE): Object: 'Object Repository/Master Data/Admin Sekolah/Login/Button Submit' is clicked on

03-01-2025T19:21:00 - [MESSAGE][PASSED] - Object: 'Object Repository/Master Data/Admin Sekolah/Login/Button Submit' is clicked on

03-01-2025T19:21:00 - [TEST_STEP][PASSED] - click(findTestObject("Informasi/Tambah Pengumuman/Menu Informasi")): Object: 'Object Repository/Informasi/Tambah Pengumuman/Menu Informasi' is clicked on

03-01-2025T19:21:01 - [MESSAGE][PASSED] - Object: 'Object Repository/Informasi/Tambah Pengumuman/Menu Informasi' is clicked on

03-01-2025T19:21:01 - [TEST_STEP][PASSED] - click(findTestObject("Informasi/Tambah Pengumuman/Submenu Event")): Object: 'Object Repository/Informasi/Tambah Pengumuman/Submenu Event' is clicked on

03-01-2025T19:21:02 - [MESSAGE][PASSED] - Object: 'Object Repository/Informasi/Tambah Pengumuman/Submenu Event' is clicked on

03-01-2025T19:21:02 - [TEST_STEP][PASSED] - click(findTestObject("Informasi/Hapus Pengumuman/Tridots")): Object: 'Object Repository/Informasi/Hapus Pengumuman/Tridots' is clicked on

03-01-2025T19:21:03 - [MESSAGE][PASSED] - Object: 'Object Repository/Informasi/Hapus Pengumuman/Tridots' is clicked on

03-01-2025T19:21:03 - [TEST_STEP][PASSED] - click(findTestObject("Informasi/Hapus Pengumuman/Hapus")): Object: 'Object Repository/Informasi/Hapus Pengumuman/Hapus' is clicked on

03-01-2025T19:21:03 - [MESSAGE][PASSED] - Object: 'Object Repository/Informasi/Hapus Pengumuman/Hapus' is clicked on

03-01-2025T19:21:03 - [TEST_STEP][PASSED] - click(findTestObject("Informasi/Hapus Pengumuman/Button YA")): Object: 'Object Repository/Informasi/Hapus Pengumuman/Button YA' is clicked on

03-01-2025T19:21:04 - [MESSAGE][PASSED] - Object: 'Object Repository/Informasi/Hapus Pengumuman/Button YA' is clicked on

03-01-2025T19:21:04 - [MESSAGE][PASSED] - Call Test Case 'Test Cases/Informasi/Hapus Pengumuman' successfully

03-01-2025T19:21:04 - [TEST_STEP][PASSED] - println("============================= Loop Again ==============================="): null]]></system-out>
         <system-err><![CDATA[]]></system-err>
      </testcase>
      <testcase name="Test Cases/Regresi Feature/Sprint 3/Regresi Invoice" time="30.595" classname="Test Cases/Regresi Feature/Sprint 3/Regresi Invoice" status="PASSED">
         <system-out><![CDATA[03-01-2025T19:21:04 - [TEST_CASE][PASSED] - Test Cases/Regresi Feature/Sprint 3/Regresi Invoice: Test Cases/Regresi Feature/Sprint 3/Regresi Invoice

03-01-2025T19:21:04 - [TEST_STEP][PASSED] - for ([i = 1, i <= maxLoop, (i++)]): null

03-01-2025T19:21:04 - [TEST_STEP][PASSED] - callTestCase(findTestCase("Test Cases/Pengaturan Sistem/Pengaturan Invoice/Edit Invoice"), [:], CONTINUE_ON_FAILURE): Call Test Case 'Test Cases/Pengaturan Sistem/Pengaturan Invoice/Edit Invoice' successfully

03-01-2025T19:21:04 - [TEST_CASE][PASSED] - Test Cases/Pengaturan Sistem/Pengaturan Invoice/Edit Invoice: Test Cases/Pengaturan Sistem/Pengaturan Invoice/Edit Invoice

03-01-2025T19:21:04 - [TEST_STEP][PASSED] - openBrowser("", CONTINUE_ON_FAILURE): Browser is opened with url: ''

03-01-2025T19:21:04 - [MESSAGE][WARNING] - A browser is already opened. Closing browser and opening a new one

03-01-2025T19:21:04 - [MESSAGE][INFO] - Starting 'Chrome' driver

03-01-2025T19:21:04 - [MESSAGE][INFO] - Action delay is set to 0 milliseconds

03-01-2025T19:21:05 - [MESSAGE][PASSED] - Browser is opened with url: ''

03-01-2025T19:21:05 - [TEST_STEP][PASSED] - navigateToUrl("https://sit.siprusedu.com/login", CONTINUE_ON_FAILURE): Navigate to 'https://sit.siprusedu.com/login' successfully

03-01-2025T19:21:25 - [MESSAGE][PASSED] - Navigate to 'https://sit.siprusedu.com/login' successfully

03-01-2025T19:21:25 - [TEST_STEP][PASSED] - setText(findTestObject("Master Data/Admin Sekolah/Login/Field Email"), "admin.gudangsolusi@digiform.co.id", CONTINUE_ON_FAILURE): Text 'admin.gudangsolusi@digiform.co.id' is set on object 'Object Repository/Master Data/Admin Sekolah/Login/Field Email'

03-01-2025T19:21:25 - [MESSAGE][PASSED] - Text 'admin.gudangsolusi@digiform.co.id' is set on object 'Object Repository/Master Data/Admin Sekolah/Login/Field Email'

03-01-2025T19:21:25 - [TEST_STEP][PASSED] - setText(findTestObject("Master Data/Admin Sekolah/Login/Input Password"), "Test1234", CONTINUE_ON_FAILURE): Text 'Test1234' is set on object 'Object Repository/Master Data/Admin Sekolah/Login/Input Password'

03-01-2025T19:21:26 - [MESSAGE][PASSED] - Text 'Test1234' is set on object 'Object Repository/Master Data/Admin Sekolah/Login/Input Password'

03-01-2025T19:21:26 - [TEST_STEP][PASSED] - click(findTestObject("Master Data/Admin Sekolah/Login/Button Submit"), CONTINUE_ON_FAILURE): Object: 'Object Repository/Master Data/Admin Sekolah/Login/Button Submit' is clicked on

03-01-2025T19:21:26 - [MESSAGE][PASSED] - Object: 'Object Repository/Master Data/Admin Sekolah/Login/Button Submit' is clicked on

03-01-2025T19:21:26 - [TEST_STEP][PASSED] - click(findTestObject("Pengaturan Sistem/Edit Invoice/Menu Pengaturan")): Object: 'Object Repository/Pengaturan Sistem/Edit Invoice/Menu Pengaturan' is clicked on

03-01-2025T19:21:28 - [MESSAGE][PASSED] - Object: 'Object Repository/Pengaturan Sistem/Edit Invoice/Menu Pengaturan' is clicked on

03-01-2025T19:21:28 - [TEST_STEP][PASSED] - click(findTestObject("Pengaturan Sistem/Edit Invoice/Menu Invoice")): Object: 'Object Repository/Pengaturan Sistem/Edit Invoice/Menu Invoice' is clicked on

03-01-2025T19:21:29 - [MESSAGE][PASSED] - Object: 'Object Repository/Pengaturan Sistem/Edit Invoice/Menu Invoice' is clicked on

03-01-2025T19:21:29 - [TEST_STEP][PASSED] - click(findTestObject("Pengaturan Sistem/Edit Invoice/Prefix")): Object: 'Object Repository/Pengaturan Sistem/Edit Invoice/Prefix' is clicked on

03-01-2025T19:21:29 - [MESSAGE][PASSED] - Object: 'Object Repository/Pengaturan Sistem/Edit Invoice/Prefix' is clicked on

03-01-2025T19:21:29 - [TEST_STEP][PASSED] - delay(3): Delayed 3 second(s)

03-01-2025T19:21:32 - [MESSAGE][PASSED] - Delayed 3 second(s)

03-01-2025T19:21:32 - [TEST_STEP][PASSED] - randomUsername = "kln" + toString().substring(0, 8): null

03-01-2025T19:21:32 - [TEST_STEP][PASSED] - setText(findTestObject("Pengaturan Sistem/Edit Invoice/Prefix"), randomUsername): Text 'klnc298bf4e' is set on object 'Object Repository/Pengaturan Sistem/Edit Invoice/Prefix'

03-01-2025T19:21:33 - [MESSAGE][PASSED] - Text 'klnc298bf4e' is set on object 'Object Repository/Pengaturan Sistem/Edit Invoice/Prefix'

03-01-2025T19:21:33 - [TEST_STEP][PASSED] - comment(Teks berhasil di-clear dan teks baru '$randomUsername' telah di-set.): Teks berhasil di-clear dan teks baru 'klnc298bf4e' telah di-set.

03-01-2025T19:21:33 - [MESSAGE][INFO] - Teks berhasil di-clear dan teks baru 'klnc298bf4e' telah di-set.

03-01-2025T19:21:33 - [TEST_STEP][PASSED] - delay(1): Delayed 1 second(s)

03-01-2025T19:21:34 - [MESSAGE][PASSED] - Delayed 1 second(s)

03-01-2025T19:21:34 - [TEST_STEP][PASSED] - click(findTestObject("Pengaturan Sistem/Edit Invoice/Button Lanjutkan")): Object: 'Object Repository/Pengaturan Sistem/Edit Invoice/Button Lanjutkan' is clicked on

03-01-2025T19:21:34 - [MESSAGE][PASSED] - Object: 'Object Repository/Pengaturan Sistem/Edit Invoice/Button Lanjutkan' is clicked on

03-01-2025T19:21:34 - [MESSAGE][PASSED] - Call Test Case 'Test Cases/Pengaturan Sistem/Pengaturan Invoice/Edit Invoice' successfully

03-01-2025T19:21:34 - [TEST_STEP][PASSED] - println("============================= Loop Again ==============================="): null]]></system-out>
         <system-err><![CDATA[]]></system-err>
      </testcase>
      <testcase name="Test Cases/Regresi Feature/Sprint 3/Regresi Laporan" time="167.719" classname="Test Cases/Regresi Feature/Sprint 3/Regresi Laporan" status="PASSED">
         <system-out><![CDATA[03-01-2025T19:21:34 - [TEST_CASE][PASSED] - Test Cases/Regresi Feature/Sprint 3/Regresi Laporan: Test Cases/Regresi Feature/Sprint 3/Regresi Laporan

03-01-2025T19:21:34 - [TEST_STEP][PASSED] - for ([i = 1, i <= maxLoop, (i++)]): null

03-01-2025T19:21:34 - [TEST_STEP][PASSED] - callTestCase(findTestCase("Test Cases/Laporan/Admin Sekolah/Filter dan Search Laporan Tagihan"), [:], CONTINUE_ON_FAILURE): Call Test Case 'Test Cases/Laporan/Admin Sekolah/Filter dan Search Laporan Tagihan' successfully

03-01-2025T19:21:34 - [TEST_CASE][PASSED] - Test Cases/Laporan/Admin Sekolah/Filter dan Search Laporan Tagihan: Test Cases/Laporan/Admin Sekolah/Filter dan Search Laporan Tagihan

03-01-2025T19:21:34 - [TEST_STEP][PASSED] - openBrowser("", CONTINUE_ON_FAILURE): Browser is opened with url: ''

03-01-2025T19:21:34 - [MESSAGE][WARNING] - A browser is already opened. Closing browser and opening a new one

03-01-2025T19:21:35 - [MESSAGE][INFO] - Starting 'Chrome' driver

03-01-2025T19:21:35 - [MESSAGE][INFO] - Action delay is set to 0 milliseconds

03-01-2025T19:21:35 - [MESSAGE][PASSED] - Browser is opened with url: ''

03-01-2025T19:21:35 - [TEST_STEP][PASSED] - navigateToUrl("https://sit.siprusedu.com/login", CONTINUE_ON_FAILURE): Navigate to 'https://sit.siprusedu.com/login' successfully

03-01-2025T19:21:36 - [MESSAGE][PASSED] - Navigate to 'https://sit.siprusedu.com/login' successfully

03-01-2025T19:21:36 - [TEST_STEP][PASSED] - setText(findTestObject("Master Data/Admin Sekolah/Login/Field Email"), "admin.gudangsolusi@digiform.co.id", CONTINUE_ON_FAILURE): Text 'admin.gudangsolusi@digiform.co.id' is set on object 'Object Repository/Master Data/Admin Sekolah/Login/Field Email'

03-01-2025T19:21:38 - [MESSAGE][PASSED] - Text 'admin.gudangsolusi@digiform.co.id' is set on object 'Object Repository/Master Data/Admin Sekolah/Login/Field Email'

03-01-2025T19:21:38 - [TEST_STEP][PASSED] - setText(findTestObject("Master Data/Admin Sekolah/Login/Input Password"), "Test1234", CONTINUE_ON_FAILURE): Text 'Test1234' is set on object 'Object Repository/Master Data/Admin Sekolah/Login/Input Password'

03-01-2025T19:21:38 - [MESSAGE][PASSED] - Text 'Test1234' is set on object 'Object Repository/Master Data/Admin Sekolah/Login/Input Password'

03-01-2025T19:21:38 - [TEST_STEP][PASSED] - click(findTestObject("Master Data/Admin Sekolah/Login/Button Submit"), CONTINUE_ON_FAILURE): Object: 'Object Repository/Master Data/Admin Sekolah/Login/Button Submit' is clicked on

03-01-2025T19:21:39 - [MESSAGE][PASSED] - Object: 'Object Repository/Master Data/Admin Sekolah/Login/Button Submit' is clicked on

03-01-2025T19:21:39 - [TEST_STEP][PASSED] - click(findTestObject("Laporan/Filter dan Search Laporan Tagihan/Menu Laporan")): Object: 'Object Repository/Laporan/Filter dan Search Laporan Tagihan/Menu Laporan' is clicked on

03-01-2025T19:21:59 - [MESSAGE][PASSED] - Object: 'Object Repository/Laporan/Filter dan Search Laporan Tagihan/Menu Laporan' is clicked on

03-01-2025T19:21:59 - [TEST_STEP][PASSED] - click(findTestObject("Laporan/Filter dan Search Laporan Tagihan/Submenu Tagihan")): Object: 'Object Repository/Laporan/Filter dan Search Laporan Tagihan/Submenu Tagihan' is clicked on

03-01-2025T19:22:01 - [MESSAGE][PASSED] - Object: 'Object Repository/Laporan/Filter dan Search Laporan Tagihan/Submenu Tagihan' is clicked on

03-01-2025T19:22:01 - [TEST_STEP][PASSED] - click(findTestObject("Laporan/Filter dan Search Laporan Tagihan/Klik Filter Status")): Object: 'Object Repository/Laporan/Filter dan Search Laporan Tagihan/Klik Filter Status' is clicked on

03-01-2025T19:22:01 - [MESSAGE][PASSED] - Object: 'Object Repository/Laporan/Filter dan Search Laporan Tagihan/Klik Filter Status' is clicked on

03-01-2025T19:22:01 - [TEST_STEP][PASSED] - click(findTestObject("Laporan/Filter dan Search Laporan Tagihan/Status Lunas")): Object: 'Object Repository/Laporan/Filter dan Search Laporan Tagihan/Status Lunas' is clicked on

03-01-2025T19:22:02 - [MESSAGE][PASSED] - Object: 'Object Repository/Laporan/Filter dan Search Laporan Tagihan/Status Lunas' is clicked on

03-01-2025T19:22:02 - [TEST_STEP][PASSED] - click(findTestObject("Laporan/Filter dan Search Laporan Tagihan/Button Terapkan")): Object: 'Object Repository/Laporan/Filter dan Search Laporan Tagihan/Button Terapkan' is clicked on

03-01-2025T19:22:03 - [MESSAGE][PASSED] - Object: 'Object Repository/Laporan/Filter dan Search Laporan Tagihan/Button Terapkan' is clicked on

03-01-2025T19:22:03 - [TEST_STEP][PASSED] - delay(3): Delayed 3 second(s)

03-01-2025T19:22:06 - [MESSAGE][PASSED] - Delayed 3 second(s)

03-01-2025T19:22:06 - [TEST_STEP][PASSED] - click(findTestObject("Laporan/Filter dan Search Laporan Tagihan/Button Reset")): Object: 'Object Repository/Laporan/Filter dan Search Laporan Tagihan/Button Reset' is clicked on

03-01-2025T19:22:06 - [MESSAGE][PASSED] - Object: 'Object Repository/Laporan/Filter dan Search Laporan Tagihan/Button Reset' is clicked on

03-01-2025T19:22:06 - [TEST_STEP][PASSED] - click(findTestObject("Laporan/Filter dan Search Laporan Tagihan/Pencarian Siswa")): Object: 'Object Repository/Laporan/Filter dan Search Laporan Tagihan/Pencarian Siswa' is clicked on

03-01-2025T19:22:06 - [MESSAGE][PASSED] - Object: 'Object Repository/Laporan/Filter dan Search Laporan Tagihan/Pencarian Siswa' is clicked on

03-01-2025T19:22:06 - [TEST_STEP][PASSED] - setText(findTestObject("Laporan/Filter dan Search Laporan Tagihan/Pencarian Siswa"), "Dil"): Text 'Dil' is set on object 'Object Repository/Laporan/Filter dan Search Laporan Tagihan/Pencarian Siswa'

03-01-2025T19:22:07 - [MESSAGE][PASSED] - Text 'Dil' is set on object 'Object Repository/Laporan/Filter dan Search Laporan Tagihan/Pencarian Siswa'

03-01-2025T19:22:07 - [TEST_STEP][PASSED] - click(findTestObject("Laporan/Filter dan Search Laporan Tagihan/Siswa Rezaldy")): Object: 'Object Repository/Laporan/Filter dan Search Laporan Tagihan/Siswa Rezaldy' is clicked on

03-01-2025T19:22:09 - [MESSAGE][PASSED] - Object: 'Object Repository/Laporan/Filter dan Search Laporan Tagihan/Siswa Rezaldy' is clicked on

03-01-2025T19:22:09 - [TEST_STEP][PASSED] - click(findTestObject("Laporan/Filter dan Search Laporan Tagihan/Button Terapkan")): Object: 'Object Repository/Laporan/Filter dan Search Laporan Tagihan/Button Terapkan' is clicked on

03-01-2025T19:22:09 - [MESSAGE][PASSED] - Object: 'Object Repository/Laporan/Filter dan Search Laporan Tagihan/Button Terapkan' is clicked on

03-01-2025T19:22:09 - [MESSAGE][PASSED] - Call Test Case 'Test Cases/Laporan/Admin Sekolah/Filter dan Search Laporan Tagihan' successfully

03-01-2025T19:22:09 - [TEST_STEP][PASSED] - callTestCase(findTestCase("Test Cases/Laporan/Admin Sekolah/Unduh Excel"), [:], CONTINUE_ON_FAILURE): Call Test Case 'Test Cases/Laporan/Admin Sekolah/Unduh Excel' successfully

03-01-2025T19:22:09 - [TEST_CASE][PASSED] - Test Cases/Laporan/Admin Sekolah/Unduh Excel: Test Cases/Laporan/Admin Sekolah/Unduh Excel

03-01-2025T19:22:09 - [TEST_STEP][PASSED] - openBrowser("", CONTINUE_ON_FAILURE): Browser is opened with url: ''

03-01-2025T19:22:09 - [MESSAGE][WARNING] - A browser is already opened. Closing browser and opening a new one

03-01-2025T19:22:09 - [MESSAGE][INFO] - Starting 'Chrome' driver

03-01-2025T19:22:09 - [MESSAGE][INFO] - Action delay is set to 0 milliseconds

03-01-2025T19:22:10 - [MESSAGE][PASSED] - Browser is opened with url: ''

03-01-2025T19:22:10 - [TEST_STEP][PASSED] - navigateToUrl("https://sit.siprusedu.com/login", CONTINUE_ON_FAILURE): Navigate to 'https://sit.siprusedu.com/login' successfully

03-01-2025T19:22:11 - [MESSAGE][PASSED] - Navigate to 'https://sit.siprusedu.com/login' successfully

03-01-2025T19:22:11 - [TEST_STEP][PASSED] - setText(findTestObject("Master Data/Admin Sekolah/Login/Field Email"), "admin.gudangsolusi@digiform.co.id", CONTINUE_ON_FAILURE): Text 'admin.gudangsolusi@digiform.co.id' is set on object 'Object Repository/Master Data/Admin Sekolah/Login/Field Email'

03-01-2025T19:22:13 - [MESSAGE][PASSED] - Text 'admin.gudangsolusi@digiform.co.id' is set on object 'Object Repository/Master Data/Admin Sekolah/Login/Field Email'

03-01-2025T19:22:13 - [TEST_STEP][PASSED] - setText(findTestObject("Master Data/Admin Sekolah/Login/Input Password"), "Test1234", CONTINUE_ON_FAILURE): Text 'Test1234' is set on object 'Object Repository/Master Data/Admin Sekolah/Login/Input Password'

03-01-2025T19:22:13 - [MESSAGE][PASSED] - Text 'Test1234' is set on object 'Object Repository/Master Data/Admin Sekolah/Login/Input Password'

03-01-2025T19:22:13 - [TEST_STEP][PASSED] - click(findTestObject("Master Data/Admin Sekolah/Login/Button Submit"), CONTINUE_ON_FAILURE): Object: 'Object Repository/Master Data/Admin Sekolah/Login/Button Submit' is clicked on

03-01-2025T19:22:13 - [MESSAGE][PASSED] - Object: 'Object Repository/Master Data/Admin Sekolah/Login/Button Submit' is clicked on

03-01-2025T19:22:13 - [TEST_STEP][PASSED] - click(findTestObject("Laporan/Filter dan Search Laporan Tagihan/Menu Laporan")): Object: 'Object Repository/Laporan/Filter dan Search Laporan Tagihan/Menu Laporan' is clicked on

03-01-2025T19:22:15 - [MESSAGE][PASSED] - Object: 'Object Repository/Laporan/Filter dan Search Laporan Tagihan/Menu Laporan' is clicked on

03-01-2025T19:22:15 - [TEST_STEP][PASSED] - click(findTestObject("Laporan/Filter dan Search Laporan Tagihan/Submenu Tagihan")): Object: 'Object Repository/Laporan/Filter dan Search Laporan Tagihan/Submenu Tagihan' is clicked on

03-01-2025T19:22:16 - [MESSAGE][PASSED] - Object: 'Object Repository/Laporan/Filter dan Search Laporan Tagihan/Submenu Tagihan' is clicked on

03-01-2025T19:22:16 - [TEST_STEP][PASSED] - click(findTestObject("Laporan/Unduh Excel/Unduh Excel")): Object: 'Object Repository/Laporan/Unduh Excel/Unduh Excel' is clicked on

03-01-2025T19:22:17 - [MESSAGE][PASSED] - Object: 'Object Repository/Laporan/Unduh Excel/Unduh Excel' is clicked on

03-01-2025T19:22:17 - [MESSAGE][PASSED] - Call Test Case 'Test Cases/Laporan/Admin Sekolah/Unduh Excel' successfully

03-01-2025T19:22:17 - [TEST_STEP][PASSED] - callTestCase(findTestCase("Test Cases/Laporan/Laporan Pembayaran/Filter Search Laporan Pembayaran"), [:], CONTINUE_ON_FAILURE): Call Test Case 'Test Cases/Laporan/Laporan Pembayaran/Filter Search Laporan Pembayaran' successfully

03-01-2025T19:22:17 - [TEST_CASE][PASSED] - Test Cases/Laporan/Laporan Pembayaran/Filter Search Laporan Pembayaran: Test Cases/Laporan/Laporan Pembayaran/Filter Search Laporan Pembayaran

03-01-2025T19:22:17 - [TEST_STEP][PASSED] - openBrowser(""): Browser is opened with url: ''

03-01-2025T19:22:17 - [MESSAGE][WARNING] - A browser is already opened. Closing browser and opening a new one

03-01-2025T19:22:17 - [MESSAGE][INFO] - Starting 'Chrome' driver

03-01-2025T19:22:17 - [MESSAGE][INFO] - Action delay is set to 0 milliseconds

03-01-2025T19:22:18 - [MESSAGE][PASSED] - Browser is opened with url: ''

03-01-2025T19:22:18 - [TEST_STEP][PASSED] - navigateToUrl("https://sit.siprusedu.com/login"): Navigate to 'https://sit.siprusedu.com/login' successfully

03-01-2025T19:22:19 - [MESSAGE][PASSED] - Navigate to 'https://sit.siprusedu.com/login' successfully

03-01-2025T19:22:19 - [TEST_STEP][PASSED] - setText(findTestObject("Master Data/Admin Sekolah/Login/Field Email"), "admin.gudangsolusi@digiform.co.id"): Text 'admin.gudangsolusi@digiform.co.id' is set on object 'Object Repository/Master Data/Admin Sekolah/Login/Field Email'

03-01-2025T19:22:20 - [MESSAGE][PASSED] - Text 'admin.gudangsolusi@digiform.co.id' is set on object 'Object Repository/Master Data/Admin Sekolah/Login/Field Email'

03-01-2025T19:22:20 - [TEST_STEP][PASSED] - setText(findTestObject("Master Data/Admin Sekolah/Login/Input Password"), "Test1234"): Text 'Test1234' is set on object 'Object Repository/Master Data/Admin Sekolah/Login/Input Password'

03-01-2025T19:22:21 - [MESSAGE][PASSED] - Text 'Test1234' is set on object 'Object Repository/Master Data/Admin Sekolah/Login/Input Password'

03-01-2025T19:22:21 - [TEST_STEP][PASSED] - click(findTestObject("Master Data/Admin Sekolah/Login/Button Submit")): Object: 'Object Repository/Master Data/Admin Sekolah/Login/Button Submit' is clicked on

03-01-2025T19:22:21 - [MESSAGE][PASSED] - Object: 'Object Repository/Master Data/Admin Sekolah/Login/Button Submit' is clicked on

03-01-2025T19:22:21 - [TEST_STEP][PASSED] - click(findTestObject("Laporan/Laporan Pembayaran/Menu Laporan")): Object: 'Object Repository/Laporan/Laporan Pembayaran/Menu Laporan' is clicked on

03-01-2025T19:22:23 - [MESSAGE][PASSED] - Object: 'Object Repository/Laporan/Laporan Pembayaran/Menu Laporan' is clicked on

03-01-2025T19:22:23 - [TEST_STEP][PASSED] - click(findTestObject("Laporan/Laporan Pembayaran/Sub Menu Pembayaran")): Object: 'Object Repository/Laporan/Laporan Pembayaran/Sub Menu Pembayaran' is clicked on

03-01-2025T19:22:24 - [MESSAGE][PASSED] - Object: 'Object Repository/Laporan/Laporan Pembayaran/Sub Menu Pembayaran' is clicked on

03-01-2025T19:22:24 - [TEST_STEP][PASSED] - click(findTestObject("Laporan/Laporan Pembayaran/Filter Search Laporan Pembayaran/Dropdown Kelas")): Object: 'Object Repository/Laporan/Laporan Pembayaran/Filter Search Laporan Pembayaran/Dropdown Kelas' is clicked on

03-01-2025T19:22:24 - [MESSAGE][PASSED] - Object: 'Object Repository/Laporan/Laporan Pembayaran/Filter Search Laporan Pembayaran/Dropdown Kelas' is clicked on

03-01-2025T19:22:24 - [TEST_STEP][PASSED] - click(findTestObject("Laporan/Laporan Pembayaran/Filter Search Laporan Pembayaran/Field Pencarian Kelas")): Object: 'Object Repository/Laporan/Laporan Pembayaran/Filter Search Laporan Pembayaran/Field Pencarian Kelas' is clicked on

03-01-2025T19:22:25 - [MESSAGE][PASSED] - Object: 'Object Repository/Laporan/Laporan Pembayaran/Filter Search Laporan Pembayaran/Field Pencarian Kelas' is clicked on

03-01-2025T19:22:25 - [TEST_STEP][PASSED] - setText(findTestObject("Laporan/Laporan Pembayaran/Filter Search Laporan Pembayaran/Field Pencarian Kelas"), "XII IPS"): Text 'XII IPS' is set on object 'Object Repository/Laporan/Laporan Pembayaran/Filter Search Laporan Pembayaran/Field Pencarian Kelas'

03-01-2025T19:22:25 - [MESSAGE][PASSED] - Text 'XII IPS' is set on object 'Object Repository/Laporan/Laporan Pembayaran/Filter Search Laporan Pembayaran/Field Pencarian Kelas'

03-01-2025T19:22:25 - [TEST_STEP][PASSED] - verifyElementVisible(findTestObject("Laporan/Laporan Pembayaran/Filter Search Laporan Pembayaran/Value Dropdown Kelas XII IPS 2"), STOP_ON_FAILURE): Object 'Object Repository/Laporan/Laporan Pembayaran/Filter Search Laporan Pembayaran/Value Dropdown Kelas XII IPS 2' is visible

03-01-2025T19:22:26 - [MESSAGE][PASSED] - Object 'Object Repository/Laporan/Laporan Pembayaran/Filter Search Laporan Pembayaran/Value Dropdown Kelas XII IPS 2' is visible

03-01-2025T19:22:26 - [TEST_STEP][PASSED] - click(findTestObject("Laporan/Laporan Pembayaran/Filter Search Laporan Pembayaran/Value Dropdown Kelas XII IPS 2")): Object: 'Object Repository/Laporan/Laporan Pembayaran/Filter Search Laporan Pembayaran/Value Dropdown Kelas XII IPS 2' is clicked on

03-01-2025T19:22:26 - [MESSAGE][PASSED] - Object: 'Object Repository/Laporan/Laporan Pembayaran/Filter Search Laporan Pembayaran/Value Dropdown Kelas XII IPS 2' is clicked on

03-01-2025T19:22:26 - [TEST_STEP][PASSED] - click(findTestObject("Laporan/Laporan Pembayaran/Filter Search Laporan Pembayaran/Dropdown Metode Pembayaran")): Object: 'Object Repository/Laporan/Laporan Pembayaran/Filter Search Laporan Pembayaran/Dropdown Metode Pembayaran' is clicked on

03-01-2025T19:22:27 - [MESSAGE][PASSED] - Object: 'Object Repository/Laporan/Laporan Pembayaran/Filter Search Laporan Pembayaran/Dropdown Metode Pembayaran' is clicked on

03-01-2025T19:22:27 - [TEST_STEP][PASSED] - click(findTestObject("Laporan/Laporan Pembayaran/Filter Search Laporan Pembayaran/Value Metode Pembayaran Kasir")): Object: 'Object Repository/Laporan/Laporan Pembayaran/Filter Search Laporan Pembayaran/Value Metode Pembayaran Kasir' is clicked on

03-01-2025T19:22:27 - [MESSAGE][PASSED] - Object: 'Object Repository/Laporan/Laporan Pembayaran/Filter Search Laporan Pembayaran/Value Metode Pembayaran Kasir' is clicked on

03-01-2025T19:22:27 - [TEST_STEP][PASSED] - click(findTestObject("Laporan/Laporan Pembayaran/Filter Search Laporan Pembayaran/Dropdown Status")): Object: 'Object Repository/Laporan/Laporan Pembayaran/Filter Search Laporan Pembayaran/Dropdown Status' is clicked on

03-01-2025T19:22:28 - [MESSAGE][PASSED] - Object: 'Object Repository/Laporan/Laporan Pembayaran/Filter Search Laporan Pembayaran/Dropdown Status' is clicked on

03-01-2025T19:22:28 - [TEST_STEP][PASSED] - click(findTestObject("Laporan/Laporan Pembayaran/Filter Search Laporan Pembayaran/Value Status Lunas")): Object: 'Object Repository/Laporan/Laporan Pembayaran/Filter Search Laporan Pembayaran/Value Status Lunas' is clicked on

03-01-2025T19:22:28 - [MESSAGE][PASSED] - Object: 'Object Repository/Laporan/Laporan Pembayaran/Filter Search Laporan Pembayaran/Value Status Lunas' is clicked on

03-01-2025T19:22:28 - [TEST_STEP][PASSED] - delay(2): Delayed 2 second(s)

03-01-2025T19:22:30 - [MESSAGE][PASSED] - Delayed 2 second(s)

03-01-2025T19:22:30 - [TEST_STEP][PASSED] - click(findTestObject("Laporan/Laporan Pembayaran/Filter Search Laporan Pembayaran/Button Terapkan")): Object: 'Object Repository/Laporan/Laporan Pembayaran/Filter Search Laporan Pembayaran/Button Terapkan' is clicked on

03-01-2025T19:22:30 - [MESSAGE][PASSED] - Object: 'Object Repository/Laporan/Laporan Pembayaran/Filter Search Laporan Pembayaran/Button Terapkan' is clicked on

03-01-2025T19:22:30 - [TEST_STEP][PASSED] - delay(2): Delayed 2 second(s)

03-01-2025T19:22:32 - [MESSAGE][PASSED] - Delayed 2 second(s)

03-01-2025T19:22:32 - [TEST_STEP][PASSED] - click(findTestObject("Laporan/Laporan Pembayaran/Filter Search Laporan Pembayaran/Button Reset")): Object: 'Object Repository/Laporan/Laporan Pembayaran/Filter Search Laporan Pembayaran/Button Reset' is clicked on

03-01-2025T19:22:33 - [MESSAGE][PASSED] - Object: 'Object Repository/Laporan/Laporan Pembayaran/Filter Search Laporan Pembayaran/Button Reset' is clicked on

03-01-2025T19:22:33 - [TEST_STEP][PASSED] - click(findTestObject("Laporan/Laporan Pembayaran/Filter Search Laporan Pembayaran/Field Pencarian Siswa")): Object: 'Object Repository/Laporan/Laporan Pembayaran/Filter Search Laporan Pembayaran/Field Pencarian Siswa' is clicked on

03-01-2025T19:22:33 - [MESSAGE][PASSED] - Object: 'Object Repository/Laporan/Laporan Pembayaran/Filter Search Laporan Pembayaran/Field Pencarian Siswa' is clicked on

03-01-2025T19:22:33 - [TEST_STEP][PASSED] - setText(findTestObject("Laporan/Laporan Pembayaran/Filter Search Laporan Pembayaran/Field Pencarian Siswa"), "Naufal"): Text 'Naufal' is set on object 'Object Repository/Laporan/Laporan Pembayaran/Filter Search Laporan Pembayaran/Field Pencarian Siswa'

03-01-2025T19:22:34 - [MESSAGE][PASSED] - Text 'Naufal' is set on object 'Object Repository/Laporan/Laporan Pembayaran/Filter Search Laporan Pembayaran/Field Pencarian Siswa'

03-01-2025T19:22:34 - [TEST_STEP][PASSED] - click(findTestObject("Laporan/Laporan Pembayaran/Filter Search Laporan Pembayaran/Value Rekomendasi Pencarian Siswa")): Object: 'Object Repository/Laporan/Laporan Pembayaran/Filter Search Laporan Pembayaran/Value Rekomendasi Pencarian Siswa' is clicked on

03-01-2025T19:23:05 - [MESSAGE][INFO] - Unable to find the element located by 'By.xpath: //p[@class='text-sm cursor-pointer px-3 py-2 text-left font-normal text-[#323437]']'. Please recheck the objects properties to make sure the desired element is located. 

03-01-2025T19:23:05 - [MESSAGE][WARNING] - [SELF-HEALING] Failed to find element with id 'Object Repository/Laporan/Laporan Pembayaran/Filter Search Laporan Pembayaran/Value Rekomendasi Pencarian Siswa'. Try using Self-healing.

03-01-2025T19:23:05 - [MESSAGE][INFO] - [SELF-HEALING] Failed Locator: '//div[@id='layout-content']/div/div/div[2]/div/div[4]/div/p'.

03-01-2025T19:23:05 - [MESSAGE][INFO] - [SELF-HEALING] Working Locator: '(.//*[normalize-space(text()) and normalize-space(.)='Laporan Pembayaran'])[2]/following::p[17]'.

03-01-2025T19:23:05 - [MESSAGE][INFO] - [SELF-HEALING] Screenshot: C:/Users/henri/Videos/school-payment-automation-testing/Reports/Self-healing/Object Repository/Laporan/Laporan Pembayaran/Filter Search Laporan Pembayaran/Value Rekomendasi Pencarian Siswa_neighbor.png

03-01-2025T19:23:05 - [MESSAGE][WARNING] - [SELF-HEALING] The current locator of test object 'Object Repository/Laporan/Laporan Pembayaran/Filter Search Laporan Pembayaran/Value Rekomendasi Pencarian Siswa' was broken. Propose an alternative one: '(.//*[normalize-space(text()) and normalize-space(.)='Laporan Pembayaran'])[2]/following::p[17]'.

03-01-2025T19:23:05 - [MESSAGE][PASSED] - Object: 'Object Repository/Laporan/Laporan Pembayaran/Filter Search Laporan Pembayaran/Value Rekomendasi Pencarian Siswa' is clicked on

03-01-2025T19:23:05 - [TEST_STEP][PASSED] - click(findTestObject("Laporan/Laporan Pembayaran/Filter Search Laporan Pembayaran/Button Terapkan")): Object: 'Object Repository/Laporan/Laporan Pembayaran/Filter Search Laporan Pembayaran/Button Terapkan' is clicked on

03-01-2025T19:23:06 - [MESSAGE][PASSED] - Object: 'Object Repository/Laporan/Laporan Pembayaran/Filter Search Laporan Pembayaran/Button Terapkan' is clicked on

03-01-2025T19:23:06 - [MESSAGE][INFO] - 

03-01-2025T19:23:06 - [MESSAGE][INFO] - ===================== Self-healing Report ====================

03-01-2025T19:23:06 - [MESSAGE][INFO] - One of the failed test object locators has been recovered by Self-healing. Please refer to the Self-healing Insights tab for more details.

03-01-2025T19:23:06 - [MESSAGE][INFO] - To learn more about Self-healing, please read https://docs.katalon.com/katalon-studio/docs/self-healing.html

03-01-2025T19:23:06 - [MESSAGE][INFO] - ==============================================================

03-01-2025T19:23:06 - [MESSAGE][PASSED] - Call Test Case 'Test Cases/Laporan/Laporan Pembayaran/Filter Search Laporan Pembayaran' successfully

03-01-2025T19:23:06 - [TEST_STEP][PASSED] - callTestCase(findTestCase("Test Cases/Laporan/Laporan Pembayaran/Lihat Detail Laporan Pembayaran"), [:], CONTINUE_ON_FAILURE): Call Test Case 'Test Cases/Laporan/Laporan Pembayaran/Lihat Detail Laporan Pembayaran' successfully

03-01-2025T19:23:06 - [TEST_CASE][PASSED] - Test Cases/Laporan/Laporan Pembayaran/Lihat Detail Laporan Pembayaran: Test Cases/Laporan/Laporan Pembayaran/Lihat Detail Laporan Pembayaran

03-01-2025T19:23:06 - [TEST_STEP][PASSED] - openBrowser(""): Browser is opened with url: ''

03-01-2025T19:23:06 - [MESSAGE][WARNING] - A browser is already opened. Closing browser and opening a new one

03-01-2025T19:23:06 - [MESSAGE][INFO] - Starting 'Chrome' driver

03-01-2025T19:23:06 - [MESSAGE][INFO] - Action delay is set to 0 milliseconds

03-01-2025T19:23:07 - [MESSAGE][PASSED] - Browser is opened with url: ''

03-01-2025T19:23:07 - [TEST_STEP][PASSED] - navigateToUrl("https://sit.siprusedu.com/login"): Navigate to 'https://sit.siprusedu.com/login' successfully

03-01-2025T19:23:07 - [MESSAGE][PASSED] - Navigate to 'https://sit.siprusedu.com/login' successfully

03-01-2025T19:23:07 - [TEST_STEP][PASSED] - setText(findTestObject("Master Data/Admin Sekolah/Login/Field Email"), "admin.gudangsolusi@digiform.co.id"): Text 'admin.gudangsolusi@digiform.co.id' is set on object 'Object Repository/Master Data/Admin Sekolah/Login/Field Email'

03-01-2025T19:23:09 - [MESSAGE][PASSED] - Text 'admin.gudangsolusi@digiform.co.id' is set on object 'Object Repository/Master Data/Admin Sekolah/Login/Field Email'

03-01-2025T19:23:09 - [TEST_STEP][PASSED] - setText(findTestObject("Master Data/Admin Sekolah/Login/Input Password"), "Test1234"): Text 'Test1234' is set on object 'Object Repository/Master Data/Admin Sekolah/Login/Input Password'

03-01-2025T19:23:10 - [MESSAGE][PASSED] - Text 'Test1234' is set on object 'Object Repository/Master Data/Admin Sekolah/Login/Input Password'

03-01-2025T19:23:10 - [TEST_STEP][PASSED] - click(findTestObject("Master Data/Admin Sekolah/Login/Button Submit")): Object: 'Object Repository/Master Data/Admin Sekolah/Login/Button Submit' is clicked on

03-01-2025T19:23:10 - [MESSAGE][PASSED] - Object: 'Object Repository/Master Data/Admin Sekolah/Login/Button Submit' is clicked on

03-01-2025T19:23:10 - [TEST_STEP][PASSED] - click(findTestObject("Laporan/Laporan Pembayaran/Menu Laporan")): Object: 'Object Repository/Laporan/Laporan Pembayaran/Menu Laporan' is clicked on

03-01-2025T19:23:12 - [MESSAGE][PASSED] - Object: 'Object Repository/Laporan/Laporan Pembayaran/Menu Laporan' is clicked on

03-01-2025T19:23:12 - [TEST_STEP][PASSED] - click(findTestObject("Laporan/Laporan Pembayaran/Sub Menu Pembayaran")): Object: 'Object Repository/Laporan/Laporan Pembayaran/Sub Menu Pembayaran' is clicked on

03-01-2025T19:23:13 - [MESSAGE][PASSED] - Object: 'Object Repository/Laporan/Laporan Pembayaran/Sub Menu Pembayaran' is clicked on

03-01-2025T19:23:13 - [TEST_STEP][PASSED] - click(findTestObject("Laporan/Laporan Pembayaran/Lihat Detail Laporan Pembayaran/Button Lihat Detail")): Object: 'Object Repository/Laporan/Laporan Pembayaran/Lihat Detail Laporan Pembayaran/Button Lihat Detail' is clicked on

03-01-2025T19:23:13 - [MESSAGE][PASSED] - Object: 'Object Repository/Laporan/Laporan Pembayaran/Lihat Detail Laporan Pembayaran/Button Lihat Detail' is clicked on

03-01-2025T19:23:13 - [TEST_STEP][PASSED] - verifyElementVisible(findTestObject("Laporan/Laporan Pembayaran/Lihat Detail Laporan Pembayaran/Button Cetak")): Object 'Object Repository/Laporan/Laporan Pembayaran/Lihat Detail Laporan Pembayaran/Button Cetak' is visible

03-01-2025T19:23:14 - [MESSAGE][PASSED] - Object 'Object Repository/Laporan/Laporan Pembayaran/Lihat Detail Laporan Pembayaran/Button Cetak' is visible

03-01-2025T19:23:14 - [TEST_STEP][PASSED] - click(findTestObject("Laporan/Laporan Pembayaran/Lihat Detail Laporan Pembayaran/Button Cetak")): Object: 'Object Repository/Laporan/Laporan Pembayaran/Lihat Detail Laporan Pembayaran/Button Cetak' is clicked on

03-01-2025T19:23:14 - [MESSAGE][PASSED] - Object: 'Object Repository/Laporan/Laporan Pembayaran/Lihat Detail Laporan Pembayaran/Button Cetak' is clicked on

03-01-2025T19:23:14 - [TEST_STEP][PASSED] - delay(2): Delayed 2 second(s)

03-01-2025T19:23:16 - [MESSAGE][PASSED] - Delayed 2 second(s)

03-01-2025T19:23:16 - [MESSAGE][INFO] - 

03-01-2025T19:23:16 - [MESSAGE][INFO] - ===================== Self-healing Report ====================

03-01-2025T19:23:16 - [MESSAGE][INFO] - One of the failed test object locators has been recovered by Self-healing. Please refer to the Self-healing Insights tab for more details.

03-01-2025T19:23:16 - [MESSAGE][INFO] - To learn more about Self-healing, please read https://docs.katalon.com/katalon-studio/docs/self-healing.html

03-01-2025T19:23:16 - [MESSAGE][INFO] - ==============================================================

03-01-2025T19:23:16 - [MESSAGE][PASSED] - Call Test Case 'Test Cases/Laporan/Laporan Pembayaran/Lihat Detail Laporan Pembayaran' successfully

03-01-2025T19:23:16 - [TEST_STEP][PASSED] - callTestCase(findTestCase("Test Cases/Laporan/Laporan Pembayaran/Unduh Excel"), [:], CONTINUE_ON_FAILURE): Call Test Case 'Test Cases/Laporan/Laporan Pembayaran/Unduh Excel' successfully

03-01-2025T19:23:16 - [TEST_CASE][PASSED] - Test Cases/Laporan/Laporan Pembayaran/Unduh Excel: Test Cases/Laporan/Laporan Pembayaran/Unduh Excel

03-01-2025T19:23:16 - [TEST_STEP][PASSED] - openBrowser(""): Browser is opened with url: ''

03-01-2025T19:23:16 - [MESSAGE][WARNING] - A browser is already opened. Closing browser and opening a new one

03-01-2025T19:23:17 - [MESSAGE][INFO] - Starting 'Chrome' driver

03-01-2025T19:23:17 - [MESSAGE][INFO] - Action delay is set to 0 milliseconds

03-01-2025T19:23:17 - [MESSAGE][PASSED] - Browser is opened with url: ''

03-01-2025T19:23:17 - [TEST_STEP][PASSED] - navigateToUrl("https://sit.siprusedu.com/login"): Navigate to 'https://sit.siprusedu.com/login' successfully

03-01-2025T19:23:57 - [MESSAGE][PASSED] - Navigate to 'https://sit.siprusedu.com/login' successfully

03-01-2025T19:23:57 - [TEST_STEP][PASSED] - setText(findTestObject("Master Data/Admin Sekolah/Login/Field Email"), "admin.gudangsolusi@digiform.co.id"): Text 'admin.gudangsolusi@digiform.co.id' is set on object 'Object Repository/Master Data/Admin Sekolah/Login/Field Email'

03-01-2025T19:23:57 - [MESSAGE][PASSED] - Text 'admin.gudangsolusi@digiform.co.id' is set on object 'Object Repository/Master Data/Admin Sekolah/Login/Field Email'

03-01-2025T19:23:57 - [TEST_STEP][PASSED] - setText(findTestObject("Master Data/Admin Sekolah/Login/Input Password"), "Test1234"): Text 'Test1234' is set on object 'Object Repository/Master Data/Admin Sekolah/Login/Input Password'

03-01-2025T19:23:58 - [MESSAGE][PASSED] - Text 'Test1234' is set on object 'Object Repository/Master Data/Admin Sekolah/Login/Input Password'

03-01-2025T19:23:58 - [TEST_STEP][PASSED] - click(findTestObject("Master Data/Admin Sekolah/Login/Button Submit")): Object: 'Object Repository/Master Data/Admin Sekolah/Login/Button Submit' is clicked on

03-01-2025T19:23:58 - [MESSAGE][PASSED] - Object: 'Object Repository/Master Data/Admin Sekolah/Login/Button Submit' is clicked on

03-01-2025T19:23:58 - [TEST_STEP][PASSED] - click(findTestObject("Laporan/Laporan Pembayaran/Menu Laporan")): Object: 'Object Repository/Laporan/Laporan Pembayaran/Menu Laporan' is clicked on

03-01-2025T19:24:00 - [MESSAGE][PASSED] - Object: 'Object Repository/Laporan/Laporan Pembayaran/Menu Laporan' is clicked on

03-01-2025T19:24:00 - [TEST_STEP][PASSED] - click(findTestObject("Laporan/Laporan Pembayaran/Sub Menu Pembayaran")): Object: 'Object Repository/Laporan/Laporan Pembayaran/Sub Menu Pembayaran' is clicked on

03-01-2025T19:24:19 - [MESSAGE][PASSED] - Object: 'Object Repository/Laporan/Laporan Pembayaran/Sub Menu Pembayaran' is clicked on

03-01-2025T19:24:19 - [TEST_STEP][PASSED] - click(findTestObject("Laporan/Laporan Pembayaran/Unduh Excel/Button Unduh Excel")): Object: 'Object Repository/Laporan/Laporan Pembayaran/Unduh Excel/Button Unduh Excel' is clicked on

03-01-2025T19:24:20 - [MESSAGE][PASSED] - Object: 'Object Repository/Laporan/Laporan Pembayaran/Unduh Excel/Button Unduh Excel' is clicked on

03-01-2025T19:24:20 - [TEST_STEP][PASSED] - delay(2): Delayed 2 second(s)

03-01-2025T19:24:22 - [MESSAGE][PASSED] - Delayed 2 second(s)

03-01-2025T19:24:22 - [MESSAGE][INFO] - 

03-01-2025T19:24:22 - [MESSAGE][INFO] - ===================== Self-healing Report ====================

03-01-2025T19:24:22 - [MESSAGE][INFO] - One of the failed test object locators has been recovered by Self-healing. Please refer to the Self-healing Insights tab for more details.

03-01-2025T19:24:22 - [MESSAGE][INFO] - To learn more about Self-healing, please read https://docs.katalon.com/katalon-studio/docs/self-healing.html

03-01-2025T19:24:22 - [MESSAGE][INFO] - ==============================================================

03-01-2025T19:24:22 - [MESSAGE][PASSED] - Call Test Case 'Test Cases/Laporan/Laporan Pembayaran/Unduh Excel' successfully

03-01-2025T19:24:22 - [TEST_STEP][PASSED] - println("============================= Loop Again ==============================="): null]]></system-out>
         <system-err><![CDATA[]]></system-err>
      </testcase>
      <testcase name="Test Cases/Regresi Feature/Sprint 3/Regresi Profile" time="37.321" classname="Test Cases/Regresi Feature/Sprint 3/Regresi Profile" status="PASSED">
         <system-out><![CDATA[03-01-2025T19:24:22 - [TEST_CASE][PASSED] - Test Cases/Regresi Feature/Sprint 3/Regresi Profile: Test Cases/Regresi Feature/Sprint 3/Regresi Profile

03-01-2025T19:24:22 - [TEST_STEP][PASSED] - for ([i = 1, i <= maxLoop, (i++)]): null

03-01-2025T19:24:22 - [TEST_STEP][PASSED] - callTestCase(findTestCase("Test Cases/Master Data/Admin Sekolah/Profile/Ubah Password/Ubah Password"), [:], CONTINUE_ON_FAILURE): Call Test Case 'Test Cases/Master Data/Admin Sekolah/Profile/Ubah Password/Ubah Password' successfully

03-01-2025T19:24:22 - [TEST_CASE][PASSED] - Test Cases/Master Data/Admin Sekolah/Profile/Ubah Password/Ubah Password: Test Cases/Master Data/Admin Sekolah/Profile/Ubah Password/Ubah Password

03-01-2025T19:24:22 - [TEST_STEP][PASSED] - openBrowser(""): Browser is opened with url: ''

03-01-2025T19:24:22 - [MESSAGE][WARNING] - A browser is already opened. Closing browser and opening a new one

03-01-2025T19:24:22 - [MESSAGE][INFO] - Starting 'Chrome' driver

03-01-2025T19:24:22 - [MESSAGE][INFO] - Action delay is set to 0 milliseconds

03-01-2025T19:24:23 - [MESSAGE][PASSED] - Browser is opened with url: ''

03-01-2025T19:24:23 - [TEST_STEP][PASSED] - navigateToUrl("https://sit.siprusedu.com/login"): Navigate to 'https://sit.siprusedu.com/login' successfully

03-01-2025T19:24:23 - [MESSAGE][PASSED] - Navigate to 'https://sit.siprusedu.com/login' successfully

03-01-2025T19:24:23 - [TEST_STEP][PASSED] - click(findTestObject("Master Data/Admin Sekolah/Login/Field Email")): Object: 'Object Repository/Master Data/Admin Sekolah/Login/Field Email' is clicked on

03-01-2025T19:24:25 - [MESSAGE][PASSED] - Object: 'Object Repository/Master Data/Admin Sekolah/Login/Field Email' is clicked on

03-01-2025T19:24:25 - [TEST_STEP][PASSED] - setText(findTestObject("Master Data/Admin Sekolah/Login/Field Email"), "admin.gudangsolusi@digiform.co.id"): Text 'admin.gudangsolusi@digiform.co.id' is set on object 'Object Repository/Master Data/Admin Sekolah/Login/Field Email'

03-01-2025T19:24:26 - [MESSAGE][PASSED] - Text 'admin.gudangsolusi@digiform.co.id' is set on object 'Object Repository/Master Data/Admin Sekolah/Login/Field Email'

03-01-2025T19:24:26 - [TEST_STEP][PASSED] - click(findTestObject("Master Data/Admin Sekolah/Login/Input Password")): Object: 'Object Repository/Master Data/Admin Sekolah/Login/Input Password' is clicked on

03-01-2025T19:24:26 - [MESSAGE][PASSED] - Object: 'Object Repository/Master Data/Admin Sekolah/Login/Input Password' is clicked on

03-01-2025T19:24:26 - [TEST_STEP][PASSED] - setText(findTestObject("Master Data/Admin Sekolah/Login/Input Password"), "Test1234"): Text 'Test1234' is set on object 'Object Repository/Master Data/Admin Sekolah/Login/Input Password'

03-01-2025T19:24:27 - [MESSAGE][PASSED] - Text 'Test1234' is set on object 'Object Repository/Master Data/Admin Sekolah/Login/Input Password'

03-01-2025T19:24:27 - [TEST_STEP][PASSED] - click(findTestObject("Master Data/Admin Sekolah/Login/Button Submit")): Object: 'Object Repository/Master Data/Admin Sekolah/Login/Button Submit' is clicked on

03-01-2025T19:24:27 - [MESSAGE][PASSED] - Object: 'Object Repository/Master Data/Admin Sekolah/Login/Button Submit' is clicked on

03-01-2025T19:24:27 - [TEST_STEP][PASSED] - delay(1): Delayed 1 second(s)

03-01-2025T19:24:28 - [MESSAGE][PASSED] - Delayed 1 second(s)

03-01-2025T19:24:28 - [TEST_STEP][PASSED] - delay(2): Delayed 2 second(s)

03-01-2025T19:24:30 - [MESSAGE][PASSED] - Delayed 2 second(s)

03-01-2025T19:24:30 - [TEST_STEP][PASSED] - click(findTestObject("Master Data/Admin Sekolah/Profile/Klik Profile")): Object: 'Object Repository/Master Data/Admin Sekolah/Profile/Klik Profile' is clicked on

03-01-2025T19:24:30 - [MESSAGE][PASSED] - Object: 'Object Repository/Master Data/Admin Sekolah/Profile/Klik Profile' is clicked on

03-01-2025T19:24:30 - [TEST_STEP][PASSED] - delay(1): Delayed 1 second(s)

03-01-2025T19:24:31 - [MESSAGE][PASSED] - Delayed 1 second(s)

03-01-2025T19:24:31 - [TEST_STEP][PASSED] - click(findTestObject("Master Data/Admin Sekolah/Profile/Ubah Password/Klik Ubah Password")): Object: 'Object Repository/Master Data/Admin Sekolah/Profile/Ubah Password/Klik Ubah Password' is clicked on

03-01-2025T19:24:31 - [MESSAGE][PASSED] - Object: 'Object Repository/Master Data/Admin Sekolah/Profile/Ubah Password/Klik Ubah Password' is clicked on

03-01-2025T19:24:31 - [TEST_STEP][PASSED] - delay(1): Delayed 1 second(s)

03-01-2025T19:24:32 - [MESSAGE][PASSED] - Delayed 1 second(s)

03-01-2025T19:24:32 - [TEST_STEP][PASSED] - click(findTestObject("Master Data/Admin Sekolah/Profile/Ubah Password/Klik Password Lama")): Object: 'Object Repository/Master Data/Admin Sekolah/Profile/Ubah Password/Klik Password Lama' is clicked on

03-01-2025T19:24:33 - [MESSAGE][PASSED] - Object: 'Object Repository/Master Data/Admin Sekolah/Profile/Ubah Password/Klik Password Lama' is clicked on

03-01-2025T19:24:33 - [TEST_STEP][PASSED] - delay(2): Delayed 2 second(s)

03-01-2025T19:24:35 - [MESSAGE][PASSED] - Delayed 2 second(s)

03-01-2025T19:24:35 - [TEST_STEP][PASSED] - setText(findTestObject("Master Data/Admin Sekolah/Profile/Ubah Password/Klik Password Lama"), "Test1234"): Text 'Test1234' is set on object 'Object Repository/Master Data/Admin Sekolah/Profile/Ubah Password/Klik Password Lama'

03-01-2025T19:24:35 - [MESSAGE][PASSED] - Text 'Test1234' is set on object 'Object Repository/Master Data/Admin Sekolah/Profile/Ubah Password/Klik Password Lama'

03-01-2025T19:24:35 - [TEST_STEP][PASSED] - delay(1): Delayed 1 second(s)

03-01-2025T19:24:36 - [MESSAGE][PASSED] - Delayed 1 second(s)

03-01-2025T19:24:36 - [TEST_STEP][PASSED] - click(findTestObject("Master Data/Admin Sekolah/Profile/Ubah Password/Klik Password Baru")): Object: 'Object Repository/Master Data/Admin Sekolah/Profile/Ubah Password/Klik Password Baru' is clicked on

03-01-2025T19:24:37 - [MESSAGE][PASSED] - Object: 'Object Repository/Master Data/Admin Sekolah/Profile/Ubah Password/Klik Password Baru' is clicked on

03-01-2025T19:24:37 - [TEST_STEP][PASSED] - setText(findTestObject("Master Data/Admin Sekolah/Profile/Ubah Password/Klik Password Baru"), "Test12345"): Text 'Test12345' is set on object 'Object Repository/Master Data/Admin Sekolah/Profile/Ubah Password/Klik Password Baru'

03-01-2025T19:24:37 - [MESSAGE][PASSED] - Text 'Test12345' is set on object 'Object Repository/Master Data/Admin Sekolah/Profile/Ubah Password/Klik Password Baru'

03-01-2025T19:24:37 - [TEST_STEP][PASSED] - delay(1): Delayed 1 second(s)

03-01-2025T19:24:38 - [MESSAGE][PASSED] - Delayed 1 second(s)

03-01-2025T19:24:38 - [TEST_STEP][PASSED] - click(findTestObject("Master Data/Admin Sekolah/Profile/Ubah Password/Ulangi Password Baru")): Object: 'Object Repository/Master Data/Admin Sekolah/Profile/Ubah Password/Ulangi Password Baru' is clicked on

03-01-2025T19:24:39 - [MESSAGE][PASSED] - Object: 'Object Repository/Master Data/Admin Sekolah/Profile/Ubah Password/Ulangi Password Baru' is clicked on

03-01-2025T19:24:39 - [TEST_STEP][PASSED] - setText(findTestObject("Master Data/Admin Sekolah/Profile/Ubah Password/Ulangi Password Baru"), "Test12345"): Text 'Test12345' is set on object 'Object Repository/Master Data/Admin Sekolah/Profile/Ubah Password/Ulangi Password Baru'

03-01-2025T19:24:39 - [MESSAGE][PASSED] - Text 'Test12345' is set on object 'Object Repository/Master Data/Admin Sekolah/Profile/Ubah Password/Ulangi Password Baru'

03-01-2025T19:24:39 - [TEST_STEP][PASSED] - delay(1): Delayed 1 second(s)

03-01-2025T19:24:40 - [MESSAGE][PASSED] - Delayed 1 second(s)

03-01-2025T19:24:40 - [TEST_STEP][PASSED] - click(findTestObject("Master Data/Admin Sekolah/Profile/Ubah Password/Tombol X")): Object: 'Object Repository/Master Data/Admin Sekolah/Profile/Ubah Password/Tombol X' is clicked on

03-01-2025T19:24:40 - [MESSAGE][PASSED] - Object: 'Object Repository/Master Data/Admin Sekolah/Profile/Ubah Password/Tombol X' is clicked on

03-01-2025T19:24:40 - [MESSAGE][PASSED] - Call Test Case 'Test Cases/Master Data/Admin Sekolah/Profile/Ubah Password/Ubah Password' successfully

03-01-2025T19:24:40 - [TEST_STEP][PASSED] - callTestCase(findTestCase("Test Cases/Master Data/Admin Sekolah/Profile/Upload Photo Profile/Ubah Foto"), [:], CONTINUE_ON_FAILURE): Call Test Case 'Test Cases/Master Data/Admin Sekolah/Profile/Upload Photo Profile/Ubah Foto' successfully

03-01-2025T19:24:40 - [TEST_CASE][PASSED] - Test Cases/Master Data/Admin Sekolah/Profile/Upload Photo Profile/Ubah Foto: Test Cases/Master Data/Admin Sekolah/Profile/Upload Photo Profile/Ubah Foto

03-01-2025T19:24:40 - [TEST_STEP][PASSED] - openBrowser("", OPTIONAL): Browser is opened with url: ''

03-01-2025T19:24:40 - [MESSAGE][WARNING] - A browser is already opened. Closing browser and opening a new one

03-01-2025T19:24:41 - [MESSAGE][INFO] - Starting 'Chrome' driver

03-01-2025T19:24:41 - [MESSAGE][INFO] - Action delay is set to 0 milliseconds

03-01-2025T19:24:42 - [MESSAGE][PASSED] - Browser is opened with url: ''

03-01-2025T19:24:42 - [TEST_STEP][PASSED] - navigateToUrl("https://sit.siprusedu.com/login", OPTIONAL): Navigate to 'https://sit.siprusedu.com/login' successfully

03-01-2025T19:24:42 - [MESSAGE][PASSED] - Navigate to 'https://sit.siprusedu.com/login' successfully

03-01-2025T19:24:42 - [TEST_STEP][PASSED] - click(findTestObject("Master Data/Admin Sekolah/Login/Field Email"), OPTIONAL): Object: 'Object Repository/Master Data/Admin Sekolah/Login/Field Email' is clicked on

03-01-2025T19:24:43 - [MESSAGE][PASSED] - Object: 'Object Repository/Master Data/Admin Sekolah/Login/Field Email' is clicked on

03-01-2025T19:24:43 - [TEST_STEP][PASSED] - setText(findTestObject("Master Data/Admin Sekolah/Login/Field Email"), "admin.gudangsolusi@digiform.co.id", OPTIONAL): Text 'admin.gudangsolusi@digiform.co.id' is set on object 'Object Repository/Master Data/Admin Sekolah/Login/Field Email'

03-01-2025T19:24:44 - [MESSAGE][PASSED] - Text 'admin.gudangsolusi@digiform.co.id' is set on object 'Object Repository/Master Data/Admin Sekolah/Login/Field Email'

03-01-2025T19:24:44 - [TEST_STEP][PASSED] - click(findTestObject("Master Data/Admin Sekolah/Login/Input Password"), OPTIONAL): Object: 'Object Repository/Master Data/Admin Sekolah/Login/Input Password' is clicked on

03-01-2025T19:24:44 - [MESSAGE][PASSED] - Object: 'Object Repository/Master Data/Admin Sekolah/Login/Input Password' is clicked on

03-01-2025T19:24:44 - [TEST_STEP][PASSED] - setText(findTestObject("Master Data/Admin Sekolah/Login/Input Password"), "Test1234", OPTIONAL): Text 'Test1234' is set on object 'Object Repository/Master Data/Admin Sekolah/Login/Input Password'

03-01-2025T19:24:45 - [MESSAGE][PASSED] - Text 'Test1234' is set on object 'Object Repository/Master Data/Admin Sekolah/Login/Input Password'

03-01-2025T19:24:45 - [TEST_STEP][PASSED] - click(findTestObject("Master Data/Admin Sekolah/Login/Button Submit"), OPTIONAL): Object: 'Object Repository/Master Data/Admin Sekolah/Login/Button Submit' is clicked on

03-01-2025T19:24:45 - [MESSAGE][PASSED] - Object: 'Object Repository/Master Data/Admin Sekolah/Login/Button Submit' is clicked on

03-01-2025T19:24:45 - [TEST_STEP][PASSED] - delay(1, OPTIONAL): Delayed 1 second(s)

03-01-2025T19:24:46 - [MESSAGE][PASSED] - Delayed 1 second(s)

03-01-2025T19:24:46 - [TEST_STEP][PASSED] - delay(2, OPTIONAL): Delayed 2 second(s)

03-01-2025T19:24:48 - [MESSAGE][PASSED] - Delayed 2 second(s)

03-01-2025T19:24:48 - [TEST_STEP][PASSED] - click(findTestObject("Master Data/Admin Sekolah/Profile/Klik Profile"), OPTIONAL): Object: 'Object Repository/Master Data/Admin Sekolah/Profile/Klik Profile' is clicked on

03-01-2025T19:24:49 - [MESSAGE][PASSED] - Object: 'Object Repository/Master Data/Admin Sekolah/Profile/Klik Profile' is clicked on

03-01-2025T19:24:49 - [TEST_STEP][PASSED] - delay(1, OPTIONAL): Delayed 1 second(s)

03-01-2025T19:24:50 - [MESSAGE][PASSED] - Delayed 1 second(s)

03-01-2025T19:24:50 - [TEST_STEP][PASSED] - click(findTestObject("Master Data/Admin Sekolah/Profile/Ubah Foto Profile/Klik Menu Ubah Foto Profile"), OPTIONAL): Object: 'Object Repository/Master Data/Admin Sekolah/Profile/Ubah Foto Profile/Klik Menu Ubah Foto Profile' is clicked on

03-01-2025T19:24:50 - [MESSAGE][PASSED] - Object: 'Object Repository/Master Data/Admin Sekolah/Profile/Ubah Foto Profile/Klik Menu Ubah Foto Profile' is clicked on

03-01-2025T19:24:50 - [TEST_STEP][PASSED] - delay(1, OPTIONAL): Delayed 1 second(s)

03-01-2025T19:24:51 - [MESSAGE][PASSED] - Delayed 1 second(s)

03-01-2025T19:24:51 - [TEST_STEP][PASSED] - fotoFilePath = "C:/Users/akmal/Downloads/admin.png": null

03-01-2025T19:24:51 - [TEST_STEP][PASSED] - click(findTestObject("Master Data/Admin Sekolah/Profile/Ubah Foto Profile/Klik Unggah File"), OPTIONAL): Object: 'Object Repository/Master Data/Admin Sekolah/Profile/Ubah Foto Profile/Klik Unggah File' is clicked on

03-01-2025T19:24:51 - [MESSAGE][PASSED] - Object: 'Object Repository/Master Data/Admin Sekolah/Profile/Ubah Foto Profile/Klik Unggah File' is clicked on

03-01-2025T19:24:51 - [TEST_STEP][PASSED] - delay(2, OPTIONAL): Delayed 2 second(s)

03-01-2025T19:24:53 - [MESSAGE][PASSED] - Delayed 2 second(s)

03-01-2025T19:24:53 - [TEST_STEP][PASSED] - uploadFile(findTestObject("Master Data/Admin Sekolah/Profile/Ubah Foto Profile/Unggah File"), fotoFilePath, OPTIONAL): Unable to upload file 'C:/Users/akmal/Downloads/admin.png' to object 'Object Repository/Master Data/Admin Sekolah/Profile/Ubah Foto Profile/Unggah File' (Root cause: com.kms.katalon.core.exception.StepFailedException: Unable to upload file 'C:/Users/akmal/Downloads/admin.png' to object 'Object Repository/Master Data/Admin Sekolah/Profile/Ubah Foto Profile/Unggah File'
	at com.kms.katalon.core.webui.keyword.internal.WebUIKeywordMain.stepFailed(WebUIKeywordMain.groovy:117)
	at com.kms.katalon.core.webui.keyword.internal.WebUIKeywordMain.runKeyword(WebUIKeywordMain.groovy:43)
	at com.kms.katalon.core.webui.keyword.builtin.UploadFileKeyword.uploadFile(UploadFileKeyword.groovy:87)
	at com.kms.katalon.core.webui.keyword.builtin.UploadFileKeyword.execute(UploadFileKeyword.groovy:68)
	at com.kms.katalon.core.keyword.internal.KeywordExecutor.executeKeywordForPlatform(KeywordExecutor.groovy:74)
	at com.kms.katalon.core.webui.keyword.WebUiBuiltInKeywords.uploadFile(WebUiBuiltInKeywords.groovy:4140)
	at Ubah Foto.run(Ubah Foto:55)
	at com.kms.katalon.core.main.ScriptEngine.run(ScriptEngine.java:194)
	at com.kms.katalon.core.main.ScriptEngine.runScriptAsRawText(ScriptEngine.java:119)
	at com.kms.katalon.core.main.TestCaseExecutor.runScript(TestCaseExecutor.java:448)
	at com.kms.katalon.core.main.TestCaseExecutor.doExecute(TestCaseExecutor.java:439)
	at com.kms.katalon.core.main.TestCaseExecutor.processExecutionPhase(TestCaseExecutor.java:418)
	at com.kms.katalon.core.main.TestCaseExecutor.accessMainPhase(TestCaseExecutor.java:410)
	at com.kms.katalon.core.main.TestCaseExecutor.execute(TestCaseExecutor.java:285)
	at com.kms.katalon.core.main.TestCaseMain.runTestCase(TestCaseMain.java:133)
	at com.kms.katalon.core.keyword.builtin.CallTestCaseKeyword$_callTestCase_closure1.doCall(CallTestCaseKeyword.groovy:59)
	at com.kms.katalon.core.keyword.builtin.CallTestCaseKeyword$_callTestCase_closure1.call(CallTestCaseKeyword.groovy)
	at com.kms.katalon.core.keyword.internal.KeywordMain.runKeyword(KeywordMain.groovy:75)
	at com.kms.katalon.core.keyword.builtin.CallTestCaseKeyword.callTestCase(CallTestCaseKeyword.groovy:81)
	at com.kms.katalon.core.keyword.builtin.CallTestCaseKeyword.execute(CallTestCaseKeyword.groovy:44)
	at com.kms.katalon.core.keyword.internal.KeywordExecutor.executeKeywordForPlatform(KeywordExecutor.groovy:74)
	at com.kms.katalon.core.keyword.BuiltinKeywords.callTestCase(BuiltinKeywords.groovy:310)
	at java.base/jdk.internal.reflect.NativeMethodAccessorImpl.invoke0(Native Method)
	at java.base/jdk.internal.reflect.NativeMethodAccessorImpl.invoke(NativeMethodAccessorImpl.java:77)
	at java.base/jdk.internal.reflect.DelegatingMethodAccessorImpl.invoke(DelegatingMethodAccessorImpl.java:43)
	at Regresi Profile.run(Regresi Profile:25)
	at com.kms.katalon.core.main.ScriptEngine.run(ScriptEngine.java:194)
	at com.kms.katalon.core.main.ScriptEngine.runScriptAsRawText(ScriptEngine.java:119)
	at com.kms.katalon.core.main.TestCaseExecutor.runScript(TestCaseExecutor.java:448)
	at com.kms.katalon.core.main.TestCaseExecutor.doExecute(TestCaseExecutor.java:439)
	at com.kms.katalon.core.main.TestCaseExecutor.processExecutionPhase(TestCaseExecutor.java:418)
	at com.kms.katalon.core.main.TestCaseExecutor.accessMainPhase(TestCaseExecutor.java:410)
	at com.kms.katalon.core.main.TestCaseExecutor.execute(TestCaseExecutor.java:285)
	at com.kms.katalon.core.common.CommonExecutor.accessTestCaseMainPhase(CommonExecutor.java:65)
	at com.kms.katalon.core.main.TestSuiteExecutor.accessTestSuiteMainPhase(TestSuiteExecutor.java:161)
	at com.kms.katalon.core.main.TestSuiteExecutor.execute(TestSuiteExecutor.java:107)
	at com.kms.katalon.core.main.TestCaseMain.startTestSuite(TestCaseMain.java:176)
	at TempTestSuite1735906738785.run(TempTestSuite1735906738785.groovy:35)
	at java.base/jdk.internal.reflect.NativeMethodAccessorImpl.invoke0(Native Method)
	at java.base/jdk.internal.reflect.NativeMethodAccessorImpl.invoke(NativeMethodAccessorImpl.java:77)
	at java.base/jdk.internal.reflect.DelegatingMethodAccessorImpl.invoke(DelegatingMethodAccessorImpl.java:43)
Caused by: org.openqa.selenium.InvalidArgumentException: invalid argument: File not found : C:/Users/akmal/Downloads/admin.png
  (Session info: chrome=131.0.6778.205)
Build info: version: '4.22.0', revision: 'c5f3146703'
System info: os.name: 'Windows 11', os.arch: 'amd64', os.version: '10.0', java.version: '17.0.7'
Driver info: com.kms.katalon.selenium.driver.CChromeDriver
Command: [ad18bc0de66f314bb11237a0b6f15aa2, sendKeysToElement {id=f.7206BA9D081A570728E4DDEC37349BD8.d.4D5001B198DED401653F4C6465FBDCD9.e.36, value=[Ljava.lang.CharSequence;@17c158ca}]
Capabilities {acceptInsecureCerts: false, browserName: chrome, browserVersion: 131.0.6778.205, chrome: {chromedriverVersion: 130.0.6723.58 (3a50e012e4c9..., userDataDir: C:\Users\henri\AppData\Loca...}, fedcm:accounts: true, goog:chromeOptions: {debuggerAddress: localhost:57367}, networkConnectionEnabled: false, pageLoadStrategy: normal, platformName: windows, proxy: Proxy(), se:cdp: ws://localhost:57367/devtoo..., se:cdpVersion: 131.0.6778.205, setWindowRect: true, strictFileInteractability: false, timeouts: {implicit: 0, pageLoad: 300000, script: 30000}, unhandledPromptBehavior: ignore, webSocketUrl: ws://localhost:9879/session..., webauthn:extension:credBlob: true, webauthn:extension:largeBlob: true, webauthn:extension:minPinLength: true, webauthn:extension:prf: true, webauthn:virtualAuthenticators: true}
Element: [[CChromeDriver: chrome on windows (ad18bc0de66f314bb11237a0b6f15aa2)] -> xpath: //input[@id='upload-upload-file-Foto Profil']
]
Session ID: ad18bc0de66f314bb11237a0b6f15aa2
	at java.base/jdk.internal.reflect.NativeConstructorAccessorImpl.newInstance0(Native Method)
	at java.base/jdk.internal.reflect.NativeConstructorAccessorImpl.newInstance(NativeConstructorAccessorImpl.java:77)
	at java.base/jdk.internal.reflect.DelegatingConstructorAccessorImpl.newInstance(DelegatingConstructorAccessorImpl.java:45)
	at org.openqa.selenium.remote.ErrorCodec.decode(ErrorCodec.java:167)
	at org.openqa.selenium.remote.codec.w3c.W3CHttpResponseCodec.decode(W3CHttpResponseCodec.java:138)
	at org.openqa.selenium.remote.codec.w3c.W3CHttpResponseCodec.decode(W3CHttpResponseCodec.java:50)
	at org.openqa.selenium.remote.HttpCommandExecutor.execute(HttpCommandExecutor.java:190)
	at org.openqa.selenium.remote.service.DriverCommandExecutor.invokeExecute(DriverCommandExecutor.java:216)
	at org.openqa.selenium.remote.service.DriverCommandExecutor.execute(DriverCommandExecutor.java:174)
	at org.openqa.selenium.remote.RemoteWebDriver.execute(RemoteWebDriver.java:518)
	at org.openqa.selenium.remote.RemoteWebElement.execute(RemoteWebElement.java:223)
	at org.openqa.selenium.remote.RemoteWebElement.sendKeys(RemoteWebElement.java:110)
	at jdk.internal.reflect.GeneratedMethodAccessor33.invoke(Unknown Source)
	at java.base/jdk.internal.reflect.DelegatingMethodAccessorImpl.invoke(DelegatingMethodAccessorImpl.java:43)
	at org.openqa.selenium.support.decorators.WebDriverDecorator.call(WebDriverDecorator.java:249)
	at org.openqa.selenium.support.decorators.DefaultDecorated.call(DefaultDecorated.java:48)
	at org.openqa.selenium.support.decorators.WebDriverDecorator.lambda$createProxy$2(WebDriverDecorator.java:321)
	at net.bytebuddy.renamed.java.lang.Object$ByteBuddy$QARaUuJN.sendKeys(Unknown Source)
	at com.kms.katalon.core.webui.keyword.builtin.UploadFileKeyword$_uploadFile_closure1.doCall(UploadFileKeyword.groovy:80)
	at com.kms.katalon.core.webui.keyword.builtin.UploadFileKeyword$_uploadFile_closure1.call(UploadFileKeyword.groovy)
	at com.kms.katalon.core.webui.keyword.internal.WebUIKeywordMain.runKeyword(WebUIKeywordMain.groovy:35)
	at com.kms.katalon.core.webui.keyword.builtin.UploadFileKeyword.uploadFile(UploadFileKeyword.groovy:87)
	at com.kms.katalon.core.webui.keyword.builtin.UploadFileKeyword.execute(UploadFileKeyword.groovy:68)
	at com.kms.katalon.core.keyword.internal.KeywordExecutor.executeKeywordForPlatform(KeywordExecutor.groovy:74)
	at com.kms.katalon.core.webui.keyword.WebUiBuiltInKeywords.uploadFile(WebUiBuiltInKeywords.groovy:4140)
	at Script1734333226064.run(Script1734333226064.groovy:55)
	at com.kms.katalon.core.main.ScriptEngine.run(ScriptEngine.java:194)
	at com.kms.katalon.core.main.ScriptEngine.runScriptAsRawText(ScriptEngine.java:119)
	at com.kms.katalon.core.main.TestCaseExecutor.runScript(TestCaseExecutor.java:448)
	at com.kms.katalon.core.main.TestCaseExecutor.doExecute(TestCaseExecutor.java:439)
	at com.kms.katalon.core.main.TestCaseExecutor.processExecutionPhase(TestCaseExecutor.java:418)
	at com.kms.katalon.core.main.TestCaseExecutor.accessMainPhase(TestCaseExecutor.java:410)
	at com.kms.katalon.core.main.TestCaseExecutor.execute(TestCaseExecutor.java:285)
	at com.kms.katalon.core.main.TestCaseMain.runTestCase(TestCaseMain.java:133)
	at com.kms.katalon.core.keyword.builtin.CallTestCaseKeyword$_callTestCase_closure1.doCall(CallTestCaseKeyword.groovy:59)
	at com.kms.katalon.core.keyword.builtin.CallTestCaseKeyword$_callTestCase_closure1.call(CallTestCaseKeyword.groovy)
	at com.kms.katalon.core.keyword.internal.KeywordMain.runKeyword(KeywordMain.groovy:75)
	at com.kms.katalon.core.keyword.builtin.CallTestCaseKeyword.callTestCase(CallTestCaseKeyword.groovy:81)
	at com.kms.katalon.core.keyword.builtin.CallTestCaseKeyword.execute(CallTestCaseKeyword.groovy:44)
	at com.kms.katalon.core.keyword.internal.KeywordExecutor.executeKeywordForPlatform(KeywordExecutor.groovy:74)
	at com.kms.katalon.core.keyword.BuiltinKeywords.callTestCase(BuiltinKeywords.groovy:310)
	at java.base/jdk.internal.reflect.NativeMethodAccessorImpl.invoke0(Native Method)
	at java.base/jdk.internal.reflect.NativeMethodAccessorImpl.invoke(NativeMethodAccessorImpl.java:77)
	at java.base/jdk.internal.reflect.DelegatingMethodAccessorImpl.invoke(DelegatingMethodAccessorImpl.java:43)
	at Script1735790912267.run(Script1735790912267.groovy:25)
	... 15 more
)

03-01-2025T19:24:54 - [MESSAGE][WARNING] - Unable to upload file 'C:/Users/akmal/Downloads/admin.png' to object 'Object Repository/Master Data/Admin Sekolah/Profile/Ubah Foto Profile/Unggah File' (Root cause: com.kms.katalon.core.exception.StepFailedException: Unable to upload file 'C:/Users/akmal/Downloads/admin.png' to object 'Object Repository/Master Data/Admin Sekolah/Profile/Ubah Foto Profile/Unggah File'
	at com.kms.katalon.core.webui.keyword.internal.WebUIKeywordMain.stepFailed(WebUIKeywordMain.groovy:117)
	at com.kms.katalon.core.webui.keyword.internal.WebUIKeywordMain.runKeyword(WebUIKeywordMain.groovy:43)
	at com.kms.katalon.core.webui.keyword.builtin.UploadFileKeyword.uploadFile(UploadFileKeyword.groovy:87)
	at com.kms.katalon.core.webui.keyword.builtin.UploadFileKeyword.execute(UploadFileKeyword.groovy:68)
	at com.kms.katalon.core.keyword.internal.KeywordExecutor.executeKeywordForPlatform(KeywordExecutor.groovy:74)
	at com.kms.katalon.core.webui.keyword.WebUiBuiltInKeywords.uploadFile(WebUiBuiltInKeywords.groovy:4140)
	at Ubah Foto.run(Ubah Foto:55)
	at com.kms.katalon.core.main.ScriptEngine.run(ScriptEngine.java:194)
	at com.kms.katalon.core.main.ScriptEngine.runScriptAsRawText(ScriptEngine.java:119)
	at com.kms.katalon.core.main.TestCaseExecutor.runScript(TestCaseExecutor.java:448)
	at com.kms.katalon.core.main.TestCaseExecutor.doExecute(TestCaseExecutor.java:439)
	at com.kms.katalon.core.main.TestCaseExecutor.processExecutionPhase(TestCaseExecutor.java:418)
	at com.kms.katalon.core.main.TestCaseExecutor.accessMainPhase(TestCaseExecutor.java:410)
	at com.kms.katalon.core.main.TestCaseExecutor.execute(TestCaseExecutor.java:285)
	at com.kms.katalon.core.main.TestCaseMain.runTestCase(TestCaseMain.java:133)
	at com.kms.katalon.core.keyword.builtin.CallTestCaseKeyword$_callTestCase_closure1.doCall(CallTestCaseKeyword.groovy:59)
	at com.kms.katalon.core.keyword.builtin.CallTestCaseKeyword$_callTestCase_closure1.call(CallTestCaseKeyword.groovy)
	at com.kms.katalon.core.keyword.internal.KeywordMain.runKeyword(KeywordMain.groovy:75)
	at com.kms.katalon.core.keyword.builtin.CallTestCaseKeyword.callTestCase(CallTestCaseKeyword.groovy:81)
	at com.kms.katalon.core.keyword.builtin.CallTestCaseKeyword.execute(CallTestCaseKeyword.groovy:44)
	at com.kms.katalon.core.keyword.internal.KeywordExecutor.executeKeywordForPlatform(KeywordExecutor.groovy:74)
	at com.kms.katalon.core.keyword.BuiltinKeywords.callTestCase(BuiltinKeywords.groovy:310)
	at java.base/jdk.internal.reflect.NativeMethodAccessorImpl.invoke0(Native Method)
	at java.base/jdk.internal.reflect.NativeMethodAccessorImpl.invoke(NativeMethodAccessorImpl.java:77)
	at java.base/jdk.internal.reflect.DelegatingMethodAccessorImpl.invoke(DelegatingMethodAccessorImpl.java:43)
	at Regresi Profile.run(Regresi Profile:25)
	at com.kms.katalon.core.main.ScriptEngine.run(ScriptEngine.java:194)
	at com.kms.katalon.core.main.ScriptEngine.runScriptAsRawText(ScriptEngine.java:119)
	at com.kms.katalon.core.main.TestCaseExecutor.runScript(TestCaseExecutor.java:448)
	at com.kms.katalon.core.main.TestCaseExecutor.doExecute(TestCaseExecutor.java:439)
	at com.kms.katalon.core.main.TestCaseExecutor.processExecutionPhase(TestCaseExecutor.java:418)
	at com.kms.katalon.core.main.TestCaseExecutor.accessMainPhase(TestCaseExecutor.java:410)
	at com.kms.katalon.core.main.TestCaseExecutor.execute(TestCaseExecutor.java:285)
	at com.kms.katalon.core.common.CommonExecutor.accessTestCaseMainPhase(CommonExecutor.java:65)
	at com.kms.katalon.core.main.TestSuiteExecutor.accessTestSuiteMainPhase(TestSuiteExecutor.java:161)
	at com.kms.katalon.core.main.TestSuiteExecutor.execute(TestSuiteExecutor.java:107)
	at com.kms.katalon.core.main.TestCaseMain.startTestSuite(TestCaseMain.java:176)
	at TempTestSuite1735906738785.run(TempTestSuite1735906738785.groovy:35)
	at java.base/jdk.internal.reflect.NativeMethodAccessorImpl.invoke0(Native Method)
	at java.base/jdk.internal.reflect.NativeMethodAccessorImpl.invoke(NativeMethodAccessorImpl.java:77)
	at java.base/jdk.internal.reflect.DelegatingMethodAccessorImpl.invoke(DelegatingMethodAccessorImpl.java:43)
Caused by: org.openqa.selenium.InvalidArgumentException: invalid argument: File not found : C:/Users/akmal/Downloads/admin.png
  (Session info: chrome=131.0.6778.205)
Build info: version: '4.22.0', revision: 'c5f3146703'
System info: os.name: 'Windows 11', os.arch: 'amd64', os.version: '10.0', java.version: '17.0.7'
Driver info: com.kms.katalon.selenium.driver.CChromeDriver
Command: [ad18bc0de66f314bb11237a0b6f15aa2, sendKeysToElement {id=f.7206BA9D081A570728E4DDEC37349BD8.d.4D5001B198DED401653F4C6465FBDCD9.e.36, value=[Ljava.lang.CharSequence;@17c158ca}]
Capabilities {acceptInsecureCerts: false, browserName: chrome, browserVersion: 131.0.6778.205, chrome: {chromedriverVersion: 130.0.6723.58 (3a50e012e4c9..., userDataDir: C:\Users\henri\AppData\Loca...}, fedcm:accounts: true, goog:chromeOptions: {debuggerAddress: localhost:57367}, networkConnectionEnabled: false, pageLoadStrategy: normal, platformName: windows, proxy: Proxy(), se:cdp: ws://localhost:57367/devtoo..., se:cdpVersion: 131.0.6778.205, setWindowRect: true, strictFileInteractability: false, timeouts: {implicit: 0, pageLoad: 300000, script: 30000}, unhandledPromptBehavior: ignore, webSocketUrl: ws://localhost:9879/session..., webauthn:extension:credBlob: true, webauthn:extension:largeBlob: true, webauthn:extension:minPinLength: true, webauthn:extension:prf: true, webauthn:virtualAuthenticators: true}
Element: [[CChromeDriver: chrome on windows (ad18bc0de66f314bb11237a0b6f15aa2)] -> xpath: //input[@id='upload-upload-file-Foto Profil']
]
Session ID: ad18bc0de66f314bb11237a0b6f15aa2
	at java.base/jdk.internal.reflect.NativeConstructorAccessorImpl.newInstance0(Native Method)
	at java.base/jdk.internal.reflect.NativeConstructorAccessorImpl.newInstance(NativeConstructorAccessorImpl.java:77)
	at java.base/jdk.internal.reflect.DelegatingConstructorAccessorImpl.newInstance(DelegatingConstructorAccessorImpl.java:45)
	at org.openqa.selenium.remote.ErrorCodec.decode(ErrorCodec.java:167)
	at org.openqa.selenium.remote.codec.w3c.W3CHttpResponseCodec.decode(W3CHttpResponseCodec.java:138)
	at org.openqa.selenium.remote.codec.w3c.W3CHttpResponseCodec.decode(W3CHttpResponseCodec.java:50)
	at org.openqa.selenium.remote.HttpCommandExecutor.execute(HttpCommandExecutor.java:190)
	at org.openqa.selenium.remote.service.DriverCommandExecutor.invokeExecute(DriverCommandExecutor.java:216)
	at org.openqa.selenium.remote.service.DriverCommandExecutor.execute(DriverCommandExecutor.java:174)
	at org.openqa.selenium.remote.RemoteWebDriver.execute(RemoteWebDriver.java:518)
	at org.openqa.selenium.remote.RemoteWebElement.execute(RemoteWebElement.java:223)
	at org.openqa.selenium.remote.RemoteWebElement.sendKeys(RemoteWebElement.java:110)
	at jdk.internal.reflect.GeneratedMethodAccessor33.invoke(Unknown Source)
	at java.base/jdk.internal.reflect.DelegatingMethodAccessorImpl.invoke(DelegatingMethodAccessorImpl.java:43)
	at org.openqa.selenium.support.decorators.WebDriverDecorator.call(WebDriverDecorator.java:249)
	at org.openqa.selenium.support.decorators.DefaultDecorated.call(DefaultDecorated.java:48)
	at org.openqa.selenium.support.decorators.WebDriverDecorator.lambda$createProxy$2(WebDriverDecorator.java:321)
	at net.bytebuddy.renamed.java.lang.Object$ByteBuddy$QARaUuJN.sendKeys(Unknown Source)
	at com.kms.katalon.core.webui.keyword.builtin.UploadFileKeyword$_uploadFile_closure1.doCall(UploadFileKeyword.groovy:80)
	at com.kms.katalon.core.webui.keyword.builtin.UploadFileKeyword$_uploadFile_closure1.call(UploadFileKeyword.groovy)
	at com.kms.katalon.core.webui.keyword.internal.WebUIKeywordMain.runKeyword(WebUIKeywordMain.groovy:35)
	at com.kms.katalon.core.webui.keyword.builtin.UploadFileKeyword.uploadFile(UploadFileKeyword.groovy:87)
	at com.kms.katalon.core.webui.keyword.builtin.UploadFileKeyword.execute(UploadFileKeyword.groovy:68)
	at com.kms.katalon.core.keyword.internal.KeywordExecutor.executeKeywordForPlatform(KeywordExecutor.groovy:74)
	at com.kms.katalon.core.webui.keyword.WebUiBuiltInKeywords.uploadFile(WebUiBuiltInKeywords.groovy:4140)
	at Script1734333226064.run(Script1734333226064.groovy:55)
	at com.kms.katalon.core.main.ScriptEngine.run(ScriptEngine.java:194)
	at com.kms.katalon.core.main.ScriptEngine.runScriptAsRawText(ScriptEngine.java:119)
	at com.kms.katalon.core.main.TestCaseExecutor.runScript(TestCaseExecutor.java:448)
	at com.kms.katalon.core.main.TestCaseExecutor.doExecute(TestCaseExecutor.java:439)
	at com.kms.katalon.core.main.TestCaseExecutor.processExecutionPhase(TestCaseExecutor.java:418)
	at com.kms.katalon.core.main.TestCaseExecutor.accessMainPhase(TestCaseExecutor.java:410)
	at com.kms.katalon.core.main.TestCaseExecutor.execute(TestCaseExecutor.java:285)
	at com.kms.katalon.core.main.TestCaseMain.runTestCase(TestCaseMain.java:133)
	at com.kms.katalon.core.keyword.builtin.CallTestCaseKeyword$_callTestCase_closure1.doCall(CallTestCaseKeyword.groovy:59)
	at com.kms.katalon.core.keyword.builtin.CallTestCaseKeyword$_callTestCase_closure1.call(CallTestCaseKeyword.groovy)
	at com.kms.katalon.core.keyword.internal.KeywordMain.runKeyword(KeywordMain.groovy:75)
	at com.kms.katalon.core.keyword.builtin.CallTestCaseKeyword.callTestCase(CallTestCaseKeyword.groovy:81)
	at com.kms.katalon.core.keyword.builtin.CallTestCaseKeyword.execute(CallTestCaseKeyword.groovy:44)
	at com.kms.katalon.core.keyword.internal.KeywordExecutor.executeKeywordForPlatform(KeywordExecutor.groovy:74)
	at com.kms.katalon.core.keyword.BuiltinKeywords.callTestCase(BuiltinKeywords.groovy:310)
	at java.base/jdk.internal.reflect.NativeMethodAccessorImpl.invoke0(Native Method)
	at java.base/jdk.internal.reflect.NativeMethodAccessorImpl.invoke(NativeMethodAccessorImpl.java:77)
	at java.base/jdk.internal.reflect.DelegatingMethodAccessorImpl.invoke(DelegatingMethodAccessorImpl.java:43)
	at Script1735790912267.run(Script1735790912267.groovy:25)
	... 15 more
)
[[ATTACHMENT|C:\\Users\\henri\\Videos\\school-payment-automation-testing\\Reports\\20250103_191857\\SPRINT 3\\20250103_191858\\1735907094037.png]]

03-01-2025T19:24:54 - [TEST_STEP][PASSED] - click(findTestObject("Master Data/Admin Sekolah/Profile/Ubah Foto Profile/Terapkan"), OPTIONAL): Object: 'Object Repository/Master Data/Admin Sekolah/Profile/Ubah Foto Profile/Terapkan' is clicked on

03-01-2025T19:24:54 - [MESSAGE][PASSED] - Object: 'Object Repository/Master Data/Admin Sekolah/Profile/Ubah Foto Profile/Terapkan' is clicked on

03-01-2025T19:24:54 - [TEST_STEP][PASSED] - delay(5, OPTIONAL): Delayed 5 second(s)

03-01-2025T19:24:59 - [MESSAGE][PASSED] - Delayed 5 second(s)

03-01-2025T19:24:59 - [TEST_STEP][PASSED] - closeBrowser(OPTIONAL): Browser is closed

03-01-2025T19:24:59 - [MESSAGE][PASSED] - Browser is closed

03-01-2025T19:24:59 - [MESSAGE][PASSED] - Call Test Case 'Test Cases/Master Data/Admin Sekolah/Profile/Upload Photo Profile/Ubah Foto' successfully

03-01-2025T19:24:59 - [TEST_STEP][PASSED] - println("============================= Loop Again ==============================="): null]]></system-out>
         <system-err><![CDATA[]]></system-err>
      </testcase>
      <testcase name="Test Cases/Regresi Feature/Sprint 3/Regresi Siswa" time="172.981" classname="Test Cases/Regresi Feature/Sprint 3/Regresi Siswa" status="PASSED">
         <system-out><![CDATA[03-01-2025T19:24:59 - [TEST_CASE][PASSED] - Test Cases/Regresi Feature/Sprint 3/Regresi Siswa: Test Cases/Regresi Feature/Sprint 3/Regresi Siswa

03-01-2025T19:24:59 - [TEST_STEP][PASSED] - for ([i = 1, i <= maxLoop, (i++)]): null

03-01-2025T19:24:59 - [TEST_STEP][PASSED] - callTestCase(findTestCase("Test Cases/Master Data/Admin Sekolah/Master Siswa/Tambah Siswa"), [:], CONTINUE_ON_FAILURE): Call Test Case 'Test Cases/Master Data/Admin Sekolah/Master Siswa/Tambah Siswa' successfully

03-01-2025T19:24:59 - [TEST_CASE][PASSED] - Test Cases/Master Data/Admin Sekolah/Master Siswa/Tambah Siswa: Test Cases/Master Data/Admin Sekolah/Master Siswa/Tambah Siswa

03-01-2025T19:25:00 - [TEST_STEP][PASSED] - openBrowser(""): Browser is opened with url: ''

03-01-2025T19:25:00 - [MESSAGE][INFO] - Starting 'Chrome' driver

03-01-2025T19:25:00 - [MESSAGE][INFO] - Action delay is set to 0 milliseconds

03-01-2025T19:25:00 - [MESSAGE][PASSED] - Browser is opened with url: ''

03-01-2025T19:25:00 - [TEST_STEP][PASSED] - maximizeWindow(): Current window maximized

03-01-2025T19:25:01 - [MESSAGE][PASSED] - Current window maximized

03-01-2025T19:25:01 - [TEST_STEP][PASSED] - navigateToUrl("https://sit.siprusedu.com/login"): Navigate to 'https://sit.siprusedu.com/login' successfully

03-01-2025T19:25:01 - [MESSAGE][PASSED] - Navigate to 'https://sit.siprusedu.com/login' successfully

03-01-2025T19:25:01 - [TEST_STEP][PASSED] - setText(findTestObject("Master Data/Admin Sekolah/Login/Field Email"), "admin.gudangsolusi@digiform.co.id"): Text 'admin.gudangsolusi@digiform.co.id' is set on object 'Object Repository/Master Data/Admin Sekolah/Login/Field Email'

03-01-2025T19:25:03 - [MESSAGE][PASSED] - Text 'admin.gudangsolusi@digiform.co.id' is set on object 'Object Repository/Master Data/Admin Sekolah/Login/Field Email'

03-01-2025T19:25:03 - [TEST_STEP][PASSED] - setText(findTestObject("Master Data/Admin Sekolah/Login/Input Password"), "Test1234"): Text 'Test1234' is set on object 'Object Repository/Master Data/Admin Sekolah/Login/Input Password'

03-01-2025T19:25:03 - [MESSAGE][PASSED] - Text 'Test1234' is set on object 'Object Repository/Master Data/Admin Sekolah/Login/Input Password'

03-01-2025T19:25:03 - [TEST_STEP][PASSED] - click(findTestObject("Master Data/Admin Sekolah/Login/Button Submit")): Object: 'Object Repository/Master Data/Admin Sekolah/Login/Button Submit' is clicked on

03-01-2025T19:25:04 - [MESSAGE][PASSED] - Object: 'Object Repository/Master Data/Admin Sekolah/Login/Button Submit' is clicked on

03-01-2025T19:25:04 - [TEST_STEP][PASSED] - click(findTestObject("Master Data/Admin Sekolah/Master Data Menu")): Object: 'Object Repository/Master Data/Admin Sekolah/Master Data Menu' is clicked on

03-01-2025T19:25:05 - [MESSAGE][PASSED] - Object: 'Object Repository/Master Data/Admin Sekolah/Master Data Menu' is clicked on

03-01-2025T19:25:05 - [TEST_STEP][PASSED] - click(findTestObject("Master Data/Admin Sekolah/Master Siswa/Filter Dan Search Siswa/Page_Beranda/Sub Menu Kelola Siswa")): Object: 'Object Repository/Master Data/Admin Sekolah/Master Siswa/Filter Dan Search Siswa/Page_Beranda/Sub Menu Kelola Siswa' is clicked on

03-01-2025T19:25:25 - [MESSAGE][PASSED] - Object: 'Object Repository/Master Data/Admin Sekolah/Master Siswa/Filter Dan Search Siswa/Page_Beranda/Sub Menu Kelola Siswa' is clicked on

03-01-2025T19:25:25 - [TEST_STEP][PASSED] - click(findTestObject("Master Data/Admin Sekolah/Master Siswa/Tambah Siswa/Page_Master Data Kelola Siswa/Button Tambah Siswa")): Object: 'Object Repository/Master Data/Admin Sekolah/Master Siswa/Tambah Siswa/Page_Master Data Kelola Siswa/Button Tambah Siswa' is clicked on

03-01-2025T19:25:25 - [MESSAGE][PASSED] - Object: 'Object Repository/Master Data/Admin Sekolah/Master Siswa/Tambah Siswa/Page_Master Data Kelola Siswa/Button Tambah Siswa' is clicked on

03-01-2025T19:25:25 - [TEST_STEP][PASSED] - randomName = generateRandomName(): null

03-01-2025T19:25:25 - [TEST_STEP][PASSED] - firstNames = ["Kristo", "John", "Michael", "Sarah", "Anna", "David", "Maria", "James", "Sophia", "Liam"]: null

03-01-2025T19:25:25 - [TEST_STEP][PASSED] - lastNames = ["Immanuel", "Doe", "Smith", "Johnson", "Williams", "Brown", "Jones", "Davis", "Miller", "Wilson"]: null

03-01-2025T19:25:25 - [TEST_STEP][PASSED] - random = new java.util.Random(): null

03-01-2025T19:25:25 - [TEST_STEP][PASSED] - return ((firstNames[random.nextInt(firstNames.size())] +  ) + lastNames[random.nextInt(lastNames.size())]): null

03-01-2025T19:25:25 - [TEST_STEP][PASSED] - setText(findTestObject("Master Data/Admin Sekolah/Master Siswa/Tambah Siswa/Field Nama Siswa"), randomName): Text 'Kristo Williams' is set on object 'Object Repository/Master Data/Admin Sekolah/Master Siswa/Tambah Siswa/Field Nama Siswa'

03-01-2025T19:25:26 - [MESSAGE][PASSED] - Text 'Kristo Williams' is set on object 'Object Repository/Master Data/Admin Sekolah/Master Siswa/Tambah Siswa/Field Nama Siswa'

03-01-2025T19:25:26 - [TEST_STEP][PASSED] - selectDropdownOption("Master Data/Admin Sekolah/Master Siswa/Tambah Siswa/Dropdown Status", "Master Data/Admin Sekolah/Master Siswa/Tambah Siswa/Value Dropdown Status"): null

03-01-2025T19:25:26 - [TEST_STEP][PASSED] - click(findTestObject(dropdownPath)): Object: 'Object Repository/Master Data/Admin Sekolah/Master Siswa/Tambah Siswa/Dropdown Status' is clicked on

03-01-2025T19:25:27 - [MESSAGE][PASSED] - Object: 'Object Repository/Master Data/Admin Sekolah/Master Siswa/Tambah Siswa/Dropdown Status' is clicked on

03-01-2025T19:25:27 - [TEST_STEP][PASSED] - waitForElementVisible(findTestObject(valuePath), 10, STOP_ON_FAILURE): Object 'Object Repository/Master Data/Admin Sekolah/Master Siswa/Tambah Siswa/Value Dropdown Status' is visible

03-01-2025T19:25:27 - [MESSAGE][PASSED] - Object 'Object Repository/Master Data/Admin Sekolah/Master Siswa/Tambah Siswa/Value Dropdown Status' is visible

03-01-2025T19:25:27 - [TEST_STEP][PASSED] - click(findTestObject(valuePath)): Object: 'Object Repository/Master Data/Admin Sekolah/Master Siswa/Tambah Siswa/Value Dropdown Status' is clicked on

03-01-2025T19:25:28 - [MESSAGE][PASSED] - Object: 'Object Repository/Master Data/Admin Sekolah/Master Siswa/Tambah Siswa/Value Dropdown Status' is clicked on

03-01-2025T19:25:28 - [TEST_STEP][PASSED] - selectDropdownOption("Master Data/Admin Sekolah/Master Siswa/Tambah Siswa/Dropdown Tahun Ajaran", "Master Data/Admin Sekolah/Master Siswa/Tambah Siswa/Value Dropdown Tahun Ajaran"): null

03-01-2025T19:25:28 - [TEST_STEP][PASSED] - click(findTestObject(dropdownPath)): Object: 'Object Repository/Master Data/Admin Sekolah/Master Siswa/Tambah Siswa/Dropdown Tahun Ajaran' is clicked on

03-01-2025T19:25:28 - [MESSAGE][PASSED] - Object: 'Object Repository/Master Data/Admin Sekolah/Master Siswa/Tambah Siswa/Dropdown Tahun Ajaran' is clicked on

03-01-2025T19:25:28 - [TEST_STEP][PASSED] - waitForElementVisible(findTestObject(valuePath), 10, STOP_ON_FAILURE): Object 'Object Repository/Master Data/Admin Sekolah/Master Siswa/Tambah Siswa/Value Dropdown Tahun Ajaran' is visible

03-01-2025T19:25:28 - [MESSAGE][PASSED] - Object 'Object Repository/Master Data/Admin Sekolah/Master Siswa/Tambah Siswa/Value Dropdown Tahun Ajaran' is visible

03-01-2025T19:25:28 - [TEST_STEP][PASSED] - click(findTestObject(valuePath)): Object: 'Object Repository/Master Data/Admin Sekolah/Master Siswa/Tambah Siswa/Value Dropdown Tahun Ajaran' is clicked on

03-01-2025T19:25:29 - [MESSAGE][PASSED] - Object: 'Object Repository/Master Data/Admin Sekolah/Master Siswa/Tambah Siswa/Value Dropdown Tahun Ajaran' is clicked on

03-01-2025T19:25:29 - [TEST_STEP][PASSED] - randomPlaceOfBirth = generateRandomPlaceOfBirth(): null

03-01-2025T19:25:29 - [TEST_STEP][PASSED] - places = ["JAKARTA", "BANDUNG", "SURABAYA", "YOGYAKARTA", "MEDAN", "SEMARANG", "PALEMBANG", "MAKASSAR", "DENPASAR", "MANADO"]: null

03-01-2025T19:25:29 - [TEST_STEP][PASSED] - return places[new java.util.Random().nextInt(places.size())]: null

03-01-2025T19:25:29 - [TEST_STEP][PASSED] - setText(findTestObject("Master Data/Admin Sekolah/Master Siswa/Tambah Siswa/Field Tempat Lahir"), randomPlaceOfBirth): Text 'MEDAN' is set on object 'Object Repository/Master Data/Admin Sekolah/Master Siswa/Tambah Siswa/Field Tempat Lahir'

03-01-2025T19:25:29 - [MESSAGE][PASSED] - Text 'MEDAN' is set on object 'Object Repository/Master Data/Admin Sekolah/Master Siswa/Tambah Siswa/Field Tempat Lahir'

03-01-2025T19:25:29 - [TEST_STEP][PASSED] - click(findTestObject("Master Data/Admin Sekolah/Master Siswa/Tambah Siswa/Field Tanggal Lahir")): Object: 'Object Repository/Master Data/Admin Sekolah/Master Siswa/Tambah Siswa/Field Tanggal Lahir' is clicked on

03-01-2025T19:25:29 - [MESSAGE][PASSED] - Object: 'Object Repository/Master Data/Admin Sekolah/Master Siswa/Tambah Siswa/Field Tanggal Lahir' is clicked on

03-01-2025T19:25:29 - [TEST_STEP][PASSED] - click(findTestObject("Master Data/Admin Sekolah/Master Siswa/Tambah Siswa/Dropdown Bulan")): Object: 'Object Repository/Master Data/Admin Sekolah/Master Siswa/Tambah Siswa/Dropdown Bulan' is clicked on

03-01-2025T19:25:30 - [MESSAGE][PASSED] - Object: 'Object Repository/Master Data/Admin Sekolah/Master Siswa/Tambah Siswa/Dropdown Bulan' is clicked on

03-01-2025T19:25:30 - [TEST_STEP][PASSED] - click(findTestObject("Master Data/Admin Sekolah/Master Siswa/Tambah Siswa/Value Dropdown Bulan")): Object: 'Object Repository/Master Data/Admin Sekolah/Master Siswa/Tambah Siswa/Value Dropdown Bulan' is clicked on

03-01-2025T19:25:30 - [MESSAGE][PASSED] - Object: 'Object Repository/Master Data/Admin Sekolah/Master Siswa/Tambah Siswa/Value Dropdown Bulan' is clicked on

03-01-2025T19:25:30 - [TEST_STEP][PASSED] - click(findTestObject("Master Data/Admin Sekolah/Master Siswa/Tambah Siswa/Dropdown Tahun")): Object: 'Object Repository/Master Data/Admin Sekolah/Master Siswa/Tambah Siswa/Dropdown Tahun' is clicked on

03-01-2025T19:25:31 - [MESSAGE][PASSED] - Object: 'Object Repository/Master Data/Admin Sekolah/Master Siswa/Tambah Siswa/Dropdown Tahun' is clicked on

03-01-2025T19:25:31 - [TEST_STEP][PASSED] - click(findTestObject("Master Data/Admin Sekolah/Master Siswa/Tambah Siswa/Value Dropdown Tahun")): Object: 'Object Repository/Master Data/Admin Sekolah/Master Siswa/Tambah Siswa/Value Dropdown Tahun' is clicked on

03-01-2025T19:25:31 - [MESSAGE][PASSED] - Object: 'Object Repository/Master Data/Admin Sekolah/Master Siswa/Tambah Siswa/Value Dropdown Tahun' is clicked on

03-01-2025T19:25:31 - [TEST_STEP][PASSED] - pilihTanggal("15"): null

03-01-2025T19:25:31 - [TEST_STEP][PASSED] - tanggalElement = new com.kms.katalon.core.testobject.TestObject(): null

03-01-2025T19:25:31 - [TEST_STEP][PASSED] - tanggalElement.addProperty("xpath", EQUALS, //p[text()='$tanggal' and contains(@class, 'cursor-pointer')]): null

03-01-2025T19:25:31 - [TEST_STEP][PASSED] - click(tanggalElement): Object: '' is clicked on

03-01-2025T19:25:32 - [MESSAGE][PASSED] - Object: '' is clicked on

03-01-2025T19:25:32 - [TEST_STEP][PASSED] - click(findTestObject("Master Data/Admin Sekolah/Master Siswa/Tambah Siswa/Dropdown Unit")): Object: 'Object Repository/Master Data/Admin Sekolah/Master Siswa/Tambah Siswa/Dropdown Unit' is clicked on

03-01-2025T19:25:32 - [MESSAGE][PASSED] - Object: 'Object Repository/Master Data/Admin Sekolah/Master Siswa/Tambah Siswa/Dropdown Unit' is clicked on

03-01-2025T19:25:32 - [TEST_STEP][PASSED] - click(findTestObject("Master Data/Admin Sekolah/Master Siswa/Tambah Siswa/Value Dropdown Unit")): Object: 'Object Repository/Master Data/Admin Sekolah/Master Siswa/Tambah Siswa/Value Dropdown Unit' is clicked on

03-01-2025T19:25:33 - [MESSAGE][PASSED] - Object: 'Object Repository/Master Data/Admin Sekolah/Master Siswa/Tambah Siswa/Value Dropdown Unit' is clicked on

03-01-2025T19:25:33 - [TEST_STEP][PASSED] - click(findTestObject("Master Data/Admin Sekolah/Master Siswa/Tambah Siswa/Dropdown Pilih Kelas")): Object: 'Object Repository/Master Data/Admin Sekolah/Master Siswa/Tambah Siswa/Dropdown Pilih Kelas' is clicked on

03-01-2025T19:25:33 - [MESSAGE][PASSED] - Object: 'Object Repository/Master Data/Admin Sekolah/Master Siswa/Tambah Siswa/Dropdown Pilih Kelas' is clicked on

03-01-2025T19:25:33 - [TEST_STEP][PASSED] - click(findTestObject("Master Data/Admin Sekolah/Master Siswa/Tambah Siswa/Value Dropdown Kelas")): Object: 'Object Repository/Master Data/Admin Sekolah/Master Siswa/Tambah Siswa/Value Dropdown Kelas' is clicked on

03-01-2025T19:25:33 - [MESSAGE][PASSED] - Object: 'Object Repository/Master Data/Admin Sekolah/Master Siswa/Tambah Siswa/Value Dropdown Kelas' is clicked on

03-01-2025T19:25:33 - [TEST_STEP][PASSED] - randomPhoneNumber = generateRandomPhoneNumber(): null

03-01-2025T19:25:33 - [TEST_STEP][PASSED] - return (08 + (1000000000 + new java.util.Random().nextInt(900000000))): null

03-01-2025T19:25:33 - [TEST_STEP][PASSED] - setText(findTestObject("Master Data/Admin Sekolah/Master Siswa/Tambah Siswa/Field Nomor Handphone"), randomPhoneNumber): Text '081096771840' is set on object 'Object Repository/Master Data/Admin Sekolah/Master Siswa/Tambah Siswa/Field Nomor Handphone'

03-01-2025T19:25:34 - [MESSAGE][PASSED] - Text '081096771840' is set on object 'Object Repository/Master Data/Admin Sekolah/Master Siswa/Tambah Siswa/Field Nomor Handphone'

03-01-2025T19:25:34 - [TEST_STEP][PASSED] - setText(findTestObject("Master Data/Admin Sekolah/Master Siswa/Tambah Siswa/Field Email Orang Tua"), "ortu.user@gmail.com"): Text 'ortu.user@gmail.com' is set on object 'Object Repository/Master Data/Admin Sekolah/Master Siswa/Tambah Siswa/Field Email Orang Tua'

03-01-2025T19:25:35 - [MESSAGE][PASSED] - Text 'ortu.user@gmail.com' is set on object 'Object Repository/Master Data/Admin Sekolah/Master Siswa/Tambah Siswa/Field Email Orang Tua'

03-01-2025T19:25:35 - [TEST_STEP][PASSED] - selectDropdownOption("Master Data/Admin Sekolah/Master Siswa/Tambah Siswa/Dropdown Agama", "Master Data/Admin Sekolah/Master Siswa/Tambah Siswa/Value Dropdown Agama"): null

03-01-2025T19:25:35 - [TEST_STEP][PASSED] - click(findTestObject(dropdownPath)): Object: 'Object Repository/Master Data/Admin Sekolah/Master Siswa/Tambah Siswa/Dropdown Agama' is clicked on

03-01-2025T19:25:35 - [MESSAGE][PASSED] - Object: 'Object Repository/Master Data/Admin Sekolah/Master Siswa/Tambah Siswa/Dropdown Agama' is clicked on

03-01-2025T19:25:35 - [TEST_STEP][PASSED] - waitForElementVisible(findTestObject(valuePath), 10, STOP_ON_FAILURE): Object 'Object Repository/Master Data/Admin Sekolah/Master Siswa/Tambah Siswa/Value Dropdown Agama' is visible

03-01-2025T19:25:35 - [MESSAGE][PASSED] - Object 'Object Repository/Master Data/Admin Sekolah/Master Siswa/Tambah Siswa/Value Dropdown Agama' is visible

03-01-2025T19:25:35 - [TEST_STEP][PASSED] - click(findTestObject(valuePath)): Object: 'Object Repository/Master Data/Admin Sekolah/Master Siswa/Tambah Siswa/Value Dropdown Agama' is clicked on

03-01-2025T19:25:36 - [MESSAGE][PASSED] - Object: 'Object Repository/Master Data/Admin Sekolah/Master Siswa/Tambah Siswa/Value Dropdown Agama' is clicked on

03-01-2025T19:25:36 - [TEST_STEP][PASSED] - randomAddress = generateRandomAddress(): null

03-01-2025T19:25:36 - [TEST_STEP][PASSED] - streets = ["Jalan Merdeka", "Jalan Raya", "Jalan Sudirman", "Jalan Pahlawan"]: null

03-01-2025T19:25:36 - [TEST_STEP][PASSED] - cities = ["DKI JAKARTA", "BANDUNG", "SURABAYA", "YOGYAKARTA"]: null

03-01-2025T19:25:36 - [TEST_STEP][PASSED] - postalCodes = ["10110", "40221", "60211", "55222"]: null

03-01-2025T19:25:36 - [TEST_STEP][PASSED] - random = new java.util.Random(): null

03-01-2025T19:25:36 - [TEST_STEP][PASSED] - return $streets[random.nextInt(streets.size())], $cities[random.nextInt(cities.size())], $postalCodes[random.nextInt(postalCodes.size())]: null

03-01-2025T19:25:36 - [TEST_STEP][PASSED] - setText(findTestObject("Master Data/Admin Sekolah/Master Siswa/Tambah Siswa/Field Alamat"), randomAddress): Text '[Jalan Merdeka, Jalan Raya, Jalan Sudirman, Jalan Pahlawan][random.nextInt(streets.size())], [DKI JAKARTA, BANDUNG, SURABAYA, YOGYAKARTA][random.nextInt(cities.size())], [10110, 40221, 60211, 55222][random.nextInt(postalCodes.size())]' is set on object 'Object Repository/Master Data/Admin Sekolah/Master Siswa/Tambah Siswa/Field Alamat'

03-01-2025T19:25:37 - [MESSAGE][PASSED] - Text '[Jalan Merdeka, Jalan Raya, Jalan Sudirman, Jalan Pahlawan][random.nextInt(streets.size())], [DKI JAKARTA, BANDUNG, SURABAYA, YOGYAKARTA][random.nextInt(cities.size())], [10110, 40221, 60211, 55222][random.nextInt(postalCodes.size())]' is set on object 'Object Repository/Master Data/Admin Sekolah/Master Siswa/Tambah Siswa/Field Alamat'

03-01-2025T19:25:37 - [TEST_STEP][PASSED] - randomNIS = generateRandomNIS(10): null

03-01-2025T19:25:37 - [TEST_STEP][PASSED] - nis = new java.lang.StringBuilder(): null

03-01-2025T19:25:37 - [TEST_STEP][PASSED] - random = new java.util.Random(): null

03-01-2025T19:25:37 - [TEST_STEP][PASSED] - for ([i = 0, i < length, (i++)]): null

03-01-2025T19:25:37 - [TEST_STEP][PASSED] - nis.append(random.nextInt(10)): null

03-01-2025T19:25:37 - [TEST_STEP][PASSED] - nis.append(random.nextInt(10)): null

03-01-2025T19:25:37 - [TEST_STEP][PASSED] - nis.append(random.nextInt(10)): null

03-01-2025T19:25:37 - [TEST_STEP][PASSED] - nis.append(random.nextInt(10)): null

03-01-2025T19:25:37 - [TEST_STEP][PASSED] - nis.append(random.nextInt(10)): null

03-01-2025T19:25:37 - [TEST_STEP][PASSED] - nis.append(random.nextInt(10)): null

03-01-2025T19:25:37 - [TEST_STEP][PASSED] - nis.append(random.nextInt(10)): null

03-01-2025T19:25:37 - [TEST_STEP][PASSED] - nis.append(random.nextInt(10)): null

03-01-2025T19:25:37 - [TEST_STEP][PASSED] - nis.append(random.nextInt(10)): null

03-01-2025T19:25:37 - [TEST_STEP][PASSED] - nis.append(random.nextInt(10)): null

03-01-2025T19:25:37 - [TEST_STEP][PASSED] - return nis.toString(): null

03-01-2025T19:25:37 - [TEST_STEP][PASSED] - setText(findTestObject("Object Repository/Master Data/Admin Sekolah/Master Siswa/Tambah Siswa/Field NIS"), randomNIS): Text '6442597879' is set on object 'Object Repository/Master Data/Admin Sekolah/Master Siswa/Tambah Siswa/Field NIS'

03-01-2025T19:25:38 - [MESSAGE][PASSED] - Text '6442597879' is set on object 'Object Repository/Master Data/Admin Sekolah/Master Siswa/Tambah Siswa/Field NIS'

03-01-2025T19:25:38 - [TEST_STEP][PASSED] - click(findTestObject("Master Data/Admin Sekolah/Master Siswa/Tambah Siswa/Button Simpan")): Object: 'Object Repository/Master Data/Admin Sekolah/Master Siswa/Tambah Siswa/Button Simpan' is clicked on

03-01-2025T19:25:38 - [MESSAGE][PASSED] - Object: 'Object Repository/Master Data/Admin Sekolah/Master Siswa/Tambah Siswa/Button Simpan' is clicked on

03-01-2025T19:25:38 - [TEST_STEP][PASSED] - click(findTestObject("Master Data/Admin Sekolah/Master Siswa/Tambah Siswa/Button Ya")): Object: 'Object Repository/Master Data/Admin Sekolah/Master Siswa/Tambah Siswa/Button Ya' is clicked on

03-01-2025T19:25:39 - [MESSAGE][PASSED] - Object: 'Object Repository/Master Data/Admin Sekolah/Master Siswa/Tambah Siswa/Button Ya' is clicked on

03-01-2025T19:25:39 - [MESSAGE][PASSED] - Call Test Case 'Test Cases/Master Data/Admin Sekolah/Master Siswa/Tambah Siswa' successfully

03-01-2025T19:25:39 - [TEST_STEP][PASSED] - callTestCase(findTestCase("Test Cases/Master Data/Admin Sekolah/Master Siswa/Edit Siswa"), [:], CONTINUE_ON_FAILURE): Call Test Case 'Test Cases/Master Data/Admin Sekolah/Master Siswa/Edit Siswa' successfully

03-01-2025T19:25:39 - [TEST_CASE][PASSED] - Test Cases/Master Data/Admin Sekolah/Master Siswa/Edit Siswa: Test Cases/Master Data/Admin Sekolah/Master Siswa/Edit Siswa

03-01-2025T19:25:39 - [TEST_STEP][PASSED] - openBrowser(""): Browser is opened with url: ''

03-01-2025T19:25:39 - [MESSAGE][WARNING] - A browser is already opened. Closing browser and opening a new one

03-01-2025T19:25:39 - [MESSAGE][INFO] - Starting 'Chrome' driver

03-01-2025T19:25:39 - [MESSAGE][INFO] - Action delay is set to 0 milliseconds

03-01-2025T19:25:40 - [MESSAGE][PASSED] - Browser is opened with url: ''

03-01-2025T19:25:40 - [TEST_STEP][PASSED] - maximizeWindow(): Current window maximized

03-01-2025T19:25:40 - [MESSAGE][PASSED] - Current window maximized

03-01-2025T19:25:40 - [TEST_STEP][PASSED] - navigateToUrl("https://sit.siprusedu.com/login"): Navigate to 'https://sit.siprusedu.com/login' successfully

03-01-2025T19:26:00 - [MESSAGE][PASSED] - Navigate to 'https://sit.siprusedu.com/login' successfully

03-01-2025T19:26:00 - [TEST_STEP][PASSED] - setText(findTestObject("Master Data/Admin Sekolah/Login/Field Email"), "admin.gudangsolusi@digiform.co.id"): Text 'admin.gudangsolusi@digiform.co.id' is set on object 'Object Repository/Master Data/Admin Sekolah/Login/Field Email'

03-01-2025T19:26:01 - [MESSAGE][PASSED] - Text 'admin.gudangsolusi@digiform.co.id' is set on object 'Object Repository/Master Data/Admin Sekolah/Login/Field Email'

03-01-2025T19:26:01 - [TEST_STEP][PASSED] - setText(findTestObject("Master Data/Admin Sekolah/Login/Input Password"), "Test1234"): Text 'Test1234' is set on object 'Object Repository/Master Data/Admin Sekolah/Login/Input Password'

03-01-2025T19:26:01 - [MESSAGE][PASSED] - Text 'Test1234' is set on object 'Object Repository/Master Data/Admin Sekolah/Login/Input Password'

03-01-2025T19:26:01 - [TEST_STEP][PASSED] - click(findTestObject("Master Data/Admin Sekolah/Login/Button Submit")): Object: 'Object Repository/Master Data/Admin Sekolah/Login/Button Submit' is clicked on

03-01-2025T19:26:02 - [MESSAGE][PASSED] - Object: 'Object Repository/Master Data/Admin Sekolah/Login/Button Submit' is clicked on

03-01-2025T19:26:02 - [TEST_STEP][PASSED] - click(findTestObject("Master Data/Admin Sekolah/Master Data Menu")): Object: 'Object Repository/Master Data/Admin Sekolah/Master Data Menu' is clicked on

03-01-2025T19:26:04 - [MESSAGE][PASSED] - Object: 'Object Repository/Master Data/Admin Sekolah/Master Data Menu' is clicked on

03-01-2025T19:26:04 - [TEST_STEP][PASSED] - click(findTestObject("Master Data/Admin Sekolah/Master Siswa/Filter Dan Search Siswa/Page_Beranda/Sub Menu Kelola Siswa")): Object: 'Object Repository/Master Data/Admin Sekolah/Master Siswa/Filter Dan Search Siswa/Page_Beranda/Sub Menu Kelola Siswa' is clicked on

03-01-2025T19:26:23 - [MESSAGE][PASSED] - Object: 'Object Repository/Master Data/Admin Sekolah/Master Siswa/Filter Dan Search Siswa/Page_Beranda/Sub Menu Kelola Siswa' is clicked on

03-01-2025T19:26:23 - [TEST_STEP][PASSED] - click(findTestObject("Master Data/Admin Sekolah/Master Siswa/Edit Siswa/Button Action")): Object: 'Object Repository/Master Data/Admin Sekolah/Master Siswa/Edit Siswa/Button Action' is clicked on

03-01-2025T19:26:23 - [MESSAGE][PASSED] - Object: 'Object Repository/Master Data/Admin Sekolah/Master Siswa/Edit Siswa/Button Action' is clicked on

03-01-2025T19:26:23 - [TEST_STEP][PASSED] - click(findTestObject("Master Data/Admin Sekolah/Master Siswa/Edit Siswa/Button Edit")): Object: 'Object Repository/Master Data/Admin Sekolah/Master Siswa/Edit Siswa/Button Edit' is clicked on

03-01-2025T19:26:24 - [MESSAGE][PASSED] - Object: 'Object Repository/Master Data/Admin Sekolah/Master Siswa/Edit Siswa/Button Edit' is clicked on

03-01-2025T19:26:24 - [TEST_STEP][PASSED] - spinnerXpath = "//div[@data-testid='loading-spinner']": null

03-01-2025T19:26:24 - [TEST_STEP][PASSED] - waitForSpinnerToDisappear(spinnerXpath, 30): null

03-01-2025T19:26:24 - [TEST_STEP][PASSED] - spinner = new com.kms.katalon.core.testobject.TestObject(): null

03-01-2025T19:26:24 - [TEST_STEP][PASSED] - spinner.addProperty("xpath", EQUALS, spinnerXpath): null

03-01-2025T19:26:24 - [TEST_STEP][PASSED] - elapsedTime = 0: null

03-01-2025T19:26:24 - [TEST_STEP][PASSED] - interval = 1: null

03-01-2025T19:26:24 - [TEST_STEP][PASSED] - while (verifyElementPresent(spinner, 1, OPTIONAL)): com.kms.katalon.core.webui.exception.WebElementNotFoundException: Web element with id: '' located by '//div[@data-testid='loading-spinner']' not found (Root cause: com.kms.katalon.core.exception.StepFailedException: com.kms.katalon.core.webui.exception.WebElementNotFoundException: Web element with id: '' located by '//div[@data-testid='loading-spinner']' not found
	at com.kms.katalon.core.webui.keyword.internal.WebUIKeywordMain.stepFailed(WebUIKeywordMain.groovy:117)
	at com.kms.katalon.core.webui.keyword.builtin.VerifyElementPresentKeyword$_verifyElementPresent_closure1.doCall(VerifyElementPresentKeyword.groovy:85)
	at com.kms.katalon.core.webui.keyword.builtin.VerifyElementPresentKeyword$_verifyElementPresent_closure1.call(VerifyElementPresentKeyword.groovy)
	at com.kms.katalon.core.webui.keyword.internal.WebUIKeywordMain.runKeyword(WebUIKeywordMain.groovy:35)
	at com.kms.katalon.core.webui.keyword.builtin.VerifyElementPresentKeyword.verifyElementPresent(VerifyElementPresentKeyword.groovy:92)
	at com.kms.katalon.core.webui.keyword.builtin.VerifyElementPresentKeyword.execute(VerifyElementPresentKeyword.groovy:68)
	at com.kms.katalon.core.keyword.internal.KeywordExecutor.executeKeywordForPlatform(KeywordExecutor.groovy:74)
	at com.kms.katalon.core.webui.keyword.WebUiBuiltInKeywords.verifyElementPresent(WebUiBuiltInKeywords.groovy:1524)
	at Edit Siswa.waitForSpinnerToDisappear(Edit Siswa:31)
	at Edit Siswa.run(Edit Siswa:110)
	at com.kms.katalon.core.main.ScriptEngine.run(ScriptEngine.java:194)
	at com.kms.katalon.core.main.ScriptEngine.runScriptAsRawText(ScriptEngine.java:119)
	at com.kms.katalon.core.main.TestCaseExecutor.runScript(TestCaseExecutor.java:448)
	at com.kms.katalon.core.main.TestCaseExecutor.doExecute(TestCaseExecutor.java:439)
	at com.kms.katalon.core.main.TestCaseExecutor.processExecutionPhase(TestCaseExecutor.java:418)
	at com.kms.katalon.core.main.TestCaseExecutor.accessMainPhase(TestCaseExecutor.java:410)
	at com.kms.katalon.core.main.TestCaseExecutor.execute(TestCaseExecutor.java:285)
	at com.kms.katalon.core.main.TestCaseMain.runTestCase(TestCaseMain.java:133)
	at com.kms.katalon.core.keyword.builtin.CallTestCaseKeyword$_callTestCase_closure1.doCall(CallTestCaseKeyword.groovy:59)
	at com.kms.katalon.core.keyword.builtin.CallTestCaseKeyword$_callTestCase_closure1.call(CallTestCaseKeyword.groovy)
	at com.kms.katalon.core.keyword.internal.KeywordMain.runKeyword(KeywordMain.groovy:75)
	at com.kms.katalon.core.keyword.builtin.CallTestCaseKeyword.callTestCase(CallTestCaseKeyword.groovy:81)
	at com.kms.katalon.core.keyword.builtin.CallTestCaseKeyword.execute(CallTestCaseKeyword.groovy:44)
	at com.kms.katalon.core.keyword.internal.KeywordExecutor.executeKeywordForPlatform(KeywordExecutor.groovy:74)
	at com.kms.katalon.core.keyword.BuiltinKeywords.callTestCase(BuiltinKeywords.groovy:310)
	at java.base/jdk.internal.reflect.NativeMethodAccessorImpl.invoke0(Native Method)
	at java.base/jdk.internal.reflect.NativeMethodAccessorImpl.invoke(NativeMethodAccessorImpl.java:77)
	at java.base/jdk.internal.reflect.DelegatingMethodAccessorImpl.invoke(DelegatingMethodAccessorImpl.java:43)
	at Regresi Siswa.run(Regresi Siswa:44)
	at com.kms.katalon.core.main.ScriptEngine.run(ScriptEngine.java:194)
	at com.kms.katalon.core.main.ScriptEngine.runScriptAsRawText(ScriptEngine.java:119)
	at com.kms.katalon.core.main.TestCaseExecutor.runScript(TestCaseExecutor.java:448)
	at com.kms.katalon.core.main.TestCaseExecutor.doExecute(TestCaseExecutor.java:439)
	at com.kms.katalon.core.main.TestCaseExecutor.processExecutionPhase(TestCaseExecutor.java:418)
	at com.kms.katalon.core.main.TestCaseExecutor.accessMainPhase(TestCaseExecutor.java:410)
	at com.kms.katalon.core.main.TestCaseExecutor.execute(TestCaseExecutor.java:285)
	at com.kms.katalon.core.common.CommonExecutor.accessTestCaseMainPhase(CommonExecutor.java:65)
	at com.kms.katalon.core.main.TestSuiteExecutor.accessTestSuiteMainPhase(TestSuiteExecutor.java:161)
	at com.kms.katalon.core.main.TestSuiteExecutor.execute(TestSuiteExecutor.java:107)
	at com.kms.katalon.core.main.TestCaseMain.startTestSuite(TestCaseMain.java:176)
	at TempTestSuite1735906738785.run(TempTestSuite1735906738785.groovy:35)
	at java.base/jdk.internal.reflect.NativeMethodAccessorImpl.invoke0(Native Method)
	at java.base/jdk.internal.reflect.NativeMethodAccessorImpl.invoke(NativeMethodAccessorImpl.java:77)
	at java.base/jdk.internal.reflect.DelegatingMethodAccessorImpl.invoke(DelegatingMethodAccessorImpl.java:43)
)

03-01-2025T19:26:26 - [MESSAGE][INFO] - Unable to find the element located by 'By.xpath: //div[@data-testid='loading-spinner']'. Please recheck the objects properties to make sure the desired element is located. 

03-01-2025T19:26:26 - [MESSAGE][WARNING] - com.kms.katalon.core.webui.exception.WebElementNotFoundException: Web element with id: '' located by '//div[@data-testid='loading-spinner']' not found (Root cause: com.kms.katalon.core.exception.StepFailedException: com.kms.katalon.core.webui.exception.WebElementNotFoundException: Web element with id: '' located by '//div[@data-testid='loading-spinner']' not found
	at com.kms.katalon.core.webui.keyword.internal.WebUIKeywordMain.stepFailed(WebUIKeywordMain.groovy:117)
	at com.kms.katalon.core.webui.keyword.builtin.VerifyElementPresentKeyword$_verifyElementPresent_closure1.doCall(VerifyElementPresentKeyword.groovy:85)
	at com.kms.katalon.core.webui.keyword.builtin.VerifyElementPresentKeyword$_verifyElementPresent_closure1.call(VerifyElementPresentKeyword.groovy)
	at com.kms.katalon.core.webui.keyword.internal.WebUIKeywordMain.runKeyword(WebUIKeywordMain.groovy:35)
	at com.kms.katalon.core.webui.keyword.builtin.VerifyElementPresentKeyword.verifyElementPresent(VerifyElementPresentKeyword.groovy:92)
	at com.kms.katalon.core.webui.keyword.builtin.VerifyElementPresentKeyword.execute(VerifyElementPresentKeyword.groovy:68)
	at com.kms.katalon.core.keyword.internal.KeywordExecutor.executeKeywordForPlatform(KeywordExecutor.groovy:74)
	at com.kms.katalon.core.webui.keyword.WebUiBuiltInKeywords.verifyElementPresent(WebUiBuiltInKeywords.groovy:1524)
	at Edit Siswa.waitForSpinnerToDisappear(Edit Siswa:31)
	at Edit Siswa.run(Edit Siswa:110)
	at com.kms.katalon.core.main.ScriptEngine.run(ScriptEngine.java:194)
	at com.kms.katalon.core.main.ScriptEngine.runScriptAsRawText(ScriptEngine.java:119)
	at com.kms.katalon.core.main.TestCaseExecutor.runScript(TestCaseExecutor.java:448)
	at com.kms.katalon.core.main.TestCaseExecutor.doExecute(TestCaseExecutor.java:439)
	at com.kms.katalon.core.main.TestCaseExecutor.processExecutionPhase(TestCaseExecutor.java:418)
	at com.kms.katalon.core.main.TestCaseExecutor.accessMainPhase(TestCaseExecutor.java:410)
	at com.kms.katalon.core.main.TestCaseExecutor.execute(TestCaseExecutor.java:285)
	at com.kms.katalon.core.main.TestCaseMain.runTestCase(TestCaseMain.java:133)
	at com.kms.katalon.core.keyword.builtin.CallTestCaseKeyword$_callTestCase_closure1.doCall(CallTestCaseKeyword.groovy:59)
	at com.kms.katalon.core.keyword.builtin.CallTestCaseKeyword$_callTestCase_closure1.call(CallTestCaseKeyword.groovy)
	at com.kms.katalon.core.keyword.internal.KeywordMain.runKeyword(KeywordMain.groovy:75)
	at com.kms.katalon.core.keyword.builtin.CallTestCaseKeyword.callTestCase(CallTestCaseKeyword.groovy:81)
	at com.kms.katalon.core.keyword.builtin.CallTestCaseKeyword.execute(CallTestCaseKeyword.groovy:44)
	at com.kms.katalon.core.keyword.internal.KeywordExecutor.executeKeywordForPlatform(KeywordExecutor.groovy:74)
	at com.kms.katalon.core.keyword.BuiltinKeywords.callTestCase(BuiltinKeywords.groovy:310)
	at java.base/jdk.internal.reflect.NativeMethodAccessorImpl.invoke0(Native Method)
	at java.base/jdk.internal.reflect.NativeMethodAccessorImpl.invoke(NativeMethodAccessorImpl.java:77)
	at java.base/jdk.internal.reflect.DelegatingMethodAccessorImpl.invoke(DelegatingMethodAccessorImpl.java:43)
	at Regresi Siswa.run(Regresi Siswa:44)
	at com.kms.katalon.core.main.ScriptEngine.run(ScriptEngine.java:194)
	at com.kms.katalon.core.main.ScriptEngine.runScriptAsRawText(ScriptEngine.java:119)
	at com.kms.katalon.core.main.TestCaseExecutor.runScript(TestCaseExecutor.java:448)
	at com.kms.katalon.core.main.TestCaseExecutor.doExecute(TestCaseExecutor.java:439)
	at com.kms.katalon.core.main.TestCaseExecutor.processExecutionPhase(TestCaseExecutor.java:418)
	at com.kms.katalon.core.main.TestCaseExecutor.accessMainPhase(TestCaseExecutor.java:410)
	at com.kms.katalon.core.main.TestCaseExecutor.execute(TestCaseExecutor.java:285)
	at com.kms.katalon.core.common.CommonExecutor.accessTestCaseMainPhase(CommonExecutor.java:65)
	at com.kms.katalon.core.main.TestSuiteExecutor.accessTestSuiteMainPhase(TestSuiteExecutor.java:161)
	at com.kms.katalon.core.main.TestSuiteExecutor.execute(TestSuiteExecutor.java:107)
	at com.kms.katalon.core.main.TestCaseMain.startTestSuite(TestCaseMain.java:176)
	at TempTestSuite1735906738785.run(TempTestSuite1735906738785.groovy:35)
	at java.base/jdk.internal.reflect.NativeMethodAccessorImpl.invoke0(Native Method)
	at java.base/jdk.internal.reflect.NativeMethodAccessorImpl.invoke(NativeMethodAccessorImpl.java:77)
	at java.base/jdk.internal.reflect.DelegatingMethodAccessorImpl.invoke(DelegatingMethodAccessorImpl.java:43)
)
[[ATTACHMENT|C:\\Users\\henri\\Videos\\school-payment-automation-testing\\Reports\\20250103_191857\\SPRINT 3\\20250103_191858\\1735907186476.png]]

03-01-2025T19:26:26 - [TEST_STEP][PASSED] - comment("Spinner telah hilang."): Spinner telah hilang.

03-01-2025T19:26:26 - [MESSAGE][INFO] - Spinner telah hilang.

03-01-2025T19:26:26 - [TEST_STEP][PASSED] - clearAndInput(findTestObject("Master Data/Admin Sekolah/Master Siswa/Edit Siswa/Field Nama Siswa"), generateRandomName()): null

03-01-2025T19:26:26 - [TEST_STEP][PASSED] - firstNames = ["Ahmad", "Budi", "Siti", "Dian", "Rina", "Agus", "Maya", "Joko"]: null

03-01-2025T19:26:26 - [TEST_STEP][PASSED] - lastNames = ["Pratama", "Putra", "Sari", "Wibisana", "Gunawan", "Santoso", "Amir", "Kusuma"]: null

03-01-2025T19:26:26 - [TEST_STEP][PASSED] - random = new java.util.Random(): null

03-01-2025T19:26:26 - [TEST_STEP][PASSED] - return ((firstNames[random.nextInt(firstNames.size())] +  ) + lastNames[random.nextInt(lastNames.size())]): null

03-01-2025T19:26:26 - [TEST_STEP][PASSED] - clearFieldUsingJavaScript(testObject): null

03-01-2025T19:26:26 - [TEST_STEP][PASSED] - fieldElement = findWebElement(testObject): Found web element by test object Object Repository/Master Data/Admin Sekolah/Master Siswa/Edit Siswa/Field Nama Siswa

03-01-2025T19:26:26 - [MESSAGE][PASSED] - Found web element by test object Object Repository/Master Data/Admin Sekolah/Master Siswa/Edit Siswa/Field Nama Siswa

03-01-2025T19:26:26 - [TEST_STEP][PASSED] - executeJavaScript("arguments[0].value = "";", Arrays.asList(fieldElement)): Execute JavaScript 'arguments[0].value = "";' successfully

03-01-2025T19:26:26 - [MESSAGE][PASSED] - Execute JavaScript 'arguments[0].value = "";' successfully

03-01-2025T19:26:26 - [TEST_STEP][PASSED] - setText(testObject, newValue): Text 'Budi Pratama' is set on object 'Object Repository/Master Data/Admin Sekolah/Master Siswa/Edit Siswa/Field Nama Siswa'

03-01-2025T19:26:27 - [MESSAGE][PASSED] - Text 'Budi Pratama' is set on object 'Object Repository/Master Data/Admin Sekolah/Master Siswa/Edit Siswa/Field Nama Siswa'

03-01-2025T19:26:27 - [TEST_STEP][PASSED] - clearAndInput(findTestObject("Master Data/Admin Sekolah/Master Siswa/Edit Siswa/Field NIS"), generateRandomNIS()): null

03-01-2025T19:26:27 - [TEST_STEP][PASSED] - return (1000000000 + new java.util.Random().nextInt(900000000)) as java.lang.String: null

03-01-2025T19:26:27 - [TEST_STEP][PASSED] - clearFieldUsingJavaScript(testObject): null

03-01-2025T19:26:27 - [TEST_STEP][PASSED] - fieldElement = findWebElement(testObject): Found web element by test object Object Repository/Master Data/Admin Sekolah/Master Siswa/Edit Siswa/Field NIS

03-01-2025T19:26:27 - [MESSAGE][PASSED] - Found web element by test object Object Repository/Master Data/Admin Sekolah/Master Siswa/Edit Siswa/Field NIS

03-01-2025T19:26:27 - [TEST_STEP][PASSED] - executeJavaScript("arguments[0].value = "";", Arrays.asList(fieldElement)): Execute JavaScript 'arguments[0].value = "";' successfully

03-01-2025T19:26:27 - [MESSAGE][PASSED] - Execute JavaScript 'arguments[0].value = "";' successfully

03-01-2025T19:26:27 - [TEST_STEP][PASSED] - setText(testObject, newValue): Text '1599573914' is set on object 'Object Repository/Master Data/Admin Sekolah/Master Siswa/Edit Siswa/Field NIS'

03-01-2025T19:26:28 - [MESSAGE][PASSED] - Text '1599573914' is set on object 'Object Repository/Master Data/Admin Sekolah/Master Siswa/Edit Siswa/Field NIS'

03-01-2025T19:26:28 - [TEST_STEP][PASSED] - clearAndInput(findTestObject("Master Data/Admin Sekolah/Master Siswa/Edit Siswa/Field Tempat Lahir"), generateRandomPlaceOfBirth()): null

03-01-2025T19:26:28 - [TEST_STEP][PASSED] - cities = ["Jakarta", "Bandung", "Surabaya", "Medan", "Yogyakarta"]: null

03-01-2025T19:26:28 - [TEST_STEP][PASSED] - random = new java.util.Random(): null

03-01-2025T19:26:28 - [TEST_STEP][PASSED] - return cities[random.nextInt(cities.size())]: null

03-01-2025T19:26:28 - [TEST_STEP][PASSED] - clearFieldUsingJavaScript(testObject): null

03-01-2025T19:26:28 - [TEST_STEP][PASSED] - fieldElement = findWebElement(testObject): Found web element by test object Object Repository/Master Data/Admin Sekolah/Master Siswa/Edit Siswa/Field Tempat Lahir

03-01-2025T19:26:28 - [MESSAGE][PASSED] - Found web element by test object Object Repository/Master Data/Admin Sekolah/Master Siswa/Edit Siswa/Field Tempat Lahir

03-01-2025T19:26:28 - [TEST_STEP][PASSED] - executeJavaScript("arguments[0].value = "";", Arrays.asList(fieldElement)): Execute JavaScript 'arguments[0].value = "";' successfully

03-01-2025T19:26:28 - [MESSAGE][PASSED] - Execute JavaScript 'arguments[0].value = "";' successfully

03-01-2025T19:26:28 - [TEST_STEP][PASSED] - setText(testObject, newValue): Text 'Surabaya' is set on object 'Object Repository/Master Data/Admin Sekolah/Master Siswa/Edit Siswa/Field Tempat Lahir'

03-01-2025T19:26:29 - [MESSAGE][PASSED] - Text 'Surabaya' is set on object 'Object Repository/Master Data/Admin Sekolah/Master Siswa/Edit Siswa/Field Tempat Lahir'

03-01-2025T19:26:29 - [TEST_STEP][PASSED] - clearAndInput(findTestObject("Master Data/Admin Sekolah/Master Siswa/Edit Siswa/Field Nomor Handphone"), generateRandomPhoneNumber()): null

03-01-2025T19:26:29 - [TEST_STEP][PASSED] - return (08 + (100000000 + new java.util.Random().nextInt(900000000))): null

03-01-2025T19:26:29 - [TEST_STEP][PASSED] - clearFieldUsingJavaScript(testObject): null

03-01-2025T19:26:29 - [TEST_STEP][PASSED] - fieldElement = findWebElement(testObject): Found web element by test object Object Repository/Master Data/Admin Sekolah/Master Siswa/Edit Siswa/Field Nomor Handphone

03-01-2025T19:26:29 - [MESSAGE][PASSED] - Found web element by test object Object Repository/Master Data/Admin Sekolah/Master Siswa/Edit Siswa/Field Nomor Handphone

03-01-2025T19:26:29 - [TEST_STEP][PASSED] - executeJavaScript("arguments[0].value = "";", Arrays.asList(fieldElement)): Execute JavaScript 'arguments[0].value = "";' successfully

03-01-2025T19:26:29 - [MESSAGE][PASSED] - Execute JavaScript 'arguments[0].value = "";' successfully

03-01-2025T19:26:29 - [TEST_STEP][PASSED] - setText(testObject, newValue): Text '08664488063' is set on object 'Object Repository/Master Data/Admin Sekolah/Master Siswa/Edit Siswa/Field Nomor Handphone'

03-01-2025T19:26:30 - [MESSAGE][PASSED] - Text '08664488063' is set on object 'Object Repository/Master Data/Admin Sekolah/Master Siswa/Edit Siswa/Field Nomor Handphone'

03-01-2025T19:26:30 - [TEST_STEP][PASSED] - clearAndInput(findTestObject("Master Data/Admin Sekolah/Master Siswa/Edit Siswa/Field Alamat"), generateRandomAddress()): null

03-01-2025T19:26:30 - [TEST_STEP][PASSED] - streets = ["Jl. Raya", "Jl. Merdeka", "Jl. Pahlawan", "Jl. Kemerdekaan", "Jl. Sudirman"]: null

03-01-2025T19:26:30 - [TEST_STEP][PASSED] - cities = ["Jakarta", "Bandung", "Surabaya", "Medan", "Yogyakarta"]: null

03-01-2025T19:26:30 - [TEST_STEP][PASSED] - random = new java.util.Random(): null

03-01-2025T19:26:30 - [TEST_STEP][PASSED] - return (((streets[random.nextInt(streets.size())] + , ) + cities[random.nextInt(cities.size())]) + , Indonesia): null

03-01-2025T19:26:30 - [TEST_STEP][PASSED] - clearFieldUsingJavaScript(testObject): null

03-01-2025T19:26:30 - [TEST_STEP][PASSED] - fieldElement = findWebElement(testObject): Found web element by test object Object Repository/Master Data/Admin Sekolah/Master Siswa/Edit Siswa/Field Alamat

03-01-2025T19:26:30 - [MESSAGE][PASSED] - Found web element by test object Object Repository/Master Data/Admin Sekolah/Master Siswa/Edit Siswa/Field Alamat

03-01-2025T19:26:30 - [TEST_STEP][PASSED] - executeJavaScript("arguments[0].value = "";", Arrays.asList(fieldElement)): Execute JavaScript 'arguments[0].value = "";' successfully

03-01-2025T19:26:30 - [MESSAGE][PASSED] - Execute JavaScript 'arguments[0].value = "";' successfully

03-01-2025T19:26:30 - [TEST_STEP][PASSED] - setText(testObject, newValue): Text 'Jl. Kemerdekaan, Medan, Indonesia' is set on object 'Object Repository/Master Data/Admin Sekolah/Master Siswa/Edit Siswa/Field Alamat'

03-01-2025T19:26:31 - [MESSAGE][PASSED] - Text 'Jl. Kemerdekaan, Medan, Indonesia' is set on object 'Object Repository/Master Data/Admin Sekolah/Master Siswa/Edit Siswa/Field Alamat'

03-01-2025T19:26:31 - [TEST_STEP][PASSED] - isConfirmationHandled = false: null

03-01-2025T19:26:31 - [TEST_STEP][PASSED] - for ([i = 0, i < 3, (i++)]): null

03-01-2025T19:26:31 - [TEST_STEP][PASSED] - click(findTestObject("Master Data/Admin Sekolah/Master Siswa/Edit Siswa/Button Simpan")): Object: 'Object Repository/Master Data/Admin Sekolah/Master Siswa/Edit Siswa/Button Simpan' is clicked on

03-01-2025T19:26:31 - [MESSAGE][PASSED] - Object: 'Object Repository/Master Data/Admin Sekolah/Master Siswa/Edit Siswa/Button Simpan' is clicked on

03-01-2025T19:26:31 - [TEST_STEP][PASSED] - if (waitForElementVisible(findTestObject("Master Data/Admin Sekolah/Master Siswa/Edit Siswa/Modal Konfirmasi"), 5)): null

03-01-2025T19:26:32 - [MESSAGE][PASSED] - Object 'Object Repository/Master Data/Admin Sekolah/Master Siswa/Edit Siswa/Modal Konfirmasi' is visible

03-01-2025T19:26:32 - [TEST_STEP][PASSED] - comment("Modal konfirmasi muncul, melanjutkan ke langkah berikutnya."): Modal konfirmasi muncul, melanjutkan ke langkah berikutnya.

03-01-2025T19:26:32 - [MESSAGE][INFO] - Modal konfirmasi muncul, melanjutkan ke langkah berikutnya.

03-01-2025T19:26:32 - [TEST_STEP][PASSED] - click(findTestObject("Master Data/Admin Sekolah/Master Siswa/Edit Siswa/Button Ya")): Object: 'Object Repository/Master Data/Admin Sekolah/Master Siswa/Edit Siswa/Button Ya' is clicked on

03-01-2025T19:26:32 - [MESSAGE][PASSED] - Object: 'Object Repository/Master Data/Admin Sekolah/Master Siswa/Edit Siswa/Button Ya' is clicked on

03-01-2025T19:26:32 - [TEST_STEP][PASSED] - isConfirmationHandled = true: null

03-01-2025T19:26:32 - [TEST_STEP][PASSED] - break: null

03-01-2025T19:26:32 - [TEST_STEP][PASSED] - if (!(isConfirmationHandled)): null

03-01-2025T19:26:32 - [TEST_STEP][PASSED] - closeBrowser(): Browser is closed

03-01-2025T19:26:32 - [MESSAGE][PASSED] - Browser is closed

03-01-2025T19:26:32 - [MESSAGE][PASSED] - Call Test Case 'Test Cases/Master Data/Admin Sekolah/Master Siswa/Edit Siswa' successfully

03-01-2025T19:26:32 - [TEST_STEP][PASSED] - callTestCase(findTestCase("Test Cases/Master Data/Admin Sekolah/Master Siswa/Filter dan Search Siswa"), [:], CONTINUE_ON_FAILURE): Call Test Case 'Test Cases/Master Data/Admin Sekolah/Master Siswa/Filter dan Search Siswa' successfully

03-01-2025T19:26:32 - [TEST_CASE][PASSED] - Test Cases/Master Data/Admin Sekolah/Master Siswa/Filter dan Search Siswa: Test Cases/Master Data/Admin Sekolah/Master Siswa/Filter dan Search Siswa

03-01-2025T19:26:32 - [TEST_STEP][PASSED] - openBrowser("", CONTINUE_ON_FAILURE): Browser is opened with url: ''

03-01-2025T19:26:32 - [MESSAGE][INFO] - Starting 'Chrome' driver

03-01-2025T19:26:32 - [MESSAGE][INFO] - Action delay is set to 0 milliseconds

03-01-2025T19:26:33 - [MESSAGE][PASSED] - Browser is opened with url: ''

03-01-2025T19:26:33 - [TEST_STEP][PASSED] - navigateToUrl("https://sit.siprusedu.com/login", CONTINUE_ON_FAILURE): Navigate to 'https://sit.siprusedu.com/login' successfully

03-01-2025T19:26:33 - [MESSAGE][PASSED] - Navigate to 'https://sit.siprusedu.com/login' successfully

03-01-2025T19:26:33 - [TEST_STEP][PASSED] - click(findTestObject("Master Data/Admin Sekolah/Login/Field Email"), CONTINUE_ON_FAILURE): Object: 'Object Repository/Master Data/Admin Sekolah/Login/Field Email' is clicked on

03-01-2025T19:26:35 - [MESSAGE][PASSED] - Object: 'Object Repository/Master Data/Admin Sekolah/Login/Field Email' is clicked on

03-01-2025T19:26:35 - [TEST_STEP][PASSED] - setText(findTestObject("Master Data/Admin Sekolah/Login/Field Email"), "admin.gudangsolusi@digiform.co.id", CONTINUE_ON_FAILURE): Text 'admin.gudangsolusi@digiform.co.id' is set on object 'Object Repository/Master Data/Admin Sekolah/Login/Field Email'

03-01-2025T19:26:36 - [MESSAGE][PASSED] - Text 'admin.gudangsolusi@digiform.co.id' is set on object 'Object Repository/Master Data/Admin Sekolah/Login/Field Email'

03-01-2025T19:26:36 - [TEST_STEP][PASSED] - click(findTestObject("Master Data/Admin Sekolah/Login/Input Password"), CONTINUE_ON_FAILURE): Object: 'Object Repository/Master Data/Admin Sekolah/Login/Input Password' is clicked on

03-01-2025T19:26:36 - [MESSAGE][PASSED] - Object: 'Object Repository/Master Data/Admin Sekolah/Login/Input Password' is clicked on

03-01-2025T19:26:36 - [TEST_STEP][PASSED] - setText(findTestObject("Master Data/Admin Sekolah/Login/Input Password"), "Test1234", CONTINUE_ON_FAILURE): Text 'Test1234' is set on object 'Object Repository/Master Data/Admin Sekolah/Login/Input Password'

03-01-2025T19:26:36 - [MESSAGE][PASSED] - Text 'Test1234' is set on object 'Object Repository/Master Data/Admin Sekolah/Login/Input Password'

03-01-2025T19:26:36 - [TEST_STEP][PASSED] - click(findTestObject("Master Data/Admin Sekolah/Login/Button Submit"), CONTINUE_ON_FAILURE): Object: 'Object Repository/Master Data/Admin Sekolah/Login/Button Submit' is clicked on

03-01-2025T19:26:37 - [MESSAGE][PASSED] - Object: 'Object Repository/Master Data/Admin Sekolah/Login/Button Submit' is clicked on

03-01-2025T19:26:37 - [TEST_STEP][PASSED] - click(findTestObject("Master Data/Admin Sekolah/Master Data Menu"), CONTINUE_ON_FAILURE): Object: 'Object Repository/Master Data/Admin Sekolah/Master Data Menu' is clicked on

03-01-2025T19:26:38 - [MESSAGE][PASSED] - Object: 'Object Repository/Master Data/Admin Sekolah/Master Data Menu' is clicked on

03-01-2025T19:26:38 - [TEST_STEP][PASSED] - click(findTestObject("Master Data/Admin Sekolah/Master Siswa/Filter Dan Search Siswa/Page_Beranda/Sub Menu Kelola Siswa")): Object: 'Object Repository/Master Data/Admin Sekolah/Master Siswa/Filter Dan Search Siswa/Page_Beranda/Sub Menu Kelola Siswa' is clicked on

03-01-2025T19:26:58 - [MESSAGE][PASSED] - Object: 'Object Repository/Master Data/Admin Sekolah/Master Siswa/Filter Dan Search Siswa/Page_Beranda/Sub Menu Kelola Siswa' is clicked on

03-01-2025T19:26:58 - [TEST_STEP][PASSED] - click(findTestObject("Master Data/Admin Sekolah/Master Siswa/Filter Dan Search Siswa/Dropdown Kelas")): Object: 'Object Repository/Master Data/Admin Sekolah/Master Siswa/Filter Dan Search Siswa/Dropdown Kelas' is clicked on

03-01-2025T19:26:59 - [MESSAGE][PASSED] - Object: 'Object Repository/Master Data/Admin Sekolah/Master Siswa/Filter Dan Search Siswa/Dropdown Kelas' is clicked on

03-01-2025T19:26:59 - [TEST_STEP][PASSED] - click(findTestObject("Master Data/Admin Sekolah/Master Siswa/Filter Dan Search Siswa/Value Kelas XI IPA 11")): Object: 'Object Repository/Master Data/Admin Sekolah/Master Siswa/Filter Dan Search Siswa/Value Kelas XI IPA 11' is clicked on

03-01-2025T19:26:59 - [MESSAGE][PASSED] - Object: 'Object Repository/Master Data/Admin Sekolah/Master Siswa/Filter Dan Search Siswa/Value Kelas XI IPA 11' is clicked on

03-01-2025T19:26:59 - [TEST_STEP][PASSED] - click(findTestObject("Master Data/Admin Sekolah/Master Siswa/Filter Dan Search Siswa/Dropdown Status")): Object: 'Object Repository/Master Data/Admin Sekolah/Master Siswa/Filter Dan Search Siswa/Dropdown Status' is clicked on

03-01-2025T19:27:00 - [MESSAGE][PASSED] - Object: 'Object Repository/Master Data/Admin Sekolah/Master Siswa/Filter Dan Search Siswa/Dropdown Status' is clicked on

03-01-2025T19:27:00 - [TEST_STEP][PASSED] - click(findTestObject("Master Data/Admin Sekolah/Master Siswa/Filter Dan Search Siswa/Value Status Aktif")): Object: 'Object Repository/Master Data/Admin Sekolah/Master Siswa/Filter Dan Search Siswa/Value Status Aktif' is clicked on

03-01-2025T19:27:00 - [MESSAGE][PASSED] - Object: 'Object Repository/Master Data/Admin Sekolah/Master Siswa/Filter Dan Search Siswa/Value Status Aktif' is clicked on

03-01-2025T19:27:00 - [TEST_STEP][PASSED] - click(findTestObject("Master Data/Admin Sekolah/Master Siswa/Filter Dan Search Siswa/Dropdown Tahun Ajaran")): Object: 'Object Repository/Master Data/Admin Sekolah/Master Siswa/Filter Dan Search Siswa/Dropdown Tahun Ajaran' is clicked on

03-01-2025T19:27:01 - [MESSAGE][PASSED] - Object: 'Object Repository/Master Data/Admin Sekolah/Master Siswa/Filter Dan Search Siswa/Dropdown Tahun Ajaran' is clicked on

03-01-2025T19:27:01 - [TEST_STEP][PASSED] - click(findTestObject("Master Data/Admin Sekolah/Master Siswa/Filter Dan Search Siswa/Value Dropdown Tahun Ajaran")): Object: 'Object Repository/Master Data/Admin Sekolah/Master Siswa/Filter Dan Search Siswa/Value Dropdown Tahun Ajaran' is clicked on

03-01-2025T19:27:32 - [MESSAGE][INFO] - Unable to find the element located by 'By.xpath: //div[@value='39']'. Please recheck the objects properties to make sure the desired element is located. 

03-01-2025T19:27:32 - [MESSAGE][WARNING] - [SELF-HEALING] Failed to find element with id 'Object Repository/Master Data/Admin Sekolah/Master Siswa/Filter Dan Search Siswa/Value Dropdown Tahun Ajaran'. Try using Self-healing.

03-01-2025T19:27:32 - [MESSAGE][WARNING] - [SELF-HEALING] The current locator of test object 'Object Repository/Master Data/Admin Sekolah/Master Siswa/Filter Dan Search Siswa/Value Dropdown Tahun Ajaran' was broken. Propose an alternative one: '//div[2]/div[2]/div[7]'.

03-01-2025T19:27:32 - [MESSAGE][PASSED] - Object: 'Object Repository/Master Data/Admin Sekolah/Master Siswa/Filter Dan Search Siswa/Value Dropdown Tahun Ajaran' is clicked on

03-01-2025T19:27:32 - [TEST_STEP][PASSED] - click(findTestObject("Master Data/Admin Sekolah/Master Siswa/Filter Dan Search Siswa/Field Search Bar")): Object: 'Object Repository/Master Data/Admin Sekolah/Master Siswa/Filter Dan Search Siswa/Field Search Bar' is clicked on

03-01-2025T19:27:33 - [MESSAGE][PASSED] - Object: 'Object Repository/Master Data/Admin Sekolah/Master Siswa/Filter Dan Search Siswa/Field Search Bar' is clicked on

03-01-2025T19:27:33 - [TEST_STEP][PASSED] - setText(findTestObject("Master Data/Admin Sekolah/Master Siswa/Filter Dan Search Siswa/Field Search Bar"), "Adam"): Text 'Adam' is set on object 'Object Repository/Master Data/Admin Sekolah/Master Siswa/Filter Dan Search Siswa/Field Search Bar'

03-01-2025T19:27:33 - [MESSAGE][PASSED] - Text 'Adam' is set on object 'Object Repository/Master Data/Admin Sekolah/Master Siswa/Filter Dan Search Siswa/Field Search Bar'

03-01-2025T19:27:33 - [TEST_STEP][PASSED] - verifyElementVisible(findTestObject("Master Data/Admin Sekolah/Master Siswa/Filter Dan Search Siswa/Rekomendasi Siswa")): Object 'Object Repository/Master Data/Admin Sekolah/Master Siswa/Filter Dan Search Siswa/Rekomendasi Siswa' is visible

03-01-2025T19:27:35 - [MESSAGE][PASSED] - Object 'Object Repository/Master Data/Admin Sekolah/Master Siswa/Filter Dan Search Siswa/Rekomendasi Siswa' is visible

03-01-2025T19:27:35 - [TEST_STEP][PASSED] - click(findTestObject("Master Data/Admin Sekolah/Master Siswa/Filter Dan Search Siswa/Rekomendasi Siswa")): Object: 'Object Repository/Master Data/Admin Sekolah/Master Siswa/Filter Dan Search Siswa/Rekomendasi Siswa' is clicked on

03-01-2025T19:27:35 - [MESSAGE][PASSED] - Object: 'Object Repository/Master Data/Admin Sekolah/Master Siswa/Filter Dan Search Siswa/Rekomendasi Siswa' is clicked on

03-01-2025T19:27:35 - [TEST_STEP][PASSED] - verifyElementVisible(findTestObject("Master Data/Admin Sekolah/Master Siswa/Filter Dan Search Siswa/Button Terapkan")): Object 'Object Repository/Master Data/Admin Sekolah/Master Siswa/Filter Dan Search Siswa/Button Terapkan' is visible

03-01-2025T19:27:36 - [MESSAGE][PASSED] - Object 'Object Repository/Master Data/Admin Sekolah/Master Siswa/Filter Dan Search Siswa/Button Terapkan' is visible

03-01-2025T19:27:36 - [TEST_STEP][PASSED] - click(findTestObject("Master Data/Admin Sekolah/Master Siswa/Filter Dan Search Siswa/Button Terapkan")): Object: 'Object Repository/Master Data/Admin Sekolah/Master Siswa/Filter Dan Search Siswa/Button Terapkan' is clicked on

03-01-2025T19:27:36 - [MESSAGE][PASSED] - Object: 'Object Repository/Master Data/Admin Sekolah/Master Siswa/Filter Dan Search Siswa/Button Terapkan' is clicked on

03-01-2025T19:27:36 - [MESSAGE][INFO] - 

03-01-2025T19:27:36 - [MESSAGE][INFO] - ===================== Self-healing Report ====================

03-01-2025T19:27:36 - [MESSAGE][INFO] - One of the failed test object locators has been recovered by Self-healing. Please refer to the Self-healing Insights tab for more details.

03-01-2025T19:27:36 - [MESSAGE][INFO] - To learn more about Self-healing, please read https://docs.katalon.com/katalon-studio/docs/self-healing.html

03-01-2025T19:27:36 - [MESSAGE][INFO] - ==============================================================

03-01-2025T19:27:36 - [MESSAGE][PASSED] - Call Test Case 'Test Cases/Master Data/Admin Sekolah/Master Siswa/Filter dan Search Siswa' successfully

03-01-2025T19:27:36 - [TEST_STEP][PASSED] - callTestCase(findTestCase("Test Cases/Master Data/Admin Sekolah/Master Siswa/Unduh dan Upload Siswa"), [:], CONTINUE_ON_FAILURE): Call Test Case 'Test Cases/Master Data/Admin Sekolah/Master Siswa/Unduh dan Upload Siswa' successfully

03-01-2025T19:27:36 - [TEST_CASE][PASSED] - Test Cases/Master Data/Admin Sekolah/Master Siswa/Unduh dan Upload Siswa: Test Cases/Master Data/Admin Sekolah/Master Siswa/Unduh dan Upload Siswa

03-01-2025T19:27:36 - [TEST_STEP][PASSED] - openBrowser(""): Browser is opened with url: ''

03-01-2025T19:27:36 - [MESSAGE][WARNING] - A browser is already opened. Closing browser and opening a new one

03-01-2025T19:27:36 - [MESSAGE][INFO] - Starting 'Chrome' driver

03-01-2025T19:27:36 - [MESSAGE][INFO] - Action delay is set to 0 milliseconds

03-01-2025T19:27:37 - [MESSAGE][PASSED] - Browser is opened with url: ''

03-01-2025T19:27:37 - [TEST_STEP][PASSED] - maximizeWindow(): Current window maximized

03-01-2025T19:27:37 - [MESSAGE][PASSED] - Current window maximized

03-01-2025T19:27:37 - [TEST_STEP][PASSED] - navigateToUrl("https://sit.siprusedu.com/login"): Navigate to 'https://sit.siprusedu.com/login' successfully

03-01-2025T19:27:38 - [MESSAGE][PASSED] - Navigate to 'https://sit.siprusedu.com/login' successfully

03-01-2025T19:27:38 - [TEST_STEP][PASSED] - setText(findTestObject("Master Data/Admin Sekolah/Login/Field Email"), "admin.gudangsolusi@digiform.co.id"): Text 'admin.gudangsolusi@digiform.co.id' is set on object 'Object Repository/Master Data/Admin Sekolah/Login/Field Email'

03-01-2025T19:27:40 - [MESSAGE][PASSED] - Text 'admin.gudangsolusi@digiform.co.id' is set on object 'Object Repository/Master Data/Admin Sekolah/Login/Field Email'

03-01-2025T19:27:40 - [TEST_STEP][PASSED] - setText(findTestObject("Master Data/Admin Sekolah/Login/Input Password"), "Test1234"): Text 'Test1234' is set on object 'Object Repository/Master Data/Admin Sekolah/Login/Input Password'

03-01-2025T19:27:40 - [MESSAGE][PASSED] - Text 'Test1234' is set on object 'Object Repository/Master Data/Admin Sekolah/Login/Input Password'

03-01-2025T19:27:40 - [TEST_STEP][PASSED] - click(findTestObject("Master Data/Admin Sekolah/Login/Button Submit")): Object: 'Object Repository/Master Data/Admin Sekolah/Login/Button Submit' is clicked on

03-01-2025T19:27:40 - [MESSAGE][PASSED] - Object: 'Object Repository/Master Data/Admin Sekolah/Login/Button Submit' is clicked on

03-01-2025T19:27:40 - [TEST_STEP][PASSED] - click(findTestObject("Master Data/Admin Sekolah/Master Data Menu")): Object: 'Object Repository/Master Data/Admin Sekolah/Master Data Menu' is clicked on

03-01-2025T19:27:42 - [MESSAGE][PASSED] - Object: 'Object Repository/Master Data/Admin Sekolah/Master Data Menu' is clicked on

03-01-2025T19:27:42 - [TEST_STEP][PASSED] - click(findTestObject("Master Data/Admin Sekolah/Master Siswa/Filter Dan Search Siswa/Page_Beranda/Sub Menu Kelola Siswa")): Object: 'Object Repository/Master Data/Admin Sekolah/Master Siswa/Filter Dan Search Siswa/Page_Beranda/Sub Menu Kelola Siswa' is clicked on

03-01-2025T19:27:43 - [MESSAGE][PASSED] - Object: 'Object Repository/Master Data/Admin Sekolah/Master Siswa/Filter Dan Search Siswa/Page_Beranda/Sub Menu Kelola Siswa' is clicked on

03-01-2025T19:27:43 - [TEST_STEP][PASSED] - click(findTestObject("Master Data/Admin Sekolah/Master Siswa/Unduh dan Upload Siswa/Button Unduh")): Object: 'Object Repository/Master Data/Admin Sekolah/Master Siswa/Unduh dan Upload Siswa/Button Unduh' is clicked on

03-01-2025T19:27:44 - [MESSAGE][PASSED] - Object: 'Object Repository/Master Data/Admin Sekolah/Master Siswa/Unduh dan Upload Siswa/Button Unduh' is clicked on

03-01-2025T19:27:44 - [TEST_STEP][PASSED] - click(findTestObject("Master Data/Admin Sekolah/Master Siswa/Unduh dan Upload Siswa/Unduh Data Siswa")): Object: 'Object Repository/Master Data/Admin Sekolah/Master Siswa/Unduh dan Upload Siswa/Unduh Data Siswa' is clicked on

03-01-2025T19:27:45 - [MESSAGE][PASSED] - Object: 'Object Repository/Master Data/Admin Sekolah/Master Siswa/Unduh dan Upload Siswa/Unduh Data Siswa' is clicked on

03-01-2025T19:27:45 - [TEST_STEP][PASSED] - click(findTestObject("Master Data/Admin Sekolah/Master Siswa/Unduh dan Upload Siswa/Button Unduh")): Object: 'Object Repository/Master Data/Admin Sekolah/Master Siswa/Unduh dan Upload Siswa/Button Unduh' is clicked on

03-01-2025T19:27:45 - [MESSAGE][PASSED] - Object: 'Object Repository/Master Data/Admin Sekolah/Master Siswa/Unduh dan Upload Siswa/Button Unduh' is clicked on

03-01-2025T19:27:45 - [TEST_STEP][PASSED] - click(findTestObject("Master Data/Admin Sekolah/Master Siswa/Unduh dan Upload Siswa/Unduh Format File")): Object: 'Object Repository/Master Data/Admin Sekolah/Master Siswa/Unduh dan Upload Siswa/Unduh Format File' is clicked on

03-01-2025T19:27:46 - [MESSAGE][PASSED] - Object: 'Object Repository/Master Data/Admin Sekolah/Master Siswa/Unduh dan Upload Siswa/Unduh Format File' is clicked on

03-01-2025T19:27:46 - [TEST_STEP][PASSED] - click(findTestObject("Master Data/Admin Sekolah/Master Siswa/Unduh dan Upload Siswa/Button Upload")): Object: 'Object Repository/Master Data/Admin Sekolah/Master Siswa/Unduh dan Upload Siswa/Button Upload' is clicked on

03-01-2025T19:27:46 - [MESSAGE][PASSED] - Object: 'Object Repository/Master Data/Admin Sekolah/Master Siswa/Unduh dan Upload Siswa/Button Upload' is clicked on

03-01-2025T19:27:46 - [TEST_STEP][PASSED] - filePath = "C:\Users\henri\Downloads\Upload Siswa 5.xlsx": null

03-01-2025T19:27:46 - [TEST_STEP][PASSED] - click(findTestObject("Master Data/Admin Sekolah/Master Siswa/Unduh dan Upload Siswa/Button Upload File")): Object: 'Object Repository/Master Data/Admin Sekolah/Master Siswa/Unduh dan Upload Siswa/Button Upload File' is clicked on

03-01-2025T19:27:47 - [MESSAGE][PASSED] - Object: 'Object Repository/Master Data/Admin Sekolah/Master Siswa/Unduh dan Upload Siswa/Button Upload File' is clicked on

03-01-2025T19:27:47 - [TEST_STEP][PASSED] - uploadInputField = findTestObject("Master Data/Admin Sekolah/Master Siswa/Upload File Input"): Test object with id 'Object Repository/Master Data/Admin Sekolah/Master Siswa/Upload File Input' does not exist

03-01-2025T19:27:47 - [MESSAGE][WARNING] - Test object with id 'Object Repository/Master Data/Admin Sekolah/Master Siswa/Upload File Input' does not exist

03-01-2025T19:27:47 - [TEST_STEP][PASSED] - if (uploadInputField != null): null

03-01-2025T19:27:47 - [TEST_STEP][PASSED] - else: null

03-01-2025T19:27:47 - [TEST_STEP][PASSED] - println("Upload file input field not found!"): null

03-01-2025T19:27:47 - [TEST_STEP][PASSED] - click(findTestObject("Master Data/Admin Sekolah/Master Siswa/Unduh dan Upload Siswa/Button Kirim")): Object: 'Object Repository/Master Data/Admin Sekolah/Master Siswa/Unduh dan Upload Siswa/Button Kirim' is clicked on

03-01-2025T19:27:47 - [MESSAGE][PASSED] - Object: 'Object Repository/Master Data/Admin Sekolah/Master Siswa/Unduh dan Upload Siswa/Button Kirim' is clicked on

03-01-2025T19:27:47 - [TEST_STEP][PASSED] - delay(5): Delayed 5 second(s)

03-01-2025T19:27:52 - [MESSAGE][PASSED] - Delayed 5 second(s)

03-01-2025T19:27:52 - [MESSAGE][INFO] - 

03-01-2025T19:27:52 - [MESSAGE][INFO] - ===================== Self-healing Report ====================

03-01-2025T19:27:52 - [MESSAGE][INFO] - One of the failed test object locators has been recovered by Self-healing. Please refer to the Self-healing Insights tab for more details.

03-01-2025T19:27:52 - [MESSAGE][INFO] - To learn more about Self-healing, please read https://docs.katalon.com/katalon-studio/docs/self-healing.html

03-01-2025T19:27:52 - [MESSAGE][INFO] - ==============================================================

03-01-2025T19:27:52 - [MESSAGE][PASSED] - Call Test Case 'Test Cases/Master Data/Admin Sekolah/Master Siswa/Unduh dan Upload Siswa' successfully

03-01-2025T19:27:52 - [TEST_STEP][PASSED] - println("============================= Loop Again ==============================="): null]]></system-out>
         <system-err><![CDATA[]]></system-err>
      </testcase>
      <testcase name="Test Cases/Regresi Feature/Sprint 3/Regresi Sumbangan" time="67.929" classname="Test Cases/Regresi Feature/Sprint 3/Regresi Sumbangan" status="PASSED">
         <system-out><![CDATA[03-01-2025T19:27:52 - [TEST_CASE][PASSED] - Test Cases/Regresi Feature/Sprint 3/Regresi Sumbangan: Test Cases/Regresi Feature/Sprint 3/Regresi Sumbangan

03-01-2025T19:27:52 - [TEST_STEP][PASSED] - for ([i = 1, i <= maxLoop, (i++)]): null

03-01-2025T19:27:52 - [TEST_STEP][PASSED] - callTestCase(findTestCase("Test Cases/Master Data/Admin Sekolah/Master Data Sumbangan/Tambah Sumbangan"), [:], CONTINUE_ON_FAILURE): Call Test Case 'Test Cases/Master Data/Admin Sekolah/Master Data Sumbangan/Tambah Sumbangan' successfully

03-01-2025T19:27:52 - [TEST_CASE][PASSED] - Test Cases/Master Data/Admin Sekolah/Master Data Sumbangan/Tambah Sumbangan: Test Cases/Master Data/Admin Sekolah/Master Data Sumbangan/Tambah Sumbangan

03-01-2025T19:27:52 - [TEST_STEP][PASSED] - openBrowser(""): Browser is opened with url: ''

03-01-2025T19:27:52 - [MESSAGE][WARNING] - A browser is already opened. Closing browser and opening a new one

03-01-2025T19:27:53 - [MESSAGE][INFO] - Starting 'Chrome' driver

03-01-2025T19:27:53 - [MESSAGE][INFO] - Action delay is set to 0 milliseconds

03-01-2025T19:27:54 - [MESSAGE][PASSED] - Browser is opened with url: ''

03-01-2025T19:27:54 - [TEST_STEP][PASSED] - navigateToUrl("https://sit.siprusedu.com/login"): Navigate to 'https://sit.siprusedu.com/login' successfully

03-01-2025T19:27:54 - [MESSAGE][PASSED] - Navigate to 'https://sit.siprusedu.com/login' successfully

03-01-2025T19:27:54 - [TEST_STEP][PASSED] - click(findTestObject("Master Data/Admin Sekolah/Login/Field Email")): Object: 'Object Repository/Master Data/Admin Sekolah/Login/Field Email' is clicked on

03-01-2025T19:27:55 - [MESSAGE][PASSED] - Object: 'Object Repository/Master Data/Admin Sekolah/Login/Field Email' is clicked on

03-01-2025T19:27:55 - [TEST_STEP][PASSED] - setText(findTestObject("Master Data/Admin Sekolah/Login/Field Email"), "admin.gudangsolusi@digiform.co.id"): Text 'admin.gudangsolusi@digiform.co.id' is set on object 'Object Repository/Master Data/Admin Sekolah/Login/Field Email'

03-01-2025T19:27:56 - [MESSAGE][PASSED] - Text 'admin.gudangsolusi@digiform.co.id' is set on object 'Object Repository/Master Data/Admin Sekolah/Login/Field Email'

03-01-2025T19:27:56 - [TEST_STEP][PASSED] - click(findTestObject("Master Data/Admin Sekolah/Login/Input Password")): Object: 'Object Repository/Master Data/Admin Sekolah/Login/Input Password' is clicked on

03-01-2025T19:27:56 - [MESSAGE][PASSED] - Object: 'Object Repository/Master Data/Admin Sekolah/Login/Input Password' is clicked on

03-01-2025T19:27:56 - [TEST_STEP][PASSED] - setText(findTestObject("Master Data/Admin Sekolah/Login/Input Password"), "Test1234"): Text 'Test1234' is set on object 'Object Repository/Master Data/Admin Sekolah/Login/Input Password'

03-01-2025T19:27:57 - [MESSAGE][PASSED] - Text 'Test1234' is set on object 'Object Repository/Master Data/Admin Sekolah/Login/Input Password'

03-01-2025T19:27:57 - [TEST_STEP][PASSED] - click(findTestObject("Master Data/Admin Sekolah/Login/Button Submit")): Object: 'Object Repository/Master Data/Admin Sekolah/Login/Button Submit' is clicked on

03-01-2025T19:27:57 - [MESSAGE][PASSED] - Object: 'Object Repository/Master Data/Admin Sekolah/Login/Button Submit' is clicked on

03-01-2025T19:27:57 - [TEST_STEP][PASSED] - delay(1): Delayed 1 second(s)

03-01-2025T19:27:58 - [MESSAGE][PASSED] - Delayed 1 second(s)

03-01-2025T19:27:58 - [TEST_STEP][PASSED] - click(findTestObject("Master Data/Admin Sekolah/Master Data Menu")): Object: 'Object Repository/Master Data/Admin Sekolah/Master Data Menu' is clicked on

03-01-2025T19:28:18 - [MESSAGE][PASSED] - Object: 'Object Repository/Master Data/Admin Sekolah/Master Data Menu' is clicked on

03-01-2025T19:28:18 - [TEST_STEP][PASSED] - delay(1): Delayed 1 second(s)

03-01-2025T19:28:19 - [MESSAGE][PASSED] - Delayed 1 second(s)

03-01-2025T19:28:19 - [TEST_STEP][PASSED] - click(findTestObject("Master Data/Admin Sekolah/Sumbangan/Klik Submenu Sumbangan")): Object: 'Object Repository/Master Data/Admin Sekolah/Sumbangan/Klik Submenu Sumbangan' is clicked on

03-01-2025T19:28:20 - [MESSAGE][PASSED] - Object: 'Object Repository/Master Data/Admin Sekolah/Sumbangan/Klik Submenu Sumbangan' is clicked on

03-01-2025T19:28:20 - [TEST_STEP][PASSED] - delay(1): Delayed 1 second(s)

03-01-2025T19:28:21 - [MESSAGE][PASSED] - Delayed 1 second(s)

03-01-2025T19:28:21 - [TEST_STEP][PASSED] - click(findTestObject("Master Data/Admin Sekolah/Sumbangan/Tambah Sumbangan/Klik Tombol Tambah")): Object: 'Object Repository/Master Data/Admin Sekolah/Sumbangan/Tambah Sumbangan/Klik Tombol Tambah' is clicked on

03-01-2025T19:28:21 - [MESSAGE][PASSED] - Object: 'Object Repository/Master Data/Admin Sekolah/Sumbangan/Tambah Sumbangan/Klik Tombol Tambah' is clicked on

03-01-2025T19:28:21 - [TEST_STEP][PASSED] - delay(1): Delayed 1 second(s)

03-01-2025T19:28:22 - [MESSAGE][PASSED] - Delayed 1 second(s)

03-01-2025T19:28:22 - [TEST_STEP][PASSED] - click(findTestObject("Master Data/Admin Sekolah/Sumbangan/Tambah Sumbangan/Field Nama Sumbangan")): Object: 'Object Repository/Master Data/Admin Sekolah/Sumbangan/Tambah Sumbangan/Field Nama Sumbangan' is clicked on

03-01-2025T19:28:22 - [MESSAGE][PASSED] - Object: 'Object Repository/Master Data/Admin Sekolah/Sumbangan/Tambah Sumbangan/Field Nama Sumbangan' is clicked on

03-01-2025T19:28:22 - [TEST_STEP][PASSED] - namaSumbangan = ["Sumbangan Paralympics", "Sumbangan Mata Sharingan Untuk Agus", "Sumbangan Orang Meninggal", "Sumbangan Guru"]: null

03-01-2025T19:28:22 - [TEST_STEP][PASSED] - randomSumbangan = namaSumbangan[Random().nextInt(length)]: null

03-01-2025T19:28:22 - [TEST_STEP][PASSED] - setText(findTestObject("Master Data/Admin Sekolah/Sumbangan/Tambah Sumbangan/Field Nama Sumbangan"), randomSumbangan): Text 'Sumbangan Mata Sharingan Untuk Agus' is set on object 'Object Repository/Master Data/Admin Sekolah/Sumbangan/Tambah Sumbangan/Field Nama Sumbangan'

03-01-2025T19:28:23 - [MESSAGE][PASSED] - Text 'Sumbangan Mata Sharingan Untuk Agus' is set on object 'Object Repository/Master Data/Admin Sekolah/Sumbangan/Tambah Sumbangan/Field Nama Sumbangan'

03-01-2025T19:28:23 - [TEST_STEP][PASSED] - click(findTestObject("Master Data/Admin Sekolah/Sumbangan/Tambah Sumbangan/Field Rekening/Dropdown Rekening")): Object: 'Object Repository/Master Data/Admin Sekolah/Sumbangan/Tambah Sumbangan/Field Rekening/Dropdown Rekening' is clicked on

03-01-2025T19:28:23 - [MESSAGE][PASSED] - Object: 'Object Repository/Master Data/Admin Sekolah/Sumbangan/Tambah Sumbangan/Field Rekening/Dropdown Rekening' is clicked on

03-01-2025T19:28:23 - [TEST_STEP][PASSED] - delay(1): Delayed 1 second(s)

03-01-2025T19:28:24 - [MESSAGE][PASSED] - Delayed 1 second(s)

03-01-2025T19:28:24 - [TEST_STEP][PASSED] - click(findTestObject("Master Data/Admin Sekolah/Sumbangan/Tambah Sumbangan/Field Rekening/Field Cari Rekening")): Object: 'Object Repository/Master Data/Admin Sekolah/Sumbangan/Tambah Sumbangan/Field Rekening/Field Cari Rekening' is clicked on

03-01-2025T19:28:25 - [MESSAGE][PASSED] - Object: 'Object Repository/Master Data/Admin Sekolah/Sumbangan/Tambah Sumbangan/Field Rekening/Field Cari Rekening' is clicked on

03-01-2025T19:28:25 - [TEST_STEP][PASSED] - setText(findTestObject("Master Data/Admin Sekolah/Sumbangan/Tambah Sumbangan/Field Rekening/Field Cari Rekening"), "BNI"): Text 'BNI' is set on object 'Object Repository/Master Data/Admin Sekolah/Sumbangan/Tambah Sumbangan/Field Rekening/Field Cari Rekening'

03-01-2025T19:28:25 - [MESSAGE][PASSED] - Text 'BNI' is set on object 'Object Repository/Master Data/Admin Sekolah/Sumbangan/Tambah Sumbangan/Field Rekening/Field Cari Rekening'

03-01-2025T19:28:25 - [TEST_STEP][PASSED] - delay(1): Delayed 1 second(s)

03-01-2025T19:28:26 - [MESSAGE][PASSED] - Delayed 1 second(s)

03-01-2025T19:28:26 - [TEST_STEP][PASSED] - click(findTestObject("Master Data/Admin Sekolah/Sumbangan/Tambah Sumbangan/Field Rekening/Cari Rekening Sumbangan")): Object: 'Object Repository/Master Data/Admin Sekolah/Sumbangan/Tambah Sumbangan/Field Rekening/Cari Rekening Sumbangan' is clicked on

03-01-2025T19:28:26 - [MESSAGE][PASSED] - Object: 'Object Repository/Master Data/Admin Sekolah/Sumbangan/Tambah Sumbangan/Field Rekening/Cari Rekening Sumbangan' is clicked on

03-01-2025T19:28:26 - [TEST_STEP][PASSED] - delay(1): Delayed 1 second(s)

03-01-2025T19:28:27 - [MESSAGE][PASSED] - Delayed 1 second(s)

03-01-2025T19:28:27 - [TEST_STEP][PASSED] - click(findTestObject("Master Data/Admin Sekolah/Sumbangan/Tambah Sumbangan/Dropdown Unit")): Object: 'Object Repository/Master Data/Admin Sekolah/Sumbangan/Tambah Sumbangan/Dropdown Unit' is clicked on

03-01-2025T19:28:28 - [MESSAGE][PASSED] - Object: 'Object Repository/Master Data/Admin Sekolah/Sumbangan/Tambah Sumbangan/Dropdown Unit' is clicked on

03-01-2025T19:28:28 - [TEST_STEP][PASSED] - delay(1): Delayed 1 second(s)

03-01-2025T19:28:29 - [MESSAGE][PASSED] - Delayed 1 second(s)

03-01-2025T19:28:29 - [TEST_STEP][PASSED] - click(findTestObject("Master Data/Admin Sekolah/Sumbangan/Tambah Sumbangan/Pilih Unit")): Object: 'Object Repository/Master Data/Admin Sekolah/Sumbangan/Tambah Sumbangan/Pilih Unit' is clicked on

03-01-2025T19:28:29 - [MESSAGE][PASSED] - Object: 'Object Repository/Master Data/Admin Sekolah/Sumbangan/Tambah Sumbangan/Pilih Unit' is clicked on

03-01-2025T19:28:29 - [TEST_STEP][PASSED] - delay(1): Delayed 1 second(s)

03-01-2025T19:28:30 - [MESSAGE][PASSED] - Delayed 1 second(s)

03-01-2025T19:28:30 - [TEST_STEP][PASSED] - click(findTestObject("Master Data/Admin Sekolah/Sumbangan/Tambah Sumbangan/Tombol Tambahkan")): Object: 'Object Repository/Master Data/Admin Sekolah/Sumbangan/Tambah Sumbangan/Tombol Tambahkan' is clicked on

03-01-2025T19:28:30 - [MESSAGE][PASSED] - Object: 'Object Repository/Master Data/Admin Sekolah/Sumbangan/Tambah Sumbangan/Tombol Tambahkan' is clicked on

03-01-2025T19:28:30 - [TEST_STEP][PASSED] - closeBrowser(): Browser is closed

03-01-2025T19:28:30 - [MESSAGE][PASSED] - Browser is closed

03-01-2025T19:28:30 - [MESSAGE][PASSED] - Call Test Case 'Test Cases/Master Data/Admin Sekolah/Master Data Sumbangan/Tambah Sumbangan' successfully

03-01-2025T19:28:30 - [TEST_STEP][PASSED] - callTestCase(findTestCase("Test Cases/Master Data/Admin Sekolah/Master Data Sumbangan/Delete Sumbangan"), [:], CONTINUE_ON_FAILURE): Call Test Case 'Test Cases/Master Data/Admin Sekolah/Master Data Sumbangan/Delete Sumbangan' successfully

03-01-2025T19:28:31 - [TEST_CASE][PASSED] - Test Cases/Master Data/Admin Sekolah/Master Data Sumbangan/Delete Sumbangan: Test Cases/Master Data/Admin Sekolah/Master Data Sumbangan/Delete Sumbangan

03-01-2025T19:28:31 - [TEST_STEP][PASSED] - openBrowser(""): Browser is opened with url: ''

03-01-2025T19:28:31 - [MESSAGE][INFO] - Starting 'Chrome' driver

03-01-2025T19:28:31 - [MESSAGE][INFO] - Action delay is set to 0 milliseconds

03-01-2025T19:28:31 - [MESSAGE][PASSED] - Browser is opened with url: ''

03-01-2025T19:28:31 - [TEST_STEP][PASSED] - navigateToUrl("https://sit.siprusedu.com/login"): Navigate to 'https://sit.siprusedu.com/login' successfully

03-01-2025T19:28:32 - [MESSAGE][PASSED] - Navigate to 'https://sit.siprusedu.com/login' successfully

03-01-2025T19:28:32 - [TEST_STEP][PASSED] - click(findTestObject("Master Data/Admin Sekolah/Login/Field Email")): Object: 'Object Repository/Master Data/Admin Sekolah/Login/Field Email' is clicked on

03-01-2025T19:28:33 - [MESSAGE][PASSED] - Object: 'Object Repository/Master Data/Admin Sekolah/Login/Field Email' is clicked on

03-01-2025T19:28:33 - [TEST_STEP][PASSED] - setText(findTestObject("Master Data/Admin Sekolah/Login/Field Email"), "admin.gudangsolusi@digiform.co.id"): Text 'admin.gudangsolusi@digiform.co.id' is set on object 'Object Repository/Master Data/Admin Sekolah/Login/Field Email'

03-01-2025T19:28:34 - [MESSAGE][PASSED] - Text 'admin.gudangsolusi@digiform.co.id' is set on object 'Object Repository/Master Data/Admin Sekolah/Login/Field Email'

03-01-2025T19:28:34 - [TEST_STEP][PASSED] - click(findTestObject("Master Data/Admin Sekolah/Login/Input Password")): Object: 'Object Repository/Master Data/Admin Sekolah/Login/Input Password' is clicked on

03-01-2025T19:28:34 - [MESSAGE][PASSED] - Object: 'Object Repository/Master Data/Admin Sekolah/Login/Input Password' is clicked on

03-01-2025T19:28:34 - [TEST_STEP][PASSED] - setText(findTestObject("Master Data/Admin Sekolah/Login/Input Password"), "Test1234"): Text 'Test1234' is set on object 'Object Repository/Master Data/Admin Sekolah/Login/Input Password'

03-01-2025T19:28:35 - [MESSAGE][PASSED] - Text 'Test1234' is set on object 'Object Repository/Master Data/Admin Sekolah/Login/Input Password'

03-01-2025T19:28:35 - [TEST_STEP][PASSED] - click(findTestObject("Master Data/Admin Sekolah/Login/Button Submit")): Object: 'Object Repository/Master Data/Admin Sekolah/Login/Button Submit' is clicked on

03-01-2025T19:28:35 - [MESSAGE][PASSED] - Object: 'Object Repository/Master Data/Admin Sekolah/Login/Button Submit' is clicked on

03-01-2025T19:28:35 - [TEST_STEP][PASSED] - delay(1): Delayed 1 second(s)

03-01-2025T19:28:36 - [MESSAGE][PASSED] - Delayed 1 second(s)

03-01-2025T19:28:36 - [TEST_STEP][PASSED] - click(findTestObject("Master Data/Admin Sekolah/Master Data Menu")): Object: 'Object Repository/Master Data/Admin Sekolah/Master Data Menu' is clicked on

03-01-2025T19:28:56 - [MESSAGE][PASSED] - Object: 'Object Repository/Master Data/Admin Sekolah/Master Data Menu' is clicked on

03-01-2025T19:28:56 - [TEST_STEP][PASSED] - delay(1): Delayed 1 second(s)

03-01-2025T19:28:57 - [MESSAGE][PASSED] - Delayed 1 second(s)

03-01-2025T19:28:57 - [TEST_STEP][PASSED] - click(findTestObject("Master Data/Admin Sekolah/Sumbangan/Klik Submenu Sumbangan")): Object: 'Object Repository/Master Data/Admin Sekolah/Sumbangan/Klik Submenu Sumbangan' is clicked on

03-01-2025T19:28:57 - [MESSAGE][PASSED] - Object: 'Object Repository/Master Data/Admin Sekolah/Sumbangan/Klik Submenu Sumbangan' is clicked on

03-01-2025T19:28:57 - [TEST_STEP][PASSED] - delay(1): Delayed 1 second(s)

03-01-2025T19:28:58 - [MESSAGE][PASSED] - Delayed 1 second(s)

03-01-2025T19:28:58 - [TEST_STEP][PASSED] - click(findTestObject("Master Data/Admin Sekolah/Sumbangan/Delete Sumbangan/Delete")): Object: 'Object Repository/Master Data/Admin Sekolah/Sumbangan/Delete Sumbangan/Delete' is clicked on

03-01-2025T19:28:59 - [MESSAGE][PASSED] - Object: 'Object Repository/Master Data/Admin Sekolah/Sumbangan/Delete Sumbangan/Delete' is clicked on

03-01-2025T19:28:59 - [TEST_STEP][PASSED] - delay(1): Delayed 1 second(s)

03-01-2025T19:29:00 - [MESSAGE][PASSED] - Delayed 1 second(s)

03-01-2025T19:29:00 - [TEST_STEP][PASSED] - click(findTestObject("Master Data/Admin Sekolah/Sumbangan/Delete Sumbangan/Pop Up Message")): Object: 'Object Repository/Master Data/Admin Sekolah/Sumbangan/Delete Sumbangan/Pop Up Message' is clicked on

03-01-2025T19:29:00 - [MESSAGE][PASSED] - Object: 'Object Repository/Master Data/Admin Sekolah/Sumbangan/Delete Sumbangan/Pop Up Message' is clicked on

03-01-2025T19:29:00 - [TEST_STEP][PASSED] - closeBrowser(): Browser is closed

03-01-2025T19:29:00 - [MESSAGE][PASSED] - Browser is closed

03-01-2025T19:29:00 - [MESSAGE][PASSED] - Call Test Case 'Test Cases/Master Data/Admin Sekolah/Master Data Sumbangan/Delete Sumbangan' successfully

03-01-2025T19:29:00 - [TEST_STEP][PASSED] - println("============================= Loop Again ==============================="): null]]></system-out>
         <system-err><![CDATA[]]></system-err>
      </testcase>
      <testcase name="Test Cases/Regresi Feature/Sprint 3/Regresi User Management" time="113.306" classname="Test Cases/Regresi Feature/Sprint 3/Regresi User Management" status="PASSED">
         <system-out><![CDATA[03-01-2025T19:29:00 - [TEST_CASE][PASSED] - Test Cases/Regresi Feature/Sprint 3/Regresi User Management: Test Cases/Regresi Feature/Sprint 3/Regresi User Management

03-01-2025T19:29:00 - [TEST_STEP][PASSED] - for ([i = 1, i <= maxLoop, (i++)]): null

03-01-2025T19:29:00 - [TEST_STEP][PASSED] - callTestCase(findTestCase("Test Cases/Pengaturan Sistem/User Management/Tambah User Management"), [:], CONTINUE_ON_FAILURE): Call Test Case 'Test Cases/Pengaturan Sistem/User Management/Tambah User Management' successfully

03-01-2025T19:29:00 - [TEST_CASE][PASSED] - Test Cases/Pengaturan Sistem/User Management/Tambah User Management: Test Cases/Pengaturan Sistem/User Management/Tambah User Management

03-01-2025T19:29:00 - [TEST_STEP][PASSED] - openBrowser("", CONTINUE_ON_FAILURE): Browser is opened with url: ''

03-01-2025T19:29:00 - [MESSAGE][INFO] - Starting 'Chrome' driver

03-01-2025T19:29:00 - [MESSAGE][INFO] - Action delay is set to 0 milliseconds

03-01-2025T19:29:01 - [MESSAGE][PASSED] - Browser is opened with url: ''

03-01-2025T19:29:01 - [TEST_STEP][PASSED] - navigateToUrl("https://sit.siprusedu.com/login", CONTINUE_ON_FAILURE): Navigate to 'https://sit.siprusedu.com/login' successfully

03-01-2025T19:29:02 - [MESSAGE][PASSED] - Navigate to 'https://sit.siprusedu.com/login' successfully

03-01-2025T19:29:02 - [TEST_STEP][PASSED] - setText(findTestObject("Master Data/Admin Sekolah/Login/Field Email"), "admin.gudangsolusi@digiform.co.id", CONTINUE_ON_FAILURE): Text 'admin.gudangsolusi@digiform.co.id' is set on object 'Object Repository/Master Data/Admin Sekolah/Login/Field Email'

03-01-2025T19:29:03 - [MESSAGE][PASSED] - Text 'admin.gudangsolusi@digiform.co.id' is set on object 'Object Repository/Master Data/Admin Sekolah/Login/Field Email'

03-01-2025T19:29:03 - [TEST_STEP][PASSED] - setText(findTestObject("Master Data/Admin Sekolah/Login/Input Password"), "Test1234", CONTINUE_ON_FAILURE): Text 'Test1234' is set on object 'Object Repository/Master Data/Admin Sekolah/Login/Input Password'

03-01-2025T19:29:04 - [MESSAGE][PASSED] - Text 'Test1234' is set on object 'Object Repository/Master Data/Admin Sekolah/Login/Input Password'

03-01-2025T19:29:04 - [TEST_STEP][PASSED] - click(findTestObject("Master Data/Admin Sekolah/Login/Button Submit"), CONTINUE_ON_FAILURE): Object: 'Object Repository/Master Data/Admin Sekolah/Login/Button Submit' is clicked on

03-01-2025T19:29:04 - [MESSAGE][PASSED] - Object: 'Object Repository/Master Data/Admin Sekolah/Login/Button Submit' is clicked on

03-01-2025T19:29:04 - [TEST_STEP][PASSED] - click(findTestObject("Pengaturan Sistem/User Managemet/Tambah User Management/Menu User Management"), CONTINUE_ON_FAILURE): Object: 'Object Repository/Pengaturan Sistem/User Managemet/Tambah User Management/Menu User Management' is clicked on

03-01-2025T19:29:06 - [MESSAGE][PASSED] - Object: 'Object Repository/Pengaturan Sistem/User Managemet/Tambah User Management/Menu User Management' is clicked on

03-01-2025T19:29:06 - [TEST_STEP][PASSED] - click(findTestObject("Pengaturan Sistem/User Managemet/Tambah User Management/Button Tambah")): Object: 'Object Repository/Pengaturan Sistem/User Managemet/Tambah User Management/Button Tambah' is clicked on

03-01-2025T19:29:07 - [MESSAGE][PASSED] - Object: 'Object Repository/Pengaturan Sistem/User Managemet/Tambah User Management/Button Tambah' is clicked on

03-01-2025T19:29:07 - [TEST_STEP][PASSED] - click(findTestObject("Pengaturan Sistem/User Managemet/Tambah User Management/Dropdown Role")): Object: 'Object Repository/Pengaturan Sistem/User Managemet/Tambah User Management/Dropdown Role' is clicked on

03-01-2025T19:29:08 - [MESSAGE][PASSED] - Object: 'Object Repository/Pengaturan Sistem/User Managemet/Tambah User Management/Dropdown Role' is clicked on

03-01-2025T19:29:08 - [TEST_STEP][PASSED] - click(findTestObject("Pengaturan Sistem/User Managemet/Tambah User Management/Orang Tua atau Siswa")): Object: 'Object Repository/Pengaturan Sistem/User Managemet/Tambah User Management/Orang Tua atau Siswa' is clicked on

03-01-2025T19:29:08 - [MESSAGE][PASSED] - Object: 'Object Repository/Pengaturan Sistem/User Managemet/Tambah User Management/Orang Tua atau Siswa' is clicked on

03-01-2025T19:29:08 - [TEST_STEP][PASSED] - minDigits = 5: null

03-01-2025T19:29:08 - [TEST_STEP][PASSED] - maxDigits = 5: null

03-01-2025T19:29:08 - [TEST_STEP][PASSED] - randomLength = Math.random() * maxDigits - minDigits + 1 + minDigits: null

03-01-2025T19:29:08 - [TEST_STEP][PASSED] - randomNumber = String.format("%0" + randomLength + "d", Math.random() * Math.pow(10, randomLength)): null

03-01-2025T19:29:08 - [TEST_STEP][PASSED] - click(findTestObject("Pengaturan Sistem/User Managemet/Tambah User Management/Username")): Object: 'Object Repository/Pengaturan Sistem/User Managemet/Tambah User Management/Username' is clicked on

03-01-2025T19:29:08 - [MESSAGE][PASSED] - Object: 'Object Repository/Pengaturan Sistem/User Managemet/Tambah User Management/Username' is clicked on

03-01-2025T19:29:08 - [TEST_STEP][PASSED] - setText(findTestObject("Pengaturan Sistem/User Managemet/Tambah User Management/Username"), randomNumber): Text '57642' is set on object 'Object Repository/Pengaturan Sistem/User Managemet/Tambah User Management/Username'

03-01-2025T19:29:09 - [MESSAGE][PASSED] - Text '57642' is set on object 'Object Repository/Pengaturan Sistem/User Managemet/Tambah User Management/Username'

03-01-2025T19:29:09 - [TEST_STEP][PASSED] - min = 1000000: null

03-01-2025T19:29:09 - [TEST_STEP][PASSED] - max = 15000000: null

03-01-2025T19:29:09 - [TEST_STEP][PASSED] - randomNumber1 = Math.random() * max - min + min: null

03-01-2025T19:29:09 - [TEST_STEP][PASSED] - emailPrefix = "user" + randomNumber1: null

03-01-2025T19:29:09 - [TEST_STEP][PASSED] - emailDomain = "@testmail.com": null

03-01-2025T19:29:09 - [TEST_STEP][PASSED] - randomEmail = emailPrefix + emailDomain: null

03-01-2025T19:29:09 - [TEST_STEP][PASSED] - click(findTestObject("Pengaturan Sistem/User Managemet/Tambah User Management/Email")): Object: 'Object Repository/Pengaturan Sistem/User Managemet/Tambah User Management/Email' is clicked on

03-01-2025T19:29:09 - [MESSAGE][PASSED] - Object: 'Object Repository/Pengaturan Sistem/User Managemet/Tambah User Management/Email' is clicked on

03-01-2025T19:29:09 - [TEST_STEP][PASSED] - setText(findTestObject("Pengaturan Sistem/User Managemet/Tambah User Management/Email"), randomEmail): Text 'user6168791@testmail.com' is set on object 'Object Repository/Pengaturan Sistem/User Managemet/Tambah User Management/Email'

03-01-2025T19:29:10 - [MESSAGE][PASSED] - Text 'user6168791@testmail.com' is set on object 'Object Repository/Pengaturan Sistem/User Managemet/Tambah User Management/Email'

03-01-2025T19:29:10 - [TEST_STEP][PASSED] - click(findTestObject("Pengaturan Sistem/User Managemet/Tambah User Management/Button Simpan")): Object: 'Object Repository/Pengaturan Sistem/User Managemet/Tambah User Management/Button Simpan' is clicked on

03-01-2025T19:29:10 - [MESSAGE][PASSED] - Object: 'Object Repository/Pengaturan Sistem/User Managemet/Tambah User Management/Button Simpan' is clicked on

03-01-2025T19:29:10 - [MESSAGE][PASSED] - Call Test Case 'Test Cases/Pengaturan Sistem/User Management/Tambah User Management' successfully

03-01-2025T19:29:10 - [TEST_STEP][PASSED] - callTestCase(findTestCase("Test Cases/Pengaturan Sistem/User Management/Edit User Management"), [:], OPTIONAL): Unable to call Test Case 'Test Cases/Pengaturan Sistem/User Management/Edit User Management' (Root cause: com.kms.katalon.core.exception.StepFailedException: Call Test Case 'Test Cases/Pengaturan Sistem/User Management/Edit User Management' failed
	at com.kms.katalon.core.keyword.builtin.CallTestCaseKeyword$_callTestCase_closure1.doCall(CallTestCaseKeyword.groovy:63)
	at com.kms.katalon.core.keyword.builtin.CallTestCaseKeyword$_callTestCase_closure1.call(CallTestCaseKeyword.groovy)
	at com.kms.katalon.core.keyword.internal.KeywordMain.runKeyword(KeywordMain.groovy:75)
	at com.kms.katalon.core.keyword.builtin.CallTestCaseKeyword.callTestCase(CallTestCaseKeyword.groovy:81)
	at com.kms.katalon.core.keyword.builtin.CallTestCaseKeyword.execute(CallTestCaseKeyword.groovy:44)
	at com.kms.katalon.core.keyword.internal.KeywordExecutor.executeKeywordForPlatform(KeywordExecutor.groovy:74)
	at com.kms.katalon.core.keyword.BuiltinKeywords.callTestCase(BuiltinKeywords.groovy:310)
	at jdk.internal.reflect.GeneratedMethodAccessor49.invoke(Unknown Source)
	at java.base/jdk.internal.reflect.DelegatingMethodAccessorImpl.invoke(DelegatingMethodAccessorImpl.java:43)
	at Regresi User Management.run(Regresi User Management:24)
	at com.kms.katalon.core.main.ScriptEngine.run(ScriptEngine.java:194)
	at com.kms.katalon.core.main.ScriptEngine.runScriptAsRawText(ScriptEngine.java:119)
	at com.kms.katalon.core.main.TestCaseExecutor.runScript(TestCaseExecutor.java:448)
	at com.kms.katalon.core.main.TestCaseExecutor.doExecute(TestCaseExecutor.java:439)
	at com.kms.katalon.core.main.TestCaseExecutor.processExecutionPhase(TestCaseExecutor.java:418)
	at com.kms.katalon.core.main.TestCaseExecutor.accessMainPhase(TestCaseExecutor.java:410)
	at com.kms.katalon.core.main.TestCaseExecutor.execute(TestCaseExecutor.java:285)
	at com.kms.katalon.core.common.CommonExecutor.accessTestCaseMainPhase(CommonExecutor.java:65)
	at com.kms.katalon.core.main.TestSuiteExecutor.accessTestSuiteMainPhase(TestSuiteExecutor.java:161)
	at com.kms.katalon.core.main.TestSuiteExecutor.execute(TestSuiteExecutor.java:107)
	at com.kms.katalon.core.main.TestCaseMain.startTestSuite(TestCaseMain.java:176)
	at TempTestSuite1735906738785.run(TempTestSuite1735906738785.groovy:35)
	at java.base/jdk.internal.reflect.NativeMethodAccessorImpl.invoke0(Native Method)
	at java.base/jdk.internal.reflect.NativeMethodAccessorImpl.invoke(NativeMethodAccessorImpl.java:77)
	at java.base/jdk.internal.reflect.DelegatingMethodAccessorImpl.invoke(DelegatingMethodAccessorImpl.java:43)
Caused by: com.kms.katalon.core.exception.StepFailedException: Unable to click on object 'Object Repository/Pengaturan Sistem/User Managemet/Tambah User Management/Username'
	at com.kms.katalon.core.webui.keyword.internal.WebUIKeywordMain.stepFailed(WebUIKeywordMain.groovy:117)
	at com.kms.katalon.core.webui.keyword.internal.WebUIKeywordMain.runKeyword(WebUIKeywordMain.groovy:43)
	at com.kms.katalon.core.webui.keyword.builtin.ClickKeyword.click(ClickKeyword.groovy:75)
	at com.kms.katalon.core.webui.keyword.builtin.ClickKeyword.execute(ClickKeyword.groovy:40)
	at com.kms.katalon.core.keyword.internal.KeywordExecutor.executeKeywordForPlatform(KeywordExecutor.groovy:74)
	at com.kms.katalon.core.webui.keyword.WebUiBuiltInKeywords.click(WebUiBuiltInKeywords.groovy:696)
	at Edit User Management.run(Edit User Management:38)
	at com.kms.katalon.core.main.ScriptEngine.run(ScriptEngine.java:194)
	at com.kms.katalon.core.main.ScriptEngine.runScriptAsRawText(ScriptEngine.java:119)
	at com.kms.katalon.core.main.TestCaseExecutor.runScript(TestCaseExecutor.java:448)
	at com.kms.katalon.core.main.TestCaseExecutor.doExecute(TestCaseExecutor.java:439)
	at com.kms.katalon.core.main.TestCaseExecutor.processExecutionPhase(TestCaseExecutor.java:418)
	at com.kms.katalon.core.main.TestCaseExecutor.accessMainPhase(TestCaseExecutor.java:410)
	at com.kms.katalon.core.main.TestCaseExecutor.execute(TestCaseExecutor.java:285)
	at com.kms.katalon.core.main.TestCaseMain.runTestCase(TestCaseMain.java:133)
	at com.kms.katalon.core.keyword.builtin.CallTestCaseKeyword$_callTestCase_closure1.doCall(CallTestCaseKeyword.groovy:59)
	... 24 more
Caused by: com.kms.katalon.core.webui.exception.WebElementNotFoundException: Web element with id: 'Object Repository/Pengaturan Sistem/User Managemet/Tambah User Management/Username' located by '//input[@placeholder='Masukkan username']' not found
	at com.kms.katalon.core.webui.common.WebUiCommonHelper.findWebElement(WebUiCommonHelper.java:1426)
	at com.kms.katalon.core.webui.keyword.internal.WebUIAbstractKeyword.findWebElement(WebUIAbstractKeyword.groovy:27)
	at com.kms.katalon.core.webui.keyword.builtin.ClickKeyword$_click_closure1.doCall(ClickKeyword.groovy:66)
	at com.kms.katalon.core.webui.keyword.builtin.ClickKeyword$_click_closure1.call(ClickKeyword.groovy)
	at com.kms.katalon.core.webui.keyword.internal.WebUIKeywordMain.runKeyword(WebUIKeywordMain.groovy:35)
	... 38 more
)

03-01-2025T19:29:10 - [TEST_CASE][FAILED] - Test Cases/Pengaturan Sistem/User Management/Edit User Management: Test Cases/Pengaturan Sistem/User Management/Edit User Management FAILED.
Reason:
com.kms.katalon.core.exception.StepFailedException: Unable to click on object 'Object Repository/Pengaturan Sistem/User Managemet/Tambah User Management/Username'
	at com.kms.katalon.core.webui.keyword.internal.WebUIKeywordMain.stepFailed(WebUIKeywordMain.groovy:117)
	at com.kms.katalon.core.webui.keyword.internal.WebUIKeywordMain.runKeyword(WebUIKeywordMain.groovy:43)
	at com.kms.katalon.core.webui.keyword.builtin.ClickKeyword.click(ClickKeyword.groovy:75)
	at com.kms.katalon.core.webui.keyword.builtin.ClickKeyword.execute(ClickKeyword.groovy:40)
	at com.kms.katalon.core.keyword.internal.KeywordExecutor.executeKeywordForPlatform(KeywordExecutor.groovy:74)
	at com.kms.katalon.core.webui.keyword.WebUiBuiltInKeywords.click(WebUiBuiltInKeywords.groovy:696)
	at Edit User Management.run(Edit User Management:38)
	at com.kms.katalon.core.main.ScriptEngine.run(ScriptEngine.java:194)
	at com.kms.katalon.core.main.ScriptEngine.runScriptAsRawText(ScriptEngine.java:119)
	at com.kms.katalon.core.main.TestCaseExecutor.runScript(TestCaseExecutor.java:448)
	at com.kms.katalon.core.main.TestCaseExecutor.doExecute(TestCaseExecutor.java:439)
	at com.kms.katalon.core.main.TestCaseExecutor.processExecutionPhase(TestCaseExecutor.java:418)
	at com.kms.katalon.core.main.TestCaseExecutor.accessMainPhase(TestCaseExecutor.java:410)
	at com.kms.katalon.core.main.TestCaseExecutor.execute(TestCaseExecutor.java:285)
	at com.kms.katalon.core.main.TestCaseMain.runTestCase(TestCaseMain.java:133)
	at com.kms.katalon.core.keyword.builtin.CallTestCaseKeyword$_callTestCase_closure1.doCall(CallTestCaseKeyword.groovy:59)
	at com.kms.katalon.core.keyword.builtin.CallTestCaseKeyword$_callTestCase_closure1.call(CallTestCaseKeyword.groovy)
	at com.kms.katalon.core.keyword.internal.KeywordMain.runKeyword(KeywordMain.groovy:75)
	at com.kms.katalon.core.keyword.builtin.CallTestCaseKeyword.callTestCase(CallTestCaseKeyword.groovy:81)
	at com.kms.katalon.core.keyword.builtin.CallTestCaseKeyword.execute(CallTestCaseKeyword.groovy:44)
	at com.kms.katalon.core.keyword.internal.KeywordExecutor.executeKeywordForPlatform(KeywordExecutor.groovy:74)
	at com.kms.katalon.core.keyword.BuiltinKeywords.callTestCase(BuiltinKeywords.groovy:310)
	at jdk.internal.reflect.GeneratedMethodAccessor49.invoke(Unknown Source)
	at java.base/jdk.internal.reflect.DelegatingMethodAccessorImpl.invoke(DelegatingMethodAccessorImpl.java:43)
	at Regresi User Management.run(Regresi User Management:24)
	at com.kms.katalon.core.main.ScriptEngine.run(ScriptEngine.java:194)
	at com.kms.katalon.core.main.ScriptEngine.runScriptAsRawText(ScriptEngine.java:119)
	at com.kms.katalon.core.main.TestCaseExecutor.runScript(TestCaseExecutor.java:448)
	at com.kms.katalon.core.main.TestCaseExecutor.doExecute(TestCaseExecutor.java:439)
	at com.kms.katalon.core.main.TestCaseExecutor.processExecutionPhase(TestCaseExecutor.java:418)
	at com.kms.katalon.core.main.TestCaseExecutor.accessMainPhase(TestCaseExecutor.java:410)
	at com.kms.katalon.core.main.TestCaseExecutor.execute(TestCaseExecutor.java:285)
	at com.kms.katalon.core.common.CommonExecutor.accessTestCaseMainPhase(CommonExecutor.java:65)
	at com.kms.katalon.core.main.TestSuiteExecutor.accessTestSuiteMainPhase(TestSuiteExecutor.java:161)
	at com.kms.katalon.core.main.TestSuiteExecutor.execute(TestSuiteExecutor.java:107)
	at com.kms.katalon.core.main.TestCaseMain.startTestSuite(TestCaseMain.java:176)
	at TempTestSuite1735906738785.run(TempTestSuite1735906738785.groovy:35)
	at java.base/jdk.internal.reflect.NativeMethodAccessorImpl.invoke0(Native Method)
	at java.base/jdk.internal.reflect.NativeMethodAccessorImpl.invoke(NativeMethodAccessorImpl.java:77)
	at java.base/jdk.internal.reflect.DelegatingMethodAccessorImpl.invoke(DelegatingMethodAccessorImpl.java:43)
Caused by: com.kms.katalon.core.webui.exception.WebElementNotFoundException: Web element with id: 'Object Repository/Pengaturan Sistem/User Managemet/Tambah User Management/Username' located by '//input[@placeholder='Masukkan username']' not found
	at com.kms.katalon.core.webui.common.WebUiCommonHelper.findWebElement(WebUiCommonHelper.java:1426)
	at com.kms.katalon.core.webui.keyword.internal.WebUIAbstractKeyword.findWebElement(WebUIAbstractKeyword.groovy:27)
	at com.kms.katalon.core.webui.keyword.builtin.ClickKeyword$_click_closure1.doCall(ClickKeyword.groovy:66)
	at com.kms.katalon.core.webui.keyword.builtin.ClickKeyword$_click_closure1.call(ClickKeyword.groovy)
	at com.kms.katalon.core.webui.keyword.internal.WebUIKeywordMain.runKeyword(WebUIKeywordMain.groovy:35)
	... 38 more


03-01-2025T19:29:10 - [TEST_STEP][PASSED] - openBrowser("", CONTINUE_ON_FAILURE): Browser is opened with url: ''

03-01-2025T19:29:10 - [MESSAGE][WARNING] - A browser is already opened. Closing browser and opening a new one

03-01-2025T19:29:10 - [MESSAGE][INFO] - Starting 'Chrome' driver

03-01-2025T19:29:10 - [MESSAGE][INFO] - Action delay is set to 0 milliseconds

03-01-2025T19:29:11 - [MESSAGE][PASSED] - Browser is opened with url: ''

03-01-2025T19:29:11 - [TEST_STEP][PASSED] - navigateToUrl("https://sit.siprusedu.com/login", CONTINUE_ON_FAILURE): Navigate to 'https://sit.siprusedu.com/login' successfully

03-01-2025T19:29:12 - [MESSAGE][PASSED] - Navigate to 'https://sit.siprusedu.com/login' successfully

03-01-2025T19:29:12 - [TEST_STEP][PASSED] - setText(findTestObject("Master Data/Admin Sekolah/Login/Field Email"), "admin.gudangsolusi@digiform.co.id", CONTINUE_ON_FAILURE): Text 'admin.gudangsolusi@digiform.co.id' is set on object 'Object Repository/Master Data/Admin Sekolah/Login/Field Email'

03-01-2025T19:29:14 - [MESSAGE][PASSED] - Text 'admin.gudangsolusi@digiform.co.id' is set on object 'Object Repository/Master Data/Admin Sekolah/Login/Field Email'

03-01-2025T19:29:14 - [TEST_STEP][PASSED] - setText(findTestObject("Master Data/Admin Sekolah/Login/Input Password"), "Test1234", CONTINUE_ON_FAILURE): Text 'Test1234' is set on object 'Object Repository/Master Data/Admin Sekolah/Login/Input Password'

03-01-2025T19:29:14 - [MESSAGE][PASSED] - Text 'Test1234' is set on object 'Object Repository/Master Data/Admin Sekolah/Login/Input Password'

03-01-2025T19:29:14 - [TEST_STEP][PASSED] - click(findTestObject("Master Data/Admin Sekolah/Login/Button Submit"), CONTINUE_ON_FAILURE): Object: 'Object Repository/Master Data/Admin Sekolah/Login/Button Submit' is clicked on

03-01-2025T19:29:14 - [MESSAGE][PASSED] - Object: 'Object Repository/Master Data/Admin Sekolah/Login/Button Submit' is clicked on

03-01-2025T19:29:14 - [TEST_STEP][PASSED] - click(findTestObject("Pengaturan Sistem/User Managemet/Tambah User Management/Menu User Management"), CONTINUE_ON_FAILURE): Object: 'Object Repository/Pengaturan Sistem/User Managemet/Tambah User Management/Menu User Management' is clicked on

03-01-2025T19:29:16 - [MESSAGE][PASSED] - Object: 'Object Repository/Pengaturan Sistem/User Managemet/Tambah User Management/Menu User Management' is clicked on

03-01-2025T19:29:16 - [TEST_STEP][PASSED] - click(findTestObject("Pengaturan Sistem/User Managemet/Delete User Management/Tridot Action")): Object: 'Object Repository/Pengaturan Sistem/User Managemet/Delete User Management/Tridot Action' is clicked on

03-01-2025T19:29:17 - [MESSAGE][PASSED] - Object: 'Object Repository/Pengaturan Sistem/User Managemet/Delete User Management/Tridot Action' is clicked on

03-01-2025T19:29:17 - [TEST_STEP][PASSED] - click(findTestObject("Pengaturan Sistem/User Managemet/Edit User Management/Edit")): Object: 'Object Repository/Pengaturan Sistem/User Managemet/Edit User Management/Edit' is clicked on

03-01-2025T19:29:17 - [MESSAGE][PASSED] - Object: 'Object Repository/Pengaturan Sistem/User Managemet/Edit User Management/Edit' is clicked on

03-01-2025T19:29:17 - [TEST_STEP][FAILED] - click(findTestObject("Pengaturan Sistem/User Managemet/Tambah User Management/Username")): Unable to click on object 'Object Repository/Pengaturan Sistem/User Managemet/Tambah User Management/Username' (Root cause: com.kms.katalon.core.exception.StepFailedException: Unable to click on object 'Object Repository/Pengaturan Sistem/User Managemet/Tambah User Management/Username'
	at com.kms.katalon.core.webui.keyword.internal.WebUIKeywordMain.stepFailed(WebUIKeywordMain.groovy:117)
	at com.kms.katalon.core.webui.keyword.internal.WebUIKeywordMain.runKeyword(WebUIKeywordMain.groovy:43)
	at com.kms.katalon.core.webui.keyword.builtin.ClickKeyword.click(ClickKeyword.groovy:75)
	at com.kms.katalon.core.webui.keyword.builtin.ClickKeyword.execute(ClickKeyword.groovy:40)
	at com.kms.katalon.core.keyword.internal.KeywordExecutor.executeKeywordForPlatform(KeywordExecutor.groovy:74)
	at com.kms.katalon.core.webui.keyword.WebUiBuiltInKeywords.click(WebUiBuiltInKeywords.groovy:696)
	at Edit User Management.run(Edit User Management:38)
	at com.kms.katalon.core.main.ScriptEngine.run(ScriptEngine.java:194)
	at com.kms.katalon.core.main.ScriptEngine.runScriptAsRawText(ScriptEngine.java:119)
	at com.kms.katalon.core.main.TestCaseExecutor.runScript(TestCaseExecutor.java:448)
	at com.kms.katalon.core.main.TestCaseExecutor.doExecute(TestCaseExecutor.java:439)
	at com.kms.katalon.core.main.TestCaseExecutor.processExecutionPhase(TestCaseExecutor.java:418)
	at com.kms.katalon.core.main.TestCaseExecutor.accessMainPhase(TestCaseExecutor.java:410)
	at com.kms.katalon.core.main.TestCaseExecutor.execute(TestCaseExecutor.java:285)
	at com.kms.katalon.core.main.TestCaseMain.runTestCase(TestCaseMain.java:133)
	at com.kms.katalon.core.keyword.builtin.CallTestCaseKeyword$_callTestCase_closure1.doCall(CallTestCaseKeyword.groovy:59)
	at com.kms.katalon.core.keyword.builtin.CallTestCaseKeyword$_callTestCase_closure1.call(CallTestCaseKeyword.groovy)
	at com.kms.katalon.core.keyword.internal.KeywordMain.runKeyword(KeywordMain.groovy:75)
	at com.kms.katalon.core.keyword.builtin.CallTestCaseKeyword.callTestCase(CallTestCaseKeyword.groovy:81)
	at com.kms.katalon.core.keyword.builtin.CallTestCaseKeyword.execute(CallTestCaseKeyword.groovy:44)
	at com.kms.katalon.core.keyword.internal.KeywordExecutor.executeKeywordForPlatform(KeywordExecutor.groovy:74)
	at com.kms.katalon.core.keyword.BuiltinKeywords.callTestCase(BuiltinKeywords.groovy:310)
	at jdk.internal.reflect.GeneratedMethodAccessor49.invoke(Unknown Source)
	at java.base/jdk.internal.reflect.DelegatingMethodAccessorImpl.invoke(DelegatingMethodAccessorImpl.java:43)
	at Regresi User Management.run(Regresi User Management:24)
	at com.kms.katalon.core.main.ScriptEngine.run(ScriptEngine.java:194)
	at com.kms.katalon.core.main.ScriptEngine.runScriptAsRawText(ScriptEngine.java:119)
	at com.kms.katalon.core.main.TestCaseExecutor.runScript(TestCaseExecutor.java:448)
	at com.kms.katalon.core.main.TestCaseExecutor.doExecute(TestCaseExecutor.java:439)
	at com.kms.katalon.core.main.TestCaseExecutor.processExecutionPhase(TestCaseExecutor.java:418)
	at com.kms.katalon.core.main.TestCaseExecutor.accessMainPhase(TestCaseExecutor.java:410)
	at com.kms.katalon.core.main.TestCaseExecutor.execute(TestCaseExecutor.java:285)
	at com.kms.katalon.core.common.CommonExecutor.accessTestCaseMainPhase(CommonExecutor.java:65)
	at com.kms.katalon.core.main.TestSuiteExecutor.accessTestSuiteMainPhase(TestSuiteExecutor.java:161)
	at com.kms.katalon.core.main.TestSuiteExecutor.execute(TestSuiteExecutor.java:107)
	at com.kms.katalon.core.main.TestCaseMain.startTestSuite(TestCaseMain.java:176)
	at TempTestSuite1735906738785.run(TempTestSuite1735906738785.groovy:35)
	at java.base/jdk.internal.reflect.NativeMethodAccessorImpl.invoke0(Native Method)
	at java.base/jdk.internal.reflect.NativeMethodAccessorImpl.invoke(NativeMethodAccessorImpl.java:77)
	at java.base/jdk.internal.reflect.DelegatingMethodAccessorImpl.invoke(DelegatingMethodAccessorImpl.java:43)
Caused by: com.kms.katalon.core.webui.exception.WebElementNotFoundException: Web element with id: 'Object Repository/Pengaturan Sistem/User Managemet/Tambah User Management/Username' located by '//input[@placeholder='Masukkan username']' not found
	at com.kms.katalon.core.webui.common.WebUiCommonHelper.findWebElement(WebUiCommonHelper.java:1426)
	at com.kms.katalon.core.webui.keyword.internal.WebUIAbstractKeyword.findWebElement(WebUIAbstractKeyword.groovy:27)
	at com.kms.katalon.core.webui.keyword.builtin.ClickKeyword$_click_closure1.doCall(ClickKeyword.groovy:66)
	at com.kms.katalon.core.webui.keyword.builtin.ClickKeyword$_click_closure1.call(ClickKeyword.groovy)
	at com.kms.katalon.core.webui.keyword.internal.WebUIKeywordMain.runKeyword(WebUIKeywordMain.groovy:35)
	at com.kms.katalon.core.webui.keyword.builtin.ClickKeyword.click(ClickKeyword.groovy:75)
	at com.kms.katalon.core.webui.keyword.builtin.ClickKeyword.execute(ClickKeyword.groovy:40)
	at com.kms.katalon.core.keyword.internal.KeywordExecutor.executeKeywordForPlatform(KeywordExecutor.groovy:74)
	at com.kms.katalon.core.webui.keyword.WebUiBuiltInKeywords.click(WebUiBuiltInKeywords.groovy:696)
	at Script1733906395505.run(Script1733906395505.groovy:38)
	at com.kms.katalon.core.main.ScriptEngine.run(ScriptEngine.java:194)
	at com.kms.katalon.core.main.ScriptEngine.runScriptAsRawText(ScriptEngine.java:119)
	at com.kms.katalon.core.main.TestCaseExecutor.runScript(TestCaseExecutor.java:448)
	at com.kms.katalon.core.main.TestCaseExecutor.doExecute(TestCaseExecutor.java:439)
	at com.kms.katalon.core.main.TestCaseExecutor.processExecutionPhase(TestCaseExecutor.java:418)
	at com.kms.katalon.core.main.TestCaseExecutor.accessMainPhase(TestCaseExecutor.java:410)
	at com.kms.katalon.core.main.TestCaseExecutor.execute(TestCaseExecutor.java:285)
	at com.kms.katalon.core.main.TestCaseMain.runTestCase(TestCaseMain.java:133)
	at com.kms.katalon.core.keyword.builtin.CallTestCaseKeyword$_callTestCase_closure1.doCall(CallTestCaseKeyword.groovy:59)
	at com.kms.katalon.core.keyword.builtin.CallTestCaseKeyword$_callTestCase_closure1.call(CallTestCaseKeyword.groovy)
	at com.kms.katalon.core.keyword.internal.KeywordMain.runKeyword(KeywordMain.groovy:75)
	at com.kms.katalon.core.keyword.builtin.CallTestCaseKeyword.callTestCase(CallTestCaseKeyword.groovy:81)
	at com.kms.katalon.core.keyword.builtin.CallTestCaseKeyword.execute(CallTestCaseKeyword.groovy:44)
	at com.kms.katalon.core.keyword.internal.KeywordExecutor.executeKeywordForPlatform(KeywordExecutor.groovy:74)
	at com.kms.katalon.core.keyword.BuiltinKeywords.callTestCase(BuiltinKeywords.groovy:310)
	at jdk.internal.reflect.GeneratedMethodAccessor49.invoke(Unknown Source)
	at java.base/jdk.internal.reflect.DelegatingMethodAccessorImpl.invoke(DelegatingMethodAccessorImpl.java:43)
	at Script1735790813174.run(Script1735790813174.groovy:24)
	... 15 more
)

03-01-2025T19:29:49 - [MESSAGE][INFO] - Unable to find the element located by 'By.xpath: //input[@placeholder='Masukkan username']'. Please recheck the objects properties to make sure the desired element is located. 

03-01-2025T19:29:49 - [MESSAGE][WARNING] - [SELF-HEALING] Failed to find element with id 'Object Repository/Pengaturan Sistem/User Managemet/Tambah User Management/Username'. Try using Self-healing.

03-01-2025T19:29:50 - [MESSAGE][INFO] - [SELF-HEALING] No working XPath is found.

03-01-2025T19:29:51 - [MESSAGE][WARNING] - [SELF-HEALING] invalid selector
from javascript error: {"status":32,"value":"Unable to locate an element with the xpath expression  because of the following error:\nSyntaxError: Failed to execute 'evaluate' on 'Document': The string '' is not a valid XPath expression."}
  (Session info: chrome=131.0.6778.205)
For documentation on this error, please visit: https://www.selenium.dev/documentation/webdriver/troubleshooting/errors#invalid-selector-exception
Build info: version: '4.22.0', revision: 'c5f3146703'
System info: os.name: 'Windows 11', os.arch: 'amd64', os.version: '10.0', java.version: '17.0.7'
Driver info: com.kms.katalon.selenium.driver.CChromeDriver
Command: [0723061f9a7eee4babfe143f1ee078b2, findElements {using=xpath, value=}]
Capabilities {acceptInsecureCerts: false, browserName: chrome, browserVersion: 131.0.6778.205, chrome: {chromedriverVersion: 130.0.6723.58 (3a50e012e4c9..., userDataDir: C:\Users\henri\AppData\Loca...}, fedcm:accounts: true, goog:chromeOptions: {debuggerAddress: localhost:57704}, networkConnectionEnabled: false, pageLoadStrategy: normal, platformName: windows, proxy: Proxy(), se:cdp: ws://localhost:57704/devtoo..., se:cdpVersion: 131.0.6778.205, setWindowRect: true, strictFileInteractability: false, timeouts: {implicit: 0, pageLoad: 300000, script: 30000}, unhandledPromptBehavior: ignore, webSocketUrl: ws://localhost:42445/sessio..., webauthn:extension:credBlob: true, webauthn:extension:largeBlob: true, webauthn:extension:minPinLength: true, webauthn:extension:prf: true, webauthn:virtualAuthenticators: true}
Session ID: 0723061f9a7eee4babfe143f1ee078b2

03-01-2025T19:29:51 - [MESSAGE][WARNING] - [SELF-HEALING] Cannot find elements when the selector is null

03-01-2025T19:29:51 - [MESSAGE][FAILED] - Unable to click on object 'Object Repository/Pengaturan Sistem/User Managemet/Tambah User Management/Username' (Root cause: com.kms.katalon.core.exception.StepFailedException: Unable to click on object 'Object Repository/Pengaturan Sistem/User Managemet/Tambah User Management/Username'
	at com.kms.katalon.core.webui.keyword.internal.WebUIKeywordMain.stepFailed(WebUIKeywordMain.groovy:117)
	at com.kms.katalon.core.webui.keyword.internal.WebUIKeywordMain.runKeyword(WebUIKeywordMain.groovy:43)
	at com.kms.katalon.core.webui.keyword.builtin.ClickKeyword.click(ClickKeyword.groovy:75)
	at com.kms.katalon.core.webui.keyword.builtin.ClickKeyword.execute(ClickKeyword.groovy:40)
	at com.kms.katalon.core.keyword.internal.KeywordExecutor.executeKeywordForPlatform(KeywordExecutor.groovy:74)
	at com.kms.katalon.core.webui.keyword.WebUiBuiltInKeywords.click(WebUiBuiltInKeywords.groovy:696)
	at Edit User Management.run(Edit User Management:38)
	at com.kms.katalon.core.main.ScriptEngine.run(ScriptEngine.java:194)
	at com.kms.katalon.core.main.ScriptEngine.runScriptAsRawText(ScriptEngine.java:119)
	at com.kms.katalon.core.main.TestCaseExecutor.runScript(TestCaseExecutor.java:448)
	at com.kms.katalon.core.main.TestCaseExecutor.doExecute(TestCaseExecutor.java:439)
	at com.kms.katalon.core.main.TestCaseExecutor.processExecutionPhase(TestCaseExecutor.java:418)
	at com.kms.katalon.core.main.TestCaseExecutor.accessMainPhase(TestCaseExecutor.java:410)
	at com.kms.katalon.core.main.TestCaseExecutor.execute(TestCaseExecutor.java:285)
	at com.kms.katalon.core.main.TestCaseMain.runTestCase(TestCaseMain.java:133)
	at com.kms.katalon.core.keyword.builtin.CallTestCaseKeyword$_callTestCase_closure1.doCall(CallTestCaseKeyword.groovy:59)
	at com.kms.katalon.core.keyword.builtin.CallTestCaseKeyword$_callTestCase_closure1.call(CallTestCaseKeyword.groovy)
	at com.kms.katalon.core.keyword.internal.KeywordMain.runKeyword(KeywordMain.groovy:75)
	at com.kms.katalon.core.keyword.builtin.CallTestCaseKeyword.callTestCase(CallTestCaseKeyword.groovy:81)
	at com.kms.katalon.core.keyword.builtin.CallTestCaseKeyword.execute(CallTestCaseKeyword.groovy:44)
	at com.kms.katalon.core.keyword.internal.KeywordExecutor.executeKeywordForPlatform(KeywordExecutor.groovy:74)
	at com.kms.katalon.core.keyword.BuiltinKeywords.callTestCase(BuiltinKeywords.groovy:310)
	at jdk.internal.reflect.GeneratedMethodAccessor49.invoke(Unknown Source)
	at java.base/jdk.internal.reflect.DelegatingMethodAccessorImpl.invoke(DelegatingMethodAccessorImpl.java:43)
	at Regresi User Management.run(Regresi User Management:24)
	at com.kms.katalon.core.main.ScriptEngine.run(ScriptEngine.java:194)
	at com.kms.katalon.core.main.ScriptEngine.runScriptAsRawText(ScriptEngine.java:119)
	at com.kms.katalon.core.main.TestCaseExecutor.runScript(TestCaseExecutor.java:448)
	at com.kms.katalon.core.main.TestCaseExecutor.doExecute(TestCaseExecutor.java:439)
	at com.kms.katalon.core.main.TestCaseExecutor.processExecutionPhase(TestCaseExecutor.java:418)
	at com.kms.katalon.core.main.TestCaseExecutor.accessMainPhase(TestCaseExecutor.java:410)
	at com.kms.katalon.core.main.TestCaseExecutor.execute(TestCaseExecutor.java:285)
	at com.kms.katalon.core.common.CommonExecutor.accessTestCaseMainPhase(CommonExecutor.java:65)
	at com.kms.katalon.core.main.TestSuiteExecutor.accessTestSuiteMainPhase(TestSuiteExecutor.java:161)
	at com.kms.katalon.core.main.TestSuiteExecutor.execute(TestSuiteExecutor.java:107)
	at com.kms.katalon.core.main.TestCaseMain.startTestSuite(TestCaseMain.java:176)
	at TempTestSuite1735906738785.run(TempTestSuite1735906738785.groovy:35)
	at java.base/jdk.internal.reflect.NativeMethodAccessorImpl.invoke0(Native Method)
	at java.base/jdk.internal.reflect.NativeMethodAccessorImpl.invoke(NativeMethodAccessorImpl.java:77)
	at java.base/jdk.internal.reflect.DelegatingMethodAccessorImpl.invoke(DelegatingMethodAccessorImpl.java:43)
Caused by: com.kms.katalon.core.webui.exception.WebElementNotFoundException: Web element with id: 'Object Repository/Pengaturan Sistem/User Managemet/Tambah User Management/Username' located by '//input[@placeholder='Masukkan username']' not found
	at com.kms.katalon.core.webui.common.WebUiCommonHelper.findWebElement(WebUiCommonHelper.java:1426)
	at com.kms.katalon.core.webui.keyword.internal.WebUIAbstractKeyword.findWebElement(WebUIAbstractKeyword.groovy:27)
	at com.kms.katalon.core.webui.keyword.builtin.ClickKeyword$_click_closure1.doCall(ClickKeyword.groovy:66)
	at com.kms.katalon.core.webui.keyword.builtin.ClickKeyword$_click_closure1.call(ClickKeyword.groovy)
	at com.kms.katalon.core.webui.keyword.internal.WebUIKeywordMain.runKeyword(WebUIKeywordMain.groovy:35)
	at com.kms.katalon.core.webui.keyword.builtin.ClickKeyword.click(ClickKeyword.groovy:75)
	at com.kms.katalon.core.webui.keyword.builtin.ClickKeyword.execute(ClickKeyword.groovy:40)
	at com.kms.katalon.core.keyword.internal.KeywordExecutor.executeKeywordForPlatform(KeywordExecutor.groovy:74)
	at com.kms.katalon.core.webui.keyword.WebUiBuiltInKeywords.click(WebUiBuiltInKeywords.groovy:696)
	at Script1733906395505.run(Script1733906395505.groovy:38)
	at com.kms.katalon.core.main.ScriptEngine.run(ScriptEngine.java:194)
	at com.kms.katalon.core.main.ScriptEngine.runScriptAsRawText(ScriptEngine.java:119)
	at com.kms.katalon.core.main.TestCaseExecutor.runScript(TestCaseExecutor.java:448)
	at com.kms.katalon.core.main.TestCaseExecutor.doExecute(TestCaseExecutor.java:439)
	at com.kms.katalon.core.main.TestCaseExecutor.processExecutionPhase(TestCaseExecutor.java:418)
	at com.kms.katalon.core.main.TestCaseExecutor.accessMainPhase(TestCaseExecutor.java:410)
	at com.kms.katalon.core.main.TestCaseExecutor.execute(TestCaseExecutor.java:285)
	at com.kms.katalon.core.main.TestCaseMain.runTestCase(TestCaseMain.java:133)
	at com.kms.katalon.core.keyword.builtin.CallTestCaseKeyword$_callTestCase_closure1.doCall(CallTestCaseKeyword.groovy:59)
	at com.kms.katalon.core.keyword.builtin.CallTestCaseKeyword$_callTestCase_closure1.call(CallTestCaseKeyword.groovy)
	at com.kms.katalon.core.keyword.internal.KeywordMain.runKeyword(KeywordMain.groovy:75)
	at com.kms.katalon.core.keyword.builtin.CallTestCaseKeyword.callTestCase(CallTestCaseKeyword.groovy:81)
	at com.kms.katalon.core.keyword.builtin.CallTestCaseKeyword.execute(CallTestCaseKeyword.groovy:44)
	at com.kms.katalon.core.keyword.internal.KeywordExecutor.executeKeywordForPlatform(KeywordExecutor.groovy:74)
	at com.kms.katalon.core.keyword.BuiltinKeywords.callTestCase(BuiltinKeywords.groovy:310)
	at jdk.internal.reflect.GeneratedMethodAccessor49.invoke(Unknown Source)
	at java.base/jdk.internal.reflect.DelegatingMethodAccessorImpl.invoke(DelegatingMethodAccessorImpl.java:43)
	at Script1735790813174.run(Script1735790813174.groovy:24)
	... 15 more
)
[[ATTACHMENT|C:\\Users\\henri\\Videos\\school-payment-automation-testing\\Reports\\20250103_191857\\SPRINT 3\\20250103_191858\\1735907391402.png]]

03-01-2025T19:29:51 - [MESSAGE][WARNING] - Unable to call Test Case 'Test Cases/Pengaturan Sistem/User Management/Edit User Management' (Root cause: com.kms.katalon.core.exception.StepFailedException: Call Test Case 'Test Cases/Pengaturan Sistem/User Management/Edit User Management' failed
	at com.kms.katalon.core.keyword.builtin.CallTestCaseKeyword$_callTestCase_closure1.doCall(CallTestCaseKeyword.groovy:63)
	at com.kms.katalon.core.keyword.builtin.CallTestCaseKeyword$_callTestCase_closure1.call(CallTestCaseKeyword.groovy)
	at com.kms.katalon.core.keyword.internal.KeywordMain.runKeyword(KeywordMain.groovy:75)
	at com.kms.katalon.core.keyword.builtin.CallTestCaseKeyword.callTestCase(CallTestCaseKeyword.groovy:81)
	at com.kms.katalon.core.keyword.builtin.CallTestCaseKeyword.execute(CallTestCaseKeyword.groovy:44)
	at com.kms.katalon.core.keyword.internal.KeywordExecutor.executeKeywordForPlatform(KeywordExecutor.groovy:74)
	at com.kms.katalon.core.keyword.BuiltinKeywords.callTestCase(BuiltinKeywords.groovy:310)
	at jdk.internal.reflect.GeneratedMethodAccessor49.invoke(Unknown Source)
	at java.base/jdk.internal.reflect.DelegatingMethodAccessorImpl.invoke(DelegatingMethodAccessorImpl.java:43)
	at Regresi User Management.run(Regresi User Management:24)
	at com.kms.katalon.core.main.ScriptEngine.run(ScriptEngine.java:194)
	at com.kms.katalon.core.main.ScriptEngine.runScriptAsRawText(ScriptEngine.java:119)
	at com.kms.katalon.core.main.TestCaseExecutor.runScript(TestCaseExecutor.java:448)
	at com.kms.katalon.core.main.TestCaseExecutor.doExecute(TestCaseExecutor.java:439)
	at com.kms.katalon.core.main.TestCaseExecutor.processExecutionPhase(TestCaseExecutor.java:418)
	at com.kms.katalon.core.main.TestCaseExecutor.accessMainPhase(TestCaseExecutor.java:410)
	at com.kms.katalon.core.main.TestCaseExecutor.execute(TestCaseExecutor.java:285)
	at com.kms.katalon.core.common.CommonExecutor.accessTestCaseMainPhase(CommonExecutor.java:65)
	at com.kms.katalon.core.main.TestSuiteExecutor.accessTestSuiteMainPhase(TestSuiteExecutor.java:161)
	at com.kms.katalon.core.main.TestSuiteExecutor.execute(TestSuiteExecutor.java:107)
	at com.kms.katalon.core.main.TestCaseMain.startTestSuite(TestCaseMain.java:176)
	at TempTestSuite1735906738785.run(TempTestSuite1735906738785.groovy:35)
	at java.base/jdk.internal.reflect.NativeMethodAccessorImpl.invoke0(Native Method)
	at java.base/jdk.internal.reflect.NativeMethodAccessorImpl.invoke(NativeMethodAccessorImpl.java:77)
	at java.base/jdk.internal.reflect.DelegatingMethodAccessorImpl.invoke(DelegatingMethodAccessorImpl.java:43)
Caused by: com.kms.katalon.core.exception.StepFailedException: Unable to click on object 'Object Repository/Pengaturan Sistem/User Managemet/Tambah User Management/Username'
	at com.kms.katalon.core.webui.keyword.internal.WebUIKeywordMain.stepFailed(WebUIKeywordMain.groovy:117)
	at com.kms.katalon.core.webui.keyword.internal.WebUIKeywordMain.runKeyword(WebUIKeywordMain.groovy:43)
	at com.kms.katalon.core.webui.keyword.builtin.ClickKeyword.click(ClickKeyword.groovy:75)
	at com.kms.katalon.core.webui.keyword.builtin.ClickKeyword.execute(ClickKeyword.groovy:40)
	at com.kms.katalon.core.keyword.internal.KeywordExecutor.executeKeywordForPlatform(KeywordExecutor.groovy:74)
	at com.kms.katalon.core.webui.keyword.WebUiBuiltInKeywords.click(WebUiBuiltInKeywords.groovy:696)
	at Edit User Management.run(Edit User Management:38)
	at com.kms.katalon.core.main.ScriptEngine.run(ScriptEngine.java:194)
	at com.kms.katalon.core.main.ScriptEngine.runScriptAsRawText(ScriptEngine.java:119)
	at com.kms.katalon.core.main.TestCaseExecutor.runScript(TestCaseExecutor.java:448)
	at com.kms.katalon.core.main.TestCaseExecutor.doExecute(TestCaseExecutor.java:439)
	at com.kms.katalon.core.main.TestCaseExecutor.processExecutionPhase(TestCaseExecutor.java:418)
	at com.kms.katalon.core.main.TestCaseExecutor.accessMainPhase(TestCaseExecutor.java:410)
	at com.kms.katalon.core.main.TestCaseExecutor.execute(TestCaseExecutor.java:285)
	at com.kms.katalon.core.main.TestCaseMain.runTestCase(TestCaseMain.java:133)
	at com.kms.katalon.core.keyword.builtin.CallTestCaseKeyword$_callTestCase_closure1.doCall(CallTestCaseKeyword.groovy:59)
	... 24 more
Caused by: com.kms.katalon.core.webui.exception.WebElementNotFoundException: Web element with id: 'Object Repository/Pengaturan Sistem/User Managemet/Tambah User Management/Username' located by '//input[@placeholder='Masukkan username']' not found
	at com.kms.katalon.core.webui.common.WebUiCommonHelper.findWebElement(WebUiCommonHelper.java:1426)
	at com.kms.katalon.core.webui.keyword.internal.WebUIAbstractKeyword.findWebElement(WebUIAbstractKeyword.groovy:27)
	at com.kms.katalon.core.webui.keyword.builtin.ClickKeyword$_click_closure1.doCall(ClickKeyword.groovy:66)
	at com.kms.katalon.core.webui.keyword.builtin.ClickKeyword$_click_closure1.call(ClickKeyword.groovy)
	at com.kms.katalon.core.webui.keyword.internal.WebUIKeywordMain.runKeyword(WebUIKeywordMain.groovy:35)
	... 38 more
)

03-01-2025T19:29:51 - [TEST_STEP][PASSED] - callTestCase(findTestCase("Test Cases/Pengaturan Sistem/User Management/Delete User Management"), [:], CONTINUE_ON_FAILURE): Call Test Case 'Test Cases/Pengaturan Sistem/User Management/Delete User Management' successfully

03-01-2025T19:29:51 - [TEST_CASE][PASSED] - Test Cases/Pengaturan Sistem/User Management/Delete User Management: Test Cases/Pengaturan Sistem/User Management/Delete User Management

03-01-2025T19:29:51 - [TEST_STEP][PASSED] - openBrowser("", CONTINUE_ON_FAILURE): Browser is opened with url: ''

03-01-2025T19:29:51 - [MESSAGE][WARNING] - A browser is already opened. Closing browser and opening a new one

03-01-2025T19:29:51 - [MESSAGE][INFO] - Starting 'Chrome' driver

03-01-2025T19:29:51 - [MESSAGE][INFO] - Action delay is set to 0 milliseconds

03-01-2025T19:29:52 - [MESSAGE][PASSED] - Browser is opened with url: ''

03-01-2025T19:29:52 - [TEST_STEP][PASSED] - navigateToUrl("https://sit.siprusedu.com/login", CONTINUE_ON_FAILURE): Navigate to 'https://sit.siprusedu.com/login' successfully

03-01-2025T19:30:12 - [MESSAGE][PASSED] - Navigate to 'https://sit.siprusedu.com/login' successfully

03-01-2025T19:30:12 - [TEST_STEP][PASSED] - setText(findTestObject("Master Data/Admin Sekolah/Login/Field Email"), "admin.gudangsolusi@digiform.co.id", CONTINUE_ON_FAILURE): Text 'admin.gudangsolusi@digiform.co.id' is set on object 'Object Repository/Master Data/Admin Sekolah/Login/Field Email'

03-01-2025T19:30:13 - [MESSAGE][PASSED] - Text 'admin.gudangsolusi@digiform.co.id' is set on object 'Object Repository/Master Data/Admin Sekolah/Login/Field Email'

03-01-2025T19:30:13 - [TEST_STEP][PASSED] - setText(findTestObject("Master Data/Admin Sekolah/Login/Input Password"), "Test1234", CONTINUE_ON_FAILURE): Text 'Test1234' is set on object 'Object Repository/Master Data/Admin Sekolah/Login/Input Password'

03-01-2025T19:30:13 - [MESSAGE][PASSED] - Text 'Test1234' is set on object 'Object Repository/Master Data/Admin Sekolah/Login/Input Password'

03-01-2025T19:30:13 - [TEST_STEP][PASSED] - click(findTestObject("Master Data/Admin Sekolah/Login/Button Submit"), CONTINUE_ON_FAILURE): Object: 'Object Repository/Master Data/Admin Sekolah/Login/Button Submit' is clicked on

03-01-2025T19:30:13 - [MESSAGE][PASSED] - Object: 'Object Repository/Master Data/Admin Sekolah/Login/Button Submit' is clicked on

03-01-2025T19:30:13 - [TEST_STEP][PASSED] - click(findTestObject("Pengaturan Sistem/User Managemet/Tambah User Management/Menu User Management"), CONTINUE_ON_FAILURE): Object: 'Object Repository/Pengaturan Sistem/User Managemet/Tambah User Management/Menu User Management' is clicked on

03-01-2025T19:30:15 - [MESSAGE][PASSED] - Object: 'Object Repository/Pengaturan Sistem/User Managemet/Tambah User Management/Menu User Management' is clicked on

03-01-2025T19:30:15 - [TEST_STEP][PASSED] - click(findTestObject("Pengaturan Sistem/User Managemet/Delete User Management/Tridot Action")): Object: 'Object Repository/Pengaturan Sistem/User Managemet/Delete User Management/Tridot Action' is clicked on

03-01-2025T19:30:16 - [MESSAGE][PASSED] - Object: 'Object Repository/Pengaturan Sistem/User Managemet/Delete User Management/Tridot Action' is clicked on

03-01-2025T19:30:16 - [TEST_STEP][PASSED] - click(findTestObject("Pengaturan Sistem/User Managemet/Delete User Management/Hapus")): Object: 'Object Repository/Pengaturan Sistem/User Managemet/Delete User Management/Hapus' is clicked on

03-01-2025T19:30:17 - [MESSAGE][PASSED] - Object: 'Object Repository/Pengaturan Sistem/User Managemet/Delete User Management/Hapus' is clicked on

03-01-2025T19:30:17 - [TEST_STEP][PASSED] - click(findTestObject("Pengaturan Sistem/User Managemet/Delete User Management/Button YA popup")): Object: 'Object Repository/Pengaturan Sistem/User Managemet/Delete User Management/Button YA popup' is clicked on

03-01-2025T19:30:17 - [MESSAGE][PASSED] - Object: 'Object Repository/Pengaturan Sistem/User Managemet/Delete User Management/Button YA popup' is clicked on

03-01-2025T19:30:17 - [MESSAGE][PASSED] - Call Test Case 'Test Cases/Pengaturan Sistem/User Management/Delete User Management' successfully

03-01-2025T19:30:17 - [TEST_STEP][PASSED] - callTestCase(findTestCase("Test Cases/Pengaturan Sistem/User Management/Filter User Management"), [:], CONTINUE_ON_FAILURE): Call Test Case 'Test Cases/Pengaturan Sistem/User Management/Filter User Management' successfully

03-01-2025T19:30:17 - [TEST_CASE][PASSED] - Test Cases/Pengaturan Sistem/User Management/Filter User Management: Test Cases/Pengaturan Sistem/User Management/Filter User Management

03-01-2025T19:30:17 - [TEST_STEP][PASSED] - openBrowser("", CONTINUE_ON_FAILURE): Browser is opened with url: ''

03-01-2025T19:30:17 - [MESSAGE][WARNING] - A browser is already opened. Closing browser and opening a new one

03-01-2025T19:30:17 - [MESSAGE][INFO] - Starting 'Chrome' driver

03-01-2025T19:30:17 - [MESSAGE][INFO] - Action delay is set to 0 milliseconds

03-01-2025T19:30:18 - [MESSAGE][PASSED] - Browser is opened with url: ''

03-01-2025T19:30:18 - [TEST_STEP][PASSED] - navigateToUrl("https://sit.siprusedu.com/login", CONTINUE_ON_FAILURE): Navigate to 'https://sit.siprusedu.com/login' successfully

03-01-2025T19:30:19 - [MESSAGE][PASSED] - Navigate to 'https://sit.siprusedu.com/login' successfully

03-01-2025T19:30:19 - [TEST_STEP][PASSED] - setText(findTestObject("Master Data/Admin Sekolah/Login/Field Email"), "admin.gudangsolusi@digiform.co.id", CONTINUE_ON_FAILURE): Text 'admin.gudangsolusi@digiform.co.id' is set on object 'Object Repository/Master Data/Admin Sekolah/Login/Field Email'

03-01-2025T19:30:20 - [MESSAGE][PASSED] - Text 'admin.gudangsolusi@digiform.co.id' is set on object 'Object Repository/Master Data/Admin Sekolah/Login/Field Email'

03-01-2025T19:30:20 - [TEST_STEP][PASSED] - setText(findTestObject("Master Data/Admin Sekolah/Login/Input Password"), "Test1234", CONTINUE_ON_FAILURE): Text 'Test1234' is set on object 'Object Repository/Master Data/Admin Sekolah/Login/Input Password'

03-01-2025T19:30:21 - [MESSAGE][PASSED] - Text 'Test1234' is set on object 'Object Repository/Master Data/Admin Sekolah/Login/Input Password'

03-01-2025T19:30:21 - [TEST_STEP][PASSED] - click(findTestObject("Master Data/Admin Sekolah/Login/Button Submit"), CONTINUE_ON_FAILURE): Object: 'Object Repository/Master Data/Admin Sekolah/Login/Button Submit' is clicked on

03-01-2025T19:30:21 - [MESSAGE][PASSED] - Object: 'Object Repository/Master Data/Admin Sekolah/Login/Button Submit' is clicked on

03-01-2025T19:30:21 - [TEST_STEP][PASSED] - click(findTestObject("Pengaturan Sistem/User Managemet/Tambah User Management/Menu User Management"), CONTINUE_ON_FAILURE): Object: 'Object Repository/Pengaturan Sistem/User Managemet/Tambah User Management/Menu User Management' is clicked on

03-01-2025T19:30:23 - [MESSAGE][PASSED] - Object: 'Object Repository/Pengaturan Sistem/User Managemet/Tambah User Management/Menu User Management' is clicked on

03-01-2025T19:30:23 - [TEST_STEP][PASSED] - click(findTestObject("Pengaturan Sistem/User Managemet/Filter User Management/Dropdown Status")): Object: 'Object Repository/Pengaturan Sistem/User Managemet/Filter User Management/Dropdown Status' is clicked on

03-01-2025T19:30:24 - [MESSAGE][PASSED] - Object: 'Object Repository/Pengaturan Sistem/User Managemet/Filter User Management/Dropdown Status' is clicked on

03-01-2025T19:30:24 - [TEST_STEP][PASSED] - click(findTestObject("Pengaturan Sistem/User Managemet/Filter User Management/Status Aktif")): Object: 'Object Repository/Pengaturan Sistem/User Managemet/Filter User Management/Status Aktif' is clicked on

03-01-2025T19:30:24 - [MESSAGE][PASSED] - Object: 'Object Repository/Pengaturan Sistem/User Managemet/Filter User Management/Status Aktif' is clicked on

03-01-2025T19:30:24 - [MESSAGE][PASSED] - Call Test Case 'Test Cases/Pengaturan Sistem/User Management/Filter User Management' successfully

03-01-2025T19:30:24 - [TEST_STEP][PASSED] - callTestCase(findTestCase("Test Cases/Pengaturan Sistem/User Management/Unduh dan Upload User Management"), [:], CONTINUE_ON_FAILURE): Call Test Case 'Test Cases/Pengaturan Sistem/User Management/Unduh dan Upload User Management' successfully

03-01-2025T19:30:24 - [TEST_CASE][PASSED] - Test Cases/Pengaturan Sistem/User Management/Unduh dan Upload User Management: Test Cases/Pengaturan Sistem/User Management/Unduh dan Upload User Management

03-01-2025T19:30:25 - [TEST_STEP][PASSED] - openBrowser(""): Browser is opened with url: ''

03-01-2025T19:30:25 - [MESSAGE][WARNING] - A browser is already opened. Closing browser and opening a new one

03-01-2025T19:30:25 - [MESSAGE][INFO] - Starting 'Chrome' driver

03-01-2025T19:30:25 - [MESSAGE][INFO] - Action delay is set to 0 milliseconds

03-01-2025T19:30:26 - [MESSAGE][PASSED] - Browser is opened with url: ''

03-01-2025T19:30:26 - [TEST_STEP][PASSED] - navigateToUrl("https://sit.siprusedu.com/login"): Navigate to 'https://sit.siprusedu.com/login' successfully

03-01-2025T19:30:45 - [MESSAGE][PASSED] - Navigate to 'https://sit.siprusedu.com/login' successfully

03-01-2025T19:30:45 - [TEST_STEP][PASSED] - setText(findTestObject("Master Data/Admin Sekolah/Login/Field Email"), "admin.gudangsolusi@digiform.co.id"): Text 'admin.gudangsolusi@digiform.co.id' is set on object 'Object Repository/Master Data/Admin Sekolah/Login/Field Email'

03-01-2025T19:30:47 - [MESSAGE][PASSED] - Text 'admin.gudangsolusi@digiform.co.id' is set on object 'Object Repository/Master Data/Admin Sekolah/Login/Field Email'

03-01-2025T19:30:47 - [TEST_STEP][PASSED] - setText(findTestObject("Master Data/Admin Sekolah/Login/Input Password"), "Test1234"): Text 'Test1234' is set on object 'Object Repository/Master Data/Admin Sekolah/Login/Input Password'

03-01-2025T19:30:48 - [MESSAGE][PASSED] - Text 'Test1234' is set on object 'Object Repository/Master Data/Admin Sekolah/Login/Input Password'

03-01-2025T19:30:48 - [TEST_STEP][PASSED] - click(findTestObject("Master Data/Admin Sekolah/Login/Button Submit")): Object: 'Object Repository/Master Data/Admin Sekolah/Login/Button Submit' is clicked on

03-01-2025T19:30:48 - [MESSAGE][PASSED] - Object: 'Object Repository/Master Data/Admin Sekolah/Login/Button Submit' is clicked on

03-01-2025T19:30:48 - [TEST_STEP][PASSED] - click(findTestObject("Pengaturan Sistem/User Managemet/Tambah User Management/Menu User Management")): Object: 'Object Repository/Pengaturan Sistem/User Managemet/Tambah User Management/Menu User Management' is clicked on

03-01-2025T19:30:50 - [MESSAGE][PASSED] - Object: 'Object Repository/Pengaturan Sistem/User Managemet/Tambah User Management/Menu User Management' is clicked on

03-01-2025T19:30:50 - [TEST_STEP][PASSED] - click(findTestObject("Pengaturan Sistem/User Managemet/Unduh dan Upload User Management/Button Unduh")): Object: 'Object Repository/Pengaturan Sistem/User Managemet/Unduh dan Upload User Management/Button Unduh' is clicked on

03-01-2025T19:30:51 - [MESSAGE][PASSED] - Object: 'Object Repository/Pengaturan Sistem/User Managemet/Unduh dan Upload User Management/Button Unduh' is clicked on

03-01-2025T19:30:51 - [TEST_STEP][PASSED] - click(findTestObject("Pengaturan Sistem/User Managemet/Unduh dan Upload User Management/Button Upload")): Object: 'Object Repository/Pengaturan Sistem/User Managemet/Unduh dan Upload User Management/Button Upload' is clicked on

03-01-2025T19:30:51 - [MESSAGE][PASSED] - Object: 'Object Repository/Pengaturan Sistem/User Managemet/Unduh dan Upload User Management/Button Upload' is clicked on

03-01-2025T19:30:51 - [TEST_STEP][PASSED] - click(findTestObject("Pengaturan Sistem/User Managemet/Unduh dan Upload User Management/Unggah File")): Object: 'Object Repository/Pengaturan Sistem/User Managemet/Unduh dan Upload User Management/Unggah File' is clicked on

03-01-2025T19:30:52 - [MESSAGE][PASSED] - Object: 'Object Repository/Pengaturan Sistem/User Managemet/Unduh dan Upload User Management/Unggah File' is clicked on

03-01-2025T19:30:52 - [TEST_STEP][PASSED] - excelUserManagement = "C:\\Users\\user\\Bulk.xlsx": null

03-01-2025T19:30:52 - [TEST_STEP][PASSED] - println("File path: " + excelUserManagement): null

03-01-2025T19:30:52 - [TEST_STEP][PASSED] - if (File(excelUserManagement).exists()): null

03-01-2025T19:30:52 - [TEST_STEP][PASSED] - else: null

03-01-2025T19:30:52 - [TEST_STEP][PASSED] - println("File tidak ditemukan di path: " + excelUserManagement): null

03-01-2025T19:30:52 - [TEST_STEP][PASSED] - closeBrowser(): Browser is closed

03-01-2025T19:30:53 - [MESSAGE][PASSED] - Browser is closed

03-01-2025T19:30:53 - [MESSAGE][PASSED] - Call Test Case 'Test Cases/Pengaturan Sistem/User Management/Unduh dan Upload User Management' successfully

03-01-2025T19:30:53 - [TEST_STEP][PASSED] - println("============================= Loop Again ==============================="): null]]></system-out>
         <system-err><![CDATA[]]></system-err>
      </testcase>
      <system-out><![CDATA[03-01-2025T19:19:04 - [TEST_SUITE][PASSED] - SPRINT 3: Test Cases/Regresi Feature/Sprint 3/Regresi User Management]]></system-out>
      <system-err><![CDATA[]]></system-err>
   </testsuite>
</testsuites>
